[2023-12-29T04:32:38.022+0000] {processor.py:154} INFO - Started process (PID=61) to work on /home/airflow/.local/lib/python3.7/site-packages/airflow/example_dags/example_bash_operator.py
[2023-12-29T04:32:38.028+0000] {processor.py:756} INFO - Processing file /home/airflow/.local/lib/python3.7/site-packages/airflow/example_dags/example_bash_operator.py for tasks to queue
[2023-12-29T04:32:38.030+0000] {logging_mixin.py:120} INFO - [2023-12-29T04:32:38.030+0000] {dagbag.py:537} INFO - Filling up the DagBag from /home/airflow/.local/lib/python3.7/site-packages/airflow/example_dags/example_bash_operator.py
[2023-12-29T04:32:38.083+0000] {processor.py:766} INFO - DAG(s) dict_keys(['example_bash_operator']) retrieved from /home/airflow/.local/lib/python3.7/site-packages/airflow/example_dags/example_bash_operator.py
[2023-12-29T04:32:38.185+0000] {logging_mixin.py:120} INFO - [2023-12-29T04:32:38.184+0000] {dag.py:2585} INFO - Sync 1 DAGs
[2023-12-29T04:32:38.228+0000] {logging_mixin.py:120} INFO - [2023-12-29T04:32:38.228+0000] {dag.py:3340} INFO - Setting next_dagrun for example_bash_operator to 2023-12-28T00:00:00+00:00, run_after=2023-12-29T00:00:00+00:00
[2023-12-29T04:32:38.259+0000] {processor.py:176} INFO - Processing /home/airflow/.local/lib/python3.7/site-packages/airflow/example_dags/example_bash_operator.py took 0.240 seconds
[2023-12-29T04:33:09.185+0000] {processor.py:154} INFO - Started process (PID=125) to work on /home/airflow/.local/lib/python3.7/site-packages/airflow/example_dags/example_bash_operator.py
[2023-12-29T04:33:09.186+0000] {processor.py:756} INFO - Processing file /home/airflow/.local/lib/python3.7/site-packages/airflow/example_dags/example_bash_operator.py for tasks to queue
[2023-12-29T04:33:09.187+0000] {logging_mixin.py:120} INFO - [2023-12-29T04:33:09.187+0000] {dagbag.py:537} INFO - Filling up the DagBag from /home/airflow/.local/lib/python3.7/site-packages/airflow/example_dags/example_bash_operator.py
[2023-12-29T04:33:09.211+0000] {processor.py:766} INFO - DAG(s) dict_keys(['example_bash_operator']) retrieved from /home/airflow/.local/lib/python3.7/site-packages/airflow/example_dags/example_bash_operator.py
[2023-12-29T04:33:09.254+0000] {logging_mixin.py:120} INFO - [2023-12-29T04:33:09.254+0000] {dag.py:2585} INFO - Sync 1 DAGs
[2023-12-29T04:33:09.279+0000] {logging_mixin.py:120} INFO - [2023-12-29T04:33:09.279+0000] {dag.py:3340} INFO - Setting next_dagrun for example_bash_operator to 2023-12-28T00:00:00+00:00, run_after=2023-12-29T00:00:00+00:00
[2023-12-29T04:33:09.296+0000] {processor.py:176} INFO - Processing /home/airflow/.local/lib/python3.7/site-packages/airflow/example_dags/example_bash_operator.py took 0.115 seconds
[2023-12-29T04:33:39.603+0000] {processor.py:154} INFO - Started process (PID=191) to work on /home/airflow/.local/lib/python3.7/site-packages/airflow/example_dags/example_bash_operator.py
[2023-12-29T04:33:39.604+0000] {processor.py:756} INFO - Processing file /home/airflow/.local/lib/python3.7/site-packages/airflow/example_dags/example_bash_operator.py for tasks to queue
[2023-12-29T04:33:39.604+0000] {logging_mixin.py:120} INFO - [2023-12-29T04:33:39.604+0000] {dagbag.py:537} INFO - Filling up the DagBag from /home/airflow/.local/lib/python3.7/site-packages/airflow/example_dags/example_bash_operator.py
[2023-12-29T04:33:39.623+0000] {processor.py:766} INFO - DAG(s) dict_keys(['example_bash_operator']) retrieved from /home/airflow/.local/lib/python3.7/site-packages/airflow/example_dags/example_bash_operator.py
[2023-12-29T04:33:39.666+0000] {logging_mixin.py:120} INFO - [2023-12-29T04:33:39.666+0000] {dag.py:2585} INFO - Sync 1 DAGs
[2023-12-29T04:33:39.693+0000] {logging_mixin.py:120} INFO - [2023-12-29T04:33:39.693+0000] {dag.py:3340} INFO - Setting next_dagrun for example_bash_operator to 2023-12-28T00:00:00+00:00, run_after=2023-12-29T00:00:00+00:00
[2023-12-29T04:33:39.709+0000] {processor.py:176} INFO - Processing /home/airflow/.local/lib/python3.7/site-packages/airflow/example_dags/example_bash_operator.py took 0.109 seconds
[2023-12-29T04:34:10.581+0000] {processor.py:154} INFO - Started process (PID=246) to work on /home/airflow/.local/lib/python3.7/site-packages/airflow/example_dags/example_bash_operator.py
[2023-12-29T04:34:10.582+0000] {processor.py:756} INFO - Processing file /home/airflow/.local/lib/python3.7/site-packages/airflow/example_dags/example_bash_operator.py for tasks to queue
[2023-12-29T04:34:10.583+0000] {logging_mixin.py:120} INFO - [2023-12-29T04:34:10.583+0000] {dagbag.py:537} INFO - Filling up the DagBag from /home/airflow/.local/lib/python3.7/site-packages/airflow/example_dags/example_bash_operator.py
[2023-12-29T04:34:10.607+0000] {processor.py:766} INFO - DAG(s) dict_keys(['example_bash_operator']) retrieved from /home/airflow/.local/lib/python3.7/site-packages/airflow/example_dags/example_bash_operator.py
[2023-12-29T04:34:10.655+0000] {logging_mixin.py:120} INFO - [2023-12-29T04:34:10.654+0000] {dag.py:2585} INFO - Sync 1 DAGs
[2023-12-29T04:34:10.688+0000] {logging_mixin.py:120} INFO - [2023-12-29T04:34:10.687+0000] {dag.py:3340} INFO - Setting next_dagrun for example_bash_operator to 2023-12-28T00:00:00+00:00, run_after=2023-12-29T00:00:00+00:00
[2023-12-29T04:34:10.710+0000] {processor.py:176} INFO - Processing /home/airflow/.local/lib/python3.7/site-packages/airflow/example_dags/example_bash_operator.py took 0.142 seconds
[2023-12-29T04:34:41.284+0000] {processor.py:154} INFO - Started process (PID=311) to work on /home/airflow/.local/lib/python3.7/site-packages/airflow/example_dags/example_bash_operator.py
[2023-12-29T04:34:41.285+0000] {processor.py:756} INFO - Processing file /home/airflow/.local/lib/python3.7/site-packages/airflow/example_dags/example_bash_operator.py for tasks to queue
[2023-12-29T04:34:41.285+0000] {logging_mixin.py:120} INFO - [2023-12-29T04:34:41.285+0000] {dagbag.py:537} INFO - Filling up the DagBag from /home/airflow/.local/lib/python3.7/site-packages/airflow/example_dags/example_bash_operator.py
[2023-12-29T04:34:41.305+0000] {processor.py:766} INFO - DAG(s) dict_keys(['example_bash_operator']) retrieved from /home/airflow/.local/lib/python3.7/site-packages/airflow/example_dags/example_bash_operator.py
[2023-12-29T04:34:41.347+0000] {logging_mixin.py:120} INFO - [2023-12-29T04:34:41.347+0000] {dag.py:2585} INFO - Sync 1 DAGs
[2023-12-29T04:34:41.376+0000] {logging_mixin.py:120} INFO - [2023-12-29T04:34:41.376+0000] {dag.py:3340} INFO - Setting next_dagrun for example_bash_operator to 2023-12-28T00:00:00+00:00, run_after=2023-12-29T00:00:00+00:00
[2023-12-29T04:34:41.394+0000] {processor.py:176} INFO - Processing /home/airflow/.local/lib/python3.7/site-packages/airflow/example_dags/example_bash_operator.py took 0.112 seconds
[2023-12-29T04:35:12.059+0000] {processor.py:154} INFO - Started process (PID=374) to work on /home/airflow/.local/lib/python3.7/site-packages/airflow/example_dags/example_bash_operator.py
[2023-12-29T04:35:12.060+0000] {processor.py:756} INFO - Processing file /home/airflow/.local/lib/python3.7/site-packages/airflow/example_dags/example_bash_operator.py for tasks to queue
[2023-12-29T04:35:12.061+0000] {logging_mixin.py:120} INFO - [2023-12-29T04:35:12.061+0000] {dagbag.py:537} INFO - Filling up the DagBag from /home/airflow/.local/lib/python3.7/site-packages/airflow/example_dags/example_bash_operator.py
[2023-12-29T04:35:12.082+0000] {processor.py:766} INFO - DAG(s) dict_keys(['example_bash_operator']) retrieved from /home/airflow/.local/lib/python3.7/site-packages/airflow/example_dags/example_bash_operator.py
[2023-12-29T04:35:12.132+0000] {logging_mixin.py:120} INFO - [2023-12-29T04:35:12.132+0000] {dag.py:2585} INFO - Sync 1 DAGs
[2023-12-29T04:35:12.167+0000] {logging_mixin.py:120} INFO - [2023-12-29T04:35:12.167+0000] {dag.py:3340} INFO - Setting next_dagrun for example_bash_operator to 2023-12-28T00:00:00+00:00, run_after=2023-12-29T00:00:00+00:00
[2023-12-29T04:35:12.185+0000] {processor.py:176} INFO - Processing /home/airflow/.local/lib/python3.7/site-packages/airflow/example_dags/example_bash_operator.py took 0.129 seconds
[2023-12-29T04:35:42.653+0000] {processor.py:154} INFO - Started process (PID=429) to work on /home/airflow/.local/lib/python3.7/site-packages/airflow/example_dags/example_bash_operator.py
[2023-12-29T04:35:42.654+0000] {processor.py:756} INFO - Processing file /home/airflow/.local/lib/python3.7/site-packages/airflow/example_dags/example_bash_operator.py for tasks to queue
[2023-12-29T04:35:42.655+0000] {logging_mixin.py:120} INFO - [2023-12-29T04:35:42.654+0000] {dagbag.py:537} INFO - Filling up the DagBag from /home/airflow/.local/lib/python3.7/site-packages/airflow/example_dags/example_bash_operator.py
[2023-12-29T04:35:42.677+0000] {processor.py:766} INFO - DAG(s) dict_keys(['example_bash_operator']) retrieved from /home/airflow/.local/lib/python3.7/site-packages/airflow/example_dags/example_bash_operator.py
[2023-12-29T04:35:42.704+0000] {logging_mixin.py:120} INFO - [2023-12-29T04:35:42.704+0000] {dag.py:2585} INFO - Sync 1 DAGs
[2023-12-29T04:35:42.734+0000] {logging_mixin.py:120} INFO - [2023-12-29T04:35:42.734+0000] {dag.py:3340} INFO - Setting next_dagrun for example_bash_operator to 2023-12-28T00:00:00+00:00, run_after=2023-12-29T00:00:00+00:00
[2023-12-29T04:35:42.757+0000] {processor.py:176} INFO - Processing /home/airflow/.local/lib/python3.7/site-packages/airflow/example_dags/example_bash_operator.py took 0.107 seconds
[2023-12-29T04:36:13.726+0000] {processor.py:154} INFO - Started process (PID=492) to work on /home/airflow/.local/lib/python3.7/site-packages/airflow/example_dags/example_bash_operator.py
[2023-12-29T04:36:13.727+0000] {processor.py:756} INFO - Processing file /home/airflow/.local/lib/python3.7/site-packages/airflow/example_dags/example_bash_operator.py for tasks to queue
[2023-12-29T04:36:13.728+0000] {logging_mixin.py:120} INFO - [2023-12-29T04:36:13.728+0000] {dagbag.py:537} INFO - Filling up the DagBag from /home/airflow/.local/lib/python3.7/site-packages/airflow/example_dags/example_bash_operator.py
[2023-12-29T04:36:13.751+0000] {processor.py:766} INFO - DAG(s) dict_keys(['example_bash_operator']) retrieved from /home/airflow/.local/lib/python3.7/site-packages/airflow/example_dags/example_bash_operator.py
[2023-12-29T04:36:13.802+0000] {logging_mixin.py:120} INFO - [2023-12-29T04:36:13.802+0000] {dag.py:2585} INFO - Sync 1 DAGs
[2023-12-29T04:36:13.835+0000] {logging_mixin.py:120} INFO - [2023-12-29T04:36:13.832+0000] {dag.py:3340} INFO - Setting next_dagrun for example_bash_operator to 2023-12-28T00:00:00+00:00, run_after=2023-12-29T00:00:00+00:00
[2023-12-29T04:36:13.858+0000] {processor.py:176} INFO - Processing /home/airflow/.local/lib/python3.7/site-packages/airflow/example_dags/example_bash_operator.py took 0.135 seconds
[2023-12-29T04:36:45.746+0000] {processor.py:154} INFO - Started process (PID=557) to work on /home/airflow/.local/lib/python3.7/site-packages/airflow/example_dags/example_bash_operator.py
[2023-12-29T04:36:45.747+0000] {processor.py:756} INFO - Processing file /home/airflow/.local/lib/python3.7/site-packages/airflow/example_dags/example_bash_operator.py for tasks to queue
[2023-12-29T04:36:45.747+0000] {logging_mixin.py:120} INFO - [2023-12-29T04:36:45.747+0000] {dagbag.py:537} INFO - Filling up the DagBag from /home/airflow/.local/lib/python3.7/site-packages/airflow/example_dags/example_bash_operator.py
[2023-12-29T04:36:45.775+0000] {processor.py:766} INFO - DAG(s) dict_keys(['example_bash_operator']) retrieved from /home/airflow/.local/lib/python3.7/site-packages/airflow/example_dags/example_bash_operator.py
[2023-12-29T04:36:45.826+0000] {logging_mixin.py:120} INFO - [2023-12-29T04:36:45.826+0000] {dag.py:2585} INFO - Sync 1 DAGs
[2023-12-29T04:36:45.869+0000] {logging_mixin.py:120} INFO - [2023-12-29T04:36:45.869+0000] {dag.py:3340} INFO - Setting next_dagrun for example_bash_operator to 2023-12-28T00:00:00+00:00, run_after=2023-12-29T00:00:00+00:00
[2023-12-29T04:36:45.900+0000] {processor.py:176} INFO - Processing /home/airflow/.local/lib/python3.7/site-packages/airflow/example_dags/example_bash_operator.py took 0.157 seconds
[2023-12-29T04:37:16.765+0000] {processor.py:154} INFO - Started process (PID=619) to work on /home/airflow/.local/lib/python3.7/site-packages/airflow/example_dags/example_bash_operator.py
[2023-12-29T04:37:16.766+0000] {processor.py:756} INFO - Processing file /home/airflow/.local/lib/python3.7/site-packages/airflow/example_dags/example_bash_operator.py for tasks to queue
[2023-12-29T04:37:16.766+0000] {logging_mixin.py:120} INFO - [2023-12-29T04:37:16.766+0000] {dagbag.py:537} INFO - Filling up the DagBag from /home/airflow/.local/lib/python3.7/site-packages/airflow/example_dags/example_bash_operator.py
[2023-12-29T04:37:16.787+0000] {processor.py:766} INFO - DAG(s) dict_keys(['example_bash_operator']) retrieved from /home/airflow/.local/lib/python3.7/site-packages/airflow/example_dags/example_bash_operator.py
[2023-12-29T04:37:16.833+0000] {logging_mixin.py:120} INFO - [2023-12-29T04:37:16.833+0000] {dag.py:2585} INFO - Sync 1 DAGs
[2023-12-29T04:37:16.865+0000] {logging_mixin.py:120} INFO - [2023-12-29T04:37:16.865+0000] {dag.py:3340} INFO - Setting next_dagrun for example_bash_operator to 2023-12-28T00:00:00+00:00, run_after=2023-12-29T00:00:00+00:00
[2023-12-29T04:37:16.883+0000] {processor.py:176} INFO - Processing /home/airflow/.local/lib/python3.7/site-packages/airflow/example_dags/example_bash_operator.py took 0.121 seconds
[2023-12-29T04:37:47.763+0000] {processor.py:154} INFO - Started process (PID=674) to work on /home/airflow/.local/lib/python3.7/site-packages/airflow/example_dags/example_bash_operator.py
[2023-12-29T04:37:47.764+0000] {processor.py:756} INFO - Processing file /home/airflow/.local/lib/python3.7/site-packages/airflow/example_dags/example_bash_operator.py for tasks to queue
[2023-12-29T04:37:47.765+0000] {logging_mixin.py:120} INFO - [2023-12-29T04:37:47.765+0000] {dagbag.py:537} INFO - Filling up the DagBag from /home/airflow/.local/lib/python3.7/site-packages/airflow/example_dags/example_bash_operator.py
[2023-12-29T04:37:47.786+0000] {processor.py:766} INFO - DAG(s) dict_keys(['example_bash_operator']) retrieved from /home/airflow/.local/lib/python3.7/site-packages/airflow/example_dags/example_bash_operator.py
[2023-12-29T04:37:47.830+0000] {logging_mixin.py:120} INFO - [2023-12-29T04:37:47.830+0000] {dag.py:2585} INFO - Sync 1 DAGs
[2023-12-29T04:37:47.858+0000] {logging_mixin.py:120} INFO - [2023-12-29T04:37:47.858+0000] {dag.py:3340} INFO - Setting next_dagrun for example_bash_operator to 2023-12-28T00:00:00+00:00, run_after=2023-12-29T00:00:00+00:00
[2023-12-29T04:37:47.878+0000] {processor.py:176} INFO - Processing /home/airflow/.local/lib/python3.7/site-packages/airflow/example_dags/example_bash_operator.py took 0.118 seconds
[2023-12-29T04:38:18.718+0000] {processor.py:154} INFO - Started process (PID=738) to work on /home/airflow/.local/lib/python3.7/site-packages/airflow/example_dags/example_bash_operator.py
[2023-12-29T04:38:18.719+0000] {processor.py:756} INFO - Processing file /home/airflow/.local/lib/python3.7/site-packages/airflow/example_dags/example_bash_operator.py for tasks to queue
[2023-12-29T04:38:18.719+0000] {logging_mixin.py:120} INFO - [2023-12-29T04:38:18.719+0000] {dagbag.py:537} INFO - Filling up the DagBag from /home/airflow/.local/lib/python3.7/site-packages/airflow/example_dags/example_bash_operator.py
[2023-12-29T04:38:18.743+0000] {processor.py:766} INFO - DAG(s) dict_keys(['example_bash_operator']) retrieved from /home/airflow/.local/lib/python3.7/site-packages/airflow/example_dags/example_bash_operator.py
[2023-12-29T04:38:18.797+0000] {logging_mixin.py:120} INFO - [2023-12-29T04:38:18.797+0000] {dag.py:2585} INFO - Sync 1 DAGs
[2023-12-29T04:38:18.832+0000] {logging_mixin.py:120} INFO - [2023-12-29T04:38:18.832+0000] {dag.py:3340} INFO - Setting next_dagrun for example_bash_operator to 2023-12-28T00:00:00+00:00, run_after=2023-12-29T00:00:00+00:00
[2023-12-29T04:38:18.863+0000] {processor.py:176} INFO - Processing /home/airflow/.local/lib/python3.7/site-packages/airflow/example_dags/example_bash_operator.py took 0.148 seconds
[2023-12-29T04:38:49.426+0000] {processor.py:154} INFO - Started process (PID=803) to work on /home/airflow/.local/lib/python3.7/site-packages/airflow/example_dags/example_bash_operator.py
[2023-12-29T04:38:49.427+0000] {processor.py:756} INFO - Processing file /home/airflow/.local/lib/python3.7/site-packages/airflow/example_dags/example_bash_operator.py for tasks to queue
[2023-12-29T04:38:49.428+0000] {logging_mixin.py:120} INFO - [2023-12-29T04:38:49.428+0000] {dagbag.py:537} INFO - Filling up the DagBag from /home/airflow/.local/lib/python3.7/site-packages/airflow/example_dags/example_bash_operator.py
[2023-12-29T04:38:49.449+0000] {processor.py:766} INFO - DAG(s) dict_keys(['example_bash_operator']) retrieved from /home/airflow/.local/lib/python3.7/site-packages/airflow/example_dags/example_bash_operator.py
[2023-12-29T04:38:49.496+0000] {logging_mixin.py:120} INFO - [2023-12-29T04:38:49.496+0000] {dag.py:2585} INFO - Sync 1 DAGs
[2023-12-29T04:38:49.524+0000] {logging_mixin.py:120} INFO - [2023-12-29T04:38:49.524+0000] {dag.py:3340} INFO - Setting next_dagrun for example_bash_operator to 2023-12-28T00:00:00+00:00, run_after=2023-12-29T00:00:00+00:00
[2023-12-29T04:38:49.543+0000] {processor.py:176} INFO - Processing /home/airflow/.local/lib/python3.7/site-packages/airflow/example_dags/example_bash_operator.py took 0.119 seconds
[2023-12-29T04:39:19.581+0000] {processor.py:154} INFO - Started process (PID=858) to work on /home/airflow/.local/lib/python3.7/site-packages/airflow/example_dags/example_bash_operator.py
[2023-12-29T04:39:19.582+0000] {processor.py:756} INFO - Processing file /home/airflow/.local/lib/python3.7/site-packages/airflow/example_dags/example_bash_operator.py for tasks to queue
[2023-12-29T04:39:19.583+0000] {logging_mixin.py:120} INFO - [2023-12-29T04:39:19.583+0000] {dagbag.py:537} INFO - Filling up the DagBag from /home/airflow/.local/lib/python3.7/site-packages/airflow/example_dags/example_bash_operator.py
[2023-12-29T04:39:19.604+0000] {processor.py:766} INFO - DAG(s) dict_keys(['example_bash_operator']) retrieved from /home/airflow/.local/lib/python3.7/site-packages/airflow/example_dags/example_bash_operator.py
[2023-12-29T04:39:19.655+0000] {logging_mixin.py:120} INFO - [2023-12-29T04:39:19.655+0000] {dag.py:2585} INFO - Sync 1 DAGs
[2023-12-29T04:39:19.686+0000] {logging_mixin.py:120} INFO - [2023-12-29T04:39:19.686+0000] {dag.py:3340} INFO - Setting next_dagrun for example_bash_operator to 2023-12-28T00:00:00+00:00, run_after=2023-12-29T00:00:00+00:00
[2023-12-29T04:39:19.703+0000] {processor.py:176} INFO - Processing /home/airflow/.local/lib/python3.7/site-packages/airflow/example_dags/example_bash_operator.py took 0.124 seconds
[2023-12-29T04:39:49.925+0000] {processor.py:154} INFO - Started process (PID=922) to work on /home/airflow/.local/lib/python3.7/site-packages/airflow/example_dags/example_bash_operator.py
[2023-12-29T04:39:49.926+0000] {processor.py:756} INFO - Processing file /home/airflow/.local/lib/python3.7/site-packages/airflow/example_dags/example_bash_operator.py for tasks to queue
[2023-12-29T04:39:49.927+0000] {logging_mixin.py:120} INFO - [2023-12-29T04:39:49.927+0000] {dagbag.py:537} INFO - Filling up the DagBag from /home/airflow/.local/lib/python3.7/site-packages/airflow/example_dags/example_bash_operator.py
[2023-12-29T04:39:49.948+0000] {processor.py:766} INFO - DAG(s) dict_keys(['example_bash_operator']) retrieved from /home/airflow/.local/lib/python3.7/site-packages/airflow/example_dags/example_bash_operator.py
[2023-12-29T04:39:49.994+0000] {logging_mixin.py:120} INFO - [2023-12-29T04:39:49.994+0000] {dag.py:2585} INFO - Sync 1 DAGs
[2023-12-29T04:39:50.021+0000] {logging_mixin.py:120} INFO - [2023-12-29T04:39:50.021+0000] {dag.py:3340} INFO - Setting next_dagrun for example_bash_operator to 2023-12-28T00:00:00+00:00, run_after=2023-12-29T00:00:00+00:00
[2023-12-29T04:39:50.049+0000] {processor.py:176} INFO - Processing /home/airflow/.local/lib/python3.7/site-packages/airflow/example_dags/example_bash_operator.py took 0.129 seconds
[2023-12-29T04:40:20.366+0000] {processor.py:154} INFO - Started process (PID=984) to work on /home/airflow/.local/lib/python3.7/site-packages/airflow/example_dags/example_bash_operator.py
[2023-12-29T04:40:20.369+0000] {processor.py:756} INFO - Processing file /home/airflow/.local/lib/python3.7/site-packages/airflow/example_dags/example_bash_operator.py for tasks to queue
[2023-12-29T04:40:20.370+0000] {logging_mixin.py:120} INFO - [2023-12-29T04:40:20.370+0000] {dagbag.py:537} INFO - Filling up the DagBag from /home/airflow/.local/lib/python3.7/site-packages/airflow/example_dags/example_bash_operator.py
[2023-12-29T04:40:20.480+0000] {processor.py:766} INFO - DAG(s) dict_keys(['example_bash_operator']) retrieved from /home/airflow/.local/lib/python3.7/site-packages/airflow/example_dags/example_bash_operator.py
[2023-12-29T04:40:20.621+0000] {logging_mixin.py:120} INFO - [2023-12-29T04:40:20.621+0000] {dag.py:2585} INFO - Sync 1 DAGs
[2023-12-29T04:40:20.659+0000] {logging_mixin.py:120} INFO - [2023-12-29T04:40:20.658+0000] {dag.py:3340} INFO - Setting next_dagrun for example_bash_operator to 2023-12-28T00:00:00+00:00, run_after=2023-12-29T00:00:00+00:00
[2023-12-29T04:40:20.708+0000] {processor.py:176} INFO - Processing /home/airflow/.local/lib/python3.7/site-packages/airflow/example_dags/example_bash_operator.py took 0.345 seconds
[2023-12-29T04:40:51.432+0000] {processor.py:154} INFO - Started process (PID=1040) to work on /home/airflow/.local/lib/python3.7/site-packages/airflow/example_dags/example_bash_operator.py
[2023-12-29T04:40:51.433+0000] {processor.py:756} INFO - Processing file /home/airflow/.local/lib/python3.7/site-packages/airflow/example_dags/example_bash_operator.py for tasks to queue
[2023-12-29T04:40:51.434+0000] {logging_mixin.py:120} INFO - [2023-12-29T04:40:51.434+0000] {dagbag.py:537} INFO - Filling up the DagBag from /home/airflow/.local/lib/python3.7/site-packages/airflow/example_dags/example_bash_operator.py
[2023-12-29T04:40:51.464+0000] {processor.py:766} INFO - DAG(s) dict_keys(['example_bash_operator']) retrieved from /home/airflow/.local/lib/python3.7/site-packages/airflow/example_dags/example_bash_operator.py
[2023-12-29T04:40:51.511+0000] {logging_mixin.py:120} INFO - [2023-12-29T04:40:51.511+0000] {dag.py:2585} INFO - Sync 1 DAGs
[2023-12-29T04:40:51.543+0000] {logging_mixin.py:120} INFO - [2023-12-29T04:40:51.543+0000] {dag.py:3340} INFO - Setting next_dagrun for example_bash_operator to 2023-12-28T00:00:00+00:00, run_after=2023-12-29T00:00:00+00:00
[2023-12-29T04:40:51.563+0000] {processor.py:176} INFO - Processing /home/airflow/.local/lib/python3.7/site-packages/airflow/example_dags/example_bash_operator.py took 0.137 seconds
[2023-12-29T04:41:22.319+0000] {processor.py:154} INFO - Started process (PID=1106) to work on /home/airflow/.local/lib/python3.7/site-packages/airflow/example_dags/example_bash_operator.py
[2023-12-29T04:41:22.319+0000] {processor.py:756} INFO - Processing file /home/airflow/.local/lib/python3.7/site-packages/airflow/example_dags/example_bash_operator.py for tasks to queue
[2023-12-29T04:41:22.320+0000] {logging_mixin.py:120} INFO - [2023-12-29T04:41:22.319+0000] {dagbag.py:537} INFO - Filling up the DagBag from /home/airflow/.local/lib/python3.7/site-packages/airflow/example_dags/example_bash_operator.py
[2023-12-29T04:41:22.345+0000] {processor.py:766} INFO - DAG(s) dict_keys(['example_bash_operator']) retrieved from /home/airflow/.local/lib/python3.7/site-packages/airflow/example_dags/example_bash_operator.py
[2023-12-29T04:41:22.400+0000] {logging_mixin.py:120} INFO - [2023-12-29T04:41:22.400+0000] {dag.py:2585} INFO - Sync 1 DAGs
[2023-12-29T04:41:22.440+0000] {logging_mixin.py:120} INFO - [2023-12-29T04:41:22.439+0000] {dag.py:3340} INFO - Setting next_dagrun for example_bash_operator to 2023-12-28T00:00:00+00:00, run_after=2023-12-29T00:00:00+00:00
[2023-12-29T04:41:22.473+0000] {processor.py:176} INFO - Processing /home/airflow/.local/lib/python3.7/site-packages/airflow/example_dags/example_bash_operator.py took 0.157 seconds
[2023-12-29T04:41:52.802+0000] {processor.py:154} INFO - Started process (PID=1169) to work on /home/airflow/.local/lib/python3.7/site-packages/airflow/example_dags/example_bash_operator.py
[2023-12-29T04:41:52.803+0000] {processor.py:756} INFO - Processing file /home/airflow/.local/lib/python3.7/site-packages/airflow/example_dags/example_bash_operator.py for tasks to queue
[2023-12-29T04:41:52.803+0000] {logging_mixin.py:120} INFO - [2023-12-29T04:41:52.803+0000] {dagbag.py:537} INFO - Filling up the DagBag from /home/airflow/.local/lib/python3.7/site-packages/airflow/example_dags/example_bash_operator.py
[2023-12-29T04:41:52.839+0000] {processor.py:766} INFO - DAG(s) dict_keys(['example_bash_operator']) retrieved from /home/airflow/.local/lib/python3.7/site-packages/airflow/example_dags/example_bash_operator.py
[2023-12-29T04:41:52.897+0000] {logging_mixin.py:120} INFO - [2023-12-29T04:41:52.896+0000] {dag.py:2585} INFO - Sync 1 DAGs
[2023-12-29T04:41:52.931+0000] {logging_mixin.py:120} INFO - [2023-12-29T04:41:52.931+0000] {dag.py:3340} INFO - Setting next_dagrun for example_bash_operator to 2023-12-28T00:00:00+00:00, run_after=2023-12-29T00:00:00+00:00
[2023-12-29T04:41:52.957+0000] {processor.py:176} INFO - Processing /home/airflow/.local/lib/python3.7/site-packages/airflow/example_dags/example_bash_operator.py took 0.158 seconds
[2023-12-29T04:42:23.746+0000] {processor.py:154} INFO - Started process (PID=1227) to work on /home/airflow/.local/lib/python3.7/site-packages/airflow/example_dags/example_bash_operator.py
[2023-12-29T04:42:23.746+0000] {processor.py:756} INFO - Processing file /home/airflow/.local/lib/python3.7/site-packages/airflow/example_dags/example_bash_operator.py for tasks to queue
[2023-12-29T04:42:23.747+0000] {logging_mixin.py:120} INFO - [2023-12-29T04:42:23.747+0000] {dagbag.py:537} INFO - Filling up the DagBag from /home/airflow/.local/lib/python3.7/site-packages/airflow/example_dags/example_bash_operator.py
[2023-12-29T04:42:23.768+0000] {processor.py:766} INFO - DAG(s) dict_keys(['example_bash_operator']) retrieved from /home/airflow/.local/lib/python3.7/site-packages/airflow/example_dags/example_bash_operator.py
[2023-12-29T04:42:23.815+0000] {logging_mixin.py:120} INFO - [2023-12-29T04:42:23.815+0000] {dag.py:2585} INFO - Sync 1 DAGs
[2023-12-29T04:42:23.842+0000] {logging_mixin.py:120} INFO - [2023-12-29T04:42:23.842+0000] {dag.py:3340} INFO - Setting next_dagrun for example_bash_operator to 2023-12-28T00:00:00+00:00, run_after=2023-12-29T00:00:00+00:00
[2023-12-29T04:42:23.863+0000] {processor.py:176} INFO - Processing /home/airflow/.local/lib/python3.7/site-packages/airflow/example_dags/example_bash_operator.py took 0.120 seconds
[2023-12-29T04:42:54.530+0000] {processor.py:154} INFO - Started process (PID=1290) to work on /home/airflow/.local/lib/python3.7/site-packages/airflow/example_dags/example_bash_operator.py
[2023-12-29T04:42:54.531+0000] {processor.py:756} INFO - Processing file /home/airflow/.local/lib/python3.7/site-packages/airflow/example_dags/example_bash_operator.py for tasks to queue
[2023-12-29T04:42:54.531+0000] {logging_mixin.py:120} INFO - [2023-12-29T04:42:54.531+0000] {dagbag.py:537} INFO - Filling up the DagBag from /home/airflow/.local/lib/python3.7/site-packages/airflow/example_dags/example_bash_operator.py
[2023-12-29T04:42:54.551+0000] {processor.py:766} INFO - DAG(s) dict_keys(['example_bash_operator']) retrieved from /home/airflow/.local/lib/python3.7/site-packages/airflow/example_dags/example_bash_operator.py
[2023-12-29T04:42:54.592+0000] {logging_mixin.py:120} INFO - [2023-12-29T04:42:54.592+0000] {dag.py:2585} INFO - Sync 1 DAGs
[2023-12-29T04:42:54.619+0000] {logging_mixin.py:120} INFO - [2023-12-29T04:42:54.619+0000] {dag.py:3340} INFO - Setting next_dagrun for example_bash_operator to 2023-12-28T00:00:00+00:00, run_after=2023-12-29T00:00:00+00:00
[2023-12-29T04:42:54.635+0000] {processor.py:176} INFO - Processing /home/airflow/.local/lib/python3.7/site-packages/airflow/example_dags/example_bash_operator.py took 0.108 seconds
[2023-12-29T04:43:25.527+0000] {processor.py:154} INFO - Started process (PID=1354) to work on /home/airflow/.local/lib/python3.7/site-packages/airflow/example_dags/example_bash_operator.py
[2023-12-29T04:43:25.527+0000] {processor.py:756} INFO - Processing file /home/airflow/.local/lib/python3.7/site-packages/airflow/example_dags/example_bash_operator.py for tasks to queue
[2023-12-29T04:43:25.528+0000] {logging_mixin.py:120} INFO - [2023-12-29T04:43:25.528+0000] {dagbag.py:537} INFO - Filling up the DagBag from /home/airflow/.local/lib/python3.7/site-packages/airflow/example_dags/example_bash_operator.py
[2023-12-29T04:43:25.557+0000] {processor.py:766} INFO - DAG(s) dict_keys(['example_bash_operator']) retrieved from /home/airflow/.local/lib/python3.7/site-packages/airflow/example_dags/example_bash_operator.py
[2023-12-29T04:43:25.605+0000] {logging_mixin.py:120} INFO - [2023-12-29T04:43:25.605+0000] {dag.py:2585} INFO - Sync 1 DAGs
[2023-12-29T04:43:25.632+0000] {logging_mixin.py:120} INFO - [2023-12-29T04:43:25.632+0000] {dag.py:3340} INFO - Setting next_dagrun for example_bash_operator to 2023-12-28T00:00:00+00:00, run_after=2023-12-29T00:00:00+00:00
[2023-12-29T04:43:25.655+0000] {processor.py:176} INFO - Processing /home/airflow/.local/lib/python3.7/site-packages/airflow/example_dags/example_bash_operator.py took 0.131 seconds
[2023-12-29T04:43:55.826+0000] {processor.py:154} INFO - Started process (PID=1409) to work on /home/airflow/.local/lib/python3.7/site-packages/airflow/example_dags/example_bash_operator.py
[2023-12-29T04:43:55.827+0000] {processor.py:756} INFO - Processing file /home/airflow/.local/lib/python3.7/site-packages/airflow/example_dags/example_bash_operator.py for tasks to queue
[2023-12-29T04:43:55.827+0000] {logging_mixin.py:120} INFO - [2023-12-29T04:43:55.827+0000] {dagbag.py:537} INFO - Filling up the DagBag from /home/airflow/.local/lib/python3.7/site-packages/airflow/example_dags/example_bash_operator.py
[2023-12-29T04:43:55.851+0000] {processor.py:766} INFO - DAG(s) dict_keys(['example_bash_operator']) retrieved from /home/airflow/.local/lib/python3.7/site-packages/airflow/example_dags/example_bash_operator.py
[2023-12-29T04:43:55.898+0000] {logging_mixin.py:120} INFO - [2023-12-29T04:43:55.897+0000] {dag.py:2585} INFO - Sync 1 DAGs
[2023-12-29T04:43:55.927+0000] {logging_mixin.py:120} INFO - [2023-12-29T04:43:55.927+0000] {dag.py:3340} INFO - Setting next_dagrun for example_bash_operator to 2023-12-28T00:00:00+00:00, run_after=2023-12-29T00:00:00+00:00
[2023-12-29T04:43:55.946+0000] {processor.py:176} INFO - Processing /home/airflow/.local/lib/python3.7/site-packages/airflow/example_dags/example_bash_operator.py took 0.125 seconds
[2023-12-29T04:44:26.674+0000] {processor.py:154} INFO - Started process (PID=1474) to work on /home/airflow/.local/lib/python3.7/site-packages/airflow/example_dags/example_bash_operator.py
[2023-12-29T04:44:26.675+0000] {processor.py:756} INFO - Processing file /home/airflow/.local/lib/python3.7/site-packages/airflow/example_dags/example_bash_operator.py for tasks to queue
[2023-12-29T04:44:26.676+0000] {logging_mixin.py:120} INFO - [2023-12-29T04:44:26.675+0000] {dagbag.py:537} INFO - Filling up the DagBag from /home/airflow/.local/lib/python3.7/site-packages/airflow/example_dags/example_bash_operator.py
[2023-12-29T04:44:26.698+0000] {processor.py:766} INFO - DAG(s) dict_keys(['example_bash_operator']) retrieved from /home/airflow/.local/lib/python3.7/site-packages/airflow/example_dags/example_bash_operator.py
[2023-12-29T04:44:26.745+0000] {logging_mixin.py:120} INFO - [2023-12-29T04:44:26.745+0000] {dag.py:2585} INFO - Sync 1 DAGs
[2023-12-29T04:44:26.775+0000] {logging_mixin.py:120} INFO - [2023-12-29T04:44:26.775+0000] {dag.py:3340} INFO - Setting next_dagrun for example_bash_operator to 2023-12-28T00:00:00+00:00, run_after=2023-12-29T00:00:00+00:00
[2023-12-29T04:44:26.795+0000] {processor.py:176} INFO - Processing /home/airflow/.local/lib/python3.7/site-packages/airflow/example_dags/example_bash_operator.py took 0.123 seconds
[2023-12-29T04:44:57.264+0000] {processor.py:154} INFO - Started process (PID=1537) to work on /home/airflow/.local/lib/python3.7/site-packages/airflow/example_dags/example_bash_operator.py
[2023-12-29T04:44:57.279+0000] {processor.py:756} INFO - Processing file /home/airflow/.local/lib/python3.7/site-packages/airflow/example_dags/example_bash_operator.py for tasks to queue
[2023-12-29T04:44:57.280+0000] {logging_mixin.py:120} INFO - [2023-12-29T04:44:57.279+0000] {dagbag.py:537} INFO - Filling up the DagBag from /home/airflow/.local/lib/python3.7/site-packages/airflow/example_dags/example_bash_operator.py
[2023-12-29T04:44:57.357+0000] {processor.py:766} INFO - DAG(s) dict_keys(['example_bash_operator']) retrieved from /home/airflow/.local/lib/python3.7/site-packages/airflow/example_dags/example_bash_operator.py
[2023-12-29T04:44:57.413+0000] {logging_mixin.py:120} INFO - [2023-12-29T04:44:57.413+0000] {dag.py:2585} INFO - Sync 1 DAGs
[2023-12-29T04:44:57.448+0000] {logging_mixin.py:120} INFO - [2023-12-29T04:44:57.447+0000] {dag.py:3340} INFO - Setting next_dagrun for example_bash_operator to 2023-12-28T00:00:00+00:00, run_after=2023-12-29T00:00:00+00:00
[2023-12-29T04:44:57.474+0000] {processor.py:176} INFO - Processing /home/airflow/.local/lib/python3.7/site-packages/airflow/example_dags/example_bash_operator.py took 0.213 seconds
[2023-12-29T04:45:27.787+0000] {processor.py:154} INFO - Started process (PID=1592) to work on /home/airflow/.local/lib/python3.7/site-packages/airflow/example_dags/example_bash_operator.py
[2023-12-29T04:45:27.790+0000] {processor.py:756} INFO - Processing file /home/airflow/.local/lib/python3.7/site-packages/airflow/example_dags/example_bash_operator.py for tasks to queue
[2023-12-29T04:45:27.792+0000] {logging_mixin.py:120} INFO - [2023-12-29T04:45:27.792+0000] {dagbag.py:537} INFO - Filling up the DagBag from /home/airflow/.local/lib/python3.7/site-packages/airflow/example_dags/example_bash_operator.py
[2023-12-29T04:45:27.817+0000] {processor.py:766} INFO - DAG(s) dict_keys(['example_bash_operator']) retrieved from /home/airflow/.local/lib/python3.7/site-packages/airflow/example_dags/example_bash_operator.py
[2023-12-29T04:45:27.878+0000] {logging_mixin.py:120} INFO - [2023-12-29T04:45:27.878+0000] {dag.py:2585} INFO - Sync 1 DAGs
[2023-12-29T04:45:27.910+0000] {logging_mixin.py:120} INFO - [2023-12-29T04:45:27.909+0000] {dag.py:3340} INFO - Setting next_dagrun for example_bash_operator to 2023-12-28T00:00:00+00:00, run_after=2023-12-29T00:00:00+00:00
[2023-12-29T04:45:27.930+0000] {processor.py:176} INFO - Processing /home/airflow/.local/lib/python3.7/site-packages/airflow/example_dags/example_bash_operator.py took 0.147 seconds
[2023-12-29T04:45:58.161+0000] {processor.py:154} INFO - Started process (PID=1657) to work on /home/airflow/.local/lib/python3.7/site-packages/airflow/example_dags/example_bash_operator.py
[2023-12-29T04:45:58.162+0000] {processor.py:756} INFO - Processing file /home/airflow/.local/lib/python3.7/site-packages/airflow/example_dags/example_bash_operator.py for tasks to queue
[2023-12-29T04:45:58.163+0000] {logging_mixin.py:120} INFO - [2023-12-29T04:45:58.162+0000] {dagbag.py:537} INFO - Filling up the DagBag from /home/airflow/.local/lib/python3.7/site-packages/airflow/example_dags/example_bash_operator.py
[2023-12-29T04:45:58.182+0000] {processor.py:766} INFO - DAG(s) dict_keys(['example_bash_operator']) retrieved from /home/airflow/.local/lib/python3.7/site-packages/airflow/example_dags/example_bash_operator.py
[2023-12-29T04:45:58.225+0000] {logging_mixin.py:120} INFO - [2023-12-29T04:45:58.225+0000] {dag.py:2585} INFO - Sync 1 DAGs
[2023-12-29T04:45:58.250+0000] {logging_mixin.py:120} INFO - [2023-12-29T04:45:58.250+0000] {dag.py:3340} INFO - Setting next_dagrun for example_bash_operator to 2023-12-28T00:00:00+00:00, run_after=2023-12-29T00:00:00+00:00
[2023-12-29T04:45:58.270+0000] {processor.py:176} INFO - Processing /home/airflow/.local/lib/python3.7/site-packages/airflow/example_dags/example_bash_operator.py took 0.112 seconds
[2023-12-29T04:46:29.094+0000] {processor.py:154} INFO - Started process (PID=1719) to work on /home/airflow/.local/lib/python3.7/site-packages/airflow/example_dags/example_bash_operator.py
[2023-12-29T04:46:29.094+0000] {processor.py:756} INFO - Processing file /home/airflow/.local/lib/python3.7/site-packages/airflow/example_dags/example_bash_operator.py for tasks to queue
[2023-12-29T04:46:29.095+0000] {logging_mixin.py:120} INFO - [2023-12-29T04:46:29.095+0000] {dagbag.py:537} INFO - Filling up the DagBag from /home/airflow/.local/lib/python3.7/site-packages/airflow/example_dags/example_bash_operator.py
[2023-12-29T04:46:29.123+0000] {processor.py:766} INFO - DAG(s) dict_keys(['example_bash_operator']) retrieved from /home/airflow/.local/lib/python3.7/site-packages/airflow/example_dags/example_bash_operator.py
[2023-12-29T04:46:29.189+0000] {logging_mixin.py:120} INFO - [2023-12-29T04:46:29.189+0000] {dag.py:2585} INFO - Sync 1 DAGs
[2023-12-29T04:46:29.221+0000] {logging_mixin.py:120} INFO - [2023-12-29T04:46:29.221+0000] {dag.py:3340} INFO - Setting next_dagrun for example_bash_operator to 2023-12-28T00:00:00+00:00, run_after=2023-12-29T00:00:00+00:00
[2023-12-29T04:46:29.240+0000] {processor.py:176} INFO - Processing /home/airflow/.local/lib/python3.7/site-packages/airflow/example_dags/example_bash_operator.py took 0.155 seconds
[2023-12-29T04:46:59.825+0000] {processor.py:154} INFO - Started process (PID=1777) to work on /home/airflow/.local/lib/python3.7/site-packages/airflow/example_dags/example_bash_operator.py
[2023-12-29T04:46:59.826+0000] {processor.py:756} INFO - Processing file /home/airflow/.local/lib/python3.7/site-packages/airflow/example_dags/example_bash_operator.py for tasks to queue
[2023-12-29T04:46:59.826+0000] {logging_mixin.py:120} INFO - [2023-12-29T04:46:59.826+0000] {dagbag.py:537} INFO - Filling up the DagBag from /home/airflow/.local/lib/python3.7/site-packages/airflow/example_dags/example_bash_operator.py
[2023-12-29T04:46:59.847+0000] {processor.py:766} INFO - DAG(s) dict_keys(['example_bash_operator']) retrieved from /home/airflow/.local/lib/python3.7/site-packages/airflow/example_dags/example_bash_operator.py
[2023-12-29T04:46:59.901+0000] {logging_mixin.py:120} INFO - [2023-12-29T04:46:59.901+0000] {dag.py:2585} INFO - Sync 1 DAGs
[2023-12-29T04:46:59.931+0000] {logging_mixin.py:120} INFO - [2023-12-29T04:46:59.931+0000] {dag.py:3340} INFO - Setting next_dagrun for example_bash_operator to 2023-12-28T00:00:00+00:00, run_after=2023-12-29T00:00:00+00:00
[2023-12-29T04:46:59.948+0000] {processor.py:176} INFO - Processing /home/airflow/.local/lib/python3.7/site-packages/airflow/example_dags/example_bash_operator.py took 0.126 seconds
[2023-12-29T04:47:30.522+0000] {processor.py:154} INFO - Started process (PID=1840) to work on /home/airflow/.local/lib/python3.7/site-packages/airflow/example_dags/example_bash_operator.py
[2023-12-29T04:47:30.523+0000] {processor.py:756} INFO - Processing file /home/airflow/.local/lib/python3.7/site-packages/airflow/example_dags/example_bash_operator.py for tasks to queue
[2023-12-29T04:47:30.524+0000] {logging_mixin.py:120} INFO - [2023-12-29T04:47:30.524+0000] {dagbag.py:537} INFO - Filling up the DagBag from /home/airflow/.local/lib/python3.7/site-packages/airflow/example_dags/example_bash_operator.py
[2023-12-29T04:47:30.545+0000] {processor.py:766} INFO - DAG(s) dict_keys(['example_bash_operator']) retrieved from /home/airflow/.local/lib/python3.7/site-packages/airflow/example_dags/example_bash_operator.py
[2023-12-29T04:47:30.593+0000] {logging_mixin.py:120} INFO - [2023-12-29T04:47:30.593+0000] {dag.py:2585} INFO - Sync 1 DAGs
[2023-12-29T04:47:30.627+0000] {logging_mixin.py:120} INFO - [2023-12-29T04:47:30.626+0000] {dag.py:3340} INFO - Setting next_dagrun for example_bash_operator to 2023-12-28T00:00:00+00:00, run_after=2023-12-29T00:00:00+00:00
[2023-12-29T04:47:30.647+0000] {processor.py:176} INFO - Processing /home/airflow/.local/lib/python3.7/site-packages/airflow/example_dags/example_bash_operator.py took 0.128 seconds
[2023-12-29T04:48:01.283+0000] {processor.py:154} INFO - Started process (PID=1905) to work on /home/airflow/.local/lib/python3.7/site-packages/airflow/example_dags/example_bash_operator.py
[2023-12-29T04:48:01.284+0000] {processor.py:756} INFO - Processing file /home/airflow/.local/lib/python3.7/site-packages/airflow/example_dags/example_bash_operator.py for tasks to queue
[2023-12-29T04:48:01.285+0000] {logging_mixin.py:120} INFO - [2023-12-29T04:48:01.285+0000] {dagbag.py:537} INFO - Filling up the DagBag from /home/airflow/.local/lib/python3.7/site-packages/airflow/example_dags/example_bash_operator.py
[2023-12-29T04:48:01.307+0000] {processor.py:766} INFO - DAG(s) dict_keys(['example_bash_operator']) retrieved from /home/airflow/.local/lib/python3.7/site-packages/airflow/example_dags/example_bash_operator.py
[2023-12-29T04:48:01.355+0000] {logging_mixin.py:120} INFO - [2023-12-29T04:48:01.355+0000] {dag.py:2585} INFO - Sync 1 DAGs
[2023-12-29T04:48:01.382+0000] {logging_mixin.py:120} INFO - [2023-12-29T04:48:01.382+0000] {dag.py:3340} INFO - Setting next_dagrun for example_bash_operator to 2023-12-28T00:00:00+00:00, run_after=2023-12-29T00:00:00+00:00
[2023-12-29T04:48:01.403+0000] {processor.py:176} INFO - Processing /home/airflow/.local/lib/python3.7/site-packages/airflow/example_dags/example_bash_operator.py took 0.124 seconds
[2023-12-29T04:48:32.318+0000] {processor.py:154} INFO - Started process (PID=1960) to work on /home/airflow/.local/lib/python3.7/site-packages/airflow/example_dags/example_bash_operator.py
[2023-12-29T04:48:32.319+0000] {processor.py:756} INFO - Processing file /home/airflow/.local/lib/python3.7/site-packages/airflow/example_dags/example_bash_operator.py for tasks to queue
[2023-12-29T04:48:32.320+0000] {logging_mixin.py:120} INFO - [2023-12-29T04:48:32.320+0000] {dagbag.py:537} INFO - Filling up the DagBag from /home/airflow/.local/lib/python3.7/site-packages/airflow/example_dags/example_bash_operator.py
[2023-12-29T04:48:32.343+0000] {processor.py:766} INFO - DAG(s) dict_keys(['example_bash_operator']) retrieved from /home/airflow/.local/lib/python3.7/site-packages/airflow/example_dags/example_bash_operator.py
[2023-12-29T04:48:32.402+0000] {logging_mixin.py:120} INFO - [2023-12-29T04:48:32.402+0000] {dag.py:2585} INFO - Sync 1 DAGs
[2023-12-29T04:48:32.440+0000] {logging_mixin.py:120} INFO - [2023-12-29T04:48:32.440+0000] {dag.py:3340} INFO - Setting next_dagrun for example_bash_operator to 2023-12-28T00:00:00+00:00, run_after=2023-12-29T00:00:00+00:00
[2023-12-29T04:48:32.472+0000] {processor.py:176} INFO - Processing /home/airflow/.local/lib/python3.7/site-packages/airflow/example_dags/example_bash_operator.py took 0.156 seconds
[2023-12-29T04:49:02.969+0000] {processor.py:154} INFO - Started process (PID=2025) to work on /home/airflow/.local/lib/python3.7/site-packages/airflow/example_dags/example_bash_operator.py
[2023-12-29T04:49:02.970+0000] {processor.py:756} INFO - Processing file /home/airflow/.local/lib/python3.7/site-packages/airflow/example_dags/example_bash_operator.py for tasks to queue
[2023-12-29T04:49:02.971+0000] {logging_mixin.py:120} INFO - [2023-12-29T04:49:02.970+0000] {dagbag.py:537} INFO - Filling up the DagBag from /home/airflow/.local/lib/python3.7/site-packages/airflow/example_dags/example_bash_operator.py
[2023-12-29T04:49:02.998+0000] {processor.py:766} INFO - DAG(s) dict_keys(['example_bash_operator']) retrieved from /home/airflow/.local/lib/python3.7/site-packages/airflow/example_dags/example_bash_operator.py
[2023-12-29T04:49:03.051+0000] {logging_mixin.py:120} INFO - [2023-12-29T04:49:03.051+0000] {dag.py:2585} INFO - Sync 1 DAGs
[2023-12-29T04:49:03.084+0000] {logging_mixin.py:120} INFO - [2023-12-29T04:49:03.084+0000] {dag.py:3340} INFO - Setting next_dagrun for example_bash_operator to 2023-12-28T00:00:00+00:00, run_after=2023-12-29T00:00:00+00:00
[2023-12-29T04:49:03.112+0000] {processor.py:176} INFO - Processing /home/airflow/.local/lib/python3.7/site-packages/airflow/example_dags/example_bash_operator.py took 0.148 seconds
[2023-12-29T04:49:33.279+0000] {processor.py:154} INFO - Started process (PID=2091) to work on /home/airflow/.local/lib/python3.7/site-packages/airflow/example_dags/example_bash_operator.py
[2023-12-29T04:49:33.280+0000] {processor.py:756} INFO - Processing file /home/airflow/.local/lib/python3.7/site-packages/airflow/example_dags/example_bash_operator.py for tasks to queue
[2023-12-29T04:49:33.280+0000] {logging_mixin.py:120} INFO - [2023-12-29T04:49:33.280+0000] {dagbag.py:537} INFO - Filling up the DagBag from /home/airflow/.local/lib/python3.7/site-packages/airflow/example_dags/example_bash_operator.py
[2023-12-29T04:49:33.303+0000] {processor.py:766} INFO - DAG(s) dict_keys(['example_bash_operator']) retrieved from /home/airflow/.local/lib/python3.7/site-packages/airflow/example_dags/example_bash_operator.py
[2023-12-29T04:49:33.350+0000] {logging_mixin.py:120} INFO - [2023-12-29T04:49:33.349+0000] {dag.py:2585} INFO - Sync 1 DAGs
[2023-12-29T04:49:33.376+0000] {logging_mixin.py:120} INFO - [2023-12-29T04:49:33.376+0000] {dag.py:3340} INFO - Setting next_dagrun for example_bash_operator to 2023-12-28T00:00:00+00:00, run_after=2023-12-29T00:00:00+00:00
[2023-12-29T04:49:33.395+0000] {processor.py:176} INFO - Processing /home/airflow/.local/lib/python3.7/site-packages/airflow/example_dags/example_bash_operator.py took 0.118 seconds
[2023-12-29T04:50:04.069+0000] {processor.py:154} INFO - Started process (PID=2146) to work on /home/airflow/.local/lib/python3.7/site-packages/airflow/example_dags/example_bash_operator.py
[2023-12-29T04:50:04.072+0000] {processor.py:756} INFO - Processing file /home/airflow/.local/lib/python3.7/site-packages/airflow/example_dags/example_bash_operator.py for tasks to queue
[2023-12-29T04:50:04.073+0000] {logging_mixin.py:120} INFO - [2023-12-29T04:50:04.072+0000] {dagbag.py:537} INFO - Filling up the DagBag from /home/airflow/.local/lib/python3.7/site-packages/airflow/example_dags/example_bash_operator.py
[2023-12-29T04:50:04.096+0000] {processor.py:766} INFO - DAG(s) dict_keys(['example_bash_operator']) retrieved from /home/airflow/.local/lib/python3.7/site-packages/airflow/example_dags/example_bash_operator.py
[2023-12-29T04:50:04.142+0000] {logging_mixin.py:120} INFO - [2023-12-29T04:50:04.142+0000] {dag.py:2585} INFO - Sync 1 DAGs
[2023-12-29T04:50:04.170+0000] {logging_mixin.py:120} INFO - [2023-12-29T04:50:04.170+0000] {dag.py:3340} INFO - Setting next_dagrun for example_bash_operator to 2023-12-28T00:00:00+00:00, run_after=2023-12-29T00:00:00+00:00
[2023-12-29T04:50:04.189+0000] {processor.py:176} INFO - Processing /home/airflow/.local/lib/python3.7/site-packages/airflow/example_dags/example_bash_operator.py took 0.123 seconds
[2023-12-29T04:50:34.700+0000] {processor.py:154} INFO - Started process (PID=2208) to work on /home/airflow/.local/lib/python3.7/site-packages/airflow/example_dags/example_bash_operator.py
[2023-12-29T04:50:34.701+0000] {processor.py:756} INFO - Processing file /home/airflow/.local/lib/python3.7/site-packages/airflow/example_dags/example_bash_operator.py for tasks to queue
[2023-12-29T04:50:34.702+0000] {logging_mixin.py:120} INFO - [2023-12-29T04:50:34.702+0000] {dagbag.py:537} INFO - Filling up the DagBag from /home/airflow/.local/lib/python3.7/site-packages/airflow/example_dags/example_bash_operator.py
[2023-12-29T04:50:34.723+0000] {processor.py:766} INFO - DAG(s) dict_keys(['example_bash_operator']) retrieved from /home/airflow/.local/lib/python3.7/site-packages/airflow/example_dags/example_bash_operator.py
[2023-12-29T04:50:34.765+0000] {logging_mixin.py:120} INFO - [2023-12-29T04:50:34.765+0000] {dag.py:2585} INFO - Sync 1 DAGs
[2023-12-29T04:50:34.792+0000] {logging_mixin.py:120} INFO - [2023-12-29T04:50:34.791+0000] {dag.py:3340} INFO - Setting next_dagrun for example_bash_operator to 2023-12-28T00:00:00+00:00, run_after=2023-12-29T00:00:00+00:00
[2023-12-29T04:50:34.809+0000] {processor.py:176} INFO - Processing /home/airflow/.local/lib/python3.7/site-packages/airflow/example_dags/example_bash_operator.py took 0.111 seconds
[2023-12-29T04:51:05.370+0000] {processor.py:154} INFO - Started process (PID=2273) to work on /home/airflow/.local/lib/python3.7/site-packages/airflow/example_dags/example_bash_operator.py
[2023-12-29T04:51:05.371+0000] {processor.py:756} INFO - Processing file /home/airflow/.local/lib/python3.7/site-packages/airflow/example_dags/example_bash_operator.py for tasks to queue
[2023-12-29T04:51:05.371+0000] {logging_mixin.py:120} INFO - [2023-12-29T04:51:05.371+0000] {dagbag.py:537} INFO - Filling up the DagBag from /home/airflow/.local/lib/python3.7/site-packages/airflow/example_dags/example_bash_operator.py
[2023-12-29T04:51:05.392+0000] {processor.py:766} INFO - DAG(s) dict_keys(['example_bash_operator']) retrieved from /home/airflow/.local/lib/python3.7/site-packages/airflow/example_dags/example_bash_operator.py
[2023-12-29T04:51:05.434+0000] {logging_mixin.py:120} INFO - [2023-12-29T04:51:05.434+0000] {dag.py:2585} INFO - Sync 1 DAGs
[2023-12-29T04:51:05.461+0000] {logging_mixin.py:120} INFO - [2023-12-29T04:51:05.461+0000] {dag.py:3340} INFO - Setting next_dagrun for example_bash_operator to 2023-12-28T00:00:00+00:00, run_after=2023-12-29T00:00:00+00:00
[2023-12-29T04:51:05.479+0000] {processor.py:176} INFO - Processing /home/airflow/.local/lib/python3.7/site-packages/airflow/example_dags/example_bash_operator.py took 0.112 seconds
[2023-12-29T04:51:36.014+0000] {processor.py:154} INFO - Started process (PID=2336) to work on /home/airflow/.local/lib/python3.7/site-packages/airflow/example_dags/example_bash_operator.py
[2023-12-29T04:51:36.015+0000] {processor.py:756} INFO - Processing file /home/airflow/.local/lib/python3.7/site-packages/airflow/example_dags/example_bash_operator.py for tasks to queue
[2023-12-29T04:51:36.015+0000] {logging_mixin.py:120} INFO - [2023-12-29T04:51:36.015+0000] {dagbag.py:537} INFO - Filling up the DagBag from /home/airflow/.local/lib/python3.7/site-packages/airflow/example_dags/example_bash_operator.py
[2023-12-29T04:51:36.037+0000] {processor.py:766} INFO - DAG(s) dict_keys(['example_bash_operator']) retrieved from /home/airflow/.local/lib/python3.7/site-packages/airflow/example_dags/example_bash_operator.py
[2023-12-29T04:51:36.087+0000] {logging_mixin.py:120} INFO - [2023-12-29T04:51:36.087+0000] {dag.py:2585} INFO - Sync 1 DAGs
[2023-12-29T04:51:36.116+0000] {logging_mixin.py:120} INFO - [2023-12-29T04:51:36.116+0000] {dag.py:3340} INFO - Setting next_dagrun for example_bash_operator to 2023-12-28T00:00:00+00:00, run_after=2023-12-29T00:00:00+00:00
[2023-12-29T04:51:36.137+0000] {processor.py:176} INFO - Processing /home/airflow/.local/lib/python3.7/site-packages/airflow/example_dags/example_bash_operator.py took 0.125 seconds
[2023-12-29T04:52:06.713+0000] {processor.py:154} INFO - Started process (PID=2394) to work on /home/airflow/.local/lib/python3.7/site-packages/airflow/example_dags/example_bash_operator.py
[2023-12-29T04:52:06.714+0000] {processor.py:756} INFO - Processing file /home/airflow/.local/lib/python3.7/site-packages/airflow/example_dags/example_bash_operator.py for tasks to queue
[2023-12-29T04:52:06.715+0000] {logging_mixin.py:120} INFO - [2023-12-29T04:52:06.715+0000] {dagbag.py:537} INFO - Filling up the DagBag from /home/airflow/.local/lib/python3.7/site-packages/airflow/example_dags/example_bash_operator.py
[2023-12-29T04:52:06.735+0000] {processor.py:766} INFO - DAG(s) dict_keys(['example_bash_operator']) retrieved from /home/airflow/.local/lib/python3.7/site-packages/airflow/example_dags/example_bash_operator.py
[2023-12-29T04:52:06.777+0000] {logging_mixin.py:120} INFO - [2023-12-29T04:52:06.777+0000] {dag.py:2585} INFO - Sync 1 DAGs
[2023-12-29T04:52:06.802+0000] {logging_mixin.py:120} INFO - [2023-12-29T04:52:06.802+0000] {dag.py:3340} INFO - Setting next_dagrun for example_bash_operator to 2023-12-28T00:00:00+00:00, run_after=2023-12-29T00:00:00+00:00
[2023-12-29T04:52:06.819+0000] {processor.py:176} INFO - Processing /home/airflow/.local/lib/python3.7/site-packages/airflow/example_dags/example_bash_operator.py took 0.108 seconds
[2023-12-29T04:52:37.327+0000] {processor.py:154} INFO - Started process (PID=2458) to work on /home/airflow/.local/lib/python3.7/site-packages/airflow/example_dags/example_bash_operator.py
[2023-12-29T04:52:37.328+0000] {processor.py:756} INFO - Processing file /home/airflow/.local/lib/python3.7/site-packages/airflow/example_dags/example_bash_operator.py for tasks to queue
[2023-12-29T04:52:37.329+0000] {logging_mixin.py:120} INFO - [2023-12-29T04:52:37.328+0000] {dagbag.py:537} INFO - Filling up the DagBag from /home/airflow/.local/lib/python3.7/site-packages/airflow/example_dags/example_bash_operator.py
[2023-12-29T04:52:37.350+0000] {processor.py:766} INFO - DAG(s) dict_keys(['example_bash_operator']) retrieved from /home/airflow/.local/lib/python3.7/site-packages/airflow/example_dags/example_bash_operator.py
[2023-12-29T04:52:37.395+0000] {logging_mixin.py:120} INFO - [2023-12-29T04:52:37.395+0000] {dag.py:2585} INFO - Sync 1 DAGs
[2023-12-29T04:52:37.424+0000] {logging_mixin.py:120} INFO - [2023-12-29T04:52:37.424+0000] {dag.py:3340} INFO - Setting next_dagrun for example_bash_operator to 2023-12-28T00:00:00+00:00, run_after=2023-12-29T00:00:00+00:00
[2023-12-29T04:52:37.442+0000] {processor.py:176} INFO - Processing /home/airflow/.local/lib/python3.7/site-packages/airflow/example_dags/example_bash_operator.py took 0.125 seconds
[2023-12-29T04:53:07.909+0000] {processor.py:154} INFO - Started process (PID=2523) to work on /home/airflow/.local/lib/python3.7/site-packages/airflow/example_dags/example_bash_operator.py
[2023-12-29T04:53:07.910+0000] {processor.py:756} INFO - Processing file /home/airflow/.local/lib/python3.7/site-packages/airflow/example_dags/example_bash_operator.py for tasks to queue
[2023-12-29T04:53:07.910+0000] {logging_mixin.py:120} INFO - [2023-12-29T04:53:07.910+0000] {dagbag.py:537} INFO - Filling up the DagBag from /home/airflow/.local/lib/python3.7/site-packages/airflow/example_dags/example_bash_operator.py
[2023-12-29T04:53:07.931+0000] {processor.py:766} INFO - DAG(s) dict_keys(['example_bash_operator']) retrieved from /home/airflow/.local/lib/python3.7/site-packages/airflow/example_dags/example_bash_operator.py
[2023-12-29T04:53:07.975+0000] {logging_mixin.py:120} INFO - [2023-12-29T04:53:07.975+0000] {dag.py:2585} INFO - Sync 1 DAGs
[2023-12-29T04:53:08.001+0000] {logging_mixin.py:120} INFO - [2023-12-29T04:53:08.001+0000] {dag.py:3340} INFO - Setting next_dagrun for example_bash_operator to 2023-12-28T00:00:00+00:00, run_after=2023-12-29T00:00:00+00:00
[2023-12-29T04:53:08.018+0000] {processor.py:176} INFO - Processing /home/airflow/.local/lib/python3.7/site-packages/airflow/example_dags/example_bash_operator.py took 0.112 seconds
[2023-12-29T04:53:38.414+0000] {processor.py:154} INFO - Started process (PID=2578) to work on /home/airflow/.local/lib/python3.7/site-packages/airflow/example_dags/example_bash_operator.py
[2023-12-29T04:53:38.415+0000] {processor.py:756} INFO - Processing file /home/airflow/.local/lib/python3.7/site-packages/airflow/example_dags/example_bash_operator.py for tasks to queue
[2023-12-29T04:53:38.416+0000] {logging_mixin.py:120} INFO - [2023-12-29T04:53:38.416+0000] {dagbag.py:537} INFO - Filling up the DagBag from /home/airflow/.local/lib/python3.7/site-packages/airflow/example_dags/example_bash_operator.py
[2023-12-29T04:53:38.439+0000] {processor.py:766} INFO - DAG(s) dict_keys(['example_bash_operator']) retrieved from /home/airflow/.local/lib/python3.7/site-packages/airflow/example_dags/example_bash_operator.py
[2023-12-29T04:53:38.485+0000] {logging_mixin.py:120} INFO - [2023-12-29T04:53:38.485+0000] {dag.py:2585} INFO - Sync 1 DAGs
[2023-12-29T04:53:38.512+0000] {logging_mixin.py:120} INFO - [2023-12-29T04:53:38.512+0000] {dag.py:3340} INFO - Setting next_dagrun for example_bash_operator to 2023-12-28T00:00:00+00:00, run_after=2023-12-29T00:00:00+00:00
[2023-12-29T04:53:38.530+0000] {processor.py:176} INFO - Processing /home/airflow/.local/lib/python3.7/site-packages/airflow/example_dags/example_bash_operator.py took 0.121 seconds
[2023-12-29T04:54:08.954+0000] {processor.py:154} INFO - Started process (PID=2642) to work on /home/airflow/.local/lib/python3.7/site-packages/airflow/example_dags/example_bash_operator.py
[2023-12-29T04:54:08.955+0000] {processor.py:756} INFO - Processing file /home/airflow/.local/lib/python3.7/site-packages/airflow/example_dags/example_bash_operator.py for tasks to queue
[2023-12-29T04:54:08.956+0000] {logging_mixin.py:120} INFO - [2023-12-29T04:54:08.956+0000] {dagbag.py:537} INFO - Filling up the DagBag from /home/airflow/.local/lib/python3.7/site-packages/airflow/example_dags/example_bash_operator.py
[2023-12-29T04:54:08.978+0000] {processor.py:766} INFO - DAG(s) dict_keys(['example_bash_operator']) retrieved from /home/airflow/.local/lib/python3.7/site-packages/airflow/example_dags/example_bash_operator.py
[2023-12-29T04:54:09.024+0000] {logging_mixin.py:120} INFO - [2023-12-29T04:54:09.024+0000] {dag.py:2585} INFO - Sync 1 DAGs
[2023-12-29T04:54:09.051+0000] {logging_mixin.py:120} INFO - [2023-12-29T04:54:09.051+0000] {dag.py:3340} INFO - Setting next_dagrun for example_bash_operator to 2023-12-28T00:00:00+00:00, run_after=2023-12-29T00:00:00+00:00
[2023-12-29T04:54:09.073+0000] {processor.py:176} INFO - Processing /home/airflow/.local/lib/python3.7/site-packages/airflow/example_dags/example_bash_operator.py took 0.121 seconds
[2023-12-29T04:54:39.621+0000] {processor.py:154} INFO - Started process (PID=2706) to work on /home/airflow/.local/lib/python3.7/site-packages/airflow/example_dags/example_bash_operator.py
[2023-12-29T04:54:39.621+0000] {processor.py:756} INFO - Processing file /home/airflow/.local/lib/python3.7/site-packages/airflow/example_dags/example_bash_operator.py for tasks to queue
[2023-12-29T04:54:39.622+0000] {logging_mixin.py:120} INFO - [2023-12-29T04:54:39.622+0000] {dagbag.py:537} INFO - Filling up the DagBag from /home/airflow/.local/lib/python3.7/site-packages/airflow/example_dags/example_bash_operator.py
[2023-12-29T04:54:39.642+0000] {processor.py:766} INFO - DAG(s) dict_keys(['example_bash_operator']) retrieved from /home/airflow/.local/lib/python3.7/site-packages/airflow/example_dags/example_bash_operator.py
[2023-12-29T04:54:39.686+0000] {logging_mixin.py:120} INFO - [2023-12-29T04:54:39.686+0000] {dag.py:2585} INFO - Sync 1 DAGs
[2023-12-29T04:54:39.713+0000] {logging_mixin.py:120} INFO - [2023-12-29T04:54:39.713+0000] {dag.py:3340} INFO - Setting next_dagrun for example_bash_operator to 2023-12-28T00:00:00+00:00, run_after=2023-12-29T00:00:00+00:00
[2023-12-29T04:54:39.730+0000] {processor.py:176} INFO - Processing /home/airflow/.local/lib/python3.7/site-packages/airflow/example_dags/example_bash_operator.py took 0.112 seconds
[2023-12-29T04:55:10.243+0000] {processor.py:154} INFO - Started process (PID=2769) to work on /home/airflow/.local/lib/python3.7/site-packages/airflow/example_dags/example_bash_operator.py
[2023-12-29T04:55:10.244+0000] {processor.py:756} INFO - Processing file /home/airflow/.local/lib/python3.7/site-packages/airflow/example_dags/example_bash_operator.py for tasks to queue
[2023-12-29T04:55:10.245+0000] {logging_mixin.py:120} INFO - [2023-12-29T04:55:10.245+0000] {dagbag.py:537} INFO - Filling up the DagBag from /home/airflow/.local/lib/python3.7/site-packages/airflow/example_dags/example_bash_operator.py
[2023-12-29T04:55:10.265+0000] {processor.py:766} INFO - DAG(s) dict_keys(['example_bash_operator']) retrieved from /home/airflow/.local/lib/python3.7/site-packages/airflow/example_dags/example_bash_operator.py
[2023-12-29T04:55:10.309+0000] {logging_mixin.py:120} INFO - [2023-12-29T04:55:10.309+0000] {dag.py:2585} INFO - Sync 1 DAGs
[2023-12-29T04:55:10.336+0000] {logging_mixin.py:120} INFO - [2023-12-29T04:55:10.336+0000] {dag.py:3340} INFO - Setting next_dagrun for example_bash_operator to 2023-12-28T00:00:00+00:00, run_after=2023-12-29T00:00:00+00:00
[2023-12-29T04:55:10.355+0000] {processor.py:176} INFO - Processing /home/airflow/.local/lib/python3.7/site-packages/airflow/example_dags/example_bash_operator.py took 0.114 seconds
[2023-12-29T04:55:41.056+0000] {processor.py:154} INFO - Started process (PID=2824) to work on /home/airflow/.local/lib/python3.7/site-packages/airflow/example_dags/example_bash_operator.py
[2023-12-29T04:55:41.057+0000] {processor.py:756} INFO - Processing file /home/airflow/.local/lib/python3.7/site-packages/airflow/example_dags/example_bash_operator.py for tasks to queue
[2023-12-29T04:55:41.058+0000] {logging_mixin.py:120} INFO - [2023-12-29T04:55:41.058+0000] {dagbag.py:537} INFO - Filling up the DagBag from /home/airflow/.local/lib/python3.7/site-packages/airflow/example_dags/example_bash_operator.py
[2023-12-29T04:55:41.093+0000] {processor.py:766} INFO - DAG(s) dict_keys(['example_bash_operator']) retrieved from /home/airflow/.local/lib/python3.7/site-packages/airflow/example_dags/example_bash_operator.py
[2023-12-29T04:55:41.152+0000] {logging_mixin.py:120} INFO - [2023-12-29T04:55:41.152+0000] {dag.py:2585} INFO - Sync 1 DAGs
[2023-12-29T04:55:41.181+0000] {logging_mixin.py:120} INFO - [2023-12-29T04:55:41.180+0000] {dag.py:3340} INFO - Setting next_dagrun for example_bash_operator to 2023-12-28T00:00:00+00:00, run_after=2023-12-29T00:00:00+00:00
[2023-12-29T04:55:41.211+0000] {processor.py:176} INFO - Processing /home/airflow/.local/lib/python3.7/site-packages/airflow/example_dags/example_bash_operator.py took 0.170 seconds
[2023-12-29T04:56:11.531+0000] {processor.py:154} INFO - Started process (PID=2888) to work on /home/airflow/.local/lib/python3.7/site-packages/airflow/example_dags/example_bash_operator.py
[2023-12-29T04:56:11.532+0000] {processor.py:756} INFO - Processing file /home/airflow/.local/lib/python3.7/site-packages/airflow/example_dags/example_bash_operator.py for tasks to queue
[2023-12-29T04:56:11.532+0000] {logging_mixin.py:120} INFO - [2023-12-29T04:56:11.532+0000] {dagbag.py:537} INFO - Filling up the DagBag from /home/airflow/.local/lib/python3.7/site-packages/airflow/example_dags/example_bash_operator.py
[2023-12-29T04:56:11.553+0000] {processor.py:766} INFO - DAG(s) dict_keys(['example_bash_operator']) retrieved from /home/airflow/.local/lib/python3.7/site-packages/airflow/example_dags/example_bash_operator.py
[2023-12-29T04:56:11.603+0000] {logging_mixin.py:120} INFO - [2023-12-29T04:56:11.602+0000] {dag.py:2585} INFO - Sync 1 DAGs
[2023-12-29T04:56:11.633+0000] {logging_mixin.py:120} INFO - [2023-12-29T04:56:11.632+0000] {dag.py:3340} INFO - Setting next_dagrun for example_bash_operator to 2023-12-28T00:00:00+00:00, run_after=2023-12-29T00:00:00+00:00
[2023-12-29T04:56:11.654+0000] {processor.py:176} INFO - Processing /home/airflow/.local/lib/python3.7/site-packages/airflow/example_dags/example_bash_operator.py took 0.127 seconds
[2023-12-29T04:56:42.318+0000] {processor.py:154} INFO - Started process (PID=2952) to work on /home/airflow/.local/lib/python3.7/site-packages/airflow/example_dags/example_bash_operator.py
[2023-12-29T04:56:42.319+0000] {processor.py:756} INFO - Processing file /home/airflow/.local/lib/python3.7/site-packages/airflow/example_dags/example_bash_operator.py for tasks to queue
[2023-12-29T04:56:42.320+0000] {logging_mixin.py:120} INFO - [2023-12-29T04:56:42.320+0000] {dagbag.py:537} INFO - Filling up the DagBag from /home/airflow/.local/lib/python3.7/site-packages/airflow/example_dags/example_bash_operator.py
[2023-12-29T04:56:42.340+0000] {processor.py:766} INFO - DAG(s) dict_keys(['example_bash_operator']) retrieved from /home/airflow/.local/lib/python3.7/site-packages/airflow/example_dags/example_bash_operator.py
[2023-12-29T04:56:42.393+0000] {logging_mixin.py:120} INFO - [2023-12-29T04:56:42.393+0000] {dag.py:2585} INFO - Sync 1 DAGs
[2023-12-29T04:56:42.428+0000] {logging_mixin.py:120} INFO - [2023-12-29T04:56:42.428+0000] {dag.py:3340} INFO - Setting next_dagrun for example_bash_operator to 2023-12-28T00:00:00+00:00, run_after=2023-12-29T00:00:00+00:00
[2023-12-29T04:56:42.449+0000] {processor.py:176} INFO - Processing /home/airflow/.local/lib/python3.7/site-packages/airflow/example_dags/example_bash_operator.py took 0.133 seconds
[2023-12-29T04:57:12.942+0000] {processor.py:154} INFO - Started process (PID=3007) to work on /home/airflow/.local/lib/python3.7/site-packages/airflow/example_dags/example_bash_operator.py
[2023-12-29T04:57:12.942+0000] {processor.py:756} INFO - Processing file /home/airflow/.local/lib/python3.7/site-packages/airflow/example_dags/example_bash_operator.py for tasks to queue
[2023-12-29T04:57:12.943+0000] {logging_mixin.py:120} INFO - [2023-12-29T04:57:12.943+0000] {dagbag.py:537} INFO - Filling up the DagBag from /home/airflow/.local/lib/python3.7/site-packages/airflow/example_dags/example_bash_operator.py
[2023-12-29T04:57:12.963+0000] {processor.py:766} INFO - DAG(s) dict_keys(['example_bash_operator']) retrieved from /home/airflow/.local/lib/python3.7/site-packages/airflow/example_dags/example_bash_operator.py
[2023-12-29T04:57:13.014+0000] {logging_mixin.py:120} INFO - [2023-12-29T04:57:13.014+0000] {dag.py:2585} INFO - Sync 1 DAGs
[2023-12-29T04:57:13.041+0000] {logging_mixin.py:120} INFO - [2023-12-29T04:57:13.041+0000] {dag.py:3340} INFO - Setting next_dagrun for example_bash_operator to 2023-12-28T00:00:00+00:00, run_after=2023-12-29T00:00:00+00:00
[2023-12-29T04:57:13.060+0000] {processor.py:176} INFO - Processing /home/airflow/.local/lib/python3.7/site-packages/airflow/example_dags/example_bash_operator.py took 0.120 seconds
[2023-12-29T04:57:43.669+0000] {processor.py:154} INFO - Started process (PID=3073) to work on /home/airflow/.local/lib/python3.7/site-packages/airflow/example_dags/example_bash_operator.py
[2023-12-29T04:57:43.670+0000] {processor.py:756} INFO - Processing file /home/airflow/.local/lib/python3.7/site-packages/airflow/example_dags/example_bash_operator.py for tasks to queue
[2023-12-29T04:57:43.671+0000] {logging_mixin.py:120} INFO - [2023-12-29T04:57:43.671+0000] {dagbag.py:537} INFO - Filling up the DagBag from /home/airflow/.local/lib/python3.7/site-packages/airflow/example_dags/example_bash_operator.py
[2023-12-29T04:57:43.691+0000] {processor.py:766} INFO - DAG(s) dict_keys(['example_bash_operator']) retrieved from /home/airflow/.local/lib/python3.7/site-packages/airflow/example_dags/example_bash_operator.py
[2023-12-29T04:57:43.735+0000] {logging_mixin.py:120} INFO - [2023-12-29T04:57:43.735+0000] {dag.py:2585} INFO - Sync 1 DAGs
[2023-12-29T04:57:43.761+0000] {logging_mixin.py:120} INFO - [2023-12-29T04:57:43.760+0000] {dag.py:3340} INFO - Setting next_dagrun for example_bash_operator to 2023-12-28T00:00:00+00:00, run_after=2023-12-29T00:00:00+00:00
[2023-12-29T04:57:43.778+0000] {processor.py:176} INFO - Processing /home/airflow/.local/lib/python3.7/site-packages/airflow/example_dags/example_bash_operator.py took 0.111 seconds
[2023-12-29T04:58:14.317+0000] {processor.py:154} INFO - Started process (PID=3136) to work on /home/airflow/.local/lib/python3.7/site-packages/airflow/example_dags/example_bash_operator.py
[2023-12-29T04:58:14.318+0000] {processor.py:756} INFO - Processing file /home/airflow/.local/lib/python3.7/site-packages/airflow/example_dags/example_bash_operator.py for tasks to queue
[2023-12-29T04:58:14.319+0000] {logging_mixin.py:120} INFO - [2023-12-29T04:58:14.319+0000] {dagbag.py:537} INFO - Filling up the DagBag from /home/airflow/.local/lib/python3.7/site-packages/airflow/example_dags/example_bash_operator.py
[2023-12-29T04:58:14.339+0000] {processor.py:766} INFO - DAG(s) dict_keys(['example_bash_operator']) retrieved from /home/airflow/.local/lib/python3.7/site-packages/airflow/example_dags/example_bash_operator.py
[2023-12-29T04:58:14.381+0000] {logging_mixin.py:120} INFO - [2023-12-29T04:58:14.380+0000] {dag.py:2585} INFO - Sync 1 DAGs
[2023-12-29T04:58:14.407+0000] {logging_mixin.py:120} INFO - [2023-12-29T04:58:14.406+0000] {dag.py:3340} INFO - Setting next_dagrun for example_bash_operator to 2023-12-28T00:00:00+00:00, run_after=2023-12-29T00:00:00+00:00
[2023-12-29T04:58:14.425+0000] {processor.py:176} INFO - Processing /home/airflow/.local/lib/python3.7/site-packages/airflow/example_dags/example_bash_operator.py took 0.110 seconds
[2023-12-29T04:58:44.932+0000] {processor.py:154} INFO - Started process (PID=3191) to work on /home/airflow/.local/lib/python3.7/site-packages/airflow/example_dags/example_bash_operator.py
[2023-12-29T04:58:44.933+0000] {processor.py:756} INFO - Processing file /home/airflow/.local/lib/python3.7/site-packages/airflow/example_dags/example_bash_operator.py for tasks to queue
[2023-12-29T04:58:44.934+0000] {logging_mixin.py:120} INFO - [2023-12-29T04:58:44.933+0000] {dagbag.py:537} INFO - Filling up the DagBag from /home/airflow/.local/lib/python3.7/site-packages/airflow/example_dags/example_bash_operator.py
[2023-12-29T04:58:44.958+0000] {processor.py:766} INFO - DAG(s) dict_keys(['example_bash_operator']) retrieved from /home/airflow/.local/lib/python3.7/site-packages/airflow/example_dags/example_bash_operator.py
[2023-12-29T04:58:45.005+0000] {logging_mixin.py:120} INFO - [2023-12-29T04:58:45.005+0000] {dag.py:2585} INFO - Sync 1 DAGs
[2023-12-29T04:58:45.035+0000] {logging_mixin.py:120} INFO - [2023-12-29T04:58:45.035+0000] {dag.py:3340} INFO - Setting next_dagrun for example_bash_operator to 2023-12-28T00:00:00+00:00, run_after=2023-12-29T00:00:00+00:00
[2023-12-29T04:58:45.054+0000] {processor.py:176} INFO - Processing /home/airflow/.local/lib/python3.7/site-packages/airflow/example_dags/example_bash_operator.py took 0.127 seconds
[2023-12-29T04:59:15.817+0000] {processor.py:154} INFO - Started process (PID=3257) to work on /home/airflow/.local/lib/python3.7/site-packages/airflow/example_dags/example_bash_operator.py
[2023-12-29T04:59:15.818+0000] {processor.py:756} INFO - Processing file /home/airflow/.local/lib/python3.7/site-packages/airflow/example_dags/example_bash_operator.py for tasks to queue
[2023-12-29T04:59:15.818+0000] {logging_mixin.py:120} INFO - [2023-12-29T04:59:15.818+0000] {dagbag.py:537} INFO - Filling up the DagBag from /home/airflow/.local/lib/python3.7/site-packages/airflow/example_dags/example_bash_operator.py
[2023-12-29T04:59:15.837+0000] {processor.py:766} INFO - DAG(s) dict_keys(['example_bash_operator']) retrieved from /home/airflow/.local/lib/python3.7/site-packages/airflow/example_dags/example_bash_operator.py
[2023-12-29T04:59:15.880+0000] {logging_mixin.py:120} INFO - [2023-12-29T04:59:15.880+0000] {dag.py:2585} INFO - Sync 1 DAGs
[2023-12-29T04:59:15.905+0000] {logging_mixin.py:120} INFO - [2023-12-29T04:59:15.905+0000] {dag.py:3340} INFO - Setting next_dagrun for example_bash_operator to 2023-12-28T00:00:00+00:00, run_after=2023-12-29T00:00:00+00:00
[2023-12-29T04:59:15.921+0000] {processor.py:176} INFO - Processing /home/airflow/.local/lib/python3.7/site-packages/airflow/example_dags/example_bash_operator.py took 0.107 seconds
[2023-12-29T04:59:46.544+0000] {processor.py:154} INFO - Started process (PID=3322) to work on /home/airflow/.local/lib/python3.7/site-packages/airflow/example_dags/example_bash_operator.py
[2023-12-29T04:59:46.544+0000] {processor.py:756} INFO - Processing file /home/airflow/.local/lib/python3.7/site-packages/airflow/example_dags/example_bash_operator.py for tasks to queue
[2023-12-29T04:59:46.545+0000] {logging_mixin.py:120} INFO - [2023-12-29T04:59:46.544+0000] {dagbag.py:537} INFO - Filling up the DagBag from /home/airflow/.local/lib/python3.7/site-packages/airflow/example_dags/example_bash_operator.py
[2023-12-29T04:59:46.564+0000] {processor.py:766} INFO - DAG(s) dict_keys(['example_bash_operator']) retrieved from /home/airflow/.local/lib/python3.7/site-packages/airflow/example_dags/example_bash_operator.py
[2023-12-29T04:59:46.608+0000] {logging_mixin.py:120} INFO - [2023-12-29T04:59:46.608+0000] {dag.py:2585} INFO - Sync 1 DAGs
[2023-12-29T04:59:46.634+0000] {logging_mixin.py:120} INFO - [2023-12-29T04:59:46.634+0000] {dag.py:3340} INFO - Setting next_dagrun for example_bash_operator to 2023-12-28T00:00:00+00:00, run_after=2023-12-29T00:00:00+00:00
[2023-12-29T04:59:46.652+0000] {processor.py:176} INFO - Processing /home/airflow/.local/lib/python3.7/site-packages/airflow/example_dags/example_bash_operator.py took 0.111 seconds
[2023-12-29T05:00:17.228+0000] {processor.py:154} INFO - Started process (PID=3386) to work on /home/airflow/.local/lib/python3.7/site-packages/airflow/example_dags/example_bash_operator.py
[2023-12-29T05:00:17.228+0000] {processor.py:756} INFO - Processing file /home/airflow/.local/lib/python3.7/site-packages/airflow/example_dags/example_bash_operator.py for tasks to queue
[2023-12-29T05:00:17.229+0000] {logging_mixin.py:120} INFO - [2023-12-29T05:00:17.229+0000] {dagbag.py:537} INFO - Filling up the DagBag from /home/airflow/.local/lib/python3.7/site-packages/airflow/example_dags/example_bash_operator.py
[2023-12-29T05:00:17.250+0000] {processor.py:766} INFO - DAG(s) dict_keys(['example_bash_operator']) retrieved from /home/airflow/.local/lib/python3.7/site-packages/airflow/example_dags/example_bash_operator.py
[2023-12-29T05:00:17.295+0000] {logging_mixin.py:120} INFO - [2023-12-29T05:00:17.295+0000] {dag.py:2585} INFO - Sync 1 DAGs
[2023-12-29T05:00:17.324+0000] {logging_mixin.py:120} INFO - [2023-12-29T05:00:17.323+0000] {dag.py:3340} INFO - Setting next_dagrun for example_bash_operator to 2023-12-28T00:00:00+00:00, run_after=2023-12-29T00:00:00+00:00
[2023-12-29T05:00:17.343+0000] {processor.py:176} INFO - Processing /home/airflow/.local/lib/python3.7/site-packages/airflow/example_dags/example_bash_operator.py took 0.118 seconds
[2023-12-29T05:00:47.801+0000] {processor.py:154} INFO - Started process (PID=3441) to work on /home/airflow/.local/lib/python3.7/site-packages/airflow/example_dags/example_bash_operator.py
[2023-12-29T05:00:47.801+0000] {processor.py:756} INFO - Processing file /home/airflow/.local/lib/python3.7/site-packages/airflow/example_dags/example_bash_operator.py for tasks to queue
[2023-12-29T05:00:47.802+0000] {logging_mixin.py:120} INFO - [2023-12-29T05:00:47.802+0000] {dagbag.py:537} INFO - Filling up the DagBag from /home/airflow/.local/lib/python3.7/site-packages/airflow/example_dags/example_bash_operator.py
[2023-12-29T05:00:47.824+0000] {processor.py:766} INFO - DAG(s) dict_keys(['example_bash_operator']) retrieved from /home/airflow/.local/lib/python3.7/site-packages/airflow/example_dags/example_bash_operator.py
[2023-12-29T05:00:47.866+0000] {logging_mixin.py:120} INFO - [2023-12-29T05:00:47.866+0000] {dag.py:2585} INFO - Sync 1 DAGs
[2023-12-29T05:00:47.892+0000] {logging_mixin.py:120} INFO - [2023-12-29T05:00:47.892+0000] {dag.py:3340} INFO - Setting next_dagrun for example_bash_operator to 2023-12-28T00:00:00+00:00, run_after=2023-12-29T00:00:00+00:00
[2023-12-29T05:00:47.909+0000] {processor.py:176} INFO - Processing /home/airflow/.local/lib/python3.7/site-packages/airflow/example_dags/example_bash_operator.py took 0.111 seconds
[2023-12-29T05:01:18.370+0000] {processor.py:154} INFO - Started process (PID=3505) to work on /home/airflow/.local/lib/python3.7/site-packages/airflow/example_dags/example_bash_operator.py
[2023-12-29T05:01:18.371+0000] {processor.py:756} INFO - Processing file /home/airflow/.local/lib/python3.7/site-packages/airflow/example_dags/example_bash_operator.py for tasks to queue
[2023-12-29T05:01:18.371+0000] {logging_mixin.py:120} INFO - [2023-12-29T05:01:18.371+0000] {dagbag.py:537} INFO - Filling up the DagBag from /home/airflow/.local/lib/python3.7/site-packages/airflow/example_dags/example_bash_operator.py
[2023-12-29T05:01:18.391+0000] {processor.py:766} INFO - DAG(s) dict_keys(['example_bash_operator']) retrieved from /home/airflow/.local/lib/python3.7/site-packages/airflow/example_dags/example_bash_operator.py
[2023-12-29T05:01:18.435+0000] {logging_mixin.py:120} INFO - [2023-12-29T05:01:18.435+0000] {dag.py:2585} INFO - Sync 1 DAGs
[2023-12-29T05:01:18.463+0000] {logging_mixin.py:120} INFO - [2023-12-29T05:01:18.462+0000] {dag.py:3340} INFO - Setting next_dagrun for example_bash_operator to 2023-12-28T00:00:00+00:00, run_after=2023-12-29T00:00:00+00:00
[2023-12-29T05:01:18.481+0000] {processor.py:176} INFO - Processing /home/airflow/.local/lib/python3.7/site-packages/airflow/example_dags/example_bash_operator.py took 0.114 seconds
[2023-12-29T05:01:48.869+0000] {processor.py:154} INFO - Started process (PID=3569) to work on /home/airflow/.local/lib/python3.7/site-packages/airflow/example_dags/example_bash_operator.py
[2023-12-29T05:01:48.870+0000] {processor.py:756} INFO - Processing file /home/airflow/.local/lib/python3.7/site-packages/airflow/example_dags/example_bash_operator.py for tasks to queue
[2023-12-29T05:01:48.871+0000] {logging_mixin.py:120} INFO - [2023-12-29T05:01:48.870+0000] {dagbag.py:537} INFO - Filling up the DagBag from /home/airflow/.local/lib/python3.7/site-packages/airflow/example_dags/example_bash_operator.py
[2023-12-29T05:01:48.892+0000] {processor.py:766} INFO - DAG(s) dict_keys(['example_bash_operator']) retrieved from /home/airflow/.local/lib/python3.7/site-packages/airflow/example_dags/example_bash_operator.py
[2023-12-29T05:01:48.937+0000] {logging_mixin.py:120} INFO - [2023-12-29T05:01:48.937+0000] {dag.py:2585} INFO - Sync 1 DAGs
[2023-12-29T05:01:48.965+0000] {logging_mixin.py:120} INFO - [2023-12-29T05:01:48.965+0000] {dag.py:3340} INFO - Setting next_dagrun for example_bash_operator to 2023-12-28T00:00:00+00:00, run_after=2023-12-29T00:00:00+00:00
[2023-12-29T05:01:48.983+0000] {processor.py:176} INFO - Processing /home/airflow/.local/lib/python3.7/site-packages/airflow/example_dags/example_bash_operator.py took 0.117 seconds
