[2023-12-29T04:32:37.236+0000] {processor.py:154} INFO - Started process (PID=53) to work on /home/airflow/.local/lib/python3.7/site-packages/airflow/example_dags/example_branch_labels.py
[2023-12-29T04:32:37.237+0000] {processor.py:756} INFO - Processing file /home/airflow/.local/lib/python3.7/site-packages/airflow/example_dags/example_branch_labels.py for tasks to queue
[2023-12-29T04:32:37.237+0000] {logging_mixin.py:120} INFO - [2023-12-29T04:32:37.237+0000] {dagbag.py:537} INFO - Filling up the DagBag from /home/airflow/.local/lib/python3.7/site-packages/airflow/example_dags/example_branch_labels.py
[2023-12-29T04:32:37.252+0000] {processor.py:766} INFO - DAG(s) dict_keys(['example_branch_labels']) retrieved from /home/airflow/.local/lib/python3.7/site-packages/airflow/example_dags/example_branch_labels.py
[2023-12-29T04:32:37.304+0000] {logging_mixin.py:120} INFO - [2023-12-29T04:32:37.304+0000] {dag.py:2585} INFO - Sync 1 DAGs
[2023-12-29T04:32:37.333+0000] {logging_mixin.py:120} INFO - [2023-12-29T04:32:37.333+0000] {dag.py:3340} INFO - Setting next_dagrun for example_branch_labels to 2023-12-28T00:00:00+00:00, run_after=2023-12-29T00:00:00+00:00
[2023-12-29T04:32:37.355+0000] {processor.py:176} INFO - Processing /home/airflow/.local/lib/python3.7/site-packages/airflow/example_dags/example_branch_labels.py took 0.122 seconds
[2023-12-29T04:33:07.589+0000] {processor.py:154} INFO - Started process (PID=117) to work on /home/airflow/.local/lib/python3.7/site-packages/airflow/example_dags/example_branch_labels.py
[2023-12-29T04:33:07.589+0000] {processor.py:756} INFO - Processing file /home/airflow/.local/lib/python3.7/site-packages/airflow/example_dags/example_branch_labels.py for tasks to queue
[2023-12-29T04:33:07.590+0000] {logging_mixin.py:120} INFO - [2023-12-29T04:33:07.590+0000] {dagbag.py:537} INFO - Filling up the DagBag from /home/airflow/.local/lib/python3.7/site-packages/airflow/example_dags/example_branch_labels.py
[2023-12-29T04:33:07.602+0000] {processor.py:766} INFO - DAG(s) dict_keys(['example_branch_labels']) retrieved from /home/airflow/.local/lib/python3.7/site-packages/airflow/example_dags/example_branch_labels.py
[2023-12-29T04:33:07.636+0000] {logging_mixin.py:120} INFO - [2023-12-29T04:33:07.636+0000] {dag.py:2585} INFO - Sync 1 DAGs
[2023-12-29T04:33:07.662+0000] {logging_mixin.py:120} INFO - [2023-12-29T04:33:07.662+0000] {dag.py:3340} INFO - Setting next_dagrun for example_branch_labels to 2023-12-28T00:00:00+00:00, run_after=2023-12-29T00:00:00+00:00
[2023-12-29T04:33:07.678+0000] {processor.py:176} INFO - Processing /home/airflow/.local/lib/python3.7/site-packages/airflow/example_dags/example_branch_labels.py took 0.092 seconds
[2023-12-29T04:33:39.024+0000] {processor.py:154} INFO - Started process (PID=183) to work on /home/airflow/.local/lib/python3.7/site-packages/airflow/example_dags/example_branch_labels.py
[2023-12-29T04:33:39.025+0000] {processor.py:756} INFO - Processing file /home/airflow/.local/lib/python3.7/site-packages/airflow/example_dags/example_branch_labels.py for tasks to queue
[2023-12-29T04:33:39.025+0000] {logging_mixin.py:120} INFO - [2023-12-29T04:33:39.025+0000] {dagbag.py:537} INFO - Filling up the DagBag from /home/airflow/.local/lib/python3.7/site-packages/airflow/example_dags/example_branch_labels.py
[2023-12-29T04:33:39.038+0000] {processor.py:766} INFO - DAG(s) dict_keys(['example_branch_labels']) retrieved from /home/airflow/.local/lib/python3.7/site-packages/airflow/example_dags/example_branch_labels.py
[2023-12-29T04:33:39.073+0000] {logging_mixin.py:120} INFO - [2023-12-29T04:33:39.073+0000] {dag.py:2585} INFO - Sync 1 DAGs
[2023-12-29T04:33:39.097+0000] {logging_mixin.py:120} INFO - [2023-12-29T04:33:39.097+0000] {dag.py:3340} INFO - Setting next_dagrun for example_branch_labels to 2023-12-28T00:00:00+00:00, run_after=2023-12-29T00:00:00+00:00
[2023-12-29T04:33:39.114+0000] {processor.py:176} INFO - Processing /home/airflow/.local/lib/python3.7/site-packages/airflow/example_dags/example_branch_labels.py took 0.092 seconds
[2023-12-29T04:34:09.984+0000] {processor.py:154} INFO - Started process (PID=238) to work on /home/airflow/.local/lib/python3.7/site-packages/airflow/example_dags/example_branch_labels.py
[2023-12-29T04:34:09.985+0000] {processor.py:756} INFO - Processing file /home/airflow/.local/lib/python3.7/site-packages/airflow/example_dags/example_branch_labels.py for tasks to queue
[2023-12-29T04:34:09.985+0000] {logging_mixin.py:120} INFO - [2023-12-29T04:34:09.985+0000] {dagbag.py:537} INFO - Filling up the DagBag from /home/airflow/.local/lib/python3.7/site-packages/airflow/example_dags/example_branch_labels.py
[2023-12-29T04:34:10.000+0000] {processor.py:766} INFO - DAG(s) dict_keys(['example_branch_labels']) retrieved from /home/airflow/.local/lib/python3.7/site-packages/airflow/example_dags/example_branch_labels.py
[2023-12-29T04:34:10.041+0000] {logging_mixin.py:120} INFO - [2023-12-29T04:34:10.041+0000] {dag.py:2585} INFO - Sync 1 DAGs
[2023-12-29T04:34:10.068+0000] {logging_mixin.py:120} INFO - [2023-12-29T04:34:10.067+0000] {dag.py:3340} INFO - Setting next_dagrun for example_branch_labels to 2023-12-28T00:00:00+00:00, run_after=2023-12-29T00:00:00+00:00
[2023-12-29T04:34:10.085+0000] {processor.py:176} INFO - Processing /home/airflow/.local/lib/python3.7/site-packages/airflow/example_dags/example_branch_labels.py took 0.104 seconds
[2023-12-29T04:34:40.743+0000] {processor.py:154} INFO - Started process (PID=303) to work on /home/airflow/.local/lib/python3.7/site-packages/airflow/example_dags/example_branch_labels.py
[2023-12-29T04:34:40.743+0000] {processor.py:756} INFO - Processing file /home/airflow/.local/lib/python3.7/site-packages/airflow/example_dags/example_branch_labels.py for tasks to queue
[2023-12-29T04:34:40.744+0000] {logging_mixin.py:120} INFO - [2023-12-29T04:34:40.744+0000] {dagbag.py:537} INFO - Filling up the DagBag from /home/airflow/.local/lib/python3.7/site-packages/airflow/example_dags/example_branch_labels.py
[2023-12-29T04:34:40.759+0000] {processor.py:766} INFO - DAG(s) dict_keys(['example_branch_labels']) retrieved from /home/airflow/.local/lib/python3.7/site-packages/airflow/example_dags/example_branch_labels.py
[2023-12-29T04:34:40.800+0000] {logging_mixin.py:120} INFO - [2023-12-29T04:34:40.800+0000] {dag.py:2585} INFO - Sync 1 DAGs
[2023-12-29T04:34:40.831+0000] {logging_mixin.py:120} INFO - [2023-12-29T04:34:40.831+0000] {dag.py:3340} INFO - Setting next_dagrun for example_branch_labels to 2023-12-28T00:00:00+00:00, run_after=2023-12-29T00:00:00+00:00
[2023-12-29T04:34:40.849+0000] {processor.py:176} INFO - Processing /home/airflow/.local/lib/python3.7/site-packages/airflow/example_dags/example_branch_labels.py took 0.109 seconds
[2023-12-29T04:35:11.497+0000] {processor.py:154} INFO - Started process (PID=366) to work on /home/airflow/.local/lib/python3.7/site-packages/airflow/example_dags/example_branch_labels.py
[2023-12-29T04:35:11.498+0000] {processor.py:756} INFO - Processing file /home/airflow/.local/lib/python3.7/site-packages/airflow/example_dags/example_branch_labels.py for tasks to queue
[2023-12-29T04:35:11.499+0000] {logging_mixin.py:120} INFO - [2023-12-29T04:35:11.498+0000] {dagbag.py:537} INFO - Filling up the DagBag from /home/airflow/.local/lib/python3.7/site-packages/airflow/example_dags/example_branch_labels.py
[2023-12-29T04:35:11.514+0000] {processor.py:766} INFO - DAG(s) dict_keys(['example_branch_labels']) retrieved from /home/airflow/.local/lib/python3.7/site-packages/airflow/example_dags/example_branch_labels.py
[2023-12-29T04:35:11.554+0000] {logging_mixin.py:120} INFO - [2023-12-29T04:35:11.554+0000] {dag.py:2585} INFO - Sync 1 DAGs
[2023-12-29T04:35:11.581+0000] {logging_mixin.py:120} INFO - [2023-12-29T04:35:11.581+0000] {dag.py:3340} INFO - Setting next_dagrun for example_branch_labels to 2023-12-28T00:00:00+00:00, run_after=2023-12-29T00:00:00+00:00
[2023-12-29T04:35:11.600+0000] {processor.py:176} INFO - Processing /home/airflow/.local/lib/python3.7/site-packages/airflow/example_dags/example_branch_labels.py took 0.105 seconds
[2023-12-29T04:35:42.084+0000] {processor.py:154} INFO - Started process (PID=421) to work on /home/airflow/.local/lib/python3.7/site-packages/airflow/example_dags/example_branch_labels.py
[2023-12-29T04:35:42.085+0000] {processor.py:756} INFO - Processing file /home/airflow/.local/lib/python3.7/site-packages/airflow/example_dags/example_branch_labels.py for tasks to queue
[2023-12-29T04:35:42.086+0000] {logging_mixin.py:120} INFO - [2023-12-29T04:35:42.085+0000] {dagbag.py:537} INFO - Filling up the DagBag from /home/airflow/.local/lib/python3.7/site-packages/airflow/example_dags/example_branch_labels.py
[2023-12-29T04:35:42.106+0000] {processor.py:766} INFO - DAG(s) dict_keys(['example_branch_labels']) retrieved from /home/airflow/.local/lib/python3.7/site-packages/airflow/example_dags/example_branch_labels.py
[2023-12-29T04:35:42.132+0000] {logging_mixin.py:120} INFO - [2023-12-29T04:35:42.132+0000] {dag.py:2585} INFO - Sync 1 DAGs
[2023-12-29T04:35:42.164+0000] {logging_mixin.py:120} INFO - [2023-12-29T04:35:42.164+0000] {dag.py:3340} INFO - Setting next_dagrun for example_branch_labels to 2023-12-28T00:00:00+00:00, run_after=2023-12-29T00:00:00+00:00
[2023-12-29T04:35:42.184+0000] {processor.py:176} INFO - Processing /home/airflow/.local/lib/python3.7/site-packages/airflow/example_dags/example_branch_labels.py took 0.103 seconds
[2023-12-29T04:36:13.171+0000] {processor.py:154} INFO - Started process (PID=484) to work on /home/airflow/.local/lib/python3.7/site-packages/airflow/example_dags/example_branch_labels.py
[2023-12-29T04:36:13.172+0000] {processor.py:756} INFO - Processing file /home/airflow/.local/lib/python3.7/site-packages/airflow/example_dags/example_branch_labels.py for tasks to queue
[2023-12-29T04:36:13.173+0000] {logging_mixin.py:120} INFO - [2023-12-29T04:36:13.172+0000] {dagbag.py:537} INFO - Filling up the DagBag from /home/airflow/.local/lib/python3.7/site-packages/airflow/example_dags/example_branch_labels.py
[2023-12-29T04:36:13.189+0000] {processor.py:766} INFO - DAG(s) dict_keys(['example_branch_labels']) retrieved from /home/airflow/.local/lib/python3.7/site-packages/airflow/example_dags/example_branch_labels.py
[2023-12-29T04:36:13.234+0000] {logging_mixin.py:120} INFO - [2023-12-29T04:36:13.233+0000] {dag.py:2585} INFO - Sync 1 DAGs
[2023-12-29T04:36:13.264+0000] {logging_mixin.py:120} INFO - [2023-12-29T04:36:13.264+0000] {dag.py:3340} INFO - Setting next_dagrun for example_branch_labels to 2023-12-28T00:00:00+00:00, run_after=2023-12-29T00:00:00+00:00
[2023-12-29T04:36:13.283+0000] {processor.py:176} INFO - Processing /home/airflow/.local/lib/python3.7/site-packages/airflow/example_dags/example_branch_labels.py took 0.115 seconds
[2023-12-29T04:36:44.579+0000] {processor.py:154} INFO - Started process (PID=549) to work on /home/airflow/.local/lib/python3.7/site-packages/airflow/example_dags/example_branch_labels.py
[2023-12-29T04:36:44.580+0000] {processor.py:756} INFO - Processing file /home/airflow/.local/lib/python3.7/site-packages/airflow/example_dags/example_branch_labels.py for tasks to queue
[2023-12-29T04:36:44.580+0000] {logging_mixin.py:120} INFO - [2023-12-29T04:36:44.580+0000] {dagbag.py:537} INFO - Filling up the DagBag from /home/airflow/.local/lib/python3.7/site-packages/airflow/example_dags/example_branch_labels.py
[2023-12-29T04:36:44.599+0000] {processor.py:766} INFO - DAG(s) dict_keys(['example_branch_labels']) retrieved from /home/airflow/.local/lib/python3.7/site-packages/airflow/example_dags/example_branch_labels.py
[2023-12-29T04:36:44.643+0000] {logging_mixin.py:120} INFO - [2023-12-29T04:36:44.642+0000] {dag.py:2585} INFO - Sync 1 DAGs
[2023-12-29T04:36:44.676+0000] {logging_mixin.py:120} INFO - [2023-12-29T04:36:44.676+0000] {dag.py:3340} INFO - Setting next_dagrun for example_branch_labels to 2023-12-28T00:00:00+00:00, run_after=2023-12-29T00:00:00+00:00
[2023-12-29T04:36:44.716+0000] {processor.py:176} INFO - Processing /home/airflow/.local/lib/python3.7/site-packages/airflow/example_dags/example_branch_labels.py took 0.140 seconds
[2023-12-29T04:37:15.960+0000] {processor.py:154} INFO - Started process (PID=609) to work on /home/airflow/.local/lib/python3.7/site-packages/airflow/example_dags/example_branch_labels.py
[2023-12-29T04:37:15.961+0000] {processor.py:756} INFO - Processing file /home/airflow/.local/lib/python3.7/site-packages/airflow/example_dags/example_branch_labels.py for tasks to queue
[2023-12-29T04:37:15.961+0000] {logging_mixin.py:120} INFO - [2023-12-29T04:37:15.961+0000] {dagbag.py:537} INFO - Filling up the DagBag from /home/airflow/.local/lib/python3.7/site-packages/airflow/example_dags/example_branch_labels.py
[2023-12-29T04:37:15.976+0000] {processor.py:766} INFO - DAG(s) dict_keys(['example_branch_labels']) retrieved from /home/airflow/.local/lib/python3.7/site-packages/airflow/example_dags/example_branch_labels.py
[2023-12-29T04:37:16.027+0000] {logging_mixin.py:120} INFO - [2023-12-29T04:37:16.027+0000] {dag.py:2585} INFO - Sync 1 DAGs
[2023-12-29T04:37:16.058+0000] {logging_mixin.py:120} INFO - [2023-12-29T04:37:16.058+0000] {dag.py:3340} INFO - Setting next_dagrun for example_branch_labels to 2023-12-28T00:00:00+00:00, run_after=2023-12-29T00:00:00+00:00
[2023-12-29T04:37:16.079+0000] {processor.py:176} INFO - Processing /home/airflow/.local/lib/python3.7/site-packages/airflow/example_dags/example_branch_labels.py took 0.121 seconds
[2023-12-29T04:37:46.129+0000] {processor.py:154} INFO - Started process (PID=666) to work on /home/airflow/.local/lib/python3.7/site-packages/airflow/example_dags/example_branch_labels.py
[2023-12-29T04:37:46.130+0000] {processor.py:756} INFO - Processing file /home/airflow/.local/lib/python3.7/site-packages/airflow/example_dags/example_branch_labels.py for tasks to queue
[2023-12-29T04:37:46.131+0000] {logging_mixin.py:120} INFO - [2023-12-29T04:37:46.131+0000] {dagbag.py:537} INFO - Filling up the DagBag from /home/airflow/.local/lib/python3.7/site-packages/airflow/example_dags/example_branch_labels.py
[2023-12-29T04:37:46.148+0000] {processor.py:766} INFO - DAG(s) dict_keys(['example_branch_labels']) retrieved from /home/airflow/.local/lib/python3.7/site-packages/airflow/example_dags/example_branch_labels.py
[2023-12-29T04:37:46.192+0000] {logging_mixin.py:120} INFO - [2023-12-29T04:37:46.192+0000] {dag.py:2585} INFO - Sync 1 DAGs
[2023-12-29T04:37:46.220+0000] {logging_mixin.py:120} INFO - [2023-12-29T04:37:46.220+0000] {dag.py:3340} INFO - Setting next_dagrun for example_branch_labels to 2023-12-28T00:00:00+00:00, run_after=2023-12-29T00:00:00+00:00
[2023-12-29T04:37:46.242+0000] {processor.py:176} INFO - Processing /home/airflow/.local/lib/python3.7/site-packages/airflow/example_dags/example_branch_labels.py took 0.117 seconds
[2023-12-29T04:38:17.032+0000] {processor.py:154} INFO - Started process (PID=730) to work on /home/airflow/.local/lib/python3.7/site-packages/airflow/example_dags/example_branch_labels.py
[2023-12-29T04:38:17.033+0000] {processor.py:756} INFO - Processing file /home/airflow/.local/lib/python3.7/site-packages/airflow/example_dags/example_branch_labels.py for tasks to queue
[2023-12-29T04:38:17.034+0000] {logging_mixin.py:120} INFO - [2023-12-29T04:38:17.034+0000] {dagbag.py:537} INFO - Filling up the DagBag from /home/airflow/.local/lib/python3.7/site-packages/airflow/example_dags/example_branch_labels.py
[2023-12-29T04:38:17.049+0000] {processor.py:766} INFO - DAG(s) dict_keys(['example_branch_labels']) retrieved from /home/airflow/.local/lib/python3.7/site-packages/airflow/example_dags/example_branch_labels.py
[2023-12-29T04:38:17.097+0000] {logging_mixin.py:120} INFO - [2023-12-29T04:38:17.097+0000] {dag.py:2585} INFO - Sync 1 DAGs
[2023-12-29T04:38:17.136+0000] {logging_mixin.py:120} INFO - [2023-12-29T04:38:17.136+0000] {dag.py:3340} INFO - Setting next_dagrun for example_branch_labels to 2023-12-28T00:00:00+00:00, run_after=2023-12-29T00:00:00+00:00
[2023-12-29T04:38:17.155+0000] {processor.py:176} INFO - Processing /home/airflow/.local/lib/python3.7/site-packages/airflow/example_dags/example_branch_labels.py took 0.126 seconds
[2023-12-29T04:38:47.698+0000] {processor.py:154} INFO - Started process (PID=786) to work on /home/airflow/.local/lib/python3.7/site-packages/airflow/example_dags/example_branch_labels.py
[2023-12-29T04:38:47.699+0000] {processor.py:756} INFO - Processing file /home/airflow/.local/lib/python3.7/site-packages/airflow/example_dags/example_branch_labels.py for tasks to queue
[2023-12-29T04:38:47.700+0000] {logging_mixin.py:120} INFO - [2023-12-29T04:38:47.700+0000] {dagbag.py:537} INFO - Filling up the DagBag from /home/airflow/.local/lib/python3.7/site-packages/airflow/example_dags/example_branch_labels.py
[2023-12-29T04:38:47.719+0000] {processor.py:766} INFO - DAG(s) dict_keys(['example_branch_labels']) retrieved from /home/airflow/.local/lib/python3.7/site-packages/airflow/example_dags/example_branch_labels.py
[2023-12-29T04:38:47.768+0000] {logging_mixin.py:120} INFO - [2023-12-29T04:38:47.768+0000] {dag.py:2585} INFO - Sync 1 DAGs
[2023-12-29T04:38:47.808+0000] {logging_mixin.py:120} INFO - [2023-12-29T04:38:47.801+0000] {dag.py:3340} INFO - Setting next_dagrun for example_branch_labels to 2023-12-28T00:00:00+00:00, run_after=2023-12-29T00:00:00+00:00
[2023-12-29T04:38:47.883+0000] {processor.py:176} INFO - Processing /home/airflow/.local/lib/python3.7/site-packages/airflow/example_dags/example_branch_labels.py took 0.189 seconds
[2023-12-29T04:39:18.066+0000] {processor.py:154} INFO - Started process (PID=850) to work on /home/airflow/.local/lib/python3.7/site-packages/airflow/example_dags/example_branch_labels.py
[2023-12-29T04:39:18.067+0000] {processor.py:756} INFO - Processing file /home/airflow/.local/lib/python3.7/site-packages/airflow/example_dags/example_branch_labels.py for tasks to queue
[2023-12-29T04:39:18.068+0000] {logging_mixin.py:120} INFO - [2023-12-29T04:39:18.067+0000] {dagbag.py:537} INFO - Filling up the DagBag from /home/airflow/.local/lib/python3.7/site-packages/airflow/example_dags/example_branch_labels.py
[2023-12-29T04:39:18.084+0000] {processor.py:766} INFO - DAG(s) dict_keys(['example_branch_labels']) retrieved from /home/airflow/.local/lib/python3.7/site-packages/airflow/example_dags/example_branch_labels.py
[2023-12-29T04:39:18.121+0000] {logging_mixin.py:120} INFO - [2023-12-29T04:39:18.121+0000] {dag.py:2585} INFO - Sync 1 DAGs
[2023-12-29T04:39:18.150+0000] {logging_mixin.py:120} INFO - [2023-12-29T04:39:18.149+0000] {dag.py:3340} INFO - Setting next_dagrun for example_branch_labels to 2023-12-28T00:00:00+00:00, run_after=2023-12-29T00:00:00+00:00
[2023-12-29T04:39:18.168+0000] {processor.py:176} INFO - Processing /home/airflow/.local/lib/python3.7/site-packages/airflow/example_dags/example_branch_labels.py took 0.106 seconds
[2023-12-29T04:39:48.342+0000] {processor.py:154} INFO - Started process (PID=914) to work on /home/airflow/.local/lib/python3.7/site-packages/airflow/example_dags/example_branch_labels.py
[2023-12-29T04:39:48.343+0000] {processor.py:756} INFO - Processing file /home/airflow/.local/lib/python3.7/site-packages/airflow/example_dags/example_branch_labels.py for tasks to queue
[2023-12-29T04:39:48.344+0000] {logging_mixin.py:120} INFO - [2023-12-29T04:39:48.343+0000] {dagbag.py:537} INFO - Filling up the DagBag from /home/airflow/.local/lib/python3.7/site-packages/airflow/example_dags/example_branch_labels.py
[2023-12-29T04:39:48.357+0000] {processor.py:766} INFO - DAG(s) dict_keys(['example_branch_labels']) retrieved from /home/airflow/.local/lib/python3.7/site-packages/airflow/example_dags/example_branch_labels.py
[2023-12-29T04:39:48.393+0000] {logging_mixin.py:120} INFO - [2023-12-29T04:39:48.393+0000] {dag.py:2585} INFO - Sync 1 DAGs
[2023-12-29T04:39:48.419+0000] {logging_mixin.py:120} INFO - [2023-12-29T04:39:48.419+0000] {dag.py:3340} INFO - Setting next_dagrun for example_branch_labels to 2023-12-28T00:00:00+00:00, run_after=2023-12-29T00:00:00+00:00
[2023-12-29T04:39:48.435+0000] {processor.py:176} INFO - Processing /home/airflow/.local/lib/python3.7/site-packages/airflow/example_dags/example_branch_labels.py took 0.095 seconds
[2023-12-29T04:40:18.603+0000] {processor.py:154} INFO - Started process (PID=970) to work on /home/airflow/.local/lib/python3.7/site-packages/airflow/example_dags/example_branch_labels.py
[2023-12-29T04:40:18.604+0000] {processor.py:756} INFO - Processing file /home/airflow/.local/lib/python3.7/site-packages/airflow/example_dags/example_branch_labels.py for tasks to queue
[2023-12-29T04:40:18.604+0000] {logging_mixin.py:120} INFO - [2023-12-29T04:40:18.604+0000] {dagbag.py:537} INFO - Filling up the DagBag from /home/airflow/.local/lib/python3.7/site-packages/airflow/example_dags/example_branch_labels.py
[2023-12-29T04:40:18.618+0000] {processor.py:766} INFO - DAG(s) dict_keys(['example_branch_labels']) retrieved from /home/airflow/.local/lib/python3.7/site-packages/airflow/example_dags/example_branch_labels.py
[2023-12-29T04:40:18.653+0000] {logging_mixin.py:120} INFO - [2023-12-29T04:40:18.653+0000] {dag.py:2585} INFO - Sync 1 DAGs
[2023-12-29T04:40:18.678+0000] {logging_mixin.py:120} INFO - [2023-12-29T04:40:18.678+0000] {dag.py:3340} INFO - Setting next_dagrun for example_branch_labels to 2023-12-28T00:00:00+00:00, run_after=2023-12-29T00:00:00+00:00
[2023-12-29T04:40:18.694+0000] {processor.py:176} INFO - Processing /home/airflow/.local/lib/python3.7/site-packages/airflow/example_dags/example_branch_labels.py took 0.094 seconds
[2023-12-29T04:40:48.903+0000] {processor.py:154} INFO - Started process (PID=1032) to work on /home/airflow/.local/lib/python3.7/site-packages/airflow/example_dags/example_branch_labels.py
[2023-12-29T04:40:48.903+0000] {processor.py:756} INFO - Processing file /home/airflow/.local/lib/python3.7/site-packages/airflow/example_dags/example_branch_labels.py for tasks to queue
[2023-12-29T04:40:48.904+0000] {logging_mixin.py:120} INFO - [2023-12-29T04:40:48.904+0000] {dagbag.py:537} INFO - Filling up the DagBag from /home/airflow/.local/lib/python3.7/site-packages/airflow/example_dags/example_branch_labels.py
[2023-12-29T04:40:48.918+0000] {processor.py:766} INFO - DAG(s) dict_keys(['example_branch_labels']) retrieved from /home/airflow/.local/lib/python3.7/site-packages/airflow/example_dags/example_branch_labels.py
[2023-12-29T04:40:48.953+0000] {logging_mixin.py:120} INFO - [2023-12-29T04:40:48.953+0000] {dag.py:2585} INFO - Sync 1 DAGs
[2023-12-29T04:40:48.980+0000] {logging_mixin.py:120} INFO - [2023-12-29T04:40:48.980+0000] {dag.py:3340} INFO - Setting next_dagrun for example_branch_labels to 2023-12-28T00:00:00+00:00, run_after=2023-12-29T00:00:00+00:00
[2023-12-29T04:40:48.997+0000] {processor.py:176} INFO - Processing /home/airflow/.local/lib/python3.7/site-packages/airflow/example_dags/example_branch_labels.py took 0.097 seconds
[2023-12-29T04:41:19.645+0000] {processor.py:154} INFO - Started process (PID=1098) to work on /home/airflow/.local/lib/python3.7/site-packages/airflow/example_dags/example_branch_labels.py
[2023-12-29T04:41:19.646+0000] {processor.py:756} INFO - Processing file /home/airflow/.local/lib/python3.7/site-packages/airflow/example_dags/example_branch_labels.py for tasks to queue
[2023-12-29T04:41:19.647+0000] {logging_mixin.py:120} INFO - [2023-12-29T04:41:19.647+0000] {dagbag.py:537} INFO - Filling up the DagBag from /home/airflow/.local/lib/python3.7/site-packages/airflow/example_dags/example_branch_labels.py
[2023-12-29T04:41:19.664+0000] {processor.py:766} INFO - DAG(s) dict_keys(['example_branch_labels']) retrieved from /home/airflow/.local/lib/python3.7/site-packages/airflow/example_dags/example_branch_labels.py
[2023-12-29T04:41:19.715+0000] {logging_mixin.py:120} INFO - [2023-12-29T04:41:19.715+0000] {dag.py:2585} INFO - Sync 1 DAGs
[2023-12-29T04:41:19.747+0000] {logging_mixin.py:120} INFO - [2023-12-29T04:41:19.747+0000] {dag.py:3340} INFO - Setting next_dagrun for example_branch_labels to 2023-12-28T00:00:00+00:00, run_after=2023-12-29T00:00:00+00:00
[2023-12-29T04:41:19.770+0000] {processor.py:176} INFO - Processing /home/airflow/.local/lib/python3.7/site-packages/airflow/example_dags/example_branch_labels.py took 0.127 seconds
[2023-12-29T04:41:50.097+0000] {processor.py:154} INFO - Started process (PID=1153) to work on /home/airflow/.local/lib/python3.7/site-packages/airflow/example_dags/example_branch_labels.py
[2023-12-29T04:41:50.098+0000] {processor.py:756} INFO - Processing file /home/airflow/.local/lib/python3.7/site-packages/airflow/example_dags/example_branch_labels.py for tasks to queue
[2023-12-29T04:41:50.099+0000] {logging_mixin.py:120} INFO - [2023-12-29T04:41:50.098+0000] {dagbag.py:537} INFO - Filling up the DagBag from /home/airflow/.local/lib/python3.7/site-packages/airflow/example_dags/example_branch_labels.py
[2023-12-29T04:41:50.115+0000] {processor.py:766} INFO - DAG(s) dict_keys(['example_branch_labels']) retrieved from /home/airflow/.local/lib/python3.7/site-packages/airflow/example_dags/example_branch_labels.py
[2023-12-29T04:41:50.156+0000] {logging_mixin.py:120} INFO - [2023-12-29T04:41:50.156+0000] {dag.py:2585} INFO - Sync 1 DAGs
[2023-12-29T04:41:50.191+0000] {logging_mixin.py:120} INFO - [2023-12-29T04:41:50.191+0000] {dag.py:3340} INFO - Setting next_dagrun for example_branch_labels to 2023-12-28T00:00:00+00:00, run_after=2023-12-29T00:00:00+00:00
[2023-12-29T04:41:50.228+0000] {processor.py:176} INFO - Processing /home/airflow/.local/lib/python3.7/site-packages/airflow/example_dags/example_branch_labels.py took 0.134 seconds
[2023-12-29T04:42:20.293+0000] {processor.py:154} INFO - Started process (PID=1219) to work on /home/airflow/.local/lib/python3.7/site-packages/airflow/example_dags/example_branch_labels.py
[2023-12-29T04:42:20.295+0000] {processor.py:756} INFO - Processing file /home/airflow/.local/lib/python3.7/site-packages/airflow/example_dags/example_branch_labels.py for tasks to queue
[2023-12-29T04:42:20.296+0000] {logging_mixin.py:120} INFO - [2023-12-29T04:42:20.296+0000] {dagbag.py:537} INFO - Filling up the DagBag from /home/airflow/.local/lib/python3.7/site-packages/airflow/example_dags/example_branch_labels.py
[2023-12-29T04:42:20.318+0000] {processor.py:766} INFO - DAG(s) dict_keys(['example_branch_labels']) retrieved from /home/airflow/.local/lib/python3.7/site-packages/airflow/example_dags/example_branch_labels.py
[2023-12-29T04:42:20.363+0000] {logging_mixin.py:120} INFO - [2023-12-29T04:42:20.363+0000] {dag.py:2585} INFO - Sync 1 DAGs
[2023-12-29T04:42:20.399+0000] {logging_mixin.py:120} INFO - [2023-12-29T04:42:20.399+0000] {dag.py:3340} INFO - Setting next_dagrun for example_branch_labels to 2023-12-28T00:00:00+00:00, run_after=2023-12-29T00:00:00+00:00
[2023-12-29T04:42:20.425+0000] {processor.py:176} INFO - Processing /home/airflow/.local/lib/python3.7/site-packages/airflow/example_dags/example_branch_labels.py took 0.135 seconds
[2023-12-29T04:42:50.868+0000] {processor.py:154} INFO - Started process (PID=1282) to work on /home/airflow/.local/lib/python3.7/site-packages/airflow/example_dags/example_branch_labels.py
[2023-12-29T04:42:50.871+0000] {processor.py:756} INFO - Processing file /home/airflow/.local/lib/python3.7/site-packages/airflow/example_dags/example_branch_labels.py for tasks to queue
[2023-12-29T04:42:50.873+0000] {logging_mixin.py:120} INFO - [2023-12-29T04:42:50.873+0000] {dagbag.py:537} INFO - Filling up the DagBag from /home/airflow/.local/lib/python3.7/site-packages/airflow/example_dags/example_branch_labels.py
[2023-12-29T04:42:50.895+0000] {processor.py:766} INFO - DAG(s) dict_keys(['example_branch_labels']) retrieved from /home/airflow/.local/lib/python3.7/site-packages/airflow/example_dags/example_branch_labels.py
[2023-12-29T04:42:50.951+0000] {logging_mixin.py:120} INFO - [2023-12-29T04:42:50.950+0000] {dag.py:2585} INFO - Sync 1 DAGs
[2023-12-29T04:42:51.002+0000] {logging_mixin.py:120} INFO - [2023-12-29T04:42:51.001+0000] {dag.py:3340} INFO - Setting next_dagrun for example_branch_labels to 2023-12-28T00:00:00+00:00, run_after=2023-12-29T00:00:00+00:00
[2023-12-29T04:42:51.034+0000] {processor.py:176} INFO - Processing /home/airflow/.local/lib/python3.7/site-packages/airflow/example_dags/example_branch_labels.py took 0.169 seconds
[2023-12-29T04:43:21.927+0000] {processor.py:154} INFO - Started process (PID=1337) to work on /home/airflow/.local/lib/python3.7/site-packages/airflow/example_dags/example_branch_labels.py
[2023-12-29T04:43:21.927+0000] {processor.py:756} INFO - Processing file /home/airflow/.local/lib/python3.7/site-packages/airflow/example_dags/example_branch_labels.py for tasks to queue
[2023-12-29T04:43:21.928+0000] {logging_mixin.py:120} INFO - [2023-12-29T04:43:21.928+0000] {dagbag.py:537} INFO - Filling up the DagBag from /home/airflow/.local/lib/python3.7/site-packages/airflow/example_dags/example_branch_labels.py
[2023-12-29T04:43:21.945+0000] {processor.py:766} INFO - DAG(s) dict_keys(['example_branch_labels']) retrieved from /home/airflow/.local/lib/python3.7/site-packages/airflow/example_dags/example_branch_labels.py
[2023-12-29T04:43:21.984+0000] {logging_mixin.py:120} INFO - [2023-12-29T04:43:21.984+0000] {dag.py:2585} INFO - Sync 1 DAGs
[2023-12-29T04:43:22.011+0000] {logging_mixin.py:120} INFO - [2023-12-29T04:43:22.011+0000] {dag.py:3340} INFO - Setting next_dagrun for example_branch_labels to 2023-12-28T00:00:00+00:00, run_after=2023-12-29T00:00:00+00:00
[2023-12-29T04:43:22.029+0000] {processor.py:176} INFO - Processing /home/airflow/.local/lib/python3.7/site-packages/airflow/example_dags/example_branch_labels.py took 0.105 seconds
[2023-12-29T04:43:52.226+0000] {processor.py:154} INFO - Started process (PID=1401) to work on /home/airflow/.local/lib/python3.7/site-packages/airflow/example_dags/example_branch_labels.py
[2023-12-29T04:43:52.227+0000] {processor.py:756} INFO - Processing file /home/airflow/.local/lib/python3.7/site-packages/airflow/example_dags/example_branch_labels.py for tasks to queue
[2023-12-29T04:43:52.228+0000] {logging_mixin.py:120} INFO - [2023-12-29T04:43:52.228+0000] {dagbag.py:537} INFO - Filling up the DagBag from /home/airflow/.local/lib/python3.7/site-packages/airflow/example_dags/example_branch_labels.py
[2023-12-29T04:43:52.242+0000] {processor.py:766} INFO - DAG(s) dict_keys(['example_branch_labels']) retrieved from /home/airflow/.local/lib/python3.7/site-packages/airflow/example_dags/example_branch_labels.py
[2023-12-29T04:43:52.278+0000] {logging_mixin.py:120} INFO - [2023-12-29T04:43:52.278+0000] {dag.py:2585} INFO - Sync 1 DAGs
[2023-12-29T04:43:52.304+0000] {logging_mixin.py:120} INFO - [2023-12-29T04:43:52.304+0000] {dag.py:3340} INFO - Setting next_dagrun for example_branch_labels to 2023-12-28T00:00:00+00:00, run_after=2023-12-29T00:00:00+00:00
[2023-12-29T04:43:52.320+0000] {processor.py:176} INFO - Processing /home/airflow/.local/lib/python3.7/site-packages/airflow/example_dags/example_branch_labels.py took 0.097 seconds
[2023-12-29T04:44:23.163+0000] {processor.py:154} INFO - Started process (PID=1466) to work on /home/airflow/.local/lib/python3.7/site-packages/airflow/example_dags/example_branch_labels.py
[2023-12-29T04:44:23.164+0000] {processor.py:756} INFO - Processing file /home/airflow/.local/lib/python3.7/site-packages/airflow/example_dags/example_branch_labels.py for tasks to queue
[2023-12-29T04:44:23.165+0000] {logging_mixin.py:120} INFO - [2023-12-29T04:44:23.164+0000] {dagbag.py:537} INFO - Filling up the DagBag from /home/airflow/.local/lib/python3.7/site-packages/airflow/example_dags/example_branch_labels.py
[2023-12-29T04:44:23.182+0000] {processor.py:766} INFO - DAG(s) dict_keys(['example_branch_labels']) retrieved from /home/airflow/.local/lib/python3.7/site-packages/airflow/example_dags/example_branch_labels.py
[2023-12-29T04:44:23.219+0000] {logging_mixin.py:120} INFO - [2023-12-29T04:44:23.219+0000] {dag.py:2585} INFO - Sync 1 DAGs
[2023-12-29T04:44:23.247+0000] {logging_mixin.py:120} INFO - [2023-12-29T04:44:23.246+0000] {dag.py:3340} INFO - Setting next_dagrun for example_branch_labels to 2023-12-28T00:00:00+00:00, run_after=2023-12-29T00:00:00+00:00
[2023-12-29T04:44:23.264+0000] {processor.py:176} INFO - Processing /home/airflow/.local/lib/python3.7/site-packages/airflow/example_dags/example_branch_labels.py took 0.104 seconds
[2023-12-29T04:44:53.465+0000] {processor.py:154} INFO - Started process (PID=1520) to work on /home/airflow/.local/lib/python3.7/site-packages/airflow/example_dags/example_branch_labels.py
[2023-12-29T04:44:53.466+0000] {processor.py:756} INFO - Processing file /home/airflow/.local/lib/python3.7/site-packages/airflow/example_dags/example_branch_labels.py for tasks to queue
[2023-12-29T04:44:53.467+0000] {logging_mixin.py:120} INFO - [2023-12-29T04:44:53.466+0000] {dagbag.py:537} INFO - Filling up the DagBag from /home/airflow/.local/lib/python3.7/site-packages/airflow/example_dags/example_branch_labels.py
[2023-12-29T04:44:53.481+0000] {processor.py:766} INFO - DAG(s) dict_keys(['example_branch_labels']) retrieved from /home/airflow/.local/lib/python3.7/site-packages/airflow/example_dags/example_branch_labels.py
[2023-12-29T04:44:53.521+0000] {logging_mixin.py:120} INFO - [2023-12-29T04:44:53.521+0000] {dag.py:2585} INFO - Sync 1 DAGs
[2023-12-29T04:44:53.553+0000] {logging_mixin.py:120} INFO - [2023-12-29T04:44:53.553+0000] {dag.py:3340} INFO - Setting next_dagrun for example_branch_labels to 2023-12-28T00:00:00+00:00, run_after=2023-12-29T00:00:00+00:00
[2023-12-29T04:44:53.572+0000] {processor.py:176} INFO - Processing /home/airflow/.local/lib/python3.7/site-packages/airflow/example_dags/example_branch_labels.py took 0.109 seconds
[2023-12-29T04:45:24.137+0000] {processor.py:154} INFO - Started process (PID=1584) to work on /home/airflow/.local/lib/python3.7/site-packages/airflow/example_dags/example_branch_labels.py
[2023-12-29T04:45:24.138+0000] {processor.py:756} INFO - Processing file /home/airflow/.local/lib/python3.7/site-packages/airflow/example_dags/example_branch_labels.py for tasks to queue
[2023-12-29T04:45:24.139+0000] {logging_mixin.py:120} INFO - [2023-12-29T04:45:24.138+0000] {dagbag.py:537} INFO - Filling up the DagBag from /home/airflow/.local/lib/python3.7/site-packages/airflow/example_dags/example_branch_labels.py
[2023-12-29T04:45:24.156+0000] {processor.py:766} INFO - DAG(s) dict_keys(['example_branch_labels']) retrieved from /home/airflow/.local/lib/python3.7/site-packages/airflow/example_dags/example_branch_labels.py
[2023-12-29T04:45:24.197+0000] {logging_mixin.py:120} INFO - [2023-12-29T04:45:24.197+0000] {dag.py:2585} INFO - Sync 1 DAGs
[2023-12-29T04:45:24.227+0000] {logging_mixin.py:120} INFO - [2023-12-29T04:45:24.226+0000] {dag.py:3340} INFO - Setting next_dagrun for example_branch_labels to 2023-12-28T00:00:00+00:00, run_after=2023-12-29T00:00:00+00:00
[2023-12-29T04:45:24.249+0000] {processor.py:176} INFO - Processing /home/airflow/.local/lib/python3.7/site-packages/airflow/example_dags/example_branch_labels.py took 0.115 seconds
[2023-12-29T04:45:54.267+0000] {processor.py:154} INFO - Started process (PID=1639) to work on /home/airflow/.local/lib/python3.7/site-packages/airflow/example_dags/example_branch_labels.py
[2023-12-29T04:45:54.268+0000] {processor.py:756} INFO - Processing file /home/airflow/.local/lib/python3.7/site-packages/airflow/example_dags/example_branch_labels.py for tasks to queue
[2023-12-29T04:45:54.269+0000] {logging_mixin.py:120} INFO - [2023-12-29T04:45:54.269+0000] {dagbag.py:537} INFO - Filling up the DagBag from /home/airflow/.local/lib/python3.7/site-packages/airflow/example_dags/example_branch_labels.py
[2023-12-29T04:45:54.284+0000] {processor.py:766} INFO - DAG(s) dict_keys(['example_branch_labels']) retrieved from /home/airflow/.local/lib/python3.7/site-packages/airflow/example_dags/example_branch_labels.py
[2023-12-29T04:45:54.332+0000] {logging_mixin.py:120} INFO - [2023-12-29T04:45:54.332+0000] {dag.py:2585} INFO - Sync 1 DAGs
[2023-12-29T04:45:54.361+0000] {logging_mixin.py:120} INFO - [2023-12-29T04:45:54.361+0000] {dag.py:3340} INFO - Setting next_dagrun for example_branch_labels to 2023-12-28T00:00:00+00:00, run_after=2023-12-29T00:00:00+00:00
[2023-12-29T04:45:54.380+0000] {processor.py:176} INFO - Processing /home/airflow/.local/lib/python3.7/site-packages/airflow/example_dags/example_branch_labels.py took 0.115 seconds
[2023-12-29T04:46:24.532+0000] {processor.py:154} INFO - Started process (PID=1703) to work on /home/airflow/.local/lib/python3.7/site-packages/airflow/example_dags/example_branch_labels.py
[2023-12-29T04:46:24.533+0000] {processor.py:756} INFO - Processing file /home/airflow/.local/lib/python3.7/site-packages/airflow/example_dags/example_branch_labels.py for tasks to queue
[2023-12-29T04:46:24.534+0000] {logging_mixin.py:120} INFO - [2023-12-29T04:46:24.533+0000] {dagbag.py:537} INFO - Filling up the DagBag from /home/airflow/.local/lib/python3.7/site-packages/airflow/example_dags/example_branch_labels.py
[2023-12-29T04:46:24.547+0000] {processor.py:766} INFO - DAG(s) dict_keys(['example_branch_labels']) retrieved from /home/airflow/.local/lib/python3.7/site-packages/airflow/example_dags/example_branch_labels.py
[2023-12-29T04:46:24.582+0000] {logging_mixin.py:120} INFO - [2023-12-29T04:46:24.582+0000] {dag.py:2585} INFO - Sync 1 DAGs
[2023-12-29T04:46:24.606+0000] {logging_mixin.py:120} INFO - [2023-12-29T04:46:24.606+0000] {dag.py:3340} INFO - Setting next_dagrun for example_branch_labels to 2023-12-28T00:00:00+00:00, run_after=2023-12-29T00:00:00+00:00
[2023-12-29T04:46:24.622+0000] {processor.py:176} INFO - Processing /home/airflow/.local/lib/python3.7/site-packages/airflow/example_dags/example_branch_labels.py took 0.092 seconds
[2023-12-29T04:46:55.173+0000] {processor.py:154} INFO - Started process (PID=1768) to work on /home/airflow/.local/lib/python3.7/site-packages/airflow/example_dags/example_branch_labels.py
[2023-12-29T04:46:55.174+0000] {processor.py:756} INFO - Processing file /home/airflow/.local/lib/python3.7/site-packages/airflow/example_dags/example_branch_labels.py for tasks to queue
[2023-12-29T04:46:55.175+0000] {logging_mixin.py:120} INFO - [2023-12-29T04:46:55.175+0000] {dagbag.py:537} INFO - Filling up the DagBag from /home/airflow/.local/lib/python3.7/site-packages/airflow/example_dags/example_branch_labels.py
[2023-12-29T04:46:55.189+0000] {processor.py:766} INFO - DAG(s) dict_keys(['example_branch_labels']) retrieved from /home/airflow/.local/lib/python3.7/site-packages/airflow/example_dags/example_branch_labels.py
[2023-12-29T04:46:55.234+0000] {logging_mixin.py:120} INFO - [2023-12-29T04:46:55.234+0000] {dag.py:2585} INFO - Sync 1 DAGs
[2023-12-29T04:46:55.262+0000] {logging_mixin.py:120} INFO - [2023-12-29T04:46:55.262+0000] {dag.py:3340} INFO - Setting next_dagrun for example_branch_labels to 2023-12-28T00:00:00+00:00, run_after=2023-12-29T00:00:00+00:00
[2023-12-29T04:46:55.278+0000] {processor.py:176} INFO - Processing /home/airflow/.local/lib/python3.7/site-packages/airflow/example_dags/example_branch_labels.py took 0.107 seconds
[2023-12-29T04:47:25.938+0000] {processor.py:154} INFO - Started process (PID=1822) to work on /home/airflow/.local/lib/python3.7/site-packages/airflow/example_dags/example_branch_labels.py
[2023-12-29T04:47:25.939+0000] {processor.py:756} INFO - Processing file /home/airflow/.local/lib/python3.7/site-packages/airflow/example_dags/example_branch_labels.py for tasks to queue
[2023-12-29T04:47:25.939+0000] {logging_mixin.py:120} INFO - [2023-12-29T04:47:25.939+0000] {dagbag.py:537} INFO - Filling up the DagBag from /home/airflow/.local/lib/python3.7/site-packages/airflow/example_dags/example_branch_labels.py
[2023-12-29T04:47:25.969+0000] {processor.py:766} INFO - DAG(s) dict_keys(['example_branch_labels']) retrieved from /home/airflow/.local/lib/python3.7/site-packages/airflow/example_dags/example_branch_labels.py
[2023-12-29T04:47:26.010+0000] {logging_mixin.py:120} INFO - [2023-12-29T04:47:26.010+0000] {dag.py:2585} INFO - Sync 1 DAGs
[2023-12-29T04:47:26.049+0000] {logging_mixin.py:120} INFO - [2023-12-29T04:47:26.048+0000] {dag.py:3340} INFO - Setting next_dagrun for example_branch_labels to 2023-12-28T00:00:00+00:00, run_after=2023-12-29T00:00:00+00:00
[2023-12-29T04:47:26.078+0000] {processor.py:176} INFO - Processing /home/airflow/.local/lib/python3.7/site-packages/airflow/example_dags/example_branch_labels.py took 0.143 seconds
[2023-12-29T04:47:56.678+0000] {processor.py:154} INFO - Started process (PID=1886) to work on /home/airflow/.local/lib/python3.7/site-packages/airflow/example_dags/example_branch_labels.py
[2023-12-29T04:47:56.679+0000] {processor.py:756} INFO - Processing file /home/airflow/.local/lib/python3.7/site-packages/airflow/example_dags/example_branch_labels.py for tasks to queue
[2023-12-29T04:47:56.680+0000] {logging_mixin.py:120} INFO - [2023-12-29T04:47:56.680+0000] {dagbag.py:537} INFO - Filling up the DagBag from /home/airflow/.local/lib/python3.7/site-packages/airflow/example_dags/example_branch_labels.py
[2023-12-29T04:47:56.695+0000] {processor.py:766} INFO - DAG(s) dict_keys(['example_branch_labels']) retrieved from /home/airflow/.local/lib/python3.7/site-packages/airflow/example_dags/example_branch_labels.py
[2023-12-29T04:47:56.735+0000] {logging_mixin.py:120} INFO - [2023-12-29T04:47:56.735+0000] {dag.py:2585} INFO - Sync 1 DAGs
[2023-12-29T04:47:56.771+0000] {logging_mixin.py:120} INFO - [2023-12-29T04:47:56.770+0000] {dag.py:3340} INFO - Setting next_dagrun for example_branch_labels to 2023-12-28T00:00:00+00:00, run_after=2023-12-29T00:00:00+00:00
[2023-12-29T04:47:56.792+0000] {processor.py:176} INFO - Processing /home/airflow/.local/lib/python3.7/site-packages/airflow/example_dags/example_branch_labels.py took 0.117 seconds
[2023-12-29T04:48:27.691+0000] {processor.py:154} INFO - Started process (PID=1951) to work on /home/airflow/.local/lib/python3.7/site-packages/airflow/example_dags/example_branch_labels.py
[2023-12-29T04:48:27.692+0000] {processor.py:756} INFO - Processing file /home/airflow/.local/lib/python3.7/site-packages/airflow/example_dags/example_branch_labels.py for tasks to queue
[2023-12-29T04:48:27.692+0000] {logging_mixin.py:120} INFO - [2023-12-29T04:48:27.692+0000] {dagbag.py:537} INFO - Filling up the DagBag from /home/airflow/.local/lib/python3.7/site-packages/airflow/example_dags/example_branch_labels.py
[2023-12-29T04:48:27.711+0000] {processor.py:766} INFO - DAG(s) dict_keys(['example_branch_labels']) retrieved from /home/airflow/.local/lib/python3.7/site-packages/airflow/example_dags/example_branch_labels.py
[2023-12-29T04:48:27.749+0000] {logging_mixin.py:120} INFO - [2023-12-29T04:48:27.749+0000] {dag.py:2585} INFO - Sync 1 DAGs
[2023-12-29T04:48:27.776+0000] {logging_mixin.py:120} INFO - [2023-12-29T04:48:27.776+0000] {dag.py:3340} INFO - Setting next_dagrun for example_branch_labels to 2023-12-28T00:00:00+00:00, run_after=2023-12-29T00:00:00+00:00
[2023-12-29T04:48:27.794+0000] {processor.py:176} INFO - Processing /home/airflow/.local/lib/python3.7/site-packages/airflow/example_dags/example_branch_labels.py took 0.109 seconds
[2023-12-29T04:48:58.327+0000] {processor.py:154} INFO - Started process (PID=2016) to work on /home/airflow/.local/lib/python3.7/site-packages/airflow/example_dags/example_branch_labels.py
[2023-12-29T04:48:58.327+0000] {processor.py:756} INFO - Processing file /home/airflow/.local/lib/python3.7/site-packages/airflow/example_dags/example_branch_labels.py for tasks to queue
[2023-12-29T04:48:58.328+0000] {logging_mixin.py:120} INFO - [2023-12-29T04:48:58.328+0000] {dagbag.py:537} INFO - Filling up the DagBag from /home/airflow/.local/lib/python3.7/site-packages/airflow/example_dags/example_branch_labels.py
[2023-12-29T04:48:58.343+0000] {processor.py:766} INFO - DAG(s) dict_keys(['example_branch_labels']) retrieved from /home/airflow/.local/lib/python3.7/site-packages/airflow/example_dags/example_branch_labels.py
[2023-12-29T04:48:58.396+0000] {logging_mixin.py:120} INFO - [2023-12-29T04:48:58.395+0000] {dag.py:2585} INFO - Sync 1 DAGs
[2023-12-29T04:48:58.426+0000] {logging_mixin.py:120} INFO - [2023-12-29T04:48:58.426+0000] {dag.py:3340} INFO - Setting next_dagrun for example_branch_labels to 2023-12-28T00:00:00+00:00, run_after=2023-12-29T00:00:00+00:00
[2023-12-29T04:48:58.448+0000] {processor.py:176} INFO - Processing /home/airflow/.local/lib/python3.7/site-packages/airflow/example_dags/example_branch_labels.py took 0.125 seconds
[2023-12-29T04:49:28.539+0000] {processor.py:154} INFO - Started process (PID=2072) to work on /home/airflow/.local/lib/python3.7/site-packages/airflow/example_dags/example_branch_labels.py
[2023-12-29T04:49:28.540+0000] {processor.py:756} INFO - Processing file /home/airflow/.local/lib/python3.7/site-packages/airflow/example_dags/example_branch_labels.py for tasks to queue
[2023-12-29T04:49:28.540+0000] {logging_mixin.py:120} INFO - [2023-12-29T04:49:28.540+0000] {dagbag.py:537} INFO - Filling up the DagBag from /home/airflow/.local/lib/python3.7/site-packages/airflow/example_dags/example_branch_labels.py
[2023-12-29T04:49:28.554+0000] {processor.py:766} INFO - DAG(s) dict_keys(['example_branch_labels']) retrieved from /home/airflow/.local/lib/python3.7/site-packages/airflow/example_dags/example_branch_labels.py
[2023-12-29T04:49:28.588+0000] {logging_mixin.py:120} INFO - [2023-12-29T04:49:28.588+0000] {dag.py:2585} INFO - Sync 1 DAGs
[2023-12-29T04:49:28.615+0000] {logging_mixin.py:120} INFO - [2023-12-29T04:49:28.614+0000] {dag.py:3340} INFO - Setting next_dagrun for example_branch_labels to 2023-12-28T00:00:00+00:00, run_after=2023-12-29T00:00:00+00:00
[2023-12-29T04:49:28.633+0000] {processor.py:176} INFO - Processing /home/airflow/.local/lib/python3.7/site-packages/airflow/example_dags/example_branch_labels.py took 0.097 seconds
[2023-12-29T04:49:59.460+0000] {processor.py:154} INFO - Started process (PID=2137) to work on /home/airflow/.local/lib/python3.7/site-packages/airflow/example_dags/example_branch_labels.py
[2023-12-29T04:49:59.461+0000] {processor.py:756} INFO - Processing file /home/airflow/.local/lib/python3.7/site-packages/airflow/example_dags/example_branch_labels.py for tasks to queue
[2023-12-29T04:49:59.461+0000] {logging_mixin.py:120} INFO - [2023-12-29T04:49:59.461+0000] {dagbag.py:537} INFO - Filling up the DagBag from /home/airflow/.local/lib/python3.7/site-packages/airflow/example_dags/example_branch_labels.py
[2023-12-29T04:49:59.474+0000] {processor.py:766} INFO - DAG(s) dict_keys(['example_branch_labels']) retrieved from /home/airflow/.local/lib/python3.7/site-packages/airflow/example_dags/example_branch_labels.py
[2023-12-29T04:49:59.510+0000] {logging_mixin.py:120} INFO - [2023-12-29T04:49:59.509+0000] {dag.py:2585} INFO - Sync 1 DAGs
[2023-12-29T04:49:59.534+0000] {logging_mixin.py:120} INFO - [2023-12-29T04:49:59.534+0000] {dag.py:3340} INFO - Setting next_dagrun for example_branch_labels to 2023-12-28T00:00:00+00:00, run_after=2023-12-29T00:00:00+00:00
[2023-12-29T04:49:59.549+0000] {processor.py:176} INFO - Processing /home/airflow/.local/lib/python3.7/site-packages/airflow/example_dags/example_branch_labels.py took 0.092 seconds
[2023-12-29T04:50:30.059+0000] {processor.py:154} INFO - Started process (PID=2199) to work on /home/airflow/.local/lib/python3.7/site-packages/airflow/example_dags/example_branch_labels.py
[2023-12-29T04:50:30.060+0000] {processor.py:756} INFO - Processing file /home/airflow/.local/lib/python3.7/site-packages/airflow/example_dags/example_branch_labels.py for tasks to queue
[2023-12-29T04:50:30.060+0000] {logging_mixin.py:120} INFO - [2023-12-29T04:50:30.060+0000] {dagbag.py:537} INFO - Filling up the DagBag from /home/airflow/.local/lib/python3.7/site-packages/airflow/example_dags/example_branch_labels.py
[2023-12-29T04:50:30.073+0000] {processor.py:766} INFO - DAG(s) dict_keys(['example_branch_labels']) retrieved from /home/airflow/.local/lib/python3.7/site-packages/airflow/example_dags/example_branch_labels.py
[2023-12-29T04:50:30.114+0000] {logging_mixin.py:120} INFO - [2023-12-29T04:50:30.114+0000] {dag.py:2585} INFO - Sync 1 DAGs
[2023-12-29T04:50:30.138+0000] {logging_mixin.py:120} INFO - [2023-12-29T04:50:30.138+0000] {dag.py:3340} INFO - Setting next_dagrun for example_branch_labels to 2023-12-28T00:00:00+00:00, run_after=2023-12-29T00:00:00+00:00
[2023-12-29T04:50:30.155+0000] {processor.py:176} INFO - Processing /home/airflow/.local/lib/python3.7/site-packages/airflow/example_dags/example_branch_labels.py took 0.098 seconds
[2023-12-29T04:51:00.729+0000] {processor.py:154} INFO - Started process (PID=2255) to work on /home/airflow/.local/lib/python3.7/site-packages/airflow/example_dags/example_branch_labels.py
[2023-12-29T04:51:00.730+0000] {processor.py:756} INFO - Processing file /home/airflow/.local/lib/python3.7/site-packages/airflow/example_dags/example_branch_labels.py for tasks to queue
[2023-12-29T04:51:00.731+0000] {logging_mixin.py:120} INFO - [2023-12-29T04:51:00.730+0000] {dagbag.py:537} INFO - Filling up the DagBag from /home/airflow/.local/lib/python3.7/site-packages/airflow/example_dags/example_branch_labels.py
[2023-12-29T04:51:00.743+0000] {processor.py:766} INFO - DAG(s) dict_keys(['example_branch_labels']) retrieved from /home/airflow/.local/lib/python3.7/site-packages/airflow/example_dags/example_branch_labels.py
[2023-12-29T04:51:00.778+0000] {logging_mixin.py:120} INFO - [2023-12-29T04:51:00.777+0000] {dag.py:2585} INFO - Sync 1 DAGs
[2023-12-29T04:51:00.804+0000] {logging_mixin.py:120} INFO - [2023-12-29T04:51:00.803+0000] {dag.py:3340} INFO - Setting next_dagrun for example_branch_labels to 2023-12-28T00:00:00+00:00, run_after=2023-12-29T00:00:00+00:00
[2023-12-29T04:51:00.820+0000] {processor.py:176} INFO - Processing /home/airflow/.local/lib/python3.7/site-packages/airflow/example_dags/example_branch_labels.py took 0.096 seconds
[2023-12-29T04:51:31.378+0000] {processor.py:154} INFO - Started process (PID=2320) to work on /home/airflow/.local/lib/python3.7/site-packages/airflow/example_dags/example_branch_labels.py
[2023-12-29T04:51:31.379+0000] {processor.py:756} INFO - Processing file /home/airflow/.local/lib/python3.7/site-packages/airflow/example_dags/example_branch_labels.py for tasks to queue
[2023-12-29T04:51:31.379+0000] {logging_mixin.py:120} INFO - [2023-12-29T04:51:31.379+0000] {dagbag.py:537} INFO - Filling up the DagBag from /home/airflow/.local/lib/python3.7/site-packages/airflow/example_dags/example_branch_labels.py
[2023-12-29T04:51:31.392+0000] {processor.py:766} INFO - DAG(s) dict_keys(['example_branch_labels']) retrieved from /home/airflow/.local/lib/python3.7/site-packages/airflow/example_dags/example_branch_labels.py
[2023-12-29T04:51:31.428+0000] {logging_mixin.py:120} INFO - [2023-12-29T04:51:31.428+0000] {dag.py:2585} INFO - Sync 1 DAGs
[2023-12-29T04:51:31.452+0000] {logging_mixin.py:120} INFO - [2023-12-29T04:51:31.452+0000] {dag.py:3340} INFO - Setting next_dagrun for example_branch_labels to 2023-12-28T00:00:00+00:00, run_after=2023-12-29T00:00:00+00:00
[2023-12-29T04:51:31.468+0000] {processor.py:176} INFO - Processing /home/airflow/.local/lib/python3.7/site-packages/airflow/example_dags/example_branch_labels.py took 0.092 seconds
[2023-12-29T04:52:02.098+0000] {processor.py:154} INFO - Started process (PID=2385) to work on /home/airflow/.local/lib/python3.7/site-packages/airflow/example_dags/example_branch_labels.py
[2023-12-29T04:52:02.099+0000] {processor.py:756} INFO - Processing file /home/airflow/.local/lib/python3.7/site-packages/airflow/example_dags/example_branch_labels.py for tasks to queue
[2023-12-29T04:52:02.099+0000] {logging_mixin.py:120} INFO - [2023-12-29T04:52:02.099+0000] {dagbag.py:537} INFO - Filling up the DagBag from /home/airflow/.local/lib/python3.7/site-packages/airflow/example_dags/example_branch_labels.py
[2023-12-29T04:52:02.112+0000] {processor.py:766} INFO - DAG(s) dict_keys(['example_branch_labels']) retrieved from /home/airflow/.local/lib/python3.7/site-packages/airflow/example_dags/example_branch_labels.py
[2023-12-29T04:52:02.148+0000] {logging_mixin.py:120} INFO - [2023-12-29T04:52:02.148+0000] {dag.py:2585} INFO - Sync 1 DAGs
[2023-12-29T04:52:02.172+0000] {logging_mixin.py:120} INFO - [2023-12-29T04:52:02.172+0000] {dag.py:3340} INFO - Setting next_dagrun for example_branch_labels to 2023-12-28T00:00:00+00:00, run_after=2023-12-29T00:00:00+00:00
[2023-12-29T04:52:02.188+0000] {processor.py:176} INFO - Processing /home/airflow/.local/lib/python3.7/site-packages/airflow/example_dags/example_branch_labels.py took 0.092 seconds
[2023-12-29T04:52:32.653+0000] {processor.py:154} INFO - Started process (PID=2449) to work on /home/airflow/.local/lib/python3.7/site-packages/airflow/example_dags/example_branch_labels.py
[2023-12-29T04:52:32.653+0000] {processor.py:756} INFO - Processing file /home/airflow/.local/lib/python3.7/site-packages/airflow/example_dags/example_branch_labels.py for tasks to queue
[2023-12-29T04:52:32.654+0000] {logging_mixin.py:120} INFO - [2023-12-29T04:52:32.654+0000] {dagbag.py:537} INFO - Filling up the DagBag from /home/airflow/.local/lib/python3.7/site-packages/airflow/example_dags/example_branch_labels.py
[2023-12-29T04:52:32.669+0000] {processor.py:766} INFO - DAG(s) dict_keys(['example_branch_labels']) retrieved from /home/airflow/.local/lib/python3.7/site-packages/airflow/example_dags/example_branch_labels.py
[2023-12-29T04:52:32.709+0000] {logging_mixin.py:120} INFO - [2023-12-29T04:52:32.708+0000] {dag.py:2585} INFO - Sync 1 DAGs
[2023-12-29T04:52:32.736+0000] {logging_mixin.py:120} INFO - [2023-12-29T04:52:32.735+0000] {dag.py:3340} INFO - Setting next_dagrun for example_branch_labels to 2023-12-28T00:00:00+00:00, run_after=2023-12-29T00:00:00+00:00
[2023-12-29T04:52:32.760+0000] {processor.py:176} INFO - Processing /home/airflow/.local/lib/python3.7/site-packages/airflow/example_dags/example_branch_labels.py took 0.110 seconds
[2023-12-29T04:53:03.261+0000] {processor.py:154} INFO - Started process (PID=2505) to work on /home/airflow/.local/lib/python3.7/site-packages/airflow/example_dags/example_branch_labels.py
[2023-12-29T04:53:03.262+0000] {processor.py:756} INFO - Processing file /home/airflow/.local/lib/python3.7/site-packages/airflow/example_dags/example_branch_labels.py for tasks to queue
[2023-12-29T04:53:03.262+0000] {logging_mixin.py:120} INFO - [2023-12-29T04:53:03.262+0000] {dagbag.py:537} INFO - Filling up the DagBag from /home/airflow/.local/lib/python3.7/site-packages/airflow/example_dags/example_branch_labels.py
[2023-12-29T04:53:03.277+0000] {processor.py:766} INFO - DAG(s) dict_keys(['example_branch_labels']) retrieved from /home/airflow/.local/lib/python3.7/site-packages/airflow/example_dags/example_branch_labels.py
[2023-12-29T04:53:03.315+0000] {logging_mixin.py:120} INFO - [2023-12-29T04:53:03.315+0000] {dag.py:2585} INFO - Sync 1 DAGs
[2023-12-29T04:53:03.343+0000] {logging_mixin.py:120} INFO - [2023-12-29T04:53:03.343+0000] {dag.py:3340} INFO - Setting next_dagrun for example_branch_labels to 2023-12-28T00:00:00+00:00, run_after=2023-12-29T00:00:00+00:00
[2023-12-29T04:53:03.359+0000] {processor.py:176} INFO - Processing /home/airflow/.local/lib/python3.7/site-packages/airflow/example_dags/example_branch_labels.py took 0.101 seconds
[2023-12-29T04:53:33.769+0000] {processor.py:154} INFO - Started process (PID=2569) to work on /home/airflow/.local/lib/python3.7/site-packages/airflow/example_dags/example_branch_labels.py
[2023-12-29T04:53:33.770+0000] {processor.py:756} INFO - Processing file /home/airflow/.local/lib/python3.7/site-packages/airflow/example_dags/example_branch_labels.py for tasks to queue
[2023-12-29T04:53:33.770+0000] {logging_mixin.py:120} INFO - [2023-12-29T04:53:33.770+0000] {dagbag.py:537} INFO - Filling up the DagBag from /home/airflow/.local/lib/python3.7/site-packages/airflow/example_dags/example_branch_labels.py
[2023-12-29T04:53:33.784+0000] {processor.py:766} INFO - DAG(s) dict_keys(['example_branch_labels']) retrieved from /home/airflow/.local/lib/python3.7/site-packages/airflow/example_dags/example_branch_labels.py
[2023-12-29T04:53:33.820+0000] {logging_mixin.py:120} INFO - [2023-12-29T04:53:33.820+0000] {dag.py:2585} INFO - Sync 1 DAGs
[2023-12-29T04:53:33.847+0000] {logging_mixin.py:120} INFO - [2023-12-29T04:53:33.847+0000] {dag.py:3340} INFO - Setting next_dagrun for example_branch_labels to 2023-12-28T00:00:00+00:00, run_after=2023-12-29T00:00:00+00:00
[2023-12-29T04:53:33.862+0000] {processor.py:176} INFO - Processing /home/airflow/.local/lib/python3.7/site-packages/airflow/example_dags/example_branch_labels.py took 0.096 seconds
[2023-12-29T04:54:04.311+0000] {processor.py:154} INFO - Started process (PID=2633) to work on /home/airflow/.local/lib/python3.7/site-packages/airflow/example_dags/example_branch_labels.py
[2023-12-29T04:54:04.312+0000] {processor.py:756} INFO - Processing file /home/airflow/.local/lib/python3.7/site-packages/airflow/example_dags/example_branch_labels.py for tasks to queue
[2023-12-29T04:54:04.312+0000] {logging_mixin.py:120} INFO - [2023-12-29T04:54:04.312+0000] {dagbag.py:537} INFO - Filling up the DagBag from /home/airflow/.local/lib/python3.7/site-packages/airflow/example_dags/example_branch_labels.py
[2023-12-29T04:54:04.325+0000] {processor.py:766} INFO - DAG(s) dict_keys(['example_branch_labels']) retrieved from /home/airflow/.local/lib/python3.7/site-packages/airflow/example_dags/example_branch_labels.py
[2023-12-29T04:54:04.362+0000] {logging_mixin.py:120} INFO - [2023-12-29T04:54:04.362+0000] {dag.py:2585} INFO - Sync 1 DAGs
[2023-12-29T04:54:04.386+0000] {logging_mixin.py:120} INFO - [2023-12-29T04:54:04.386+0000] {dag.py:3340} INFO - Setting next_dagrun for example_branch_labels to 2023-12-28T00:00:00+00:00, run_after=2023-12-29T00:00:00+00:00
[2023-12-29T04:54:04.401+0000] {processor.py:176} INFO - Processing /home/airflow/.local/lib/python3.7/site-packages/airflow/example_dags/example_branch_labels.py took 0.094 seconds
[2023-12-29T04:54:34.952+0000] {processor.py:154} INFO - Started process (PID=2688) to work on /home/airflow/.local/lib/python3.7/site-packages/airflow/example_dags/example_branch_labels.py
[2023-12-29T04:54:34.953+0000] {processor.py:756} INFO - Processing file /home/airflow/.local/lib/python3.7/site-packages/airflow/example_dags/example_branch_labels.py for tasks to queue
[2023-12-29T04:54:34.953+0000] {logging_mixin.py:120} INFO - [2023-12-29T04:54:34.953+0000] {dagbag.py:537} INFO - Filling up the DagBag from /home/airflow/.local/lib/python3.7/site-packages/airflow/example_dags/example_branch_labels.py
[2023-12-29T04:54:34.968+0000] {processor.py:766} INFO - DAG(s) dict_keys(['example_branch_labels']) retrieved from /home/airflow/.local/lib/python3.7/site-packages/airflow/example_dags/example_branch_labels.py
[2023-12-29T04:54:35.006+0000] {logging_mixin.py:120} INFO - [2023-12-29T04:54:35.006+0000] {dag.py:2585} INFO - Sync 1 DAGs
[2023-12-29T04:54:35.036+0000] {logging_mixin.py:120} INFO - [2023-12-29T04:54:35.036+0000] {dag.py:3340} INFO - Setting next_dagrun for example_branch_labels to 2023-12-28T00:00:00+00:00, run_after=2023-12-29T00:00:00+00:00
[2023-12-29T04:54:35.055+0000] {processor.py:176} INFO - Processing /home/airflow/.local/lib/python3.7/site-packages/airflow/example_dags/example_branch_labels.py took 0.106 seconds
[2023-12-29T04:55:05.581+0000] {processor.py:154} INFO - Started process (PID=2752) to work on /home/airflow/.local/lib/python3.7/site-packages/airflow/example_dags/example_branch_labels.py
[2023-12-29T04:55:05.582+0000] {processor.py:756} INFO - Processing file /home/airflow/.local/lib/python3.7/site-packages/airflow/example_dags/example_branch_labels.py for tasks to queue
[2023-12-29T04:55:05.582+0000] {logging_mixin.py:120} INFO - [2023-12-29T04:55:05.582+0000] {dagbag.py:537} INFO - Filling up the DagBag from /home/airflow/.local/lib/python3.7/site-packages/airflow/example_dags/example_branch_labels.py
[2023-12-29T04:55:05.597+0000] {processor.py:766} INFO - DAG(s) dict_keys(['example_branch_labels']) retrieved from /home/airflow/.local/lib/python3.7/site-packages/airflow/example_dags/example_branch_labels.py
[2023-12-29T04:55:05.634+0000] {logging_mixin.py:120} INFO - [2023-12-29T04:55:05.634+0000] {dag.py:2585} INFO - Sync 1 DAGs
[2023-12-29T04:55:05.662+0000] {logging_mixin.py:120} INFO - [2023-12-29T04:55:05.662+0000] {dag.py:3340} INFO - Setting next_dagrun for example_branch_labels to 2023-12-28T00:00:00+00:00, run_after=2023-12-29T00:00:00+00:00
[2023-12-29T04:55:05.678+0000] {processor.py:176} INFO - Processing /home/airflow/.local/lib/python3.7/site-packages/airflow/example_dags/example_branch_labels.py took 0.100 seconds
[2023-12-29T04:55:36.266+0000] {processor.py:154} INFO - Started process (PID=2815) to work on /home/airflow/.local/lib/python3.7/site-packages/airflow/example_dags/example_branch_labels.py
[2023-12-29T04:55:36.267+0000] {processor.py:756} INFO - Processing file /home/airflow/.local/lib/python3.7/site-packages/airflow/example_dags/example_branch_labels.py for tasks to queue
[2023-12-29T04:55:36.268+0000] {logging_mixin.py:120} INFO - [2023-12-29T04:55:36.268+0000] {dagbag.py:537} INFO - Filling up the DagBag from /home/airflow/.local/lib/python3.7/site-packages/airflow/example_dags/example_branch_labels.py
[2023-12-29T04:55:36.286+0000] {processor.py:766} INFO - DAG(s) dict_keys(['example_branch_labels']) retrieved from /home/airflow/.local/lib/python3.7/site-packages/airflow/example_dags/example_branch_labels.py
[2023-12-29T04:55:36.334+0000] {logging_mixin.py:120} INFO - [2023-12-29T04:55:36.334+0000] {dag.py:2585} INFO - Sync 1 DAGs
[2023-12-29T04:55:36.367+0000] {logging_mixin.py:120} INFO - [2023-12-29T04:55:36.367+0000] {dag.py:3340} INFO - Setting next_dagrun for example_branch_labels to 2023-12-28T00:00:00+00:00, run_after=2023-12-29T00:00:00+00:00
[2023-12-29T04:55:36.389+0000] {processor.py:176} INFO - Processing /home/airflow/.local/lib/python3.7/site-packages/airflow/example_dags/example_branch_labels.py took 0.128 seconds
[2023-12-29T04:56:07.756+0000] {processor.py:154} INFO - Started process (PID=2879) to work on /home/airflow/.local/lib/python3.7/site-packages/airflow/example_dags/example_branch_labels.py
[2023-12-29T04:56:07.757+0000] {processor.py:756} INFO - Processing file /home/airflow/.local/lib/python3.7/site-packages/airflow/example_dags/example_branch_labels.py for tasks to queue
[2023-12-29T04:56:07.759+0000] {logging_mixin.py:120} INFO - [2023-12-29T04:56:07.758+0000] {dagbag.py:537} INFO - Filling up the DagBag from /home/airflow/.local/lib/python3.7/site-packages/airflow/example_dags/example_branch_labels.py
[2023-12-29T04:56:07.778+0000] {processor.py:766} INFO - DAG(s) dict_keys(['example_branch_labels']) retrieved from /home/airflow/.local/lib/python3.7/site-packages/airflow/example_dags/example_branch_labels.py
[2023-12-29T04:56:07.850+0000] {logging_mixin.py:120} INFO - [2023-12-29T04:56:07.850+0000] {dag.py:2585} INFO - Sync 1 DAGs
[2023-12-29T04:56:07.888+0000] {logging_mixin.py:120} INFO - [2023-12-29T04:56:07.887+0000] {dag.py:3340} INFO - Setting next_dagrun for example_branch_labels to 2023-12-28T00:00:00+00:00, run_after=2023-12-29T00:00:00+00:00
[2023-12-29T04:56:07.921+0000] {processor.py:176} INFO - Processing /home/airflow/.local/lib/python3.7/site-packages/airflow/example_dags/example_branch_labels.py took 0.168 seconds
[2023-12-29T04:56:38.634+0000] {processor.py:154} INFO - Started process (PID=2934) to work on /home/airflow/.local/lib/python3.7/site-packages/airflow/example_dags/example_branch_labels.py
[2023-12-29T04:56:38.635+0000] {processor.py:756} INFO - Processing file /home/airflow/.local/lib/python3.7/site-packages/airflow/example_dags/example_branch_labels.py for tasks to queue
[2023-12-29T04:56:38.636+0000] {logging_mixin.py:120} INFO - [2023-12-29T04:56:38.635+0000] {dagbag.py:537} INFO - Filling up the DagBag from /home/airflow/.local/lib/python3.7/site-packages/airflow/example_dags/example_branch_labels.py
[2023-12-29T04:56:38.649+0000] {processor.py:766} INFO - DAG(s) dict_keys(['example_branch_labels']) retrieved from /home/airflow/.local/lib/python3.7/site-packages/airflow/example_dags/example_branch_labels.py
[2023-12-29T04:56:38.685+0000] {logging_mixin.py:120} INFO - [2023-12-29T04:56:38.685+0000] {dag.py:2585} INFO - Sync 1 DAGs
[2023-12-29T04:56:38.712+0000] {logging_mixin.py:120} INFO - [2023-12-29T04:56:38.711+0000] {dag.py:3340} INFO - Setting next_dagrun for example_branch_labels to 2023-12-28T00:00:00+00:00, run_after=2023-12-29T00:00:00+00:00
[2023-12-29T04:56:38.732+0000] {processor.py:176} INFO - Processing /home/airflow/.local/lib/python3.7/site-packages/airflow/example_dags/example_branch_labels.py took 0.101 seconds
[2023-12-29T04:57:09.314+0000] {processor.py:154} INFO - Started process (PID=2998) to work on /home/airflow/.local/lib/python3.7/site-packages/airflow/example_dags/example_branch_labels.py
[2023-12-29T04:57:09.314+0000] {processor.py:756} INFO - Processing file /home/airflow/.local/lib/python3.7/site-packages/airflow/example_dags/example_branch_labels.py for tasks to queue
[2023-12-29T04:57:09.315+0000] {logging_mixin.py:120} INFO - [2023-12-29T04:57:09.315+0000] {dagbag.py:537} INFO - Filling up the DagBag from /home/airflow/.local/lib/python3.7/site-packages/airflow/example_dags/example_branch_labels.py
[2023-12-29T04:57:09.329+0000] {processor.py:766} INFO - DAG(s) dict_keys(['example_branch_labels']) retrieved from /home/airflow/.local/lib/python3.7/site-packages/airflow/example_dags/example_branch_labels.py
[2023-12-29T04:57:09.365+0000] {logging_mixin.py:120} INFO - [2023-12-29T04:57:09.365+0000] {dag.py:2585} INFO - Sync 1 DAGs
[2023-12-29T04:57:09.392+0000] {logging_mixin.py:120} INFO - [2023-12-29T04:57:09.392+0000] {dag.py:3340} INFO - Setting next_dagrun for example_branch_labels to 2023-12-28T00:00:00+00:00, run_after=2023-12-29T00:00:00+00:00
[2023-12-29T04:57:09.409+0000] {processor.py:176} INFO - Processing /home/airflow/.local/lib/python3.7/site-packages/airflow/example_dags/example_branch_labels.py took 0.097 seconds
[2023-12-29T04:57:40.018+0000] {processor.py:154} INFO - Started process (PID=3064) to work on /home/airflow/.local/lib/python3.7/site-packages/airflow/example_dags/example_branch_labels.py
[2023-12-29T04:57:40.019+0000] {processor.py:756} INFO - Processing file /home/airflow/.local/lib/python3.7/site-packages/airflow/example_dags/example_branch_labels.py for tasks to queue
[2023-12-29T04:57:40.020+0000] {logging_mixin.py:120} INFO - [2023-12-29T04:57:40.019+0000] {dagbag.py:537} INFO - Filling up the DagBag from /home/airflow/.local/lib/python3.7/site-packages/airflow/example_dags/example_branch_labels.py
[2023-12-29T04:57:40.033+0000] {processor.py:766} INFO - DAG(s) dict_keys(['example_branch_labels']) retrieved from /home/airflow/.local/lib/python3.7/site-packages/airflow/example_dags/example_branch_labels.py
[2023-12-29T04:57:40.069+0000] {logging_mixin.py:120} INFO - [2023-12-29T04:57:40.069+0000] {dag.py:2585} INFO - Sync 1 DAGs
[2023-12-29T04:57:40.095+0000] {logging_mixin.py:120} INFO - [2023-12-29T04:57:40.094+0000] {dag.py:3340} INFO - Setting next_dagrun for example_branch_labels to 2023-12-28T00:00:00+00:00, run_after=2023-12-29T00:00:00+00:00
[2023-12-29T04:57:40.111+0000] {processor.py:176} INFO - Processing /home/airflow/.local/lib/python3.7/site-packages/airflow/example_dags/example_branch_labels.py took 0.096 seconds
[2023-12-29T04:58:10.642+0000] {processor.py:154} INFO - Started process (PID=3119) to work on /home/airflow/.local/lib/python3.7/site-packages/airflow/example_dags/example_branch_labels.py
[2023-12-29T04:58:10.643+0000] {processor.py:756} INFO - Processing file /home/airflow/.local/lib/python3.7/site-packages/airflow/example_dags/example_branch_labels.py for tasks to queue
[2023-12-29T04:58:10.644+0000] {logging_mixin.py:120} INFO - [2023-12-29T04:58:10.643+0000] {dagbag.py:537} INFO - Filling up the DagBag from /home/airflow/.local/lib/python3.7/site-packages/airflow/example_dags/example_branch_labels.py
[2023-12-29T04:58:10.662+0000] {processor.py:766} INFO - DAG(s) dict_keys(['example_branch_labels']) retrieved from /home/airflow/.local/lib/python3.7/site-packages/airflow/example_dags/example_branch_labels.py
[2023-12-29T04:58:10.702+0000] {logging_mixin.py:120} INFO - [2023-12-29T04:58:10.701+0000] {dag.py:2585} INFO - Sync 1 DAGs
[2023-12-29T04:58:10.729+0000] {logging_mixin.py:120} INFO - [2023-12-29T04:58:10.728+0000] {dag.py:3340} INFO - Setting next_dagrun for example_branch_labels to 2023-12-28T00:00:00+00:00, run_after=2023-12-29T00:00:00+00:00
[2023-12-29T04:58:10.746+0000] {processor.py:176} INFO - Processing /home/airflow/.local/lib/python3.7/site-packages/airflow/example_dags/example_branch_labels.py took 0.107 seconds
[2023-12-29T04:58:41.263+0000] {processor.py:154} INFO - Started process (PID=3182) to work on /home/airflow/.local/lib/python3.7/site-packages/airflow/example_dags/example_branch_labels.py
[2023-12-29T04:58:41.264+0000] {processor.py:756} INFO - Processing file /home/airflow/.local/lib/python3.7/site-packages/airflow/example_dags/example_branch_labels.py for tasks to queue
[2023-12-29T04:58:41.265+0000] {logging_mixin.py:120} INFO - [2023-12-29T04:58:41.265+0000] {dagbag.py:537} INFO - Filling up the DagBag from /home/airflow/.local/lib/python3.7/site-packages/airflow/example_dags/example_branch_labels.py
[2023-12-29T04:58:41.278+0000] {processor.py:766} INFO - DAG(s) dict_keys(['example_branch_labels']) retrieved from /home/airflow/.local/lib/python3.7/site-packages/airflow/example_dags/example_branch_labels.py
[2023-12-29T04:58:41.314+0000] {logging_mixin.py:120} INFO - [2023-12-29T04:58:41.313+0000] {dag.py:2585} INFO - Sync 1 DAGs
[2023-12-29T04:58:41.341+0000] {logging_mixin.py:120} INFO - [2023-12-29T04:58:41.341+0000] {dag.py:3340} INFO - Setting next_dagrun for example_branch_labels to 2023-12-28T00:00:00+00:00, run_after=2023-12-29T00:00:00+00:00
[2023-12-29T04:58:41.358+0000] {processor.py:176} INFO - Processing /home/airflow/.local/lib/python3.7/site-packages/airflow/example_dags/example_branch_labels.py took 0.097 seconds
[2023-12-29T04:59:12.113+0000] {processor.py:154} INFO - Started process (PID=3248) to work on /home/airflow/.local/lib/python3.7/site-packages/airflow/example_dags/example_branch_labels.py
[2023-12-29T04:59:12.113+0000] {processor.py:756} INFO - Processing file /home/airflow/.local/lib/python3.7/site-packages/airflow/example_dags/example_branch_labels.py for tasks to queue
[2023-12-29T04:59:12.114+0000] {logging_mixin.py:120} INFO - [2023-12-29T04:59:12.114+0000] {dagbag.py:537} INFO - Filling up the DagBag from /home/airflow/.local/lib/python3.7/site-packages/airflow/example_dags/example_branch_labels.py
[2023-12-29T04:59:12.127+0000] {processor.py:766} INFO - DAG(s) dict_keys(['example_branch_labels']) retrieved from /home/airflow/.local/lib/python3.7/site-packages/airflow/example_dags/example_branch_labels.py
[2023-12-29T04:59:12.162+0000] {logging_mixin.py:120} INFO - [2023-12-29T04:59:12.162+0000] {dag.py:2585} INFO - Sync 1 DAGs
[2023-12-29T04:59:12.189+0000] {logging_mixin.py:120} INFO - [2023-12-29T04:59:12.189+0000] {dag.py:3340} INFO - Setting next_dagrun for example_branch_labels to 2023-12-28T00:00:00+00:00, run_after=2023-12-29T00:00:00+00:00
[2023-12-29T04:59:12.205+0000] {processor.py:176} INFO - Processing /home/airflow/.local/lib/python3.7/site-packages/airflow/example_dags/example_branch_labels.py took 0.096 seconds
[2023-12-29T04:59:42.885+0000] {processor.py:154} INFO - Started process (PID=3313) to work on /home/airflow/.local/lib/python3.7/site-packages/airflow/example_dags/example_branch_labels.py
[2023-12-29T04:59:42.886+0000] {processor.py:756} INFO - Processing file /home/airflow/.local/lib/python3.7/site-packages/airflow/example_dags/example_branch_labels.py for tasks to queue
[2023-12-29T04:59:42.886+0000] {logging_mixin.py:120} INFO - [2023-12-29T04:59:42.886+0000] {dagbag.py:537} INFO - Filling up the DagBag from /home/airflow/.local/lib/python3.7/site-packages/airflow/example_dags/example_branch_labels.py
[2023-12-29T04:59:42.900+0000] {processor.py:766} INFO - DAG(s) dict_keys(['example_branch_labels']) retrieved from /home/airflow/.local/lib/python3.7/site-packages/airflow/example_dags/example_branch_labels.py
[2023-12-29T04:59:42.939+0000] {logging_mixin.py:120} INFO - [2023-12-29T04:59:42.938+0000] {dag.py:2585} INFO - Sync 1 DAGs
[2023-12-29T04:59:42.965+0000] {logging_mixin.py:120} INFO - [2023-12-29T04:59:42.965+0000] {dag.py:3340} INFO - Setting next_dagrun for example_branch_labels to 2023-12-28T00:00:00+00:00, run_after=2023-12-29T00:00:00+00:00
[2023-12-29T04:59:42.984+0000] {processor.py:176} INFO - Processing /home/airflow/.local/lib/python3.7/site-packages/airflow/example_dags/example_branch_labels.py took 0.102 seconds
[2023-12-29T05:00:13.580+0000] {processor.py:154} INFO - Started process (PID=3368) to work on /home/airflow/.local/lib/python3.7/site-packages/airflow/example_dags/example_branch_labels.py
[2023-12-29T05:00:13.581+0000] {processor.py:756} INFO - Processing file /home/airflow/.local/lib/python3.7/site-packages/airflow/example_dags/example_branch_labels.py for tasks to queue
[2023-12-29T05:00:13.582+0000] {logging_mixin.py:120} INFO - [2023-12-29T05:00:13.582+0000] {dagbag.py:537} INFO - Filling up the DagBag from /home/airflow/.local/lib/python3.7/site-packages/airflow/example_dags/example_branch_labels.py
[2023-12-29T05:00:13.595+0000] {processor.py:766} INFO - DAG(s) dict_keys(['example_branch_labels']) retrieved from /home/airflow/.local/lib/python3.7/site-packages/airflow/example_dags/example_branch_labels.py
[2023-12-29T05:00:13.632+0000] {logging_mixin.py:120} INFO - [2023-12-29T05:00:13.632+0000] {dag.py:2585} INFO - Sync 1 DAGs
[2023-12-29T05:00:13.657+0000] {logging_mixin.py:120} INFO - [2023-12-29T05:00:13.657+0000] {dag.py:3340} INFO - Setting next_dagrun for example_branch_labels to 2023-12-28T00:00:00+00:00, run_after=2023-12-29T00:00:00+00:00
[2023-12-29T05:00:13.674+0000] {processor.py:176} INFO - Processing /home/airflow/.local/lib/python3.7/site-packages/airflow/example_dags/example_branch_labels.py took 0.096 seconds
[2023-12-29T05:00:44.154+0000] {processor.py:154} INFO - Started process (PID=3432) to work on /home/airflow/.local/lib/python3.7/site-packages/airflow/example_dags/example_branch_labels.py
[2023-12-29T05:00:44.155+0000] {processor.py:756} INFO - Processing file /home/airflow/.local/lib/python3.7/site-packages/airflow/example_dags/example_branch_labels.py for tasks to queue
[2023-12-29T05:00:44.155+0000] {logging_mixin.py:120} INFO - [2023-12-29T05:00:44.155+0000] {dagbag.py:537} INFO - Filling up the DagBag from /home/airflow/.local/lib/python3.7/site-packages/airflow/example_dags/example_branch_labels.py
[2023-12-29T05:00:44.168+0000] {processor.py:766} INFO - DAG(s) dict_keys(['example_branch_labels']) retrieved from /home/airflow/.local/lib/python3.7/site-packages/airflow/example_dags/example_branch_labels.py
[2023-12-29T05:00:44.203+0000] {logging_mixin.py:120} INFO - [2023-12-29T05:00:44.202+0000] {dag.py:2585} INFO - Sync 1 DAGs
[2023-12-29T05:00:44.229+0000] {logging_mixin.py:120} INFO - [2023-12-29T05:00:44.229+0000] {dag.py:3340} INFO - Setting next_dagrun for example_branch_labels to 2023-12-28T00:00:00+00:00, run_after=2023-12-29T00:00:00+00:00
[2023-12-29T05:00:44.246+0000] {processor.py:176} INFO - Processing /home/airflow/.local/lib/python3.7/site-packages/airflow/example_dags/example_branch_labels.py took 0.094 seconds
[2023-12-29T05:01:14.712+0000] {processor.py:154} INFO - Started process (PID=3496) to work on /home/airflow/.local/lib/python3.7/site-packages/airflow/example_dags/example_branch_labels.py
[2023-12-29T05:01:14.713+0000] {processor.py:756} INFO - Processing file /home/airflow/.local/lib/python3.7/site-packages/airflow/example_dags/example_branch_labels.py for tasks to queue
[2023-12-29T05:01:14.713+0000] {logging_mixin.py:120} INFO - [2023-12-29T05:01:14.713+0000] {dagbag.py:537} INFO - Filling up the DagBag from /home/airflow/.local/lib/python3.7/site-packages/airflow/example_dags/example_branch_labels.py
[2023-12-29T05:01:14.729+0000] {processor.py:766} INFO - DAG(s) dict_keys(['example_branch_labels']) retrieved from /home/airflow/.local/lib/python3.7/site-packages/airflow/example_dags/example_branch_labels.py
[2023-12-29T05:01:14.766+0000] {logging_mixin.py:120} INFO - [2023-12-29T05:01:14.766+0000] {dag.py:2585} INFO - Sync 1 DAGs
[2023-12-29T05:01:14.794+0000] {logging_mixin.py:120} INFO - [2023-12-29T05:01:14.794+0000] {dag.py:3340} INFO - Setting next_dagrun for example_branch_labels to 2023-12-28T00:00:00+00:00, run_after=2023-12-29T00:00:00+00:00
[2023-12-29T05:01:14.811+0000] {processor.py:176} INFO - Processing /home/airflow/.local/lib/python3.7/site-packages/airflow/example_dags/example_branch_labels.py took 0.102 seconds
[2023-12-29T05:01:45.232+0000] {processor.py:154} INFO - Started process (PID=3551) to work on /home/airflow/.local/lib/python3.7/site-packages/airflow/example_dags/example_branch_labels.py
[2023-12-29T05:01:45.233+0000] {processor.py:756} INFO - Processing file /home/airflow/.local/lib/python3.7/site-packages/airflow/example_dags/example_branch_labels.py for tasks to queue
[2023-12-29T05:01:45.234+0000] {logging_mixin.py:120} INFO - [2023-12-29T05:01:45.234+0000] {dagbag.py:537} INFO - Filling up the DagBag from /home/airflow/.local/lib/python3.7/site-packages/airflow/example_dags/example_branch_labels.py
[2023-12-29T05:01:45.247+0000] {processor.py:766} INFO - DAG(s) dict_keys(['example_branch_labels']) retrieved from /home/airflow/.local/lib/python3.7/site-packages/airflow/example_dags/example_branch_labels.py
[2023-12-29T05:01:45.281+0000] {logging_mixin.py:120} INFO - [2023-12-29T05:01:45.281+0000] {dag.py:2585} INFO - Sync 1 DAGs
[2023-12-29T05:01:45.306+0000] {logging_mixin.py:120} INFO - [2023-12-29T05:01:45.306+0000] {dag.py:3340} INFO - Setting next_dagrun for example_branch_labels to 2023-12-28T00:00:00+00:00, run_after=2023-12-29T00:00:00+00:00
[2023-12-29T05:01:45.323+0000] {processor.py:176} INFO - Processing /home/airflow/.local/lib/python3.7/site-packages/airflow/example_dags/example_branch_labels.py took 0.093 seconds
