[2023-12-29T04:32:37.104+0000] {processor.py:154} INFO - Started process (PID=51) to work on /home/airflow/.local/lib/python3.7/site-packages/airflow/example_dags/example_branch_day_of_week_operator.py
[2023-12-29T04:32:37.105+0000] {processor.py:756} INFO - Processing file /home/airflow/.local/lib/python3.7/site-packages/airflow/example_dags/example_branch_day_of_week_operator.py for tasks to queue
[2023-12-29T04:32:37.106+0000] {logging_mixin.py:120} INFO - [2023-12-29T04:32:37.105+0000] {dagbag.py:537} INFO - Filling up the DagBag from /home/airflow/.local/lib/python3.7/site-packages/airflow/example_dags/example_branch_day_of_week_operator.py
[2023-12-29T04:32:37.121+0000] {processor.py:766} INFO - DAG(s) dict_keys(['example_weekday_branch_operator']) retrieved from /home/airflow/.local/lib/python3.7/site-packages/airflow/example_dags/example_branch_day_of_week_operator.py
[2023-12-29T04:32:37.168+0000] {logging_mixin.py:120} INFO - [2023-12-29T04:32:37.167+0000] {dag.py:2585} INFO - Sync 1 DAGs
[2023-12-29T04:32:37.196+0000] {logging_mixin.py:120} INFO - [2023-12-29T04:32:37.195+0000] {dag.py:3340} INFO - Setting next_dagrun for example_weekday_branch_operator to 2023-12-28T00:00:00+00:00, run_after=2023-12-29T00:00:00+00:00
[2023-12-29T04:32:37.217+0000] {processor.py:176} INFO - Processing /home/airflow/.local/lib/python3.7/site-packages/airflow/example_dags/example_branch_day_of_week_operator.py took 0.115 seconds
[2023-12-29T04:33:07.481+0000] {processor.py:154} INFO - Started process (PID=115) to work on /home/airflow/.local/lib/python3.7/site-packages/airflow/example_dags/example_branch_day_of_week_operator.py
[2023-12-29T04:33:07.481+0000] {processor.py:756} INFO - Processing file /home/airflow/.local/lib/python3.7/site-packages/airflow/example_dags/example_branch_day_of_week_operator.py for tasks to queue
[2023-12-29T04:33:07.482+0000] {logging_mixin.py:120} INFO - [2023-12-29T04:33:07.482+0000] {dagbag.py:537} INFO - Filling up the DagBag from /home/airflow/.local/lib/python3.7/site-packages/airflow/example_dags/example_branch_day_of_week_operator.py
[2023-12-29T04:33:07.495+0000] {processor.py:766} INFO - DAG(s) dict_keys(['example_weekday_branch_operator']) retrieved from /home/airflow/.local/lib/python3.7/site-packages/airflow/example_dags/example_branch_day_of_week_operator.py
[2023-12-29T04:33:07.529+0000] {logging_mixin.py:120} INFO - [2023-12-29T04:33:07.529+0000] {dag.py:2585} INFO - Sync 1 DAGs
[2023-12-29T04:33:07.553+0000] {logging_mixin.py:120} INFO - [2023-12-29T04:33:07.553+0000] {dag.py:3340} INFO - Setting next_dagrun for example_weekday_branch_operator to 2023-12-28T00:00:00+00:00, run_after=2023-12-29T00:00:00+00:00
[2023-12-29T04:33:07.569+0000] {processor.py:176} INFO - Processing /home/airflow/.local/lib/python3.7/site-packages/airflow/example_dags/example_branch_day_of_week_operator.py took 0.091 seconds
[2023-12-29T04:33:38.906+0000] {processor.py:154} INFO - Started process (PID=181) to work on /home/airflow/.local/lib/python3.7/site-packages/airflow/example_dags/example_branch_day_of_week_operator.py
[2023-12-29T04:33:38.907+0000] {processor.py:756} INFO - Processing file /home/airflow/.local/lib/python3.7/site-packages/airflow/example_dags/example_branch_day_of_week_operator.py for tasks to queue
[2023-12-29T04:33:38.907+0000] {logging_mixin.py:120} INFO - [2023-12-29T04:33:38.907+0000] {dagbag.py:537} INFO - Filling up the DagBag from /home/airflow/.local/lib/python3.7/site-packages/airflow/example_dags/example_branch_day_of_week_operator.py
[2023-12-29T04:33:38.922+0000] {processor.py:766} INFO - DAG(s) dict_keys(['example_weekday_branch_operator']) retrieved from /home/airflow/.local/lib/python3.7/site-packages/airflow/example_dags/example_branch_day_of_week_operator.py
[2023-12-29T04:33:38.961+0000] {logging_mixin.py:120} INFO - [2023-12-29T04:33:38.961+0000] {dag.py:2585} INFO - Sync 1 DAGs
[2023-12-29T04:33:38.989+0000] {logging_mixin.py:120} INFO - [2023-12-29T04:33:38.988+0000] {dag.py:3340} INFO - Setting next_dagrun for example_weekday_branch_operator to 2023-12-28T00:00:00+00:00, run_after=2023-12-29T00:00:00+00:00
[2023-12-29T04:33:39.005+0000] {processor.py:176} INFO - Processing /home/airflow/.local/lib/python3.7/site-packages/airflow/example_dags/example_branch_day_of_week_operator.py took 0.102 seconds
[2023-12-29T04:34:09.857+0000] {processor.py:154} INFO - Started process (PID=236) to work on /home/airflow/.local/lib/python3.7/site-packages/airflow/example_dags/example_branch_day_of_week_operator.py
[2023-12-29T04:34:09.857+0000] {processor.py:756} INFO - Processing file /home/airflow/.local/lib/python3.7/site-packages/airflow/example_dags/example_branch_day_of_week_operator.py for tasks to queue
[2023-12-29T04:34:09.858+0000] {logging_mixin.py:120} INFO - [2023-12-29T04:34:09.858+0000] {dagbag.py:537} INFO - Filling up the DagBag from /home/airflow/.local/lib/python3.7/site-packages/airflow/example_dags/example_branch_day_of_week_operator.py
[2023-12-29T04:34:09.875+0000] {processor.py:766} INFO - DAG(s) dict_keys(['example_weekday_branch_operator']) retrieved from /home/airflow/.local/lib/python3.7/site-packages/airflow/example_dags/example_branch_day_of_week_operator.py
[2023-12-29T04:34:09.915+0000] {logging_mixin.py:120} INFO - [2023-12-29T04:34:09.915+0000] {dag.py:2585} INFO - Sync 1 DAGs
[2023-12-29T04:34:09.941+0000] {logging_mixin.py:120} INFO - [2023-12-29T04:34:09.941+0000] {dag.py:3340} INFO - Setting next_dagrun for example_weekday_branch_operator to 2023-12-28T00:00:00+00:00, run_after=2023-12-29T00:00:00+00:00
[2023-12-29T04:34:09.968+0000] {processor.py:176} INFO - Processing /home/airflow/.local/lib/python3.7/site-packages/airflow/example_dags/example_branch_day_of_week_operator.py took 0.113 seconds
