[2023-12-29T04:32:37.139+0000] {processor.py:154} INFO - Started process (PID=52) to work on /home/airflow/.local/lib/python3.7/site-packages/airflow/example_dags/example_branch_operator.py
[2023-12-29T04:32:37.140+0000] {processor.py:756} INFO - Processing file /home/airflow/.local/lib/python3.7/site-packages/airflow/example_dags/example_branch_operator.py for tasks to queue
[2023-12-29T04:32:37.140+0000] {logging_mixin.py:120} INFO - [2023-12-29T04:32:37.140+0000] {dagbag.py:537} INFO - Filling up the DagBag from /home/airflow/.local/lib/python3.7/site-packages/airflow/example_dags/example_branch_operator.py
[2023-12-29T04:32:37.181+0000] {processor.py:766} INFO - DAG(s) dict_keys(['example_branch_operator']) retrieved from /home/airflow/.local/lib/python3.7/site-packages/airflow/example_dags/example_branch_operator.py
[2023-12-29T04:32:37.220+0000] {logging_mixin.py:120} INFO - [2023-12-29T04:32:37.220+0000] {dag.py:2585} INFO - Sync 1 DAGs
[2023-12-29T04:32:37.248+0000] {logging_mixin.py:120} INFO - [2023-12-29T04:32:37.248+0000] {dag.py:3340} INFO - Setting next_dagrun for example_branch_operator to 2023-12-28T00:00:00+00:00, run_after=2023-12-29T00:00:00+00:00
[2023-12-29T04:32:37.279+0000] {processor.py:176} INFO - Processing /home/airflow/.local/lib/python3.7/site-packages/airflow/example_dags/example_branch_operator.py took 0.142 seconds
[2023-12-29T04:33:07.585+0000] {processor.py:154} INFO - Started process (PID=116) to work on /home/airflow/.local/lib/python3.7/site-packages/airflow/example_dags/example_branch_operator.py
[2023-12-29T04:33:07.586+0000] {processor.py:756} INFO - Processing file /home/airflow/.local/lib/python3.7/site-packages/airflow/example_dags/example_branch_operator.py for tasks to queue
[2023-12-29T04:33:07.586+0000] {logging_mixin.py:120} INFO - [2023-12-29T04:33:07.586+0000] {dagbag.py:537} INFO - Filling up the DagBag from /home/airflow/.local/lib/python3.7/site-packages/airflow/example_dags/example_branch_operator.py
[2023-12-29T04:33:07.602+0000] {processor.py:766} INFO - DAG(s) dict_keys(['example_branch_operator']) retrieved from /home/airflow/.local/lib/python3.7/site-packages/airflow/example_dags/example_branch_operator.py
[2023-12-29T04:33:07.636+0000] {logging_mixin.py:120} INFO - [2023-12-29T04:33:07.636+0000] {dag.py:2585} INFO - Sync 1 DAGs
[2023-12-29T04:33:07.662+0000] {logging_mixin.py:120} INFO - [2023-12-29T04:33:07.662+0000] {dag.py:3340} INFO - Setting next_dagrun for example_branch_operator to 2023-12-28T00:00:00+00:00, run_after=2023-12-29T00:00:00+00:00
[2023-12-29T04:33:07.679+0000] {processor.py:176} INFO - Processing /home/airflow/.local/lib/python3.7/site-packages/airflow/example_dags/example_branch_operator.py took 0.096 seconds
[2023-12-29T04:33:39.020+0000] {processor.py:154} INFO - Started process (PID=182) to work on /home/airflow/.local/lib/python3.7/site-packages/airflow/example_dags/example_branch_operator.py
[2023-12-29T04:33:39.021+0000] {processor.py:756} INFO - Processing file /home/airflow/.local/lib/python3.7/site-packages/airflow/example_dags/example_branch_operator.py for tasks to queue
[2023-12-29T04:33:39.022+0000] {logging_mixin.py:120} INFO - [2023-12-29T04:33:39.022+0000] {dagbag.py:537} INFO - Filling up the DagBag from /home/airflow/.local/lib/python3.7/site-packages/airflow/example_dags/example_branch_operator.py
[2023-12-29T04:33:39.038+0000] {processor.py:766} INFO - DAG(s) dict_keys(['example_branch_operator']) retrieved from /home/airflow/.local/lib/python3.7/site-packages/airflow/example_dags/example_branch_operator.py
[2023-12-29T04:33:39.073+0000] {logging_mixin.py:120} INFO - [2023-12-29T04:33:39.073+0000] {dag.py:2585} INFO - Sync 1 DAGs
[2023-12-29T04:33:39.097+0000] {logging_mixin.py:120} INFO - [2023-12-29T04:33:39.097+0000] {dag.py:3340} INFO - Setting next_dagrun for example_branch_operator to 2023-12-28T00:00:00+00:00, run_after=2023-12-29T00:00:00+00:00
[2023-12-29T04:33:39.114+0000] {processor.py:176} INFO - Processing /home/airflow/.local/lib/python3.7/site-packages/airflow/example_dags/example_branch_operator.py took 0.096 seconds
[2023-12-29T04:34:09.909+0000] {processor.py:154} INFO - Started process (PID=237) to work on /home/airflow/.local/lib/python3.7/site-packages/airflow/example_dags/example_branch_operator.py
[2023-12-29T04:34:09.910+0000] {processor.py:756} INFO - Processing file /home/airflow/.local/lib/python3.7/site-packages/airflow/example_dags/example_branch_operator.py for tasks to queue
[2023-12-29T04:34:09.910+0000] {logging_mixin.py:120} INFO - [2023-12-29T04:34:09.910+0000] {dagbag.py:537} INFO - Filling up the DagBag from /home/airflow/.local/lib/python3.7/site-packages/airflow/example_dags/example_branch_operator.py
[2023-12-29T04:34:09.927+0000] {processor.py:766} INFO - DAG(s) dict_keys(['example_branch_operator']) retrieved from /home/airflow/.local/lib/python3.7/site-packages/airflow/example_dags/example_branch_operator.py
[2023-12-29T04:34:09.968+0000] {logging_mixin.py:120} INFO - [2023-12-29T04:34:09.967+0000] {dag.py:2585} INFO - Sync 1 DAGs
[2023-12-29T04:34:10.000+0000] {logging_mixin.py:120} INFO - [2023-12-29T04:34:09.999+0000] {dag.py:3340} INFO - Setting next_dagrun for example_branch_operator to 2023-12-28T00:00:00+00:00, run_after=2023-12-29T00:00:00+00:00
[2023-12-29T04:34:10.020+0000] {processor.py:176} INFO - Processing /home/airflow/.local/lib/python3.7/site-packages/airflow/example_dags/example_branch_operator.py took 0.114 seconds
[2023-12-29T04:34:40.694+0000] {processor.py:154} INFO - Started process (PID=302) to work on /home/airflow/.local/lib/python3.7/site-packages/airflow/example_dags/example_branch_operator.py
[2023-12-29T04:34:40.696+0000] {processor.py:756} INFO - Processing file /home/airflow/.local/lib/python3.7/site-packages/airflow/example_dags/example_branch_operator.py for tasks to queue
[2023-12-29T04:34:40.697+0000] {logging_mixin.py:120} INFO - [2023-12-29T04:34:40.696+0000] {dagbag.py:537} INFO - Filling up the DagBag from /home/airflow/.local/lib/python3.7/site-packages/airflow/example_dags/example_branch_operator.py
[2023-12-29T04:34:40.713+0000] {processor.py:766} INFO - DAG(s) dict_keys(['example_branch_operator']) retrieved from /home/airflow/.local/lib/python3.7/site-packages/airflow/example_dags/example_branch_operator.py
[2023-12-29T04:34:40.754+0000] {logging_mixin.py:120} INFO - [2023-12-29T04:34:40.754+0000] {dag.py:2585} INFO - Sync 1 DAGs
[2023-12-29T04:34:40.784+0000] {logging_mixin.py:120} INFO - [2023-12-29T04:34:40.783+0000] {dag.py:3340} INFO - Setting next_dagrun for example_branch_operator to 2023-12-28T00:00:00+00:00, run_after=2023-12-29T00:00:00+00:00
[2023-12-29T04:34:40.806+0000] {processor.py:176} INFO - Processing /home/airflow/.local/lib/python3.7/site-packages/airflow/example_dags/example_branch_operator.py took 0.115 seconds
[2023-12-29T04:35:11.443+0000] {processor.py:154} INFO - Started process (PID=365) to work on /home/airflow/.local/lib/python3.7/site-packages/airflow/example_dags/example_branch_operator.py
[2023-12-29T04:35:11.443+0000] {processor.py:756} INFO - Processing file /home/airflow/.local/lib/python3.7/site-packages/airflow/example_dags/example_branch_operator.py for tasks to queue
[2023-12-29T04:35:11.444+0000] {logging_mixin.py:120} INFO - [2023-12-29T04:35:11.444+0000] {dagbag.py:537} INFO - Filling up the DagBag from /home/airflow/.local/lib/python3.7/site-packages/airflow/example_dags/example_branch_operator.py
[2023-12-29T04:35:11.460+0000] {processor.py:766} INFO - DAG(s) dict_keys(['example_branch_operator']) retrieved from /home/airflow/.local/lib/python3.7/site-packages/airflow/example_dags/example_branch_operator.py
[2023-12-29T04:35:11.499+0000] {logging_mixin.py:120} INFO - [2023-12-29T04:35:11.499+0000] {dag.py:2585} INFO - Sync 1 DAGs
[2023-12-29T04:35:11.527+0000] {logging_mixin.py:120} INFO - [2023-12-29T04:35:11.527+0000] {dag.py:3340} INFO - Setting next_dagrun for example_branch_operator to 2023-12-28T00:00:00+00:00, run_after=2023-12-29T00:00:00+00:00
[2023-12-29T04:35:11.546+0000] {processor.py:176} INFO - Processing /home/airflow/.local/lib/python3.7/site-packages/airflow/example_dags/example_branch_operator.py took 0.106 seconds
[2023-12-29T04:35:41.996+0000] {processor.py:154} INFO - Started process (PID=420) to work on /home/airflow/.local/lib/python3.7/site-packages/airflow/example_dags/example_branch_operator.py
[2023-12-29T04:35:41.997+0000] {processor.py:756} INFO - Processing file /home/airflow/.local/lib/python3.7/site-packages/airflow/example_dags/example_branch_operator.py for tasks to queue
[2023-12-29T04:35:41.997+0000] {logging_mixin.py:120} INFO - [2023-12-29T04:35:41.997+0000] {dagbag.py:537} INFO - Filling up the DagBag from /home/airflow/.local/lib/python3.7/site-packages/airflow/example_dags/example_branch_operator.py
[2023-12-29T04:35:42.017+0000] {processor.py:766} INFO - DAG(s) dict_keys(['example_branch_operator']) retrieved from /home/airflow/.local/lib/python3.7/site-packages/airflow/example_dags/example_branch_operator.py
[2023-12-29T04:35:42.043+0000] {logging_mixin.py:120} INFO - [2023-12-29T04:35:42.043+0000] {dag.py:2585} INFO - Sync 1 DAGs
[2023-12-29T04:35:42.074+0000] {logging_mixin.py:120} INFO - [2023-12-29T04:35:42.074+0000] {dag.py:3340} INFO - Setting next_dagrun for example_branch_operator to 2023-12-28T00:00:00+00:00, run_after=2023-12-29T00:00:00+00:00
[2023-12-29T04:35:42.097+0000] {processor.py:176} INFO - Processing /home/airflow/.local/lib/python3.7/site-packages/airflow/example_dags/example_branch_operator.py took 0.104 seconds
[2023-12-29T04:36:13.110+0000] {processor.py:154} INFO - Started process (PID=483) to work on /home/airflow/.local/lib/python3.7/site-packages/airflow/example_dags/example_branch_operator.py
[2023-12-29T04:36:13.111+0000] {processor.py:756} INFO - Processing file /home/airflow/.local/lib/python3.7/site-packages/airflow/example_dags/example_branch_operator.py for tasks to queue
[2023-12-29T04:36:13.112+0000] {logging_mixin.py:120} INFO - [2023-12-29T04:36:13.112+0000] {dagbag.py:537} INFO - Filling up the DagBag from /home/airflow/.local/lib/python3.7/site-packages/airflow/example_dags/example_branch_operator.py
[2023-12-29T04:36:13.130+0000] {processor.py:766} INFO - DAG(s) dict_keys(['example_branch_operator']) retrieved from /home/airflow/.local/lib/python3.7/site-packages/airflow/example_dags/example_branch_operator.py
[2023-12-29T04:36:13.175+0000] {logging_mixin.py:120} INFO - [2023-12-29T04:36:13.174+0000] {dag.py:2585} INFO - Sync 1 DAGs
[2023-12-29T04:36:13.207+0000] {logging_mixin.py:120} INFO - [2023-12-29T04:36:13.207+0000] {dag.py:3340} INFO - Setting next_dagrun for example_branch_operator to 2023-12-28T00:00:00+00:00, run_after=2023-12-29T00:00:00+00:00
[2023-12-29T04:36:13.226+0000] {processor.py:176} INFO - Processing /home/airflow/.local/lib/python3.7/site-packages/airflow/example_dags/example_branch_operator.py took 0.119 seconds
[2023-12-29T04:36:44.572+0000] {processor.py:154} INFO - Started process (PID=548) to work on /home/airflow/.local/lib/python3.7/site-packages/airflow/example_dags/example_branch_operator.py
[2023-12-29T04:36:44.573+0000] {processor.py:756} INFO - Processing file /home/airflow/.local/lib/python3.7/site-packages/airflow/example_dags/example_branch_operator.py for tasks to queue
[2023-12-29T04:36:44.574+0000] {logging_mixin.py:120} INFO - [2023-12-29T04:36:44.574+0000] {dagbag.py:537} INFO - Filling up the DagBag from /home/airflow/.local/lib/python3.7/site-packages/airflow/example_dags/example_branch_operator.py
[2023-12-29T04:36:44.594+0000] {processor.py:766} INFO - DAG(s) dict_keys(['example_branch_operator']) retrieved from /home/airflow/.local/lib/python3.7/site-packages/airflow/example_dags/example_branch_operator.py
[2023-12-29T04:36:44.640+0000] {logging_mixin.py:120} INFO - [2023-12-29T04:36:44.640+0000] {dag.py:2585} INFO - Sync 1 DAGs
[2023-12-29T04:36:44.673+0000] {logging_mixin.py:120} INFO - [2023-12-29T04:36:44.673+0000] {dag.py:3340} INFO - Setting next_dagrun for example_branch_operator to 2023-12-28T00:00:00+00:00, run_after=2023-12-29T00:00:00+00:00
[2023-12-29T04:36:44.701+0000] {processor.py:176} INFO - Processing /home/airflow/.local/lib/python3.7/site-packages/airflow/example_dags/example_branch_operator.py took 0.132 seconds
[2023-12-29T04:37:15.710+0000] {processor.py:154} INFO - Started process (PID=602) to work on /home/airflow/.local/lib/python3.7/site-packages/airflow/example_dags/example_branch_operator.py
[2023-12-29T04:37:15.719+0000] {processor.py:756} INFO - Processing file /home/airflow/.local/lib/python3.7/site-packages/airflow/example_dags/example_branch_operator.py for tasks to queue
[2023-12-29T04:37:15.720+0000] {logging_mixin.py:120} INFO - [2023-12-29T04:37:15.720+0000] {dagbag.py:537} INFO - Filling up the DagBag from /home/airflow/.local/lib/python3.7/site-packages/airflow/example_dags/example_branch_operator.py
[2023-12-29T04:37:15.749+0000] {processor.py:766} INFO - DAG(s) dict_keys(['example_branch_operator']) retrieved from /home/airflow/.local/lib/python3.7/site-packages/airflow/example_dags/example_branch_operator.py
[2023-12-29T04:37:15.850+0000] {logging_mixin.py:120} INFO - [2023-12-29T04:37:15.850+0000] {dag.py:2585} INFO - Sync 1 DAGs
[2023-12-29T04:37:15.897+0000] {logging_mixin.py:120} INFO - [2023-12-29T04:37:15.897+0000] {dag.py:3340} INFO - Setting next_dagrun for example_branch_operator to 2023-12-28T00:00:00+00:00, run_after=2023-12-29T00:00:00+00:00
[2023-12-29T04:37:15.939+0000] {processor.py:176} INFO - Processing /home/airflow/.local/lib/python3.7/site-packages/airflow/example_dags/example_branch_operator.py took 0.232 seconds
[2023-12-29T04:37:46.002+0000] {processor.py:154} INFO - Started process (PID=664) to work on /home/airflow/.local/lib/python3.7/site-packages/airflow/example_dags/example_branch_operator.py
[2023-12-29T04:37:46.003+0000] {processor.py:756} INFO - Processing file /home/airflow/.local/lib/python3.7/site-packages/airflow/example_dags/example_branch_operator.py for tasks to queue
[2023-12-29T04:37:46.003+0000] {logging_mixin.py:120} INFO - [2023-12-29T04:37:46.003+0000] {dagbag.py:537} INFO - Filling up the DagBag from /home/airflow/.local/lib/python3.7/site-packages/airflow/example_dags/example_branch_operator.py
[2023-12-29T04:37:46.020+0000] {processor.py:766} INFO - DAG(s) dict_keys(['example_branch_operator']) retrieved from /home/airflow/.local/lib/python3.7/site-packages/airflow/example_dags/example_branch_operator.py
[2023-12-29T04:37:46.059+0000] {logging_mixin.py:120} INFO - [2023-12-29T04:37:46.059+0000] {dag.py:2585} INFO - Sync 1 DAGs
[2023-12-29T04:37:46.087+0000] {logging_mixin.py:120} INFO - [2023-12-29T04:37:46.087+0000] {dag.py:3340} INFO - Setting next_dagrun for example_branch_operator to 2023-12-28T00:00:00+00:00, run_after=2023-12-29T00:00:00+00:00
[2023-12-29T04:37:46.109+0000] {processor.py:176} INFO - Processing /home/airflow/.local/lib/python3.7/site-packages/airflow/example_dags/example_branch_operator.py took 0.110 seconds
[2023-12-29T04:38:16.997+0000] {processor.py:154} INFO - Started process (PID=729) to work on /home/airflow/.local/lib/python3.7/site-packages/airflow/example_dags/example_branch_operator.py
[2023-12-29T04:38:16.998+0000] {processor.py:756} INFO - Processing file /home/airflow/.local/lib/python3.7/site-packages/airflow/example_dags/example_branch_operator.py for tasks to queue
[2023-12-29T04:38:16.998+0000] {logging_mixin.py:120} INFO - [2023-12-29T04:38:16.998+0000] {dagbag.py:537} INFO - Filling up the DagBag from /home/airflow/.local/lib/python3.7/site-packages/airflow/example_dags/example_branch_operator.py
[2023-12-29T04:38:17.017+0000] {processor.py:766} INFO - DAG(s) dict_keys(['example_branch_operator']) retrieved from /home/airflow/.local/lib/python3.7/site-packages/airflow/example_dags/example_branch_operator.py
[2023-12-29T04:38:17.058+0000] {logging_mixin.py:120} INFO - [2023-12-29T04:38:17.057+0000] {dag.py:2585} INFO - Sync 1 DAGs
[2023-12-29T04:38:17.087+0000] {logging_mixin.py:120} INFO - [2023-12-29T04:38:17.087+0000] {dag.py:3340} INFO - Setting next_dagrun for example_branch_operator to 2023-12-28T00:00:00+00:00, run_after=2023-12-29T00:00:00+00:00
[2023-12-29T04:38:17.123+0000] {processor.py:176} INFO - Processing /home/airflow/.local/lib/python3.7/site-packages/airflow/example_dags/example_branch_operator.py took 0.129 seconds
[2023-12-29T04:38:47.616+0000] {processor.py:154} INFO - Started process (PID=785) to work on /home/airflow/.local/lib/python3.7/site-packages/airflow/example_dags/example_branch_operator.py
[2023-12-29T04:38:47.617+0000] {processor.py:756} INFO - Processing file /home/airflow/.local/lib/python3.7/site-packages/airflow/example_dags/example_branch_operator.py for tasks to queue
[2023-12-29T04:38:47.618+0000] {logging_mixin.py:120} INFO - [2023-12-29T04:38:47.617+0000] {dagbag.py:537} INFO - Filling up the DagBag from /home/airflow/.local/lib/python3.7/site-packages/airflow/example_dags/example_branch_operator.py
[2023-12-29T04:38:47.637+0000] {processor.py:766} INFO - DAG(s) dict_keys(['example_branch_operator']) retrieved from /home/airflow/.local/lib/python3.7/site-packages/airflow/example_dags/example_branch_operator.py
[2023-12-29T04:38:47.684+0000] {logging_mixin.py:120} INFO - [2023-12-29T04:38:47.684+0000] {dag.py:2585} INFO - Sync 1 DAGs
[2023-12-29T04:38:47.725+0000] {logging_mixin.py:120} INFO - [2023-12-29T04:38:47.724+0000] {dag.py:3340} INFO - Setting next_dagrun for example_branch_operator to 2023-12-28T00:00:00+00:00, run_after=2023-12-29T00:00:00+00:00
[2023-12-29T04:38:47.751+0000] {processor.py:176} INFO - Processing /home/airflow/.local/lib/python3.7/site-packages/airflow/example_dags/example_branch_operator.py took 0.137 seconds
[2023-12-29T04:39:17.944+0000] {processor.py:154} INFO - Started process (PID=849) to work on /home/airflow/.local/lib/python3.7/site-packages/airflow/example_dags/example_branch_operator.py
[2023-12-29T04:39:17.945+0000] {processor.py:756} INFO - Processing file /home/airflow/.local/lib/python3.7/site-packages/airflow/example_dags/example_branch_operator.py for tasks to queue
[2023-12-29T04:39:17.946+0000] {logging_mixin.py:120} INFO - [2023-12-29T04:39:17.946+0000] {dagbag.py:537} INFO - Filling up the DagBag from /home/airflow/.local/lib/python3.7/site-packages/airflow/example_dags/example_branch_operator.py
[2023-12-29T04:39:17.962+0000] {processor.py:766} INFO - DAG(s) dict_keys(['example_branch_operator']) retrieved from /home/airflow/.local/lib/python3.7/site-packages/airflow/example_dags/example_branch_operator.py
[2023-12-29T04:39:18.009+0000] {logging_mixin.py:120} INFO - [2023-12-29T04:39:18.008+0000] {dag.py:2585} INFO - Sync 1 DAGs
[2023-12-29T04:39:18.038+0000] {logging_mixin.py:120} INFO - [2023-12-29T04:39:18.037+0000] {dag.py:3340} INFO - Setting next_dagrun for example_branch_operator to 2023-12-28T00:00:00+00:00, run_after=2023-12-29T00:00:00+00:00
[2023-12-29T04:39:18.060+0000] {processor.py:176} INFO - Processing /home/airflow/.local/lib/python3.7/site-packages/airflow/example_dags/example_branch_operator.py took 0.118 seconds
[2023-12-29T04:39:48.230+0000] {processor.py:154} INFO - Started process (PID=913) to work on /home/airflow/.local/lib/python3.7/site-packages/airflow/example_dags/example_branch_operator.py
[2023-12-29T04:39:48.231+0000] {processor.py:756} INFO - Processing file /home/airflow/.local/lib/python3.7/site-packages/airflow/example_dags/example_branch_operator.py for tasks to queue
[2023-12-29T04:39:48.231+0000] {logging_mixin.py:120} INFO - [2023-12-29T04:39:48.231+0000] {dagbag.py:537} INFO - Filling up the DagBag from /home/airflow/.local/lib/python3.7/site-packages/airflow/example_dags/example_branch_operator.py
[2023-12-29T04:39:48.247+0000] {processor.py:766} INFO - DAG(s) dict_keys(['example_branch_operator']) retrieved from /home/airflow/.local/lib/python3.7/site-packages/airflow/example_dags/example_branch_operator.py
[2023-12-29T04:39:48.286+0000] {logging_mixin.py:120} INFO - [2023-12-29T04:39:48.286+0000] {dag.py:2585} INFO - Sync 1 DAGs
[2023-12-29T04:39:48.312+0000] {logging_mixin.py:120} INFO - [2023-12-29T04:39:48.312+0000] {dag.py:3340} INFO - Setting next_dagrun for example_branch_operator to 2023-12-28T00:00:00+00:00, run_after=2023-12-29T00:00:00+00:00
[2023-12-29T04:39:48.331+0000] {processor.py:176} INFO - Processing /home/airflow/.local/lib/python3.7/site-packages/airflow/example_dags/example_branch_operator.py took 0.103 seconds
[2023-12-29T04:40:18.497+0000] {processor.py:154} INFO - Started process (PID=969) to work on /home/airflow/.local/lib/python3.7/site-packages/airflow/example_dags/example_branch_operator.py
[2023-12-29T04:40:18.497+0000] {processor.py:756} INFO - Processing file /home/airflow/.local/lib/python3.7/site-packages/airflow/example_dags/example_branch_operator.py for tasks to queue
[2023-12-29T04:40:18.498+0000] {logging_mixin.py:120} INFO - [2023-12-29T04:40:18.498+0000] {dagbag.py:537} INFO - Filling up the DagBag from /home/airflow/.local/lib/python3.7/site-packages/airflow/example_dags/example_branch_operator.py
[2023-12-29T04:40:18.514+0000] {processor.py:766} INFO - DAG(s) dict_keys(['example_branch_operator']) retrieved from /home/airflow/.local/lib/python3.7/site-packages/airflow/example_dags/example_branch_operator.py
[2023-12-29T04:40:18.551+0000] {logging_mixin.py:120} INFO - [2023-12-29T04:40:18.550+0000] {dag.py:2585} INFO - Sync 1 DAGs
[2023-12-29T04:40:18.576+0000] {logging_mixin.py:120} INFO - [2023-12-29T04:40:18.576+0000] {dag.py:3340} INFO - Setting next_dagrun for example_branch_operator to 2023-12-28T00:00:00+00:00, run_after=2023-12-29T00:00:00+00:00
[2023-12-29T04:40:18.595+0000] {processor.py:176} INFO - Processing /home/airflow/.local/lib/python3.7/site-packages/airflow/example_dags/example_branch_operator.py took 0.101 seconds
[2023-12-29T04:40:48.810+0000] {processor.py:154} INFO - Started process (PID=1031) to work on /home/airflow/.local/lib/python3.7/site-packages/airflow/example_dags/example_branch_operator.py
[2023-12-29T04:40:48.811+0000] {processor.py:756} INFO - Processing file /home/airflow/.local/lib/python3.7/site-packages/airflow/example_dags/example_branch_operator.py for tasks to queue
[2023-12-29T04:40:48.812+0000] {logging_mixin.py:120} INFO - [2023-12-29T04:40:48.812+0000] {dagbag.py:537} INFO - Filling up the DagBag from /home/airflow/.local/lib/python3.7/site-packages/airflow/example_dags/example_branch_operator.py
[2023-12-29T04:40:48.829+0000] {processor.py:766} INFO - DAG(s) dict_keys(['example_branch_operator']) retrieved from /home/airflow/.local/lib/python3.7/site-packages/airflow/example_dags/example_branch_operator.py
[2023-12-29T04:40:48.865+0000] {logging_mixin.py:120} INFO - [2023-12-29T04:40:48.865+0000] {dag.py:2585} INFO - Sync 1 DAGs
[2023-12-29T04:40:48.893+0000] {logging_mixin.py:120} INFO - [2023-12-29T04:40:48.893+0000] {dag.py:3340} INFO - Setting next_dagrun for example_branch_operator to 2023-12-28T00:00:00+00:00, run_after=2023-12-29T00:00:00+00:00
[2023-12-29T04:40:48.911+0000] {processor.py:176} INFO - Processing /home/airflow/.local/lib/python3.7/site-packages/airflow/example_dags/example_branch_operator.py took 0.103 seconds
[2023-12-29T04:41:19.513+0000] {processor.py:154} INFO - Started process (PID=1097) to work on /home/airflow/.local/lib/python3.7/site-packages/airflow/example_dags/example_branch_operator.py
[2023-12-29T04:41:19.514+0000] {processor.py:756} INFO - Processing file /home/airflow/.local/lib/python3.7/site-packages/airflow/example_dags/example_branch_operator.py for tasks to queue
[2023-12-29T04:41:19.514+0000] {logging_mixin.py:120} INFO - [2023-12-29T04:41:19.514+0000] {dagbag.py:537} INFO - Filling up the DagBag from /home/airflow/.local/lib/python3.7/site-packages/airflow/example_dags/example_branch_operator.py
[2023-12-29T04:41:19.546+0000] {processor.py:766} INFO - DAG(s) dict_keys(['example_branch_operator']) retrieved from /home/airflow/.local/lib/python3.7/site-packages/airflow/example_dags/example_branch_operator.py
[2023-12-29T04:41:19.601+0000] {logging_mixin.py:120} INFO - [2023-12-29T04:41:19.601+0000] {dag.py:2585} INFO - Sync 1 DAGs
[2023-12-29T04:41:19.636+0000] {logging_mixin.py:120} INFO - [2023-12-29T04:41:19.636+0000] {dag.py:3340} INFO - Setting next_dagrun for example_branch_operator to 2023-12-28T00:00:00+00:00, run_after=2023-12-29T00:00:00+00:00
[2023-12-29T04:41:19.658+0000] {processor.py:176} INFO - Processing /home/airflow/.local/lib/python3.7/site-packages/airflow/example_dags/example_branch_operator.py took 0.148 seconds
[2023-12-29T04:41:49.938+0000] {processor.py:154} INFO - Started process (PID=1152) to work on /home/airflow/.local/lib/python3.7/site-packages/airflow/example_dags/example_branch_operator.py
[2023-12-29T04:41:49.939+0000] {processor.py:756} INFO - Processing file /home/airflow/.local/lib/python3.7/site-packages/airflow/example_dags/example_branch_operator.py for tasks to queue
[2023-12-29T04:41:49.939+0000] {logging_mixin.py:120} INFO - [2023-12-29T04:41:49.939+0000] {dagbag.py:537} INFO - Filling up the DagBag from /home/airflow/.local/lib/python3.7/site-packages/airflow/example_dags/example_branch_operator.py
[2023-12-29T04:41:49.966+0000] {processor.py:766} INFO - DAG(s) dict_keys(['example_branch_operator']) retrieved from /home/airflow/.local/lib/python3.7/site-packages/airflow/example_dags/example_branch_operator.py
[2023-12-29T04:41:50.015+0000] {logging_mixin.py:120} INFO - [2023-12-29T04:41:50.015+0000] {dag.py:2585} INFO - Sync 1 DAGs
[2023-12-29T04:41:50.051+0000] {logging_mixin.py:120} INFO - [2023-12-29T04:41:50.051+0000] {dag.py:3340} INFO - Setting next_dagrun for example_branch_operator to 2023-12-28T00:00:00+00:00, run_after=2023-12-29T00:00:00+00:00
[2023-12-29T04:41:50.099+0000] {processor.py:176} INFO - Processing /home/airflow/.local/lib/python3.7/site-packages/airflow/example_dags/example_branch_operator.py took 0.164 seconds
[2023-12-29T04:42:20.152+0000] {processor.py:154} INFO - Started process (PID=1218) to work on /home/airflow/.local/lib/python3.7/site-packages/airflow/example_dags/example_branch_operator.py
[2023-12-29T04:42:20.153+0000] {processor.py:756} INFO - Processing file /home/airflow/.local/lib/python3.7/site-packages/airflow/example_dags/example_branch_operator.py for tasks to queue
[2023-12-29T04:42:20.154+0000] {logging_mixin.py:120} INFO - [2023-12-29T04:42:20.154+0000] {dagbag.py:537} INFO - Filling up the DagBag from /home/airflow/.local/lib/python3.7/site-packages/airflow/example_dags/example_branch_operator.py
[2023-12-29T04:42:20.172+0000] {processor.py:766} INFO - DAG(s) dict_keys(['example_branch_operator']) retrieved from /home/airflow/.local/lib/python3.7/site-packages/airflow/example_dags/example_branch_operator.py
[2023-12-29T04:42:20.221+0000] {logging_mixin.py:120} INFO - [2023-12-29T04:42:20.221+0000] {dag.py:2585} INFO - Sync 1 DAGs
[2023-12-29T04:42:20.252+0000] {logging_mixin.py:120} INFO - [2023-12-29T04:42:20.252+0000] {dag.py:3340} INFO - Setting next_dagrun for example_branch_operator to 2023-12-28T00:00:00+00:00, run_after=2023-12-29T00:00:00+00:00
[2023-12-29T04:42:20.273+0000] {processor.py:176} INFO - Processing /home/airflow/.local/lib/python3.7/site-packages/airflow/example_dags/example_branch_operator.py took 0.124 seconds
[2023-12-29T04:42:50.854+0000] {processor.py:154} INFO - Started process (PID=1281) to work on /home/airflow/.local/lib/python3.7/site-packages/airflow/example_dags/example_branch_operator.py
[2023-12-29T04:42:50.855+0000] {processor.py:756} INFO - Processing file /home/airflow/.local/lib/python3.7/site-packages/airflow/example_dags/example_branch_operator.py for tasks to queue
[2023-12-29T04:42:50.856+0000] {logging_mixin.py:120} INFO - [2023-12-29T04:42:50.856+0000] {dagbag.py:537} INFO - Filling up the DagBag from /home/airflow/.local/lib/python3.7/site-packages/airflow/example_dags/example_branch_operator.py
[2023-12-29T04:42:50.873+0000] {processor.py:766} INFO - DAG(s) dict_keys(['example_branch_operator']) retrieved from /home/airflow/.local/lib/python3.7/site-packages/airflow/example_dags/example_branch_operator.py
[2023-12-29T04:42:50.923+0000] {logging_mixin.py:120} INFO - [2023-12-29T04:42:50.923+0000] {dag.py:2585} INFO - Sync 1 DAGs
[2023-12-29T04:42:50.963+0000] {logging_mixin.py:120} INFO - [2023-12-29T04:42:50.963+0000] {dag.py:3340} INFO - Setting next_dagrun for example_branch_operator to 2023-12-28T00:00:00+00:00, run_after=2023-12-29T00:00:00+00:00
[2023-12-29T04:42:51.006+0000] {processor.py:176} INFO - Processing /home/airflow/.local/lib/python3.7/site-packages/airflow/example_dags/example_branch_operator.py took 0.154 seconds
[2023-12-29T04:43:21.902+0000] {processor.py:154} INFO - Started process (PID=1336) to work on /home/airflow/.local/lib/python3.7/site-packages/airflow/example_dags/example_branch_operator.py
[2023-12-29T04:43:21.902+0000] {processor.py:756} INFO - Processing file /home/airflow/.local/lib/python3.7/site-packages/airflow/example_dags/example_branch_operator.py for tasks to queue
[2023-12-29T04:43:21.903+0000] {logging_mixin.py:120} INFO - [2023-12-29T04:43:21.903+0000] {dagbag.py:537} INFO - Filling up the DagBag from /home/airflow/.local/lib/python3.7/site-packages/airflow/example_dags/example_branch_operator.py
[2023-12-29T04:43:21.921+0000] {processor.py:766} INFO - DAG(s) dict_keys(['example_branch_operator']) retrieved from /home/airflow/.local/lib/python3.7/site-packages/airflow/example_dags/example_branch_operator.py
[2023-12-29T04:43:21.966+0000] {logging_mixin.py:120} INFO - [2023-12-29T04:43:21.966+0000] {dag.py:2585} INFO - Sync 1 DAGs
[2023-12-29T04:43:21.993+0000] {logging_mixin.py:120} INFO - [2023-12-29T04:43:21.993+0000] {dag.py:3340} INFO - Setting next_dagrun for example_branch_operator to 2023-12-28T00:00:00+00:00, run_after=2023-12-29T00:00:00+00:00
[2023-12-29T04:43:22.010+0000] {processor.py:176} INFO - Processing /home/airflow/.local/lib/python3.7/site-packages/airflow/example_dags/example_branch_operator.py took 0.112 seconds
[2023-12-29T04:43:52.185+0000] {processor.py:154} INFO - Started process (PID=1400) to work on /home/airflow/.local/lib/python3.7/site-packages/airflow/example_dags/example_branch_operator.py
[2023-12-29T04:43:52.186+0000] {processor.py:756} INFO - Processing file /home/airflow/.local/lib/python3.7/site-packages/airflow/example_dags/example_branch_operator.py for tasks to queue
[2023-12-29T04:43:52.187+0000] {logging_mixin.py:120} INFO - [2023-12-29T04:43:52.187+0000] {dagbag.py:537} INFO - Filling up the DagBag from /home/airflow/.local/lib/python3.7/site-packages/airflow/example_dags/example_branch_operator.py
[2023-12-29T04:43:52.203+0000] {processor.py:766} INFO - DAG(s) dict_keys(['example_branch_operator']) retrieved from /home/airflow/.local/lib/python3.7/site-packages/airflow/example_dags/example_branch_operator.py
[2023-12-29T04:43:52.242+0000] {logging_mixin.py:120} INFO - [2023-12-29T04:43:52.242+0000] {dag.py:2585} INFO - Sync 1 DAGs
[2023-12-29T04:43:52.268+0000] {logging_mixin.py:120} INFO - [2023-12-29T04:43:52.268+0000] {dag.py:3340} INFO - Setting next_dagrun for example_branch_operator to 2023-12-28T00:00:00+00:00, run_after=2023-12-29T00:00:00+00:00
[2023-12-29T04:43:52.285+0000] {processor.py:176} INFO - Processing /home/airflow/.local/lib/python3.7/site-packages/airflow/example_dags/example_branch_operator.py took 0.102 seconds
[2023-12-29T04:44:23.124+0000] {processor.py:154} INFO - Started process (PID=1465) to work on /home/airflow/.local/lib/python3.7/site-packages/airflow/example_dags/example_branch_operator.py
[2023-12-29T04:44:23.125+0000] {processor.py:756} INFO - Processing file /home/airflow/.local/lib/python3.7/site-packages/airflow/example_dags/example_branch_operator.py for tasks to queue
[2023-12-29T04:44:23.125+0000] {logging_mixin.py:120} INFO - [2023-12-29T04:44:23.125+0000] {dagbag.py:537} INFO - Filling up the DagBag from /home/airflow/.local/lib/python3.7/site-packages/airflow/example_dags/example_branch_operator.py
[2023-12-29T04:44:23.142+0000] {processor.py:766} INFO - DAG(s) dict_keys(['example_branch_operator']) retrieved from /home/airflow/.local/lib/python3.7/site-packages/airflow/example_dags/example_branch_operator.py
[2023-12-29T04:44:23.183+0000] {logging_mixin.py:120} INFO - [2023-12-29T04:44:23.183+0000] {dag.py:2585} INFO - Sync 1 DAGs
[2023-12-29T04:44:23.210+0000] {logging_mixin.py:120} INFO - [2023-12-29T04:44:23.210+0000] {dag.py:3340} INFO - Setting next_dagrun for example_branch_operator to 2023-12-28T00:00:00+00:00, run_after=2023-12-29T00:00:00+00:00
[2023-12-29T04:44:23.229+0000] {processor.py:176} INFO - Processing /home/airflow/.local/lib/python3.7/site-packages/airflow/example_dags/example_branch_operator.py took 0.108 seconds
[2023-12-29T04:44:53.415+0000] {processor.py:154} INFO - Started process (PID=1519) to work on /home/airflow/.local/lib/python3.7/site-packages/airflow/example_dags/example_branch_operator.py
[2023-12-29T04:44:53.416+0000] {processor.py:756} INFO - Processing file /home/airflow/.local/lib/python3.7/site-packages/airflow/example_dags/example_branch_operator.py for tasks to queue
[2023-12-29T04:44:53.417+0000] {logging_mixin.py:120} INFO - [2023-12-29T04:44:53.417+0000] {dagbag.py:537} INFO - Filling up the DagBag from /home/airflow/.local/lib/python3.7/site-packages/airflow/example_dags/example_branch_operator.py
[2023-12-29T04:44:53.436+0000] {processor.py:766} INFO - DAG(s) dict_keys(['example_branch_operator']) retrieved from /home/airflow/.local/lib/python3.7/site-packages/airflow/example_dags/example_branch_operator.py
[2023-12-29T04:44:53.477+0000] {logging_mixin.py:120} INFO - [2023-12-29T04:44:53.476+0000] {dag.py:2585} INFO - Sync 1 DAGs
[2023-12-29T04:44:53.506+0000] {logging_mixin.py:120} INFO - [2023-12-29T04:44:53.506+0000] {dag.py:3340} INFO - Setting next_dagrun for example_branch_operator to 2023-12-28T00:00:00+00:00, run_after=2023-12-29T00:00:00+00:00
[2023-12-29T04:44:53.524+0000] {processor.py:176} INFO - Processing /home/airflow/.local/lib/python3.7/site-packages/airflow/example_dags/example_branch_operator.py took 0.112 seconds
[2023-12-29T04:45:23.983+0000] {processor.py:154} INFO - Started process (PID=1583) to work on /home/airflow/.local/lib/python3.7/site-packages/airflow/example_dags/example_branch_operator.py
[2023-12-29T04:45:23.984+0000] {processor.py:756} INFO - Processing file /home/airflow/.local/lib/python3.7/site-packages/airflow/example_dags/example_branch_operator.py for tasks to queue
[2023-12-29T04:45:23.985+0000] {logging_mixin.py:120} INFO - [2023-12-29T04:45:23.985+0000] {dagbag.py:537} INFO - Filling up the DagBag from /home/airflow/.local/lib/python3.7/site-packages/airflow/example_dags/example_branch_operator.py
[2023-12-29T04:45:24.003+0000] {processor.py:766} INFO - DAG(s) dict_keys(['example_branch_operator']) retrieved from /home/airflow/.local/lib/python3.7/site-packages/airflow/example_dags/example_branch_operator.py
[2023-12-29T04:45:24.050+0000] {logging_mixin.py:120} INFO - [2023-12-29T04:45:24.049+0000] {dag.py:2585} INFO - Sync 1 DAGs
[2023-12-29T04:45:24.091+0000] {logging_mixin.py:120} INFO - [2023-12-29T04:45:24.091+0000] {dag.py:3340} INFO - Setting next_dagrun for example_branch_operator to 2023-12-28T00:00:00+00:00, run_after=2023-12-29T00:00:00+00:00
[2023-12-29T04:45:24.116+0000] {processor.py:176} INFO - Processing /home/airflow/.local/lib/python3.7/site-packages/airflow/example_dags/example_branch_operator.py took 0.136 seconds
[2023-12-29T04:45:54.152+0000] {processor.py:154} INFO - Started process (PID=1638) to work on /home/airflow/.local/lib/python3.7/site-packages/airflow/example_dags/example_branch_operator.py
[2023-12-29T04:45:54.153+0000] {processor.py:756} INFO - Processing file /home/airflow/.local/lib/python3.7/site-packages/airflow/example_dags/example_branch_operator.py for tasks to queue
[2023-12-29T04:45:54.153+0000] {logging_mixin.py:120} INFO - [2023-12-29T04:45:54.153+0000] {dagbag.py:537} INFO - Filling up the DagBag from /home/airflow/.local/lib/python3.7/site-packages/airflow/example_dags/example_branch_operator.py
[2023-12-29T04:45:54.169+0000] {processor.py:766} INFO - DAG(s) dict_keys(['example_branch_operator']) retrieved from /home/airflow/.local/lib/python3.7/site-packages/airflow/example_dags/example_branch_operator.py
[2023-12-29T04:45:54.207+0000] {logging_mixin.py:120} INFO - [2023-12-29T04:45:54.206+0000] {dag.py:2585} INFO - Sync 1 DAGs
[2023-12-29T04:45:54.232+0000] {logging_mixin.py:120} INFO - [2023-12-29T04:45:54.232+0000] {dag.py:3340} INFO - Setting next_dagrun for example_branch_operator to 2023-12-28T00:00:00+00:00, run_after=2023-12-29T00:00:00+00:00
[2023-12-29T04:45:54.249+0000] {processor.py:176} INFO - Processing /home/airflow/.local/lib/python3.7/site-packages/airflow/example_dags/example_branch_operator.py took 0.100 seconds
[2023-12-29T04:46:24.417+0000] {processor.py:154} INFO - Started process (PID=1702) to work on /home/airflow/.local/lib/python3.7/site-packages/airflow/example_dags/example_branch_operator.py
[2023-12-29T04:46:24.418+0000] {processor.py:756} INFO - Processing file /home/airflow/.local/lib/python3.7/site-packages/airflow/example_dags/example_branch_operator.py for tasks to queue
[2023-12-29T04:46:24.418+0000] {logging_mixin.py:120} INFO - [2023-12-29T04:46:24.418+0000] {dagbag.py:537} INFO - Filling up the DagBag from /home/airflow/.local/lib/python3.7/site-packages/airflow/example_dags/example_branch_operator.py
[2023-12-29T04:46:24.436+0000] {processor.py:766} INFO - DAG(s) dict_keys(['example_branch_operator']) retrieved from /home/airflow/.local/lib/python3.7/site-packages/airflow/example_dags/example_branch_operator.py
[2023-12-29T04:46:24.474+0000] {logging_mixin.py:120} INFO - [2023-12-29T04:46:24.474+0000] {dag.py:2585} INFO - Sync 1 DAGs
[2023-12-29T04:46:24.500+0000] {logging_mixin.py:120} INFO - [2023-12-29T04:46:24.500+0000] {dag.py:3340} INFO - Setting next_dagrun for example_branch_operator to 2023-12-28T00:00:00+00:00, run_after=2023-12-29T00:00:00+00:00
[2023-12-29T04:46:24.523+0000] {processor.py:176} INFO - Processing /home/airflow/.local/lib/python3.7/site-packages/airflow/example_dags/example_branch_operator.py took 0.109 seconds
[2023-12-29T04:46:55.144+0000] {processor.py:154} INFO - Started process (PID=1767) to work on /home/airflow/.local/lib/python3.7/site-packages/airflow/example_dags/example_branch_operator.py
[2023-12-29T04:46:55.145+0000] {processor.py:756} INFO - Processing file /home/airflow/.local/lib/python3.7/site-packages/airflow/example_dags/example_branch_operator.py for tasks to queue
[2023-12-29T04:46:55.145+0000] {logging_mixin.py:120} INFO - [2023-12-29T04:46:55.145+0000] {dagbag.py:537} INFO - Filling up the DagBag from /home/airflow/.local/lib/python3.7/site-packages/airflow/example_dags/example_branch_operator.py
[2023-12-29T04:46:55.163+0000] {processor.py:766} INFO - DAG(s) dict_keys(['example_branch_operator']) retrieved from /home/airflow/.local/lib/python3.7/site-packages/airflow/example_dags/example_branch_operator.py
[2023-12-29T04:46:55.199+0000] {logging_mixin.py:120} INFO - [2023-12-29T04:46:55.199+0000] {dag.py:2585} INFO - Sync 1 DAGs
[2023-12-29T04:46:55.230+0000] {logging_mixin.py:120} INFO - [2023-12-29T04:46:55.230+0000] {dag.py:3340} INFO - Setting next_dagrun for example_branch_operator to 2023-12-28T00:00:00+00:00, run_after=2023-12-29T00:00:00+00:00
[2023-12-29T04:46:55.251+0000] {processor.py:176} INFO - Processing /home/airflow/.local/lib/python3.7/site-packages/airflow/example_dags/example_branch_operator.py took 0.110 seconds
[2023-12-29T04:47:25.933+0000] {processor.py:154} INFO - Started process (PID=1821) to work on /home/airflow/.local/lib/python3.7/site-packages/airflow/example_dags/example_branch_operator.py
[2023-12-29T04:47:25.934+0000] {processor.py:756} INFO - Processing file /home/airflow/.local/lib/python3.7/site-packages/airflow/example_dags/example_branch_operator.py for tasks to queue
[2023-12-29T04:47:25.934+0000] {logging_mixin.py:120} INFO - [2023-12-29T04:47:25.934+0000] {dagbag.py:537} INFO - Filling up the DagBag from /home/airflow/.local/lib/python3.7/site-packages/airflow/example_dags/example_branch_operator.py
[2023-12-29T04:47:25.955+0000] {processor.py:766} INFO - DAG(s) dict_keys(['example_branch_operator']) retrieved from /home/airflow/.local/lib/python3.7/site-packages/airflow/example_dags/example_branch_operator.py
[2023-12-29T04:47:25.998+0000] {logging_mixin.py:120} INFO - [2023-12-29T04:47:25.998+0000] {dag.py:2585} INFO - Sync 1 DAGs
[2023-12-29T04:47:26.026+0000] {logging_mixin.py:120} INFO - [2023-12-29T04:47:26.026+0000] {dag.py:3340} INFO - Setting next_dagrun for example_branch_operator to 2023-12-28T00:00:00+00:00, run_after=2023-12-29T00:00:00+00:00
[2023-12-29T04:47:26.061+0000] {processor.py:176} INFO - Processing /home/airflow/.local/lib/python3.7/site-packages/airflow/example_dags/example_branch_operator.py took 0.131 seconds
[2023-12-29T04:47:56.652+0000] {processor.py:154} INFO - Started process (PID=1885) to work on /home/airflow/.local/lib/python3.7/site-packages/airflow/example_dags/example_branch_operator.py
[2023-12-29T04:47:56.653+0000] {processor.py:756} INFO - Processing file /home/airflow/.local/lib/python3.7/site-packages/airflow/example_dags/example_branch_operator.py for tasks to queue
[2023-12-29T04:47:56.653+0000] {logging_mixin.py:120} INFO - [2023-12-29T04:47:56.653+0000] {dagbag.py:537} INFO - Filling up the DagBag from /home/airflow/.local/lib/python3.7/site-packages/airflow/example_dags/example_branch_operator.py
[2023-12-29T04:47:56.671+0000] {processor.py:766} INFO - DAG(s) dict_keys(['example_branch_operator']) retrieved from /home/airflow/.local/lib/python3.7/site-packages/airflow/example_dags/example_branch_operator.py
[2023-12-29T04:47:56.712+0000] {logging_mixin.py:120} INFO - [2023-12-29T04:47:56.712+0000] {dag.py:2585} INFO - Sync 1 DAGs
[2023-12-29T04:47:56.740+0000] {logging_mixin.py:120} INFO - [2023-12-29T04:47:56.740+0000] {dag.py:3340} INFO - Setting next_dagrun for example_branch_operator to 2023-12-28T00:00:00+00:00, run_after=2023-12-29T00:00:00+00:00
[2023-12-29T04:47:56.763+0000] {processor.py:176} INFO - Processing /home/airflow/.local/lib/python3.7/site-packages/airflow/example_dags/example_branch_operator.py took 0.114 seconds
[2023-12-29T04:48:27.586+0000] {processor.py:154} INFO - Started process (PID=1950) to work on /home/airflow/.local/lib/python3.7/site-packages/airflow/example_dags/example_branch_operator.py
[2023-12-29T04:48:27.586+0000] {processor.py:756} INFO - Processing file /home/airflow/.local/lib/python3.7/site-packages/airflow/example_dags/example_branch_operator.py for tasks to queue
[2023-12-29T04:48:27.587+0000] {logging_mixin.py:120} INFO - [2023-12-29T04:48:27.587+0000] {dagbag.py:537} INFO - Filling up the DagBag from /home/airflow/.local/lib/python3.7/site-packages/airflow/example_dags/example_branch_operator.py
[2023-12-29T04:48:27.604+0000] {processor.py:766} INFO - DAG(s) dict_keys(['example_branch_operator']) retrieved from /home/airflow/.local/lib/python3.7/site-packages/airflow/example_dags/example_branch_operator.py
[2023-12-29T04:48:27.648+0000] {logging_mixin.py:120} INFO - [2023-12-29T04:48:27.648+0000] {dag.py:2585} INFO - Sync 1 DAGs
[2023-12-29T04:48:27.687+0000] {logging_mixin.py:120} INFO - [2023-12-29T04:48:27.687+0000] {dag.py:3340} INFO - Setting next_dagrun for example_branch_operator to 2023-12-28T00:00:00+00:00, run_after=2023-12-29T00:00:00+00:00
[2023-12-29T04:48:27.709+0000] {processor.py:176} INFO - Processing /home/airflow/.local/lib/python3.7/site-packages/airflow/example_dags/example_branch_operator.py took 0.126 seconds
[2023-12-29T04:48:58.255+0000] {processor.py:154} INFO - Started process (PID=2015) to work on /home/airflow/.local/lib/python3.7/site-packages/airflow/example_dags/example_branch_operator.py
[2023-12-29T04:48:58.256+0000] {processor.py:756} INFO - Processing file /home/airflow/.local/lib/python3.7/site-packages/airflow/example_dags/example_branch_operator.py for tasks to queue
[2023-12-29T04:48:58.258+0000] {logging_mixin.py:120} INFO - [2023-12-29T04:48:58.258+0000] {dagbag.py:537} INFO - Filling up the DagBag from /home/airflow/.local/lib/python3.7/site-packages/airflow/example_dags/example_branch_operator.py
[2023-12-29T04:48:58.278+0000] {processor.py:766} INFO - DAG(s) dict_keys(['example_branch_operator']) retrieved from /home/airflow/.local/lib/python3.7/site-packages/airflow/example_dags/example_branch_operator.py
[2023-12-29T04:48:58.324+0000] {logging_mixin.py:120} INFO - [2023-12-29T04:48:58.324+0000] {dag.py:2585} INFO - Sync 1 DAGs
[2023-12-29T04:48:58.355+0000] {logging_mixin.py:120} INFO - [2023-12-29T04:48:58.355+0000] {dag.py:3340} INFO - Setting next_dagrun for example_branch_operator to 2023-12-28T00:00:00+00:00, run_after=2023-12-29T00:00:00+00:00
[2023-12-29T04:48:58.381+0000] {processor.py:176} INFO - Processing /home/airflow/.local/lib/python3.7/site-packages/airflow/example_dags/example_branch_operator.py took 0.129 seconds
[2023-12-29T04:49:28.439+0000] {processor.py:154} INFO - Started process (PID=2071) to work on /home/airflow/.local/lib/python3.7/site-packages/airflow/example_dags/example_branch_operator.py
[2023-12-29T04:49:28.440+0000] {processor.py:756} INFO - Processing file /home/airflow/.local/lib/python3.7/site-packages/airflow/example_dags/example_branch_operator.py for tasks to queue
[2023-12-29T04:49:28.441+0000] {logging_mixin.py:120} INFO - [2023-12-29T04:49:28.441+0000] {dagbag.py:537} INFO - Filling up the DagBag from /home/airflow/.local/lib/python3.7/site-packages/airflow/example_dags/example_branch_operator.py
[2023-12-29T04:49:28.457+0000] {processor.py:766} INFO - DAG(s) dict_keys(['example_branch_operator']) retrieved from /home/airflow/.local/lib/python3.7/site-packages/airflow/example_dags/example_branch_operator.py
[2023-12-29T04:49:28.497+0000] {logging_mixin.py:120} INFO - [2023-12-29T04:49:28.497+0000] {dag.py:2585} INFO - Sync 1 DAGs
[2023-12-29T04:49:28.525+0000] {logging_mixin.py:120} INFO - [2023-12-29T04:49:28.525+0000] {dag.py:3340} INFO - Setting next_dagrun for example_branch_operator to 2023-12-28T00:00:00+00:00, run_after=2023-12-29T00:00:00+00:00
[2023-12-29T04:49:28.543+0000] {processor.py:176} INFO - Processing /home/airflow/.local/lib/python3.7/site-packages/airflow/example_dags/example_branch_operator.py took 0.106 seconds
[2023-12-29T04:49:59.347+0000] {processor.py:154} INFO - Started process (PID=2136) to work on /home/airflow/.local/lib/python3.7/site-packages/airflow/example_dags/example_branch_operator.py
[2023-12-29T04:49:59.348+0000] {processor.py:756} INFO - Processing file /home/airflow/.local/lib/python3.7/site-packages/airflow/example_dags/example_branch_operator.py for tasks to queue
[2023-12-29T04:49:59.349+0000] {logging_mixin.py:120} INFO - [2023-12-29T04:49:59.349+0000] {dagbag.py:537} INFO - Filling up the DagBag from /home/airflow/.local/lib/python3.7/site-packages/airflow/example_dags/example_branch_operator.py
[2023-12-29T04:49:59.365+0000] {processor.py:766} INFO - DAG(s) dict_keys(['example_branch_operator']) retrieved from /home/airflow/.local/lib/python3.7/site-packages/airflow/example_dags/example_branch_operator.py
[2023-12-29T04:49:59.403+0000] {logging_mixin.py:120} INFO - [2023-12-29T04:49:59.403+0000] {dag.py:2585} INFO - Sync 1 DAGs
[2023-12-29T04:49:59.428+0000] {logging_mixin.py:120} INFO - [2023-12-29T04:49:59.428+0000] {dag.py:3340} INFO - Setting next_dagrun for example_branch_operator to 2023-12-28T00:00:00+00:00, run_after=2023-12-29T00:00:00+00:00
[2023-12-29T04:49:59.447+0000] {processor.py:176} INFO - Processing /home/airflow/.local/lib/python3.7/site-packages/airflow/example_dags/example_branch_operator.py took 0.102 seconds
[2023-12-29T04:50:29.993+0000] {processor.py:154} INFO - Started process (PID=2198) to work on /home/airflow/.local/lib/python3.7/site-packages/airflow/example_dags/example_branch_operator.py
[2023-12-29T04:50:29.994+0000] {processor.py:756} INFO - Processing file /home/airflow/.local/lib/python3.7/site-packages/airflow/example_dags/example_branch_operator.py for tasks to queue
[2023-12-29T04:50:29.994+0000] {logging_mixin.py:120} INFO - [2023-12-29T04:50:29.994+0000] {dagbag.py:537} INFO - Filling up the DagBag from /home/airflow/.local/lib/python3.7/site-packages/airflow/example_dags/example_branch_operator.py
[2023-12-29T04:50:30.010+0000] {processor.py:766} INFO - DAG(s) dict_keys(['example_branch_operator']) retrieved from /home/airflow/.local/lib/python3.7/site-packages/airflow/example_dags/example_branch_operator.py
[2023-12-29T04:50:30.049+0000] {logging_mixin.py:120} INFO - [2023-12-29T04:50:30.049+0000] {dag.py:2585} INFO - Sync 1 DAGs
[2023-12-29T04:50:30.075+0000] {logging_mixin.py:120} INFO - [2023-12-29T04:50:30.075+0000] {dag.py:3340} INFO - Setting next_dagrun for example_branch_operator to 2023-12-28T00:00:00+00:00, run_after=2023-12-29T00:00:00+00:00
[2023-12-29T04:50:30.097+0000] {processor.py:176} INFO - Processing /home/airflow/.local/lib/python3.7/site-packages/airflow/example_dags/example_branch_operator.py took 0.106 seconds
[2023-12-29T04:51:00.615+0000] {processor.py:154} INFO - Started process (PID=2254) to work on /home/airflow/.local/lib/python3.7/site-packages/airflow/example_dags/example_branch_operator.py
[2023-12-29T04:51:00.616+0000] {processor.py:756} INFO - Processing file /home/airflow/.local/lib/python3.7/site-packages/airflow/example_dags/example_branch_operator.py for tasks to queue
[2023-12-29T04:51:00.616+0000] {logging_mixin.py:120} INFO - [2023-12-29T04:51:00.616+0000] {dagbag.py:537} INFO - Filling up the DagBag from /home/airflow/.local/lib/python3.7/site-packages/airflow/example_dags/example_branch_operator.py
[2023-12-29T04:51:00.633+0000] {processor.py:766} INFO - DAG(s) dict_keys(['example_branch_operator']) retrieved from /home/airflow/.local/lib/python3.7/site-packages/airflow/example_dags/example_branch_operator.py
[2023-12-29T04:51:00.671+0000] {logging_mixin.py:120} INFO - [2023-12-29T04:51:00.671+0000] {dag.py:2585} INFO - Sync 1 DAGs
[2023-12-29T04:51:00.699+0000] {logging_mixin.py:120} INFO - [2023-12-29T04:51:00.698+0000] {dag.py:3340} INFO - Setting next_dagrun for example_branch_operator to 2023-12-28T00:00:00+00:00, run_after=2023-12-29T00:00:00+00:00
[2023-12-29T04:51:00.719+0000] {processor.py:176} INFO - Processing /home/airflow/.local/lib/python3.7/site-packages/airflow/example_dags/example_branch_operator.py took 0.107 seconds
[2023-12-29T04:51:31.269+0000] {processor.py:154} INFO - Started process (PID=2319) to work on /home/airflow/.local/lib/python3.7/site-packages/airflow/example_dags/example_branch_operator.py
[2023-12-29T04:51:31.269+0000] {processor.py:756} INFO - Processing file /home/airflow/.local/lib/python3.7/site-packages/airflow/example_dags/example_branch_operator.py for tasks to queue
[2023-12-29T04:51:31.270+0000] {logging_mixin.py:120} INFO - [2023-12-29T04:51:31.270+0000] {dagbag.py:537} INFO - Filling up the DagBag from /home/airflow/.local/lib/python3.7/site-packages/airflow/example_dags/example_branch_operator.py
[2023-12-29T04:51:31.286+0000] {processor.py:766} INFO - DAG(s) dict_keys(['example_branch_operator']) retrieved from /home/airflow/.local/lib/python3.7/site-packages/airflow/example_dags/example_branch_operator.py
[2023-12-29T04:51:31.325+0000] {logging_mixin.py:120} INFO - [2023-12-29T04:51:31.325+0000] {dag.py:2585} INFO - Sync 1 DAGs
[2023-12-29T04:51:31.350+0000] {logging_mixin.py:120} INFO - [2023-12-29T04:51:31.350+0000] {dag.py:3340} INFO - Setting next_dagrun for example_branch_operator to 2023-12-28T00:00:00+00:00, run_after=2023-12-29T00:00:00+00:00
[2023-12-29T04:51:31.369+0000] {processor.py:176} INFO - Processing /home/airflow/.local/lib/python3.7/site-packages/airflow/example_dags/example_branch_operator.py took 0.103 seconds
[2023-12-29T04:52:01.992+0000] {processor.py:154} INFO - Started process (PID=2384) to work on /home/airflow/.local/lib/python3.7/site-packages/airflow/example_dags/example_branch_operator.py
[2023-12-29T04:52:01.993+0000] {processor.py:756} INFO - Processing file /home/airflow/.local/lib/python3.7/site-packages/airflow/example_dags/example_branch_operator.py for tasks to queue
[2023-12-29T04:52:01.993+0000] {logging_mixin.py:120} INFO - [2023-12-29T04:52:01.993+0000] {dagbag.py:537} INFO - Filling up the DagBag from /home/airflow/.local/lib/python3.7/site-packages/airflow/example_dags/example_branch_operator.py
[2023-12-29T04:52:02.010+0000] {processor.py:766} INFO - DAG(s) dict_keys(['example_branch_operator']) retrieved from /home/airflow/.local/lib/python3.7/site-packages/airflow/example_dags/example_branch_operator.py
[2023-12-29T04:52:02.047+0000] {logging_mixin.py:120} INFO - [2023-12-29T04:52:02.047+0000] {dag.py:2585} INFO - Sync 1 DAGs
[2023-12-29T04:52:02.071+0000] {logging_mixin.py:120} INFO - [2023-12-29T04:52:02.071+0000] {dag.py:3340} INFO - Setting next_dagrun for example_branch_operator to 2023-12-28T00:00:00+00:00, run_after=2023-12-29T00:00:00+00:00
[2023-12-29T04:52:02.090+0000] {processor.py:176} INFO - Processing /home/airflow/.local/lib/python3.7/site-packages/airflow/example_dags/example_branch_operator.py took 0.100 seconds
[2023-12-29T04:52:32.627+0000] {processor.py:154} INFO - Started process (PID=2448) to work on /home/airflow/.local/lib/python3.7/site-packages/airflow/example_dags/example_branch_operator.py
[2023-12-29T04:52:32.628+0000] {processor.py:756} INFO - Processing file /home/airflow/.local/lib/python3.7/site-packages/airflow/example_dags/example_branch_operator.py for tasks to queue
[2023-12-29T04:52:32.629+0000] {logging_mixin.py:120} INFO - [2023-12-29T04:52:32.628+0000] {dagbag.py:537} INFO - Filling up the DagBag from /home/airflow/.local/lib/python3.7/site-packages/airflow/example_dags/example_branch_operator.py
[2023-12-29T04:52:32.650+0000] {processor.py:766} INFO - DAG(s) dict_keys(['example_branch_operator']) retrieved from /home/airflow/.local/lib/python3.7/site-packages/airflow/example_dags/example_branch_operator.py
[2023-12-29T04:52:32.690+0000] {logging_mixin.py:120} INFO - [2023-12-29T04:52:32.690+0000] {dag.py:2585} INFO - Sync 1 DAGs
[2023-12-29T04:52:32.717+0000] {logging_mixin.py:120} INFO - [2023-12-29T04:52:32.717+0000] {dag.py:3340} INFO - Setting next_dagrun for example_branch_operator to 2023-12-28T00:00:00+00:00, run_after=2023-12-29T00:00:00+00:00
[2023-12-29T04:52:32.737+0000] {processor.py:176} INFO - Processing /home/airflow/.local/lib/python3.7/site-packages/airflow/example_dags/example_branch_operator.py took 0.112 seconds
[2023-12-29T04:53:03.230+0000] {processor.py:154} INFO - Started process (PID=2504) to work on /home/airflow/.local/lib/python3.7/site-packages/airflow/example_dags/example_branch_operator.py
[2023-12-29T04:53:03.231+0000] {processor.py:756} INFO - Processing file /home/airflow/.local/lib/python3.7/site-packages/airflow/example_dags/example_branch_operator.py for tasks to queue
[2023-12-29T04:53:03.231+0000] {logging_mixin.py:120} INFO - [2023-12-29T04:53:03.231+0000] {dagbag.py:537} INFO - Filling up the DagBag from /home/airflow/.local/lib/python3.7/site-packages/airflow/example_dags/example_branch_operator.py
[2023-12-29T04:53:03.248+0000] {processor.py:766} INFO - DAG(s) dict_keys(['example_branch_operator']) retrieved from /home/airflow/.local/lib/python3.7/site-packages/airflow/example_dags/example_branch_operator.py
[2023-12-29T04:53:03.285+0000] {logging_mixin.py:120} INFO - [2023-12-29T04:53:03.285+0000] {dag.py:2585} INFO - Sync 1 DAGs
[2023-12-29T04:53:03.313+0000] {logging_mixin.py:120} INFO - [2023-12-29T04:53:03.313+0000] {dag.py:3340} INFO - Setting next_dagrun for example_branch_operator to 2023-12-28T00:00:00+00:00, run_after=2023-12-29T00:00:00+00:00
[2023-12-29T04:53:03.330+0000] {processor.py:176} INFO - Processing /home/airflow/.local/lib/python3.7/site-packages/airflow/example_dags/example_branch_operator.py took 0.103 seconds
[2023-12-29T04:53:33.740+0000] {processor.py:154} INFO - Started process (PID=2568) to work on /home/airflow/.local/lib/python3.7/site-packages/airflow/example_dags/example_branch_operator.py
[2023-12-29T04:53:33.741+0000] {processor.py:756} INFO - Processing file /home/airflow/.local/lib/python3.7/site-packages/airflow/example_dags/example_branch_operator.py for tasks to queue
[2023-12-29T04:53:33.742+0000] {logging_mixin.py:120} INFO - [2023-12-29T04:53:33.741+0000] {dagbag.py:537} INFO - Filling up the DagBag from /home/airflow/.local/lib/python3.7/site-packages/airflow/example_dags/example_branch_operator.py
[2023-12-29T04:53:33.758+0000] {processor.py:766} INFO - DAG(s) dict_keys(['example_branch_operator']) retrieved from /home/airflow/.local/lib/python3.7/site-packages/airflow/example_dags/example_branch_operator.py
[2023-12-29T04:53:33.794+0000] {logging_mixin.py:120} INFO - [2023-12-29T04:53:33.794+0000] {dag.py:2585} INFO - Sync 1 DAGs
[2023-12-29T04:53:33.820+0000] {logging_mixin.py:120} INFO - [2023-12-29T04:53:33.820+0000] {dag.py:3340} INFO - Setting next_dagrun for example_branch_operator to 2023-12-28T00:00:00+00:00, run_after=2023-12-29T00:00:00+00:00
[2023-12-29T04:53:33.839+0000] {processor.py:176} INFO - Processing /home/airflow/.local/lib/python3.7/site-packages/airflow/example_dags/example_branch_operator.py took 0.102 seconds
[2023-12-29T04:54:04.245+0000] {processor.py:154} INFO - Started process (PID=2632) to work on /home/airflow/.local/lib/python3.7/site-packages/airflow/example_dags/example_branch_operator.py
[2023-12-29T04:54:04.245+0000] {processor.py:756} INFO - Processing file /home/airflow/.local/lib/python3.7/site-packages/airflow/example_dags/example_branch_operator.py for tasks to queue
[2023-12-29T04:54:04.246+0000] {logging_mixin.py:120} INFO - [2023-12-29T04:54:04.246+0000] {dagbag.py:537} INFO - Filling up the DagBag from /home/airflow/.local/lib/python3.7/site-packages/airflow/example_dags/example_branch_operator.py
[2023-12-29T04:54:04.261+0000] {processor.py:766} INFO - DAG(s) dict_keys(['example_branch_operator']) retrieved from /home/airflow/.local/lib/python3.7/site-packages/airflow/example_dags/example_branch_operator.py
[2023-12-29T04:54:04.298+0000] {logging_mixin.py:120} INFO - [2023-12-29T04:54:04.298+0000] {dag.py:2585} INFO - Sync 1 DAGs
[2023-12-29T04:54:04.325+0000] {logging_mixin.py:120} INFO - [2023-12-29T04:54:04.325+0000] {dag.py:3340} INFO - Setting next_dagrun for example_branch_operator to 2023-12-28T00:00:00+00:00, run_after=2023-12-29T00:00:00+00:00
[2023-12-29T04:54:04.343+0000] {processor.py:176} INFO - Processing /home/airflow/.local/lib/python3.7/site-packages/airflow/example_dags/example_branch_operator.py took 0.101 seconds
[2023-12-29T04:54:34.922+0000] {processor.py:154} INFO - Started process (PID=2687) to work on /home/airflow/.local/lib/python3.7/site-packages/airflow/example_dags/example_branch_operator.py
[2023-12-29T04:54:34.923+0000] {processor.py:756} INFO - Processing file /home/airflow/.local/lib/python3.7/site-packages/airflow/example_dags/example_branch_operator.py for tasks to queue
[2023-12-29T04:54:34.923+0000] {logging_mixin.py:120} INFO - [2023-12-29T04:54:34.923+0000] {dagbag.py:537} INFO - Filling up the DagBag from /home/airflow/.local/lib/python3.7/site-packages/airflow/example_dags/example_branch_operator.py
[2023-12-29T04:54:34.943+0000] {processor.py:766} INFO - DAG(s) dict_keys(['example_branch_operator']) retrieved from /home/airflow/.local/lib/python3.7/site-packages/airflow/example_dags/example_branch_operator.py
[2023-12-29T04:54:34.983+0000] {logging_mixin.py:120} INFO - [2023-12-29T04:54:34.983+0000] {dag.py:2585} INFO - Sync 1 DAGs
[2023-12-29T04:54:35.012+0000] {logging_mixin.py:120} INFO - [2023-12-29T04:54:35.012+0000] {dag.py:3340} INFO - Setting next_dagrun for example_branch_operator to 2023-12-28T00:00:00+00:00, run_after=2023-12-29T00:00:00+00:00
[2023-12-29T04:54:35.031+0000] {processor.py:176} INFO - Processing /home/airflow/.local/lib/python3.7/site-packages/airflow/example_dags/example_branch_operator.py took 0.112 seconds
[2023-12-29T04:55:05.526+0000] {processor.py:154} INFO - Started process (PID=2751) to work on /home/airflow/.local/lib/python3.7/site-packages/airflow/example_dags/example_branch_operator.py
[2023-12-29T04:55:05.527+0000] {processor.py:756} INFO - Processing file /home/airflow/.local/lib/python3.7/site-packages/airflow/example_dags/example_branch_operator.py for tasks to queue
[2023-12-29T04:55:05.527+0000] {logging_mixin.py:120} INFO - [2023-12-29T04:55:05.527+0000] {dagbag.py:537} INFO - Filling up the DagBag from /home/airflow/.local/lib/python3.7/site-packages/airflow/example_dags/example_branch_operator.py
[2023-12-29T04:55:05.544+0000] {processor.py:766} INFO - DAG(s) dict_keys(['example_branch_operator']) retrieved from /home/airflow/.local/lib/python3.7/site-packages/airflow/example_dags/example_branch_operator.py
[2023-12-29T04:55:05.582+0000] {logging_mixin.py:120} INFO - [2023-12-29T04:55:05.582+0000] {dag.py:2585} INFO - Sync 1 DAGs
[2023-12-29T04:55:05.610+0000] {logging_mixin.py:120} INFO - [2023-12-29T04:55:05.609+0000] {dag.py:3340} INFO - Setting next_dagrun for example_branch_operator to 2023-12-28T00:00:00+00:00, run_after=2023-12-29T00:00:00+00:00
[2023-12-29T04:55:05.630+0000] {processor.py:176} INFO - Processing /home/airflow/.local/lib/python3.7/site-packages/airflow/example_dags/example_branch_operator.py took 0.106 seconds
[2023-12-29T04:55:36.179+0000] {processor.py:154} INFO - Started process (PID=2814) to work on /home/airflow/.local/lib/python3.7/site-packages/airflow/example_dags/example_branch_operator.py
[2023-12-29T04:55:36.180+0000] {processor.py:756} INFO - Processing file /home/airflow/.local/lib/python3.7/site-packages/airflow/example_dags/example_branch_operator.py for tasks to queue
[2023-12-29T04:55:36.180+0000] {logging_mixin.py:120} INFO - [2023-12-29T04:55:36.180+0000] {dagbag.py:537} INFO - Filling up the DagBag from /home/airflow/.local/lib/python3.7/site-packages/airflow/example_dags/example_branch_operator.py
[2023-12-29T04:55:36.197+0000] {processor.py:766} INFO - DAG(s) dict_keys(['example_branch_operator']) retrieved from /home/airflow/.local/lib/python3.7/site-packages/airflow/example_dags/example_branch_operator.py
[2023-12-29T04:55:36.240+0000] {logging_mixin.py:120} INFO - [2023-12-29T04:55:36.239+0000] {dag.py:2585} INFO - Sync 1 DAGs
[2023-12-29T04:55:36.273+0000] {logging_mixin.py:120} INFO - [2023-12-29T04:55:36.273+0000] {dag.py:3340} INFO - Setting next_dagrun for example_branch_operator to 2023-12-28T00:00:00+00:00, run_after=2023-12-29T00:00:00+00:00
[2023-12-29T04:55:36.297+0000] {processor.py:176} INFO - Processing /home/airflow/.local/lib/python3.7/site-packages/airflow/example_dags/example_branch_operator.py took 0.121 seconds
[2023-12-29T04:56:07.565+0000] {processor.py:154} INFO - Started process (PID=2878) to work on /home/airflow/.local/lib/python3.7/site-packages/airflow/example_dags/example_branch_operator.py
[2023-12-29T04:56:07.568+0000] {processor.py:756} INFO - Processing file /home/airflow/.local/lib/python3.7/site-packages/airflow/example_dags/example_branch_operator.py for tasks to queue
[2023-12-29T04:56:07.569+0000] {logging_mixin.py:120} INFO - [2023-12-29T04:56:07.569+0000] {dagbag.py:537} INFO - Filling up the DagBag from /home/airflow/.local/lib/python3.7/site-packages/airflow/example_dags/example_branch_operator.py
[2023-12-29T04:56:07.604+0000] {processor.py:766} INFO - DAG(s) dict_keys(['example_branch_operator']) retrieved from /home/airflow/.local/lib/python3.7/site-packages/airflow/example_dags/example_branch_operator.py
[2023-12-29T04:56:07.728+0000] {logging_mixin.py:120} INFO - [2023-12-29T04:56:07.727+0000] {dag.py:2585} INFO - Sync 1 DAGs
[2023-12-29T04:56:07.780+0000] {logging_mixin.py:120} INFO - [2023-12-29T04:56:07.780+0000] {dag.py:3340} INFO - Setting next_dagrun for example_branch_operator to 2023-12-28T00:00:00+00:00, run_after=2023-12-29T00:00:00+00:00
[2023-12-29T04:56:07.814+0000] {processor.py:176} INFO - Processing /home/airflow/.local/lib/python3.7/site-packages/airflow/example_dags/example_branch_operator.py took 0.260 seconds
[2023-12-29T04:56:38.630+0000] {processor.py:154} INFO - Started process (PID=2933) to work on /home/airflow/.local/lib/python3.7/site-packages/airflow/example_dags/example_branch_operator.py
[2023-12-29T04:56:38.631+0000] {processor.py:756} INFO - Processing file /home/airflow/.local/lib/python3.7/site-packages/airflow/example_dags/example_branch_operator.py for tasks to queue
[2023-12-29T04:56:38.632+0000] {logging_mixin.py:120} INFO - [2023-12-29T04:56:38.631+0000] {dagbag.py:537} INFO - Filling up the DagBag from /home/airflow/.local/lib/python3.7/site-packages/airflow/example_dags/example_branch_operator.py
[2023-12-29T04:56:38.649+0000] {processor.py:766} INFO - DAG(s) dict_keys(['example_branch_operator']) retrieved from /home/airflow/.local/lib/python3.7/site-packages/airflow/example_dags/example_branch_operator.py
[2023-12-29T04:56:38.686+0000] {logging_mixin.py:120} INFO - [2023-12-29T04:56:38.686+0000] {dag.py:2585} INFO - Sync 1 DAGs
[2023-12-29T04:56:38.714+0000] {logging_mixin.py:120} INFO - [2023-12-29T04:56:38.714+0000] {dag.py:3340} INFO - Setting next_dagrun for example_branch_operator to 2023-12-28T00:00:00+00:00, run_after=2023-12-29T00:00:00+00:00
[2023-12-29T04:56:38.740+0000] {processor.py:176} INFO - Processing /home/airflow/.local/lib/python3.7/site-packages/airflow/example_dags/example_branch_operator.py took 0.112 seconds
[2023-12-29T04:57:09.214+0000] {processor.py:154} INFO - Started process (PID=2997) to work on /home/airflow/.local/lib/python3.7/site-packages/airflow/example_dags/example_branch_operator.py
[2023-12-29T04:57:09.215+0000] {processor.py:756} INFO - Processing file /home/airflow/.local/lib/python3.7/site-packages/airflow/example_dags/example_branch_operator.py for tasks to queue
[2023-12-29T04:57:09.216+0000] {logging_mixin.py:120} INFO - [2023-12-29T04:57:09.216+0000] {dagbag.py:537} INFO - Filling up the DagBag from /home/airflow/.local/lib/python3.7/site-packages/airflow/example_dags/example_branch_operator.py
[2023-12-29T04:57:09.231+0000] {processor.py:766} INFO - DAG(s) dict_keys(['example_branch_operator']) retrieved from /home/airflow/.local/lib/python3.7/site-packages/airflow/example_dags/example_branch_operator.py
[2023-12-29T04:57:09.268+0000] {logging_mixin.py:120} INFO - [2023-12-29T04:57:09.268+0000] {dag.py:2585} INFO - Sync 1 DAGs
[2023-12-29T04:57:09.295+0000] {logging_mixin.py:120} INFO - [2023-12-29T04:57:09.295+0000] {dag.py:3340} INFO - Setting next_dagrun for example_branch_operator to 2023-12-28T00:00:00+00:00, run_after=2023-12-29T00:00:00+00:00
[2023-12-29T04:57:09.313+0000] {processor.py:176} INFO - Processing /home/airflow/.local/lib/python3.7/site-packages/airflow/example_dags/example_branch_operator.py took 0.101 seconds
[2023-12-29T04:57:40.014+0000] {processor.py:154} INFO - Started process (PID=3063) to work on /home/airflow/.local/lib/python3.7/site-packages/airflow/example_dags/example_branch_operator.py
[2023-12-29T04:57:40.014+0000] {processor.py:756} INFO - Processing file /home/airflow/.local/lib/python3.7/site-packages/airflow/example_dags/example_branch_operator.py for tasks to queue
[2023-12-29T04:57:40.015+0000] {logging_mixin.py:120} INFO - [2023-12-29T04:57:40.015+0000] {dagbag.py:537} INFO - Filling up the DagBag from /home/airflow/.local/lib/python3.7/site-packages/airflow/example_dags/example_branch_operator.py
[2023-12-29T04:57:40.031+0000] {processor.py:766} INFO - DAG(s) dict_keys(['example_branch_operator']) retrieved from /home/airflow/.local/lib/python3.7/site-packages/airflow/example_dags/example_branch_operator.py
[2023-12-29T04:57:40.069+0000] {logging_mixin.py:120} INFO - [2023-12-29T04:57:40.069+0000] {dag.py:2585} INFO - Sync 1 DAGs
[2023-12-29T04:57:40.094+0000] {logging_mixin.py:120} INFO - [2023-12-29T04:57:40.094+0000] {dag.py:3340} INFO - Setting next_dagrun for example_branch_operator to 2023-12-28T00:00:00+00:00, run_after=2023-12-29T00:00:00+00:00
[2023-12-29T04:57:40.111+0000] {processor.py:176} INFO - Processing /home/airflow/.local/lib/python3.7/site-packages/airflow/example_dags/example_branch_operator.py took 0.100 seconds
[2023-12-29T04:58:10.637+0000] {processor.py:154} INFO - Started process (PID=3118) to work on /home/airflow/.local/lib/python3.7/site-packages/airflow/example_dags/example_branch_operator.py
[2023-12-29T04:58:10.638+0000] {processor.py:756} INFO - Processing file /home/airflow/.local/lib/python3.7/site-packages/airflow/example_dags/example_branch_operator.py for tasks to queue
[2023-12-29T04:58:10.639+0000] {logging_mixin.py:120} INFO - [2023-12-29T04:58:10.639+0000] {dagbag.py:537} INFO - Filling up the DagBag from /home/airflow/.local/lib/python3.7/site-packages/airflow/example_dags/example_branch_operator.py
[2023-12-29T04:58:10.657+0000] {processor.py:766} INFO - DAG(s) dict_keys(['example_branch_operator']) retrieved from /home/airflow/.local/lib/python3.7/site-packages/airflow/example_dags/example_branch_operator.py
[2023-12-29T04:58:10.697+0000] {logging_mixin.py:120} INFO - [2023-12-29T04:58:10.697+0000] {dag.py:2585} INFO - Sync 1 DAGs
[2023-12-29T04:58:10.725+0000] {logging_mixin.py:120} INFO - [2023-12-29T04:58:10.724+0000] {dag.py:3340} INFO - Setting next_dagrun for example_branch_operator to 2023-12-28T00:00:00+00:00, run_after=2023-12-29T00:00:00+00:00
[2023-12-29T04:58:10.743+0000] {processor.py:176} INFO - Processing /home/airflow/.local/lib/python3.7/site-packages/airflow/example_dags/example_branch_operator.py took 0.109 seconds
[2023-12-29T04:58:41.259+0000] {processor.py:154} INFO - Started process (PID=3181) to work on /home/airflow/.local/lib/python3.7/site-packages/airflow/example_dags/example_branch_operator.py
[2023-12-29T04:58:41.260+0000] {processor.py:756} INFO - Processing file /home/airflow/.local/lib/python3.7/site-packages/airflow/example_dags/example_branch_operator.py for tasks to queue
[2023-12-29T04:58:41.261+0000] {logging_mixin.py:120} INFO - [2023-12-29T04:58:41.261+0000] {dagbag.py:537} INFO - Filling up the DagBag from /home/airflow/.local/lib/python3.7/site-packages/airflow/example_dags/example_branch_operator.py
[2023-12-29T04:58:41.277+0000] {processor.py:766} INFO - DAG(s) dict_keys(['example_branch_operator']) retrieved from /home/airflow/.local/lib/python3.7/site-packages/airflow/example_dags/example_branch_operator.py
[2023-12-29T04:58:41.315+0000] {logging_mixin.py:120} INFO - [2023-12-29T04:58:41.315+0000] {dag.py:2585} INFO - Sync 1 DAGs
[2023-12-29T04:58:41.343+0000] {logging_mixin.py:120} INFO - [2023-12-29T04:58:41.342+0000] {dag.py:3340} INFO - Setting next_dagrun for example_branch_operator to 2023-12-28T00:00:00+00:00, run_after=2023-12-29T00:00:00+00:00
[2023-12-29T04:58:41.361+0000] {processor.py:176} INFO - Processing /home/airflow/.local/lib/python3.7/site-packages/airflow/example_dags/example_branch_operator.py took 0.104 seconds
[2023-12-29T04:59:12.109+0000] {processor.py:154} INFO - Started process (PID=3247) to work on /home/airflow/.local/lib/python3.7/site-packages/airflow/example_dags/example_branch_operator.py
[2023-12-29T04:59:12.109+0000] {processor.py:756} INFO - Processing file /home/airflow/.local/lib/python3.7/site-packages/airflow/example_dags/example_branch_operator.py for tasks to queue
[2023-12-29T04:59:12.110+0000] {logging_mixin.py:120} INFO - [2023-12-29T04:59:12.110+0000] {dagbag.py:537} INFO - Filling up the DagBag from /home/airflow/.local/lib/python3.7/site-packages/airflow/example_dags/example_branch_operator.py
[2023-12-29T04:59:12.127+0000] {processor.py:766} INFO - DAG(s) dict_keys(['example_branch_operator']) retrieved from /home/airflow/.local/lib/python3.7/site-packages/airflow/example_dags/example_branch_operator.py
[2023-12-29T04:59:12.163+0000] {logging_mixin.py:120} INFO - [2023-12-29T04:59:12.163+0000] {dag.py:2585} INFO - Sync 1 DAGs
[2023-12-29T04:59:12.189+0000] {logging_mixin.py:120} INFO - [2023-12-29T04:59:12.189+0000] {dag.py:3340} INFO - Setting next_dagrun for example_branch_operator to 2023-12-28T00:00:00+00:00, run_after=2023-12-29T00:00:00+00:00
[2023-12-29T04:59:12.206+0000] {processor.py:176} INFO - Processing /home/airflow/.local/lib/python3.7/site-packages/airflow/example_dags/example_branch_operator.py took 0.100 seconds
[2023-12-29T04:59:42.880+0000] {processor.py:154} INFO - Started process (PID=3312) to work on /home/airflow/.local/lib/python3.7/site-packages/airflow/example_dags/example_branch_operator.py
[2023-12-29T04:59:42.881+0000] {processor.py:756} INFO - Processing file /home/airflow/.local/lib/python3.7/site-packages/airflow/example_dags/example_branch_operator.py for tasks to queue
[2023-12-29T04:59:42.882+0000] {logging_mixin.py:120} INFO - [2023-12-29T04:59:42.882+0000] {dagbag.py:537} INFO - Filling up the DagBag from /home/airflow/.local/lib/python3.7/site-packages/airflow/example_dags/example_branch_operator.py
[2023-12-29T04:59:42.899+0000] {processor.py:766} INFO - DAG(s) dict_keys(['example_branch_operator']) retrieved from /home/airflow/.local/lib/python3.7/site-packages/airflow/example_dags/example_branch_operator.py
[2023-12-29T04:59:42.943+0000] {logging_mixin.py:120} INFO - [2023-12-29T04:59:42.943+0000] {dag.py:2585} INFO - Sync 1 DAGs
[2023-12-29T04:59:42.970+0000] {logging_mixin.py:120} INFO - [2023-12-29T04:59:42.969+0000] {dag.py:3340} INFO - Setting next_dagrun for example_branch_operator to 2023-12-28T00:00:00+00:00, run_after=2023-12-29T00:00:00+00:00
[2023-12-29T04:59:42.988+0000] {processor.py:176} INFO - Processing /home/airflow/.local/lib/python3.7/site-packages/airflow/example_dags/example_branch_operator.py took 0.111 seconds
[2023-12-29T05:00:13.576+0000] {processor.py:154} INFO - Started process (PID=3367) to work on /home/airflow/.local/lib/python3.7/site-packages/airflow/example_dags/example_branch_operator.py
[2023-12-29T05:00:13.577+0000] {processor.py:756} INFO - Processing file /home/airflow/.local/lib/python3.7/site-packages/airflow/example_dags/example_branch_operator.py for tasks to queue
[2023-12-29T05:00:13.577+0000] {logging_mixin.py:120} INFO - [2023-12-29T05:00:13.577+0000] {dagbag.py:537} INFO - Filling up the DagBag from /home/airflow/.local/lib/python3.7/site-packages/airflow/example_dags/example_branch_operator.py
[2023-12-29T05:00:13.594+0000] {processor.py:766} INFO - DAG(s) dict_keys(['example_branch_operator']) retrieved from /home/airflow/.local/lib/python3.7/site-packages/airflow/example_dags/example_branch_operator.py
[2023-12-29T05:00:13.632+0000] {logging_mixin.py:120} INFO - [2023-12-29T05:00:13.632+0000] {dag.py:2585} INFO - Sync 1 DAGs
[2023-12-29T05:00:13.657+0000] {logging_mixin.py:120} INFO - [2023-12-29T05:00:13.657+0000] {dag.py:3340} INFO - Setting next_dagrun for example_branch_operator to 2023-12-28T00:00:00+00:00, run_after=2023-12-29T00:00:00+00:00
[2023-12-29T05:00:13.676+0000] {processor.py:176} INFO - Processing /home/airflow/.local/lib/python3.7/site-packages/airflow/example_dags/example_branch_operator.py took 0.103 seconds
[2023-12-29T05:00:44.150+0000] {processor.py:154} INFO - Started process (PID=3431) to work on /home/airflow/.local/lib/python3.7/site-packages/airflow/example_dags/example_branch_operator.py
[2023-12-29T05:00:44.150+0000] {processor.py:756} INFO - Processing file /home/airflow/.local/lib/python3.7/site-packages/airflow/example_dags/example_branch_operator.py for tasks to queue
[2023-12-29T05:00:44.151+0000] {logging_mixin.py:120} INFO - [2023-12-29T05:00:44.151+0000] {dagbag.py:537} INFO - Filling up the DagBag from /home/airflow/.local/lib/python3.7/site-packages/airflow/example_dags/example_branch_operator.py
[2023-12-29T05:00:44.167+0000] {processor.py:766} INFO - DAG(s) dict_keys(['example_branch_operator']) retrieved from /home/airflow/.local/lib/python3.7/site-packages/airflow/example_dags/example_branch_operator.py
[2023-12-29T05:00:44.203+0000] {logging_mixin.py:120} INFO - [2023-12-29T05:00:44.203+0000] {dag.py:2585} INFO - Sync 1 DAGs
[2023-12-29T05:00:44.229+0000] {logging_mixin.py:120} INFO - [2023-12-29T05:00:44.229+0000] {dag.py:3340} INFO - Setting next_dagrun for example_branch_operator to 2023-12-28T00:00:00+00:00, run_after=2023-12-29T00:00:00+00:00
[2023-12-29T05:00:44.246+0000] {processor.py:176} INFO - Processing /home/airflow/.local/lib/python3.7/site-packages/airflow/example_dags/example_branch_operator.py took 0.099 seconds
[2023-12-29T05:01:14.601+0000] {processor.py:154} INFO - Started process (PID=3495) to work on /home/airflow/.local/lib/python3.7/site-packages/airflow/example_dags/example_branch_operator.py
[2023-12-29T05:01:14.602+0000] {processor.py:756} INFO - Processing file /home/airflow/.local/lib/python3.7/site-packages/airflow/example_dags/example_branch_operator.py for tasks to queue
[2023-12-29T05:01:14.602+0000] {logging_mixin.py:120} INFO - [2023-12-29T05:01:14.602+0000] {dagbag.py:537} INFO - Filling up the DagBag from /home/airflow/.local/lib/python3.7/site-packages/airflow/example_dags/example_branch_operator.py
[2023-12-29T05:01:14.619+0000] {processor.py:766} INFO - DAG(s) dict_keys(['example_branch_operator']) retrieved from /home/airflow/.local/lib/python3.7/site-packages/airflow/example_dags/example_branch_operator.py
[2023-12-29T05:01:14.659+0000] {logging_mixin.py:120} INFO - [2023-12-29T05:01:14.659+0000] {dag.py:2585} INFO - Sync 1 DAGs
[2023-12-29T05:01:14.686+0000] {logging_mixin.py:120} INFO - [2023-12-29T05:01:14.686+0000] {dag.py:3340} INFO - Setting next_dagrun for example_branch_operator to 2023-12-28T00:00:00+00:00, run_after=2023-12-29T00:00:00+00:00
[2023-12-29T05:01:14.707+0000] {processor.py:176} INFO - Processing /home/airflow/.local/lib/python3.7/site-packages/airflow/example_dags/example_branch_operator.py took 0.108 seconds
[2023-12-29T05:01:45.121+0000] {processor.py:154} INFO - Started process (PID=3550) to work on /home/airflow/.local/lib/python3.7/site-packages/airflow/example_dags/example_branch_operator.py
[2023-12-29T05:01:45.121+0000] {processor.py:756} INFO - Processing file /home/airflow/.local/lib/python3.7/site-packages/airflow/example_dags/example_branch_operator.py for tasks to queue
[2023-12-29T05:01:45.122+0000] {logging_mixin.py:120} INFO - [2023-12-29T05:01:45.122+0000] {dagbag.py:537} INFO - Filling up the DagBag from /home/airflow/.local/lib/python3.7/site-packages/airflow/example_dags/example_branch_operator.py
[2023-12-29T05:01:45.138+0000] {processor.py:766} INFO - DAG(s) dict_keys(['example_branch_operator']) retrieved from /home/airflow/.local/lib/python3.7/site-packages/airflow/example_dags/example_branch_operator.py
[2023-12-29T05:01:45.176+0000] {logging_mixin.py:120} INFO - [2023-12-29T05:01:45.176+0000] {dag.py:2585} INFO - Sync 1 DAGs
[2023-12-29T05:01:45.202+0000] {logging_mixin.py:120} INFO - [2023-12-29T05:01:45.202+0000] {dag.py:3340} INFO - Setting next_dagrun for example_branch_operator to 2023-12-28T00:00:00+00:00, run_after=2023-12-29T00:00:00+00:00
[2023-12-29T05:01:45.220+0000] {processor.py:176} INFO - Processing /home/airflow/.local/lib/python3.7/site-packages/airflow/example_dags/example_branch_operator.py took 0.102 seconds
