[2023-12-29T04:32:37.632+0000] {processor.py:154} INFO - Started process (PID=58) to work on /home/airflow/.local/lib/python3.7/site-packages/airflow/example_dags/example_datasets.py
[2023-12-29T04:32:37.633+0000] {processor.py:756} INFO - Processing file /home/airflow/.local/lib/python3.7/site-packages/airflow/example_dags/example_datasets.py for tasks to queue
[2023-12-29T04:32:37.634+0000] {logging_mixin.py:120} INFO - [2023-12-29T04:32:37.634+0000] {dagbag.py:537} INFO - Filling up the DagBag from /home/airflow/.local/lib/python3.7/site-packages/airflow/example_dags/example_datasets.py
[2023-12-29T04:32:37.653+0000] {processor.py:766} INFO - DAG(s) dict_keys(['dataset_consumes_1_and_2', 'dataset_produces_2', 'dataset_consumes_1', 'dataset_produces_1', 'dataset_consumes_1_never_scheduled', 'dataset_consumes_unknown_never_scheduled']) retrieved from /home/airflow/.local/lib/python3.7/site-packages/airflow/example_dags/example_datasets.py
[2023-12-29T04:32:37.852+0000] {logging_mixin.py:120} INFO - [2023-12-29T04:32:37.852+0000] {dag.py:2585} INFO - Sync 6 DAGs
[2023-12-29T04:32:37.917+0000] {logging_mixin.py:120} INFO - [2023-12-29T04:32:37.917+0000] {dag.py:3340} INFO - Setting next_dagrun for dataset_consumes_1 to None, run_after=None
[2023-12-29T04:32:37.924+0000] {logging_mixin.py:120} INFO - [2023-12-29T04:32:37.924+0000] {dag.py:3340} INFO - Setting next_dagrun for dataset_consumes_1_and_2 to None, run_after=None
[2023-12-29T04:32:37.925+0000] {logging_mixin.py:120} INFO - [2023-12-29T04:32:37.925+0000] {dag.py:3340} INFO - Setting next_dagrun for dataset_consumes_1_never_scheduled to None, run_after=None
[2023-12-29T04:32:37.927+0000] {logging_mixin.py:120} INFO - [2023-12-29T04:32:37.927+0000] {dag.py:3340} INFO - Setting next_dagrun for dataset_consumes_unknown_never_scheduled to None, run_after=None
[2023-12-29T04:32:37.930+0000] {logging_mixin.py:120} INFO - [2023-12-29T04:32:37.929+0000] {dag.py:3340} INFO - Setting next_dagrun for dataset_produces_1 to 2023-12-28T00:00:00+00:00, run_after=2023-12-29T00:00:00+00:00
[2023-12-29T04:32:37.938+0000] {logging_mixin.py:120} INFO - [2023-12-29T04:32:37.938+0000] {dag.py:3340} INFO - Setting next_dagrun for dataset_produces_2 to None, run_after=None
[2023-12-29T04:32:37.989+0000] {processor.py:176} INFO - Processing /home/airflow/.local/lib/python3.7/site-packages/airflow/example_dags/example_datasets.py took 0.359 seconds
[2023-12-29T04:33:08.022+0000] {processor.py:154} INFO - Started process (PID=122) to work on /home/airflow/.local/lib/python3.7/site-packages/airflow/example_dags/example_datasets.py
[2023-12-29T04:33:08.023+0000] {processor.py:756} INFO - Processing file /home/airflow/.local/lib/python3.7/site-packages/airflow/example_dags/example_datasets.py for tasks to queue
[2023-12-29T04:33:08.023+0000] {logging_mixin.py:120} INFO - [2023-12-29T04:33:08.023+0000] {dagbag.py:537} INFO - Filling up the DagBag from /home/airflow/.local/lib/python3.7/site-packages/airflow/example_dags/example_datasets.py
[2023-12-29T04:33:08.039+0000] {processor.py:766} INFO - DAG(s) dict_keys(['dataset_consumes_unknown_never_scheduled', 'dataset_consumes_1', 'dataset_produces_2', 'dataset_consumes_1_never_scheduled', 'dataset_consumes_1_and_2', 'dataset_produces_1']) retrieved from /home/airflow/.local/lib/python3.7/site-packages/airflow/example_dags/example_datasets.py
[2023-12-29T04:33:08.089+0000] {logging_mixin.py:120} INFO - [2023-12-29T04:33:08.088+0000] {dag.py:2585} INFO - Sync 6 DAGs
[2023-12-29T04:33:08.114+0000] {logging_mixin.py:120} INFO - [2023-12-29T04:33:08.114+0000] {dag.py:3340} INFO - Setting next_dagrun for dataset_consumes_1 to None, run_after=None
[2023-12-29T04:33:08.117+0000] {logging_mixin.py:120} INFO - [2023-12-29T04:33:08.117+0000] {dag.py:3340} INFO - Setting next_dagrun for dataset_consumes_1_and_2 to None, run_after=None
[2023-12-29T04:33:08.118+0000] {logging_mixin.py:120} INFO - [2023-12-29T04:33:08.118+0000] {dag.py:3340} INFO - Setting next_dagrun for dataset_consumes_1_never_scheduled to None, run_after=None
[2023-12-29T04:33:08.119+0000] {logging_mixin.py:120} INFO - [2023-12-29T04:33:08.119+0000] {dag.py:3340} INFO - Setting next_dagrun for dataset_consumes_unknown_never_scheduled to None, run_after=None
[2023-12-29T04:33:08.121+0000] {logging_mixin.py:120} INFO - [2023-12-29T04:33:08.121+0000] {dag.py:3340} INFO - Setting next_dagrun for dataset_produces_1 to 2023-12-28T00:00:00+00:00, run_after=2023-12-29T00:00:00+00:00
[2023-12-29T04:33:08.122+0000] {logging_mixin.py:120} INFO - [2023-12-29T04:33:08.122+0000] {dag.py:3340} INFO - Setting next_dagrun for dataset_produces_2 to None, run_after=None
[2023-12-29T04:33:08.148+0000] {processor.py:176} INFO - Processing /home/airflow/.local/lib/python3.7/site-packages/airflow/example_dags/example_datasets.py took 0.129 seconds
[2023-12-29T04:33:39.461+0000] {processor.py:154} INFO - Started process (PID=188) to work on /home/airflow/.local/lib/python3.7/site-packages/airflow/example_dags/example_datasets.py
[2023-12-29T04:33:39.462+0000] {processor.py:756} INFO - Processing file /home/airflow/.local/lib/python3.7/site-packages/airflow/example_dags/example_datasets.py for tasks to queue
[2023-12-29T04:33:39.462+0000] {logging_mixin.py:120} INFO - [2023-12-29T04:33:39.462+0000] {dagbag.py:537} INFO - Filling up the DagBag from /home/airflow/.local/lib/python3.7/site-packages/airflow/example_dags/example_datasets.py
[2023-12-29T04:33:39.477+0000] {processor.py:766} INFO - DAG(s) dict_keys(['dataset_consumes_1', 'dataset_consumes_1_and_2', 'dataset_consumes_1_never_scheduled', 'dataset_produces_1', 'dataset_produces_2', 'dataset_consumes_unknown_never_scheduled']) retrieved from /home/airflow/.local/lib/python3.7/site-packages/airflow/example_dags/example_datasets.py
[2023-12-29T04:33:39.526+0000] {logging_mixin.py:120} INFO - [2023-12-29T04:33:39.526+0000] {dag.py:2585} INFO - Sync 6 DAGs
[2023-12-29T04:33:39.551+0000] {logging_mixin.py:120} INFO - [2023-12-29T04:33:39.550+0000] {dag.py:3340} INFO - Setting next_dagrun for dataset_consumes_1 to None, run_after=None
[2023-12-29T04:33:39.554+0000] {logging_mixin.py:120} INFO - [2023-12-29T04:33:39.553+0000] {dag.py:3340} INFO - Setting next_dagrun for dataset_consumes_1_and_2 to None, run_after=None
[2023-12-29T04:33:39.555+0000] {logging_mixin.py:120} INFO - [2023-12-29T04:33:39.555+0000] {dag.py:3340} INFO - Setting next_dagrun for dataset_consumes_1_never_scheduled to None, run_after=None
[2023-12-29T04:33:39.556+0000] {logging_mixin.py:120} INFO - [2023-12-29T04:33:39.556+0000] {dag.py:3340} INFO - Setting next_dagrun for dataset_consumes_unknown_never_scheduled to None, run_after=None
[2023-12-29T04:33:39.558+0000] {logging_mixin.py:120} INFO - [2023-12-29T04:33:39.558+0000] {dag.py:3340} INFO - Setting next_dagrun for dataset_produces_1 to 2023-12-28T00:00:00+00:00, run_after=2023-12-29T00:00:00+00:00
[2023-12-29T04:33:39.559+0000] {logging_mixin.py:120} INFO - [2023-12-29T04:33:39.559+0000] {dag.py:3340} INFO - Setting next_dagrun for dataset_produces_2 to None, run_after=None
[2023-12-29T04:33:39.586+0000] {processor.py:176} INFO - Processing /home/airflow/.local/lib/python3.7/site-packages/airflow/example_dags/example_datasets.py took 0.127 seconds
[2023-12-29T04:34:10.298+0000] {processor.py:154} INFO - Started process (PID=243) to work on /home/airflow/.local/lib/python3.7/site-packages/airflow/example_dags/example_datasets.py
[2023-12-29T04:34:10.300+0000] {processor.py:756} INFO - Processing file /home/airflow/.local/lib/python3.7/site-packages/airflow/example_dags/example_datasets.py for tasks to queue
[2023-12-29T04:34:10.300+0000] {logging_mixin.py:120} INFO - [2023-12-29T04:34:10.300+0000] {dagbag.py:537} INFO - Filling up the DagBag from /home/airflow/.local/lib/python3.7/site-packages/airflow/example_dags/example_datasets.py
[2023-12-29T04:34:10.316+0000] {processor.py:766} INFO - DAG(s) dict_keys(['dataset_consumes_1_and_2', 'dataset_consumes_1_never_scheduled', 'dataset_produces_2', 'dataset_consumes_1', 'dataset_consumes_unknown_never_scheduled', 'dataset_produces_1']) retrieved from /home/airflow/.local/lib/python3.7/site-packages/airflow/example_dags/example_datasets.py
[2023-12-29T04:34:10.385+0000] {logging_mixin.py:120} INFO - [2023-12-29T04:34:10.385+0000] {dag.py:2585} INFO - Sync 6 DAGs
[2023-12-29T04:34:10.416+0000] {logging_mixin.py:120} INFO - [2023-12-29T04:34:10.416+0000] {dag.py:3340} INFO - Setting next_dagrun for dataset_consumes_1 to None, run_after=None
[2023-12-29T04:34:10.422+0000] {logging_mixin.py:120} INFO - [2023-12-29T04:34:10.421+0000] {dag.py:3340} INFO - Setting next_dagrun for dataset_consumes_1_and_2 to None, run_after=None
[2023-12-29T04:34:10.423+0000] {logging_mixin.py:120} INFO - [2023-12-29T04:34:10.423+0000] {dag.py:3340} INFO - Setting next_dagrun for dataset_consumes_1_never_scheduled to None, run_after=None
[2023-12-29T04:34:10.425+0000] {logging_mixin.py:120} INFO - [2023-12-29T04:34:10.425+0000] {dag.py:3340} INFO - Setting next_dagrun for dataset_consumes_unknown_never_scheduled to None, run_after=None
[2023-12-29T04:34:10.428+0000] {logging_mixin.py:120} INFO - [2023-12-29T04:34:10.428+0000] {dag.py:3340} INFO - Setting next_dagrun for dataset_produces_1 to 2023-12-28T00:00:00+00:00, run_after=2023-12-29T00:00:00+00:00
[2023-12-29T04:34:10.430+0000] {logging_mixin.py:120} INFO - [2023-12-29T04:34:10.430+0000] {dag.py:3340} INFO - Setting next_dagrun for dataset_produces_2 to None, run_after=None
[2023-12-29T04:34:10.470+0000] {processor.py:176} INFO - Processing /home/airflow/.local/lib/python3.7/site-packages/airflow/example_dags/example_datasets.py took 0.175 seconds
