[2023-12-29T04:32:38.100+0000] {processor.py:154} INFO - Started process (PID=62) to work on /home/airflow/.local/lib/python3.7/site-packages/airflow/example_dags/example_task_group_decorator.py
[2023-12-29T04:32:38.101+0000] {processor.py:756} INFO - Processing file /home/airflow/.local/lib/python3.7/site-packages/airflow/example_dags/example_task_group_decorator.py for tasks to queue
[2023-12-29T04:32:38.101+0000] {logging_mixin.py:120} INFO - [2023-12-29T04:32:38.101+0000] {dagbag.py:537} INFO - Filling up the DagBag from /home/airflow/.local/lib/python3.7/site-packages/airflow/example_dags/example_task_group_decorator.py
[2023-12-29T04:32:38.209+0000] {processor.py:766} INFO - DAG(s) dict_keys(['example_task_group_decorator']) retrieved from /home/airflow/.local/lib/python3.7/site-packages/airflow/example_dags/example_task_group_decorator.py
[2023-12-29T04:32:38.280+0000] {logging_mixin.py:120} INFO - [2023-12-29T04:32:38.280+0000] {dag.py:2585} INFO - Sync 1 DAGs
[2023-12-29T04:32:38.324+0000] {logging_mixin.py:120} INFO - [2023-12-29T04:32:38.324+0000] {dag.py:3340} INFO - Setting next_dagrun for example_task_group_decorator to 2023-12-28T04:32:38.323991+00:00, run_after=2023-12-29T04:32:38.323991+00:00
[2023-12-29T04:32:38.379+0000] {processor.py:176} INFO - Processing /home/airflow/.local/lib/python3.7/site-packages/airflow/example_dags/example_task_group_decorator.py took 0.282 seconds
[2023-12-29T04:33:09.190+0000] {processor.py:154} INFO - Started process (PID=126) to work on /home/airflow/.local/lib/python3.7/site-packages/airflow/example_dags/example_task_group_decorator.py
[2023-12-29T04:33:09.191+0000] {processor.py:756} INFO - Processing file /home/airflow/.local/lib/python3.7/site-packages/airflow/example_dags/example_task_group_decorator.py for tasks to queue
[2023-12-29T04:33:09.191+0000] {logging_mixin.py:120} INFO - [2023-12-29T04:33:09.191+0000] {dagbag.py:537} INFO - Filling up the DagBag from /home/airflow/.local/lib/python3.7/site-packages/airflow/example_dags/example_task_group_decorator.py
[2023-12-29T04:33:09.222+0000] {processor.py:766} INFO - DAG(s) dict_keys(['example_task_group_decorator']) retrieved from /home/airflow/.local/lib/python3.7/site-packages/airflow/example_dags/example_task_group_decorator.py
[2023-12-29T04:33:09.259+0000] {logging_mixin.py:120} INFO - [2023-12-29T04:33:09.259+0000] {dag.py:2585} INFO - Sync 1 DAGs
[2023-12-29T04:33:09.282+0000] {logging_mixin.py:120} INFO - [2023-12-29T04:33:09.282+0000] {dag.py:3340} INFO - Setting next_dagrun for example_task_group_decorator to 2023-12-28T04:33:09.281931+00:00, run_after=2023-12-29T04:33:09.281931+00:00
[2023-12-29T04:33:09.299+0000] {processor.py:176} INFO - Processing /home/airflow/.local/lib/python3.7/site-packages/airflow/example_dags/example_task_group_decorator.py took 0.112 seconds
[2023-12-29T04:33:39.686+0000] {processor.py:154} INFO - Started process (PID=192) to work on /home/airflow/.local/lib/python3.7/site-packages/airflow/example_dags/example_task_group_decorator.py
[2023-12-29T04:33:39.687+0000] {processor.py:756} INFO - Processing file /home/airflow/.local/lib/python3.7/site-packages/airflow/example_dags/example_task_group_decorator.py for tasks to queue
[2023-12-29T04:33:39.688+0000] {logging_mixin.py:120} INFO - [2023-12-29T04:33:39.688+0000] {dagbag.py:537} INFO - Filling up the DagBag from /home/airflow/.local/lib/python3.7/site-packages/airflow/example_dags/example_task_group_decorator.py
[2023-12-29T04:33:39.713+0000] {processor.py:766} INFO - DAG(s) dict_keys(['example_task_group_decorator']) retrieved from /home/airflow/.local/lib/python3.7/site-packages/airflow/example_dags/example_task_group_decorator.py
[2023-12-29T04:33:39.750+0000] {logging_mixin.py:120} INFO - [2023-12-29T04:33:39.750+0000] {dag.py:2585} INFO - Sync 1 DAGs
[2023-12-29T04:33:39.774+0000] {logging_mixin.py:120} INFO - [2023-12-29T04:33:39.774+0000] {dag.py:3340} INFO - Setting next_dagrun for example_task_group_decorator to 2023-12-28T04:33:39.774351+00:00, run_after=2023-12-29T04:33:39.774351+00:00
[2023-12-29T04:33:39.791+0000] {processor.py:176} INFO - Processing /home/airflow/.local/lib/python3.7/site-packages/airflow/example_dags/example_task_group_decorator.py took 0.107 seconds
[2023-12-29T04:34:10.640+0000] {processor.py:154} INFO - Started process (PID=247) to work on /home/airflow/.local/lib/python3.7/site-packages/airflow/example_dags/example_task_group_decorator.py
[2023-12-29T04:34:10.640+0000] {processor.py:756} INFO - Processing file /home/airflow/.local/lib/python3.7/site-packages/airflow/example_dags/example_task_group_decorator.py for tasks to queue
[2023-12-29T04:34:10.641+0000] {logging_mixin.py:120} INFO - [2023-12-29T04:34:10.641+0000] {dagbag.py:537} INFO - Filling up the DagBag from /home/airflow/.local/lib/python3.7/site-packages/airflow/example_dags/example_task_group_decorator.py
[2023-12-29T04:34:10.673+0000] {processor.py:766} INFO - DAG(s) dict_keys(['example_task_group_decorator']) retrieved from /home/airflow/.local/lib/python3.7/site-packages/airflow/example_dags/example_task_group_decorator.py
[2023-12-29T04:34:10.722+0000] {logging_mixin.py:120} INFO - [2023-12-29T04:34:10.722+0000] {dag.py:2585} INFO - Sync 1 DAGs
[2023-12-29T04:34:10.749+0000] {logging_mixin.py:120} INFO - [2023-12-29T04:34:10.749+0000] {dag.py:3340} INFO - Setting next_dagrun for example_task_group_decorator to 2023-12-28T04:34:10.749173+00:00, run_after=2023-12-29T04:34:10.749173+00:00
[2023-12-29T04:34:10.767+0000] {processor.py:176} INFO - Processing /home/airflow/.local/lib/python3.7/site-packages/airflow/example_dags/example_task_group_decorator.py took 0.130 seconds
