[2023-12-29T04:32:37.447+0000] {processor.py:154} INFO - Started process (PID=56) to work on /home/airflow/.local/lib/python3.7/site-packages/airflow/example_dags/example_short_circuit_operator.py
[2023-12-29T04:32:37.448+0000] {processor.py:756} INFO - Processing file /home/airflow/.local/lib/python3.7/site-packages/airflow/example_dags/example_short_circuit_operator.py for tasks to queue
[2023-12-29T04:32:37.448+0000] {logging_mixin.py:120} INFO - [2023-12-29T04:32:37.448+0000] {dagbag.py:537} INFO - Filling up the DagBag from /home/airflow/.local/lib/python3.7/site-packages/airflow/example_dags/example_short_circuit_operator.py
[2023-12-29T04:32:37.471+0000] {processor.py:766} INFO - DAG(s) dict_keys(['example_short_circuit_operator']) retrieved from /home/airflow/.local/lib/python3.7/site-packages/airflow/example_dags/example_short_circuit_operator.py
[2023-12-29T04:32:37.513+0000] {logging_mixin.py:120} INFO - [2023-12-29T04:32:37.513+0000] {dag.py:2585} INFO - Sync 1 DAGs
[2023-12-29T04:32:37.575+0000] {logging_mixin.py:120} INFO - [2023-12-29T04:32:37.575+0000] {dag.py:3340} INFO - Setting next_dagrun for example_short_circuit_operator to 2023-12-28T04:32:37.575281+00:00, run_after=2023-12-29T04:32:37.575281+00:00
[2023-12-29T04:32:37.611+0000] {processor.py:176} INFO - Processing /home/airflow/.local/lib/python3.7/site-packages/airflow/example_dags/example_short_circuit_operator.py took 0.167 seconds
[2023-12-29T04:33:07.911+0000] {processor.py:154} INFO - Started process (PID=120) to work on /home/airflow/.local/lib/python3.7/site-packages/airflow/example_dags/example_short_circuit_operator.py
[2023-12-29T04:33:07.912+0000] {processor.py:756} INFO - Processing file /home/airflow/.local/lib/python3.7/site-packages/airflow/example_dags/example_short_circuit_operator.py for tasks to queue
[2023-12-29T04:33:07.913+0000] {logging_mixin.py:120} INFO - [2023-12-29T04:33:07.913+0000] {dagbag.py:537} INFO - Filling up the DagBag from /home/airflow/.local/lib/python3.7/site-packages/airflow/example_dags/example_short_circuit_operator.py
[2023-12-29T04:33:07.928+0000] {processor.py:766} INFO - DAG(s) dict_keys(['example_short_circuit_operator']) retrieved from /home/airflow/.local/lib/python3.7/site-packages/airflow/example_dags/example_short_circuit_operator.py
[2023-12-29T04:33:07.964+0000] {logging_mixin.py:120} INFO - [2023-12-29T04:33:07.964+0000] {dag.py:2585} INFO - Sync 1 DAGs
[2023-12-29T04:33:07.987+0000] {logging_mixin.py:120} INFO - [2023-12-29T04:33:07.987+0000] {dag.py:3340} INFO - Setting next_dagrun for example_short_circuit_operator to 2023-12-28T04:33:07.987615+00:00, run_after=2023-12-29T04:33:07.987615+00:00
[2023-12-29T04:33:08.004+0000] {processor.py:176} INFO - Processing /home/airflow/.local/lib/python3.7/site-packages/airflow/example_dags/example_short_circuit_operator.py took 0.095 seconds
[2023-12-29T04:33:39.241+0000] {processor.py:154} INFO - Started process (PID=186) to work on /home/airflow/.local/lib/python3.7/site-packages/airflow/example_dags/example_short_circuit_operator.py
[2023-12-29T04:33:39.241+0000] {processor.py:756} INFO - Processing file /home/airflow/.local/lib/python3.7/site-packages/airflow/example_dags/example_short_circuit_operator.py for tasks to queue
[2023-12-29T04:33:39.242+0000] {logging_mixin.py:120} INFO - [2023-12-29T04:33:39.242+0000] {dagbag.py:537} INFO - Filling up the DagBag from /home/airflow/.local/lib/python3.7/site-packages/airflow/example_dags/example_short_circuit_operator.py
[2023-12-29T04:33:39.256+0000] {processor.py:766} INFO - DAG(s) dict_keys(['example_short_circuit_operator']) retrieved from /home/airflow/.local/lib/python3.7/site-packages/airflow/example_dags/example_short_circuit_operator.py
[2023-12-29T04:33:39.293+0000] {logging_mixin.py:120} INFO - [2023-12-29T04:33:39.292+0000] {dag.py:2585} INFO - Sync 1 DAGs
[2023-12-29T04:33:39.316+0000] {logging_mixin.py:120} INFO - [2023-12-29T04:33:39.316+0000] {dag.py:3340} INFO - Setting next_dagrun for example_short_circuit_operator to 2023-12-28T04:33:39.315890+00:00, run_after=2023-12-29T04:33:39.315890+00:00
[2023-12-29T04:33:39.333+0000] {processor.py:176} INFO - Processing /home/airflow/.local/lib/python3.7/site-packages/airflow/example_dags/example_short_circuit_operator.py took 0.094 seconds
[2023-12-29T04:34:10.182+0000] {processor.py:154} INFO - Started process (PID=241) to work on /home/airflow/.local/lib/python3.7/site-packages/airflow/example_dags/example_short_circuit_operator.py
[2023-12-29T04:34:10.183+0000] {processor.py:756} INFO - Processing file /home/airflow/.local/lib/python3.7/site-packages/airflow/example_dags/example_short_circuit_operator.py for tasks to queue
[2023-12-29T04:34:10.184+0000] {logging_mixin.py:120} INFO - [2023-12-29T04:34:10.184+0000] {dagbag.py:537} INFO - Filling up the DagBag from /home/airflow/.local/lib/python3.7/site-packages/airflow/example_dags/example_short_circuit_operator.py
[2023-12-29T04:34:10.198+0000] {processor.py:766} INFO - DAG(s) dict_keys(['example_short_circuit_operator']) retrieved from /home/airflow/.local/lib/python3.7/site-packages/airflow/example_dags/example_short_circuit_operator.py
[2023-12-29T04:34:10.240+0000] {logging_mixin.py:120} INFO - [2023-12-29T04:34:10.240+0000] {dag.py:2585} INFO - Sync 1 DAGs
[2023-12-29T04:34:10.263+0000] {logging_mixin.py:120} INFO - [2023-12-29T04:34:10.263+0000] {dag.py:3340} INFO - Setting next_dagrun for example_short_circuit_operator to 2023-12-28T04:34:10.263317+00:00, run_after=2023-12-29T04:34:10.263317+00:00
[2023-12-29T04:34:10.281+0000] {processor.py:176} INFO - Processing /home/airflow/.local/lib/python3.7/site-packages/airflow/example_dags/example_short_circuit_operator.py took 0.101 seconds
