[2023-12-29T04:32:36.704+0000] {processor.py:154} INFO - Started process (PID=46) to work on /home/airflow/.local/lib/python3.7/site-packages/airflow/example_dags/example_complex.py
[2023-12-29T04:32:36.705+0000] {processor.py:756} INFO - Processing file /home/airflow/.local/lib/python3.7/site-packages/airflow/example_dags/example_complex.py for tasks to queue
[2023-12-29T04:32:36.706+0000] {logging_mixin.py:120} INFO - [2023-12-29T04:32:36.705+0000] {dagbag.py:537} INFO - Filling up the DagBag from /home/airflow/.local/lib/python3.7/site-packages/airflow/example_dags/example_complex.py
[2023-12-29T04:32:36.735+0000] {logging_mixin.py:120} INFO - [2023-12-29T04:32:36.734+0000] {taskmixin.py:205} WARNING - Dependency <Task(BashOperator): create_entry_group>, delete_entry_group already registered for DAG: example_complex
[2023-12-29T04:32:36.735+0000] {logging_mixin.py:120} INFO - [2023-12-29T04:32:36.735+0000] {taskmixin.py:205} WARNING - Dependency <Task(BashOperator): delete_entry_group>, create_entry_group already registered for DAG: example_complex
[2023-12-29T04:32:36.735+0000] {logging_mixin.py:120} INFO - [2023-12-29T04:32:36.735+0000] {taskmixin.py:205} WARNING - Dependency <Task(BashOperator): create_entry_gcs>, delete_entry already registered for DAG: example_complex
[2023-12-29T04:32:36.735+0000] {logging_mixin.py:120} INFO - [2023-12-29T04:32:36.735+0000] {taskmixin.py:205} WARNING - Dependency <Task(BashOperator): delete_entry>, create_entry_gcs already registered for DAG: example_complex
[2023-12-29T04:32:36.736+0000] {logging_mixin.py:120} INFO - [2023-12-29T04:32:36.735+0000] {taskmixin.py:205} WARNING - Dependency <Task(BashOperator): create_tag>, delete_tag already registered for DAG: example_complex
[2023-12-29T04:32:36.736+0000] {logging_mixin.py:120} INFO - [2023-12-29T04:32:36.736+0000] {taskmixin.py:205} WARNING - Dependency <Task(BashOperator): delete_tag>, create_tag already registered for DAG: example_complex
[2023-12-29T04:32:36.746+0000] {processor.py:766} INFO - DAG(s) dict_keys(['example_complex']) retrieved from /home/airflow/.local/lib/python3.7/site-packages/airflow/example_dags/example_complex.py
[2023-12-29T04:32:36.789+0000] {logging_mixin.py:120} INFO - [2023-12-29T04:32:36.789+0000] {dag.py:2585} INFO - Sync 1 DAGs
[2023-12-29T04:32:36.816+0000] {logging_mixin.py:120} INFO - [2023-12-29T04:32:36.816+0000] {dag.py:3340} INFO - Setting next_dagrun for example_complex to None, run_after=None
[2023-12-29T04:32:36.853+0000] {processor.py:176} INFO - Processing /home/airflow/.local/lib/python3.7/site-packages/airflow/example_dags/example_complex.py took 0.152 seconds
[2023-12-29T04:33:07.131+0000] {processor.py:154} INFO - Started process (PID=110) to work on /home/airflow/.local/lib/python3.7/site-packages/airflow/example_dags/example_complex.py
[2023-12-29T04:33:07.132+0000] {processor.py:756} INFO - Processing file /home/airflow/.local/lib/python3.7/site-packages/airflow/example_dags/example_complex.py for tasks to queue
[2023-12-29T04:33:07.133+0000] {logging_mixin.py:120} INFO - [2023-12-29T04:33:07.132+0000] {dagbag.py:537} INFO - Filling up the DagBag from /home/airflow/.local/lib/python3.7/site-packages/airflow/example_dags/example_complex.py
[2023-12-29T04:33:07.143+0000] {logging_mixin.py:120} INFO - [2023-12-29T04:33:07.143+0000] {taskmixin.py:205} WARNING - Dependency <Task(BashOperator): create_entry_group>, delete_entry_group already registered for DAG: example_complex
[2023-12-29T04:33:07.143+0000] {logging_mixin.py:120} INFO - [2023-12-29T04:33:07.143+0000] {taskmixin.py:205} WARNING - Dependency <Task(BashOperator): delete_entry_group>, create_entry_group already registered for DAG: example_complex
[2023-12-29T04:33:07.144+0000] {logging_mixin.py:120} INFO - [2023-12-29T04:33:07.144+0000] {taskmixin.py:205} WARNING - Dependency <Task(BashOperator): create_entry_gcs>, delete_entry already registered for DAG: example_complex
[2023-12-29T04:33:07.144+0000] {logging_mixin.py:120} INFO - [2023-12-29T04:33:07.144+0000] {taskmixin.py:205} WARNING - Dependency <Task(BashOperator): delete_entry>, create_entry_gcs already registered for DAG: example_complex
[2023-12-29T04:33:07.144+0000] {logging_mixin.py:120} INFO - [2023-12-29T04:33:07.144+0000] {taskmixin.py:205} WARNING - Dependency <Task(BashOperator): create_tag>, delete_tag already registered for DAG: example_complex
[2023-12-29T04:33:07.144+0000] {logging_mixin.py:120} INFO - [2023-12-29T04:33:07.144+0000] {taskmixin.py:205} WARNING - Dependency <Task(BashOperator): delete_tag>, create_tag already registered for DAG: example_complex
[2023-12-29T04:33:07.152+0000] {processor.py:766} INFO - DAG(s) dict_keys(['example_complex']) retrieved from /home/airflow/.local/lib/python3.7/site-packages/airflow/example_dags/example_complex.py
[2023-12-29T04:33:07.193+0000] {logging_mixin.py:120} INFO - [2023-12-29T04:33:07.193+0000] {dag.py:2585} INFO - Sync 1 DAGs
[2023-12-29T04:33:07.219+0000] {logging_mixin.py:120} INFO - [2023-12-29T04:33:07.219+0000] {dag.py:3340} INFO - Setting next_dagrun for example_complex to None, run_after=None
[2023-12-29T04:33:07.237+0000] {processor.py:176} INFO - Processing /home/airflow/.local/lib/python3.7/site-packages/airflow/example_dags/example_complex.py took 0.109 seconds
[2023-12-29T04:33:38.538+0000] {processor.py:154} INFO - Started process (PID=176) to work on /home/airflow/.local/lib/python3.7/site-packages/airflow/example_dags/example_complex.py
[2023-12-29T04:33:38.539+0000] {processor.py:756} INFO - Processing file /home/airflow/.local/lib/python3.7/site-packages/airflow/example_dags/example_complex.py for tasks to queue
[2023-12-29T04:33:38.540+0000] {logging_mixin.py:120} INFO - [2023-12-29T04:33:38.539+0000] {dagbag.py:537} INFO - Filling up the DagBag from /home/airflow/.local/lib/python3.7/site-packages/airflow/example_dags/example_complex.py
[2023-12-29T04:33:38.559+0000] {logging_mixin.py:120} INFO - [2023-12-29T04:33:38.558+0000] {taskmixin.py:205} WARNING - Dependency <Task(BashOperator): create_entry_group>, delete_entry_group already registered for DAG: example_complex
[2023-12-29T04:33:38.559+0000] {logging_mixin.py:120} INFO - [2023-12-29T04:33:38.559+0000] {taskmixin.py:205} WARNING - Dependency <Task(BashOperator): delete_entry_group>, create_entry_group already registered for DAG: example_complex
[2023-12-29T04:33:38.559+0000] {logging_mixin.py:120} INFO - [2023-12-29T04:33:38.559+0000] {taskmixin.py:205} WARNING - Dependency <Task(BashOperator): create_entry_gcs>, delete_entry already registered for DAG: example_complex
[2023-12-29T04:33:38.559+0000] {logging_mixin.py:120} INFO - [2023-12-29T04:33:38.559+0000] {taskmixin.py:205} WARNING - Dependency <Task(BashOperator): delete_entry>, create_entry_gcs already registered for DAG: example_complex
[2023-12-29T04:33:38.559+0000] {logging_mixin.py:120} INFO - [2023-12-29T04:33:38.559+0000] {taskmixin.py:205} WARNING - Dependency <Task(BashOperator): create_tag>, delete_tag already registered for DAG: example_complex
[2023-12-29T04:33:38.560+0000] {logging_mixin.py:120} INFO - [2023-12-29T04:33:38.560+0000] {taskmixin.py:205} WARNING - Dependency <Task(BashOperator): delete_tag>, create_tag already registered for DAG: example_complex
[2023-12-29T04:33:38.567+0000] {processor.py:766} INFO - DAG(s) dict_keys(['example_complex']) retrieved from /home/airflow/.local/lib/python3.7/site-packages/airflow/example_dags/example_complex.py
[2023-12-29T04:33:38.611+0000] {logging_mixin.py:120} INFO - [2023-12-29T04:33:38.611+0000] {dag.py:2585} INFO - Sync 1 DAGs
[2023-12-29T04:33:38.637+0000] {logging_mixin.py:120} INFO - [2023-12-29T04:33:38.637+0000] {dag.py:3340} INFO - Setting next_dagrun for example_complex to None, run_after=None
[2023-12-29T04:33:38.657+0000] {processor.py:176} INFO - Processing /home/airflow/.local/lib/python3.7/site-packages/airflow/example_dags/example_complex.py took 0.121 seconds
[2023-12-29T04:34:09.527+0000] {processor.py:154} INFO - Started process (PID=231) to work on /home/airflow/.local/lib/python3.7/site-packages/airflow/example_dags/example_complex.py
[2023-12-29T04:34:09.528+0000] {processor.py:756} INFO - Processing file /home/airflow/.local/lib/python3.7/site-packages/airflow/example_dags/example_complex.py for tasks to queue
[2023-12-29T04:34:09.529+0000] {logging_mixin.py:120} INFO - [2023-12-29T04:34:09.528+0000] {dagbag.py:537} INFO - Filling up the DagBag from /home/airflow/.local/lib/python3.7/site-packages/airflow/example_dags/example_complex.py
[2023-12-29T04:34:09.540+0000] {logging_mixin.py:120} INFO - [2023-12-29T04:34:09.540+0000] {taskmixin.py:205} WARNING - Dependency <Task(BashOperator): create_entry_group>, delete_entry_group already registered for DAG: example_complex
[2023-12-29T04:34:09.540+0000] {logging_mixin.py:120} INFO - [2023-12-29T04:34:09.540+0000] {taskmixin.py:205} WARNING - Dependency <Task(BashOperator): delete_entry_group>, create_entry_group already registered for DAG: example_complex
[2023-12-29T04:34:09.540+0000] {logging_mixin.py:120} INFO - [2023-12-29T04:34:09.540+0000] {taskmixin.py:205} WARNING - Dependency <Task(BashOperator): create_entry_gcs>, delete_entry already registered for DAG: example_complex
[2023-12-29T04:34:09.540+0000] {logging_mixin.py:120} INFO - [2023-12-29T04:34:09.540+0000] {taskmixin.py:205} WARNING - Dependency <Task(BashOperator): delete_entry>, create_entry_gcs already registered for DAG: example_complex
[2023-12-29T04:34:09.541+0000] {logging_mixin.py:120} INFO - [2023-12-29T04:34:09.541+0000] {taskmixin.py:205} WARNING - Dependency <Task(BashOperator): create_tag>, delete_tag already registered for DAG: example_complex
[2023-12-29T04:34:09.541+0000] {logging_mixin.py:120} INFO - [2023-12-29T04:34:09.541+0000] {taskmixin.py:205} WARNING - Dependency <Task(BashOperator): delete_tag>, create_tag already registered for DAG: example_complex
[2023-12-29T04:34:09.548+0000] {processor.py:766} INFO - DAG(s) dict_keys(['example_complex']) retrieved from /home/airflow/.local/lib/python3.7/site-packages/airflow/example_dags/example_complex.py
[2023-12-29T04:34:09.601+0000] {logging_mixin.py:120} INFO - [2023-12-29T04:34:09.600+0000] {dag.py:2585} INFO - Sync 1 DAGs
[2023-12-29T04:34:09.625+0000] {logging_mixin.py:120} INFO - [2023-12-29T04:34:09.624+0000] {dag.py:3340} INFO - Setting next_dagrun for example_complex to None, run_after=None
[2023-12-29T04:34:09.642+0000] {processor.py:176} INFO - Processing /home/airflow/.local/lib/python3.7/site-packages/airflow/example_dags/example_complex.py took 0.117 seconds
