[2023-12-29T04:32:37.939+0000] {processor.py:154} INFO - Started process (PID=60) to work on /home/airflow/.local/lib/python3.7/site-packages/airflow/example_dags/example_latest_only_with_trigger.py
[2023-12-29T04:32:37.940+0000] {processor.py:756} INFO - Processing file /home/airflow/.local/lib/python3.7/site-packages/airflow/example_dags/example_latest_only_with_trigger.py for tasks to queue
[2023-12-29T04:32:37.941+0000] {logging_mixin.py:120} INFO - [2023-12-29T04:32:37.940+0000] {dagbag.py:537} INFO - Filling up the DagBag from /home/airflow/.local/lib/python3.7/site-packages/airflow/example_dags/example_latest_only_with_trigger.py
[2023-12-29T04:32:37.956+0000] {processor.py:766} INFO - DAG(s) dict_keys(['latest_only_with_trigger']) retrieved from /home/airflow/.local/lib/python3.7/site-packages/airflow/example_dags/example_latest_only_with_trigger.py
[2023-12-29T04:32:38.005+0000] {logging_mixin.py:120} INFO - [2023-12-29T04:32:38.005+0000] {dag.py:2585} INFO - Sync 1 DAGs
[2023-12-29T04:32:38.033+0000] {logging_mixin.py:120} INFO - [2023-12-29T04:32:38.033+0000] {dag.py:3340} INFO - Setting next_dagrun for latest_only_with_trigger to 2023-12-29T00:32:38.033589+00:00, run_after=2023-12-29T04:32:38.033589+00:00
[2023-12-29T04:32:38.063+0000] {processor.py:176} INFO - Processing /home/airflow/.local/lib/python3.7/site-packages/airflow/example_dags/example_latest_only_with_trigger.py took 0.127 seconds
[2023-12-29T04:33:08.155+0000] {processor.py:154} INFO - Started process (PID=124) to work on /home/airflow/.local/lib/python3.7/site-packages/airflow/example_dags/example_latest_only_with_trigger.py
[2023-12-29T04:33:08.155+0000] {processor.py:756} INFO - Processing file /home/airflow/.local/lib/python3.7/site-packages/airflow/example_dags/example_latest_only_with_trigger.py for tasks to queue
[2023-12-29T04:33:08.156+0000] {logging_mixin.py:120} INFO - [2023-12-29T04:33:08.156+0000] {dagbag.py:537} INFO - Filling up the DagBag from /home/airflow/.local/lib/python3.7/site-packages/airflow/example_dags/example_latest_only_with_trigger.py
[2023-12-29T04:33:08.168+0000] {processor.py:766} INFO - DAG(s) dict_keys(['latest_only_with_trigger']) retrieved from /home/airflow/.local/lib/python3.7/site-packages/airflow/example_dags/example_latest_only_with_trigger.py
[2023-12-29T04:33:08.202+0000] {logging_mixin.py:120} INFO - [2023-12-29T04:33:08.201+0000] {dag.py:2585} INFO - Sync 1 DAGs
[2023-12-29T04:33:08.225+0000] {logging_mixin.py:120} INFO - [2023-12-29T04:33:08.225+0000] {dag.py:3340} INFO - Setting next_dagrun for latest_only_with_trigger to 2023-12-29T00:33:08.225087+00:00, run_after=2023-12-29T04:33:08.225087+00:00
[2023-12-29T04:33:08.241+0000] {processor.py:176} INFO - Processing /home/airflow/.local/lib/python3.7/site-packages/airflow/example_dags/example_latest_only_with_trigger.py took 0.089 seconds
[2023-12-29T04:33:39.581+0000] {processor.py:154} INFO - Started process (PID=190) to work on /home/airflow/.local/lib/python3.7/site-packages/airflow/example_dags/example_latest_only_with_trigger.py
[2023-12-29T04:33:39.582+0000] {processor.py:756} INFO - Processing file /home/airflow/.local/lib/python3.7/site-packages/airflow/example_dags/example_latest_only_with_trigger.py for tasks to queue
[2023-12-29T04:33:39.583+0000] {logging_mixin.py:120} INFO - [2023-12-29T04:33:39.582+0000] {dagbag.py:537} INFO - Filling up the DagBag from /home/airflow/.local/lib/python3.7/site-packages/airflow/example_dags/example_latest_only_with_trigger.py
[2023-12-29T04:33:39.595+0000] {processor.py:766} INFO - DAG(s) dict_keys(['latest_only_with_trigger']) retrieved from /home/airflow/.local/lib/python3.7/site-packages/airflow/example_dags/example_latest_only_with_trigger.py
[2023-12-29T04:33:39.630+0000] {logging_mixin.py:120} INFO - [2023-12-29T04:33:39.630+0000] {dag.py:2585} INFO - Sync 1 DAGs
[2023-12-29T04:33:39.654+0000] {logging_mixin.py:120} INFO - [2023-12-29T04:33:39.654+0000] {dag.py:3340} INFO - Setting next_dagrun for latest_only_with_trigger to 2023-12-29T00:33:39.653988+00:00, run_after=2023-12-29T04:33:39.653988+00:00
[2023-12-29T04:33:39.670+0000] {processor.py:176} INFO - Processing /home/airflow/.local/lib/python3.7/site-packages/airflow/example_dags/example_latest_only_with_trigger.py took 0.092 seconds
[2023-12-29T04:34:10.490+0000] {processor.py:154} INFO - Started process (PID=245) to work on /home/airflow/.local/lib/python3.7/site-packages/airflow/example_dags/example_latest_only_with_trigger.py
[2023-12-29T04:34:10.493+0000] {processor.py:756} INFO - Processing file /home/airflow/.local/lib/python3.7/site-packages/airflow/example_dags/example_latest_only_with_trigger.py for tasks to queue
[2023-12-29T04:34:10.494+0000] {logging_mixin.py:120} INFO - [2023-12-29T04:34:10.494+0000] {dagbag.py:537} INFO - Filling up the DagBag from /home/airflow/.local/lib/python3.7/site-packages/airflow/example_dags/example_latest_only_with_trigger.py
[2023-12-29T04:34:10.519+0000] {processor.py:766} INFO - DAG(s) dict_keys(['latest_only_with_trigger']) retrieved from /home/airflow/.local/lib/python3.7/site-packages/airflow/example_dags/example_latest_only_with_trigger.py
[2023-12-29T04:34:10.569+0000] {logging_mixin.py:120} INFO - [2023-12-29T04:34:10.569+0000] {dag.py:2585} INFO - Sync 1 DAGs
[2023-12-29T04:34:10.599+0000] {logging_mixin.py:120} INFO - [2023-12-29T04:34:10.599+0000] {dag.py:3340} INFO - Setting next_dagrun for latest_only_with_trigger to 2023-12-29T00:34:10.599453+00:00, run_after=2023-12-29T04:34:10.599453+00:00
[2023-12-29T04:34:10.619+0000] {processor.py:176} INFO - Processing /home/airflow/.local/lib/python3.7/site-packages/airflow/example_dags/example_latest_only_with_trigger.py took 0.132 seconds
[2023-12-29T04:34:41.267+0000] {processor.py:154} INFO - Started process (PID=310) to work on /home/airflow/.local/lib/python3.7/site-packages/airflow/example_dags/example_latest_only_with_trigger.py
[2023-12-29T04:34:41.268+0000] {processor.py:756} INFO - Processing file /home/airflow/.local/lib/python3.7/site-packages/airflow/example_dags/example_latest_only_with_trigger.py for tasks to queue
[2023-12-29T04:34:41.269+0000] {logging_mixin.py:120} INFO - [2023-12-29T04:34:41.269+0000] {dagbag.py:537} INFO - Filling up the DagBag from /home/airflow/.local/lib/python3.7/site-packages/airflow/example_dags/example_latest_only_with_trigger.py
[2023-12-29T04:34:41.283+0000] {processor.py:766} INFO - DAG(s) dict_keys(['latest_only_with_trigger']) retrieved from /home/airflow/.local/lib/python3.7/site-packages/airflow/example_dags/example_latest_only_with_trigger.py
[2023-12-29T04:34:41.318+0000] {logging_mixin.py:120} INFO - [2023-12-29T04:34:41.318+0000] {dag.py:2585} INFO - Sync 1 DAGs
[2023-12-29T04:34:41.346+0000] {logging_mixin.py:120} INFO - [2023-12-29T04:34:41.346+0000] {dag.py:3340} INFO - Setting next_dagrun for latest_only_with_trigger to 2023-12-29T00:34:41.346415+00:00, run_after=2023-12-29T04:34:41.346415+00:00
[2023-12-29T04:34:41.364+0000] {processor.py:176} INFO - Processing /home/airflow/.local/lib/python3.7/site-packages/airflow/example_dags/example_latest_only_with_trigger.py took 0.100 seconds
[2023-12-29T04:35:12.028+0000] {processor.py:154} INFO - Started process (PID=373) to work on /home/airflow/.local/lib/python3.7/site-packages/airflow/example_dags/example_latest_only_with_trigger.py
[2023-12-29T04:35:12.029+0000] {processor.py:756} INFO - Processing file /home/airflow/.local/lib/python3.7/site-packages/airflow/example_dags/example_latest_only_with_trigger.py for tasks to queue
[2023-12-29T04:35:12.030+0000] {logging_mixin.py:120} INFO - [2023-12-29T04:35:12.030+0000] {dagbag.py:537} INFO - Filling up the DagBag from /home/airflow/.local/lib/python3.7/site-packages/airflow/example_dags/example_latest_only_with_trigger.py
[2023-12-29T04:35:12.044+0000] {processor.py:766} INFO - DAG(s) dict_keys(['latest_only_with_trigger']) retrieved from /home/airflow/.local/lib/python3.7/site-packages/airflow/example_dags/example_latest_only_with_trigger.py
[2023-12-29T04:35:12.080+0000] {logging_mixin.py:120} INFO - [2023-12-29T04:35:12.080+0000] {dag.py:2585} INFO - Sync 1 DAGs
[2023-12-29T04:35:12.106+0000] {logging_mixin.py:120} INFO - [2023-12-29T04:35:12.106+0000] {dag.py:3340} INFO - Setting next_dagrun for latest_only_with_trigger to 2023-12-29T00:35:12.106365+00:00, run_after=2023-12-29T04:35:12.106365+00:00
[2023-12-29T04:35:12.136+0000] {processor.py:176} INFO - Processing /home/airflow/.local/lib/python3.7/site-packages/airflow/example_dags/example_latest_only_with_trigger.py took 0.111 seconds
[2023-12-29T04:35:42.541+0000] {processor.py:154} INFO - Started process (PID=428) to work on /home/airflow/.local/lib/python3.7/site-packages/airflow/example_dags/example_latest_only_with_trigger.py
[2023-12-29T04:35:42.542+0000] {processor.py:756} INFO - Processing file /home/airflow/.local/lib/python3.7/site-packages/airflow/example_dags/example_latest_only_with_trigger.py for tasks to queue
[2023-12-29T04:35:42.542+0000] {logging_mixin.py:120} INFO - [2023-12-29T04:35:42.542+0000] {dagbag.py:537} INFO - Filling up the DagBag from /home/airflow/.local/lib/python3.7/site-packages/airflow/example_dags/example_latest_only_with_trigger.py
[2023-12-29T04:35:42.557+0000] {processor.py:766} INFO - DAG(s) dict_keys(['latest_only_with_trigger']) retrieved from /home/airflow/.local/lib/python3.7/site-packages/airflow/example_dags/example_latest_only_with_trigger.py
[2023-12-29T04:35:42.586+0000] {logging_mixin.py:120} INFO - [2023-12-29T04:35:42.586+0000] {dag.py:2585} INFO - Sync 1 DAGs
[2023-12-29T04:35:42.614+0000] {logging_mixin.py:120} INFO - [2023-12-29T04:35:42.614+0000] {dag.py:3340} INFO - Setting next_dagrun for latest_only_with_trigger to 2023-12-29T00:35:42.613871+00:00, run_after=2023-12-29T04:35:42.613871+00:00
[2023-12-29T04:35:42.636+0000] {processor.py:176} INFO - Processing /home/airflow/.local/lib/python3.7/site-packages/airflow/example_dags/example_latest_only_with_trigger.py took 0.097 seconds
[2023-12-29T04:36:13.710+0000] {processor.py:154} INFO - Started process (PID=491) to work on /home/airflow/.local/lib/python3.7/site-packages/airflow/example_dags/example_latest_only_with_trigger.py
[2023-12-29T04:36:13.711+0000] {processor.py:756} INFO - Processing file /home/airflow/.local/lib/python3.7/site-packages/airflow/example_dags/example_latest_only_with_trigger.py for tasks to queue
[2023-12-29T04:36:13.712+0000] {logging_mixin.py:120} INFO - [2023-12-29T04:36:13.712+0000] {dagbag.py:537} INFO - Filling up the DagBag from /home/airflow/.local/lib/python3.7/site-packages/airflow/example_dags/example_latest_only_with_trigger.py
[2023-12-29T04:36:13.728+0000] {processor.py:766} INFO - DAG(s) dict_keys(['latest_only_with_trigger']) retrieved from /home/airflow/.local/lib/python3.7/site-packages/airflow/example_dags/example_latest_only_with_trigger.py
[2023-12-29T04:36:13.781+0000] {logging_mixin.py:120} INFO - [2023-12-29T04:36:13.781+0000] {dag.py:2585} INFO - Sync 1 DAGs
[2023-12-29T04:36:13.808+0000] {logging_mixin.py:120} INFO - [2023-12-29T04:36:13.808+0000] {dag.py:3340} INFO - Setting next_dagrun for latest_only_with_trigger to 2023-12-29T00:36:13.807777+00:00, run_after=2023-12-29T04:36:13.807777+00:00
[2023-12-29T04:36:13.833+0000] {processor.py:176} INFO - Processing /home/airflow/.local/lib/python3.7/site-packages/airflow/example_dags/example_latest_only_with_trigger.py took 0.126 seconds
[2023-12-29T04:36:45.650+0000] {processor.py:154} INFO - Started process (PID=556) to work on /home/airflow/.local/lib/python3.7/site-packages/airflow/example_dags/example_latest_only_with_trigger.py
[2023-12-29T04:36:45.651+0000] {processor.py:756} INFO - Processing file /home/airflow/.local/lib/python3.7/site-packages/airflow/example_dags/example_latest_only_with_trigger.py for tasks to queue
[2023-12-29T04:36:45.652+0000] {logging_mixin.py:120} INFO - [2023-12-29T04:36:45.652+0000] {dagbag.py:537} INFO - Filling up the DagBag from /home/airflow/.local/lib/python3.7/site-packages/airflow/example_dags/example_latest_only_with_trigger.py
[2023-12-29T04:36:45.668+0000] {processor.py:766} INFO - DAG(s) dict_keys(['latest_only_with_trigger']) retrieved from /home/airflow/.local/lib/python3.7/site-packages/airflow/example_dags/example_latest_only_with_trigger.py
[2023-12-29T04:36:45.719+0000] {logging_mixin.py:120} INFO - [2023-12-29T04:36:45.719+0000] {dag.py:2585} INFO - Sync 1 DAGs
[2023-12-29T04:36:45.760+0000] {logging_mixin.py:120} INFO - [2023-12-29T04:36:45.760+0000] {dag.py:3340} INFO - Setting next_dagrun for latest_only_with_trigger to 2023-12-29T00:36:45.760123+00:00, run_after=2023-12-29T04:36:45.760123+00:00
[2023-12-29T04:36:45.801+0000] {processor.py:176} INFO - Processing /home/airflow/.local/lib/python3.7/site-packages/airflow/example_dags/example_latest_only_with_trigger.py took 0.156 seconds
[2023-12-29T04:37:16.686+0000] {processor.py:154} INFO - Started process (PID=618) to work on /home/airflow/.local/lib/python3.7/site-packages/airflow/example_dags/example_latest_only_with_trigger.py
[2023-12-29T04:37:16.687+0000] {processor.py:756} INFO - Processing file /home/airflow/.local/lib/python3.7/site-packages/airflow/example_dags/example_latest_only_with_trigger.py for tasks to queue
[2023-12-29T04:37:16.688+0000] {logging_mixin.py:120} INFO - [2023-12-29T04:37:16.688+0000] {dagbag.py:537} INFO - Filling up the DagBag from /home/airflow/.local/lib/python3.7/site-packages/airflow/example_dags/example_latest_only_with_trigger.py
[2023-12-29T04:37:16.701+0000] {processor.py:766} INFO - DAG(s) dict_keys(['latest_only_with_trigger']) retrieved from /home/airflow/.local/lib/python3.7/site-packages/airflow/example_dags/example_latest_only_with_trigger.py
[2023-12-29T04:37:16.739+0000] {logging_mixin.py:120} INFO - [2023-12-29T04:37:16.739+0000] {dag.py:2585} INFO - Sync 1 DAGs
[2023-12-29T04:37:16.769+0000] {logging_mixin.py:120} INFO - [2023-12-29T04:37:16.769+0000] {dag.py:3340} INFO - Setting next_dagrun for latest_only_with_trigger to 2023-12-29T00:37:16.769108+00:00, run_after=2023-12-29T04:37:16.769108+00:00
[2023-12-29T04:37:16.787+0000] {processor.py:176} INFO - Processing /home/airflow/.local/lib/python3.7/site-packages/airflow/example_dags/example_latest_only_with_trigger.py took 0.103 seconds
[2023-12-29T04:37:47.653+0000] {processor.py:154} INFO - Started process (PID=673) to work on /home/airflow/.local/lib/python3.7/site-packages/airflow/example_dags/example_latest_only_with_trigger.py
[2023-12-29T04:37:47.654+0000] {processor.py:756} INFO - Processing file /home/airflow/.local/lib/python3.7/site-packages/airflow/example_dags/example_latest_only_with_trigger.py for tasks to queue
[2023-12-29T04:37:47.655+0000] {logging_mixin.py:120} INFO - [2023-12-29T04:37:47.655+0000] {dagbag.py:537} INFO - Filling up the DagBag from /home/airflow/.local/lib/python3.7/site-packages/airflow/example_dags/example_latest_only_with_trigger.py
[2023-12-29T04:37:47.670+0000] {processor.py:766} INFO - DAG(s) dict_keys(['latest_only_with_trigger']) retrieved from /home/airflow/.local/lib/python3.7/site-packages/airflow/example_dags/example_latest_only_with_trigger.py
[2023-12-29T04:37:47.715+0000] {logging_mixin.py:120} INFO - [2023-12-29T04:37:47.714+0000] {dag.py:2585} INFO - Sync 1 DAGs
[2023-12-29T04:37:47.743+0000] {logging_mixin.py:120} INFO - [2023-12-29T04:37:47.742+0000] {dag.py:3340} INFO - Setting next_dagrun for latest_only_with_trigger to 2023-12-29T00:37:47.742616+00:00, run_after=2023-12-29T04:37:47.742616+00:00
[2023-12-29T04:37:47.765+0000] {processor.py:176} INFO - Processing /home/airflow/.local/lib/python3.7/site-packages/airflow/example_dags/example_latest_only_with_trigger.py took 0.114 seconds
[2023-12-29T04:38:18.567+0000] {processor.py:154} INFO - Started process (PID=737) to work on /home/airflow/.local/lib/python3.7/site-packages/airflow/example_dags/example_latest_only_with_trigger.py
[2023-12-29T04:38:18.568+0000] {processor.py:756} INFO - Processing file /home/airflow/.local/lib/python3.7/site-packages/airflow/example_dags/example_latest_only_with_trigger.py for tasks to queue
[2023-12-29T04:38:18.569+0000] {logging_mixin.py:120} INFO - [2023-12-29T04:38:18.569+0000] {dagbag.py:537} INFO - Filling up the DagBag from /home/airflow/.local/lib/python3.7/site-packages/airflow/example_dags/example_latest_only_with_trigger.py
[2023-12-29T04:38:18.586+0000] {processor.py:766} INFO - DAG(s) dict_keys(['latest_only_with_trigger']) retrieved from /home/airflow/.local/lib/python3.7/site-packages/airflow/example_dags/example_latest_only_with_trigger.py
[2023-12-29T04:38:18.642+0000] {logging_mixin.py:120} INFO - [2023-12-29T04:38:18.642+0000] {dag.py:2585} INFO - Sync 1 DAGs
[2023-12-29T04:38:18.673+0000] {logging_mixin.py:120} INFO - [2023-12-29T04:38:18.672+0000] {dag.py:3340} INFO - Setting next_dagrun for latest_only_with_trigger to 2023-12-29T00:38:18.672447+00:00, run_after=2023-12-29T04:38:18.672447+00:00
[2023-12-29T04:38:18.698+0000] {processor.py:176} INFO - Processing /home/airflow/.local/lib/python3.7/site-packages/airflow/example_dags/example_latest_only_with_trigger.py took 0.135 seconds
[2023-12-29T04:38:49.361+0000] {processor.py:154} INFO - Started process (PID=802) to work on /home/airflow/.local/lib/python3.7/site-packages/airflow/example_dags/example_latest_only_with_trigger.py
[2023-12-29T04:38:49.361+0000] {processor.py:756} INFO - Processing file /home/airflow/.local/lib/python3.7/site-packages/airflow/example_dags/example_latest_only_with_trigger.py for tasks to queue
[2023-12-29T04:38:49.362+0000] {logging_mixin.py:120} INFO - [2023-12-29T04:38:49.362+0000] {dagbag.py:537} INFO - Filling up the DagBag from /home/airflow/.local/lib/python3.7/site-packages/airflow/example_dags/example_latest_only_with_trigger.py
[2023-12-29T04:38:49.377+0000] {processor.py:766} INFO - DAG(s) dict_keys(['latest_only_with_trigger']) retrieved from /home/airflow/.local/lib/python3.7/site-packages/airflow/example_dags/example_latest_only_with_trigger.py
[2023-12-29T04:38:49.420+0000] {logging_mixin.py:120} INFO - [2023-12-29T04:38:49.420+0000] {dag.py:2585} INFO - Sync 1 DAGs
[2023-12-29T04:38:49.447+0000] {logging_mixin.py:120} INFO - [2023-12-29T04:38:49.447+0000] {dag.py:3340} INFO - Setting next_dagrun for latest_only_with_trigger to 2023-12-29T00:38:49.447513+00:00, run_after=2023-12-29T04:38:49.447513+00:00
[2023-12-29T04:38:49.466+0000] {processor.py:176} INFO - Processing /home/airflow/.local/lib/python3.7/site-packages/airflow/example_dags/example_latest_only_with_trigger.py took 0.109 seconds
[2023-12-29T04:39:19.560+0000] {processor.py:154} INFO - Started process (PID=857) to work on /home/airflow/.local/lib/python3.7/site-packages/airflow/example_dags/example_latest_only_with_trigger.py
[2023-12-29T04:39:19.561+0000] {processor.py:756} INFO - Processing file /home/airflow/.local/lib/python3.7/site-packages/airflow/example_dags/example_latest_only_with_trigger.py for tasks to queue
[2023-12-29T04:39:19.561+0000] {logging_mixin.py:120} INFO - [2023-12-29T04:39:19.561+0000] {dagbag.py:537} INFO - Filling up the DagBag from /home/airflow/.local/lib/python3.7/site-packages/airflow/example_dags/example_latest_only_with_trigger.py
[2023-12-29T04:39:19.576+0000] {processor.py:766} INFO - DAG(s) dict_keys(['latest_only_with_trigger']) retrieved from /home/airflow/.local/lib/python3.7/site-packages/airflow/example_dags/example_latest_only_with_trigger.py
[2023-12-29T04:39:19.614+0000] {logging_mixin.py:120} INFO - [2023-12-29T04:39:19.614+0000] {dag.py:2585} INFO - Sync 1 DAGs
[2023-12-29T04:39:19.640+0000] {logging_mixin.py:120} INFO - [2023-12-29T04:39:19.639+0000] {dag.py:3340} INFO - Setting next_dagrun for latest_only_with_trigger to 2023-12-29T00:39:19.639737+00:00, run_after=2023-12-29T04:39:19.639737+00:00
[2023-12-29T04:39:19.657+0000] {processor.py:176} INFO - Processing /home/airflow/.local/lib/python3.7/site-packages/airflow/example_dags/example_latest_only_with_trigger.py took 0.100 seconds
[2023-12-29T04:39:49.819+0000] {processor.py:154} INFO - Started process (PID=921) to work on /home/airflow/.local/lib/python3.7/site-packages/airflow/example_dags/example_latest_only_with_trigger.py
[2023-12-29T04:39:49.820+0000] {processor.py:756} INFO - Processing file /home/airflow/.local/lib/python3.7/site-packages/airflow/example_dags/example_latest_only_with_trigger.py for tasks to queue
[2023-12-29T04:39:49.820+0000] {logging_mixin.py:120} INFO - [2023-12-29T04:39:49.820+0000] {dagbag.py:537} INFO - Filling up the DagBag from /home/airflow/.local/lib/python3.7/site-packages/airflow/example_dags/example_latest_only_with_trigger.py
[2023-12-29T04:39:49.834+0000] {processor.py:766} INFO - DAG(s) dict_keys(['latest_only_with_trigger']) retrieved from /home/airflow/.local/lib/python3.7/site-packages/airflow/example_dags/example_latest_only_with_trigger.py
[2023-12-29T04:39:49.875+0000] {logging_mixin.py:120} INFO - [2023-12-29T04:39:49.875+0000] {dag.py:2585} INFO - Sync 1 DAGs
[2023-12-29T04:39:49.901+0000] {logging_mixin.py:120} INFO - [2023-12-29T04:39:49.901+0000] {dag.py:3340} INFO - Setting next_dagrun for latest_only_with_trigger to 2023-12-29T00:39:49.901583+00:00, run_after=2023-12-29T04:39:49.901583+00:00
[2023-12-29T04:39:49.923+0000] {processor.py:176} INFO - Processing /home/airflow/.local/lib/python3.7/site-packages/airflow/example_dags/example_latest_only_with_trigger.py took 0.106 seconds
[2023-12-29T04:40:20.164+0000] {processor.py:154} INFO - Started process (PID=983) to work on /home/airflow/.local/lib/python3.7/site-packages/airflow/example_dags/example_latest_only_with_trigger.py
[2023-12-29T04:40:20.167+0000] {processor.py:756} INFO - Processing file /home/airflow/.local/lib/python3.7/site-packages/airflow/example_dags/example_latest_only_with_trigger.py for tasks to queue
[2023-12-29T04:40:20.168+0000] {logging_mixin.py:120} INFO - [2023-12-29T04:40:20.167+0000] {dagbag.py:537} INFO - Filling up the DagBag from /home/airflow/.local/lib/python3.7/site-packages/airflow/example_dags/example_latest_only_with_trigger.py
[2023-12-29T04:40:20.200+0000] {processor.py:766} INFO - DAG(s) dict_keys(['latest_only_with_trigger']) retrieved from /home/airflow/.local/lib/python3.7/site-packages/airflow/example_dags/example_latest_only_with_trigger.py
[2023-12-29T04:40:20.287+0000] {logging_mixin.py:120} INFO - [2023-12-29T04:40:20.287+0000] {dag.py:2585} INFO - Sync 1 DAGs
[2023-12-29T04:40:20.356+0000] {logging_mixin.py:120} INFO - [2023-12-29T04:40:20.356+0000] {dag.py:3340} INFO - Setting next_dagrun for latest_only_with_trigger to 2023-12-29T00:40:20.356561+00:00, run_after=2023-12-29T04:40:20.356561+00:00
[2023-12-29T04:40:20.381+0000] {processor.py:176} INFO - Processing /home/airflow/.local/lib/python3.7/site-packages/airflow/example_dags/example_latest_only_with_trigger.py took 0.219 seconds
[2023-12-29T04:40:51.290+0000] {processor.py:154} INFO - Started process (PID=1039) to work on /home/airflow/.local/lib/python3.7/site-packages/airflow/example_dags/example_latest_only_with_trigger.py
[2023-12-29T04:40:51.292+0000] {processor.py:756} INFO - Processing file /home/airflow/.local/lib/python3.7/site-packages/airflow/example_dags/example_latest_only_with_trigger.py for tasks to queue
[2023-12-29T04:40:51.292+0000] {logging_mixin.py:120} INFO - [2023-12-29T04:40:51.292+0000] {dagbag.py:537} INFO - Filling up the DagBag from /home/airflow/.local/lib/python3.7/site-packages/airflow/example_dags/example_latest_only_with_trigger.py
[2023-12-29T04:40:51.311+0000] {processor.py:766} INFO - DAG(s) dict_keys(['latest_only_with_trigger']) retrieved from /home/airflow/.local/lib/python3.7/site-packages/airflow/example_dags/example_latest_only_with_trigger.py
[2023-12-29T04:40:51.380+0000] {logging_mixin.py:120} INFO - [2023-12-29T04:40:51.379+0000] {dag.py:2585} INFO - Sync 1 DAGs
[2023-12-29T04:40:51.414+0000] {logging_mixin.py:120} INFO - [2023-12-29T04:40:51.414+0000] {dag.py:3340} INFO - Setting next_dagrun for latest_only_with_trigger to 2023-12-29T00:40:51.413777+00:00, run_after=2023-12-29T04:40:51.413777+00:00
[2023-12-29T04:40:51.434+0000] {processor.py:176} INFO - Processing /home/airflow/.local/lib/python3.7/site-packages/airflow/example_dags/example_latest_only_with_trigger.py took 0.147 seconds
[2023-12-29T04:41:22.148+0000] {processor.py:154} INFO - Started process (PID=1105) to work on /home/airflow/.local/lib/python3.7/site-packages/airflow/example_dags/example_latest_only_with_trigger.py
[2023-12-29T04:41:22.149+0000] {processor.py:756} INFO - Processing file /home/airflow/.local/lib/python3.7/site-packages/airflow/example_dags/example_latest_only_with_trigger.py for tasks to queue
[2023-12-29T04:41:22.149+0000] {logging_mixin.py:120} INFO - [2023-12-29T04:41:22.149+0000] {dagbag.py:537} INFO - Filling up the DagBag from /home/airflow/.local/lib/python3.7/site-packages/airflow/example_dags/example_latest_only_with_trigger.py
[2023-12-29T04:41:22.165+0000] {processor.py:766} INFO - DAG(s) dict_keys(['latest_only_with_trigger']) retrieved from /home/airflow/.local/lib/python3.7/site-packages/airflow/example_dags/example_latest_only_with_trigger.py
[2023-12-29T04:41:22.226+0000] {logging_mixin.py:120} INFO - [2023-12-29T04:41:22.226+0000] {dag.py:2585} INFO - Sync 1 DAGs
[2023-12-29T04:41:22.259+0000] {logging_mixin.py:120} INFO - [2023-12-29T04:41:22.259+0000] {dag.py:3340} INFO - Setting next_dagrun for latest_only_with_trigger to 2023-12-29T00:41:22.259059+00:00, run_after=2023-12-29T04:41:22.259059+00:00
[2023-12-29T04:41:22.298+0000] {processor.py:176} INFO - Processing /home/airflow/.local/lib/python3.7/site-packages/airflow/example_dags/example_latest_only_with_trigger.py took 0.153 seconds
[2023-12-29T04:41:52.662+0000] {processor.py:154} INFO - Started process (PID=1168) to work on /home/airflow/.local/lib/python3.7/site-packages/airflow/example_dags/example_latest_only_with_trigger.py
[2023-12-29T04:41:52.662+0000] {processor.py:756} INFO - Processing file /home/airflow/.local/lib/python3.7/site-packages/airflow/example_dags/example_latest_only_with_trigger.py for tasks to queue
[2023-12-29T04:41:52.663+0000] {logging_mixin.py:120} INFO - [2023-12-29T04:41:52.663+0000] {dagbag.py:537} INFO - Filling up the DagBag from /home/airflow/.local/lib/python3.7/site-packages/airflow/example_dags/example_latest_only_with_trigger.py
[2023-12-29T04:41:52.677+0000] {processor.py:766} INFO - DAG(s) dict_keys(['latest_only_with_trigger']) retrieved from /home/airflow/.local/lib/python3.7/site-packages/airflow/example_dags/example_latest_only_with_trigger.py
[2023-12-29T04:41:52.726+0000] {logging_mixin.py:120} INFO - [2023-12-29T04:41:52.726+0000] {dag.py:2585} INFO - Sync 1 DAGs
[2023-12-29T04:41:52.756+0000] {logging_mixin.py:120} INFO - [2023-12-29T04:41:52.756+0000] {dag.py:3340} INFO - Setting next_dagrun for latest_only_with_trigger to 2023-12-29T00:41:52.756121+00:00, run_after=2023-12-29T04:41:52.756121+00:00
[2023-12-29T04:41:52.776+0000] {processor.py:176} INFO - Processing /home/airflow/.local/lib/python3.7/site-packages/airflow/example_dags/example_latest_only_with_trigger.py took 0.117 seconds
[2023-12-29T04:42:23.610+0000] {processor.py:154} INFO - Started process (PID=1226) to work on /home/airflow/.local/lib/python3.7/site-packages/airflow/example_dags/example_latest_only_with_trigger.py
[2023-12-29T04:42:23.611+0000] {processor.py:756} INFO - Processing file /home/airflow/.local/lib/python3.7/site-packages/airflow/example_dags/example_latest_only_with_trigger.py for tasks to queue
[2023-12-29T04:42:23.612+0000] {logging_mixin.py:120} INFO - [2023-12-29T04:42:23.612+0000] {dagbag.py:537} INFO - Filling up the DagBag from /home/airflow/.local/lib/python3.7/site-packages/airflow/example_dags/example_latest_only_with_trigger.py
[2023-12-29T04:42:23.631+0000] {processor.py:766} INFO - DAG(s) dict_keys(['latest_only_with_trigger']) retrieved from /home/airflow/.local/lib/python3.7/site-packages/airflow/example_dags/example_latest_only_with_trigger.py
[2023-12-29T04:42:23.675+0000] {logging_mixin.py:120} INFO - [2023-12-29T04:42:23.674+0000] {dag.py:2585} INFO - Sync 1 DAGs
[2023-12-29T04:42:23.703+0000] {logging_mixin.py:120} INFO - [2023-12-29T04:42:23.703+0000] {dag.py:3340} INFO - Setting next_dagrun for latest_only_with_trigger to 2023-12-29T00:42:23.703018+00:00, run_after=2023-12-29T04:42:23.703018+00:00
[2023-12-29T04:42:23.729+0000] {processor.py:176} INFO - Processing /home/airflow/.local/lib/python3.7/site-packages/airflow/example_dags/example_latest_only_with_trigger.py took 0.121 seconds
[2023-12-29T04:42:54.386+0000] {processor.py:154} INFO - Started process (PID=1289) to work on /home/airflow/.local/lib/python3.7/site-packages/airflow/example_dags/example_latest_only_with_trigger.py
[2023-12-29T04:42:54.387+0000] {processor.py:756} INFO - Processing file /home/airflow/.local/lib/python3.7/site-packages/airflow/example_dags/example_latest_only_with_trigger.py for tasks to queue
[2023-12-29T04:42:54.387+0000] {logging_mixin.py:120} INFO - [2023-12-29T04:42:54.387+0000] {dagbag.py:537} INFO - Filling up the DagBag from /home/airflow/.local/lib/python3.7/site-packages/airflow/example_dags/example_latest_only_with_trigger.py
[2023-12-29T04:42:54.402+0000] {processor.py:766} INFO - DAG(s) dict_keys(['latest_only_with_trigger']) retrieved from /home/airflow/.local/lib/python3.7/site-packages/airflow/example_dags/example_latest_only_with_trigger.py
[2023-12-29T04:42:54.440+0000] {logging_mixin.py:120} INFO - [2023-12-29T04:42:54.440+0000] {dag.py:2585} INFO - Sync 1 DAGs
[2023-12-29T04:42:54.468+0000] {logging_mixin.py:120} INFO - [2023-12-29T04:42:54.468+0000] {dag.py:3340} INFO - Setting next_dagrun for latest_only_with_trigger to 2023-12-29T00:42:54.467975+00:00, run_after=2023-12-29T04:42:54.467975+00:00
[2023-12-29T04:42:54.494+0000] {processor.py:176} INFO - Processing /home/airflow/.local/lib/python3.7/site-packages/airflow/example_dags/example_latest_only_with_trigger.py took 0.111 seconds
[2023-12-29T04:43:25.384+0000] {processor.py:154} INFO - Started process (PID=1353) to work on /home/airflow/.local/lib/python3.7/site-packages/airflow/example_dags/example_latest_only_with_trigger.py
[2023-12-29T04:43:25.385+0000] {processor.py:756} INFO - Processing file /home/airflow/.local/lib/python3.7/site-packages/airflow/example_dags/example_latest_only_with_trigger.py for tasks to queue
[2023-12-29T04:43:25.386+0000] {logging_mixin.py:120} INFO - [2023-12-29T04:43:25.386+0000] {dagbag.py:537} INFO - Filling up the DagBag from /home/airflow/.local/lib/python3.7/site-packages/airflow/example_dags/example_latest_only_with_trigger.py
[2023-12-29T04:43:25.401+0000] {processor.py:766} INFO - DAG(s) dict_keys(['latest_only_with_trigger']) retrieved from /home/airflow/.local/lib/python3.7/site-packages/airflow/example_dags/example_latest_only_with_trigger.py
[2023-12-29T04:43:25.455+0000] {logging_mixin.py:120} INFO - [2023-12-29T04:43:25.455+0000] {dag.py:2585} INFO - Sync 1 DAGs
[2023-12-29T04:43:25.484+0000] {logging_mixin.py:120} INFO - [2023-12-29T04:43:25.484+0000] {dag.py:3340} INFO - Setting next_dagrun for latest_only_with_trigger to 2023-12-29T00:43:25.483918+00:00, run_after=2023-12-29T04:43:25.483918+00:00
[2023-12-29T04:43:25.511+0000] {processor.py:176} INFO - Processing /home/airflow/.local/lib/python3.7/site-packages/airflow/example_dags/example_latest_only_with_trigger.py took 0.131 seconds
[2023-12-29T04:43:55.670+0000] {processor.py:154} INFO - Started process (PID=1408) to work on /home/airflow/.local/lib/python3.7/site-packages/airflow/example_dags/example_latest_only_with_trigger.py
[2023-12-29T04:43:55.671+0000] {processor.py:756} INFO - Processing file /home/airflow/.local/lib/python3.7/site-packages/airflow/example_dags/example_latest_only_with_trigger.py for tasks to queue
[2023-12-29T04:43:55.672+0000] {logging_mixin.py:120} INFO - [2023-12-29T04:43:55.671+0000] {dagbag.py:537} INFO - Filling up the DagBag from /home/airflow/.local/lib/python3.7/site-packages/airflow/example_dags/example_latest_only_with_trigger.py
[2023-12-29T04:43:55.689+0000] {processor.py:766} INFO - DAG(s) dict_keys(['latest_only_with_trigger']) retrieved from /home/airflow/.local/lib/python3.7/site-packages/airflow/example_dags/example_latest_only_with_trigger.py
[2023-12-29T04:43:55.736+0000] {logging_mixin.py:120} INFO - [2023-12-29T04:43:55.735+0000] {dag.py:2585} INFO - Sync 1 DAGs
[2023-12-29T04:43:55.772+0000] {logging_mixin.py:120} INFO - [2023-12-29T04:43:55.772+0000] {dag.py:3340} INFO - Setting next_dagrun for latest_only_with_trigger to 2023-12-29T00:43:55.771954+00:00, run_after=2023-12-29T04:43:55.771954+00:00
[2023-12-29T04:43:55.798+0000] {processor.py:176} INFO - Processing /home/airflow/.local/lib/python3.7/site-packages/airflow/example_dags/example_latest_only_with_trigger.py took 0.131 seconds
[2023-12-29T04:44:26.545+0000] {processor.py:154} INFO - Started process (PID=1473) to work on /home/airflow/.local/lib/python3.7/site-packages/airflow/example_dags/example_latest_only_with_trigger.py
[2023-12-29T04:44:26.546+0000] {processor.py:756} INFO - Processing file /home/airflow/.local/lib/python3.7/site-packages/airflow/example_dags/example_latest_only_with_trigger.py for tasks to queue
[2023-12-29T04:44:26.547+0000] {logging_mixin.py:120} INFO - [2023-12-29T04:44:26.547+0000] {dagbag.py:537} INFO - Filling up the DagBag from /home/airflow/.local/lib/python3.7/site-packages/airflow/example_dags/example_latest_only_with_trigger.py
[2023-12-29T04:44:26.560+0000] {processor.py:766} INFO - DAG(s) dict_keys(['latest_only_with_trigger']) retrieved from /home/airflow/.local/lib/python3.7/site-packages/airflow/example_dags/example_latest_only_with_trigger.py
[2023-12-29T04:44:26.606+0000] {logging_mixin.py:120} INFO - [2023-12-29T04:44:26.606+0000] {dag.py:2585} INFO - Sync 1 DAGs
[2023-12-29T04:44:26.632+0000] {logging_mixin.py:120} INFO - [2023-12-29T04:44:26.632+0000] {dag.py:3340} INFO - Setting next_dagrun for latest_only_with_trigger to 2023-12-29T00:44:26.631822+00:00, run_after=2023-12-29T04:44:26.631822+00:00
[2023-12-29T04:44:26.653+0000] {processor.py:176} INFO - Processing /home/airflow/.local/lib/python3.7/site-packages/airflow/example_dags/example_latest_only_with_trigger.py took 0.110 seconds
[2023-12-29T04:44:56.845+0000] {processor.py:154} INFO - Started process (PID=1534) to work on /home/airflow/.local/lib/python3.7/site-packages/airflow/example_dags/example_latest_only_with_trigger.py
[2023-12-29T04:44:56.845+0000] {processor.py:756} INFO - Processing file /home/airflow/.local/lib/python3.7/site-packages/airflow/example_dags/example_latest_only_with_trigger.py for tasks to queue
[2023-12-29T04:44:56.846+0000] {logging_mixin.py:120} INFO - [2023-12-29T04:44:56.846+0000] {dagbag.py:537} INFO - Filling up the DagBag from /home/airflow/.local/lib/python3.7/site-packages/airflow/example_dags/example_latest_only_with_trigger.py
[2023-12-29T04:44:56.913+0000] {processor.py:766} INFO - DAG(s) dict_keys(['latest_only_with_trigger']) retrieved from /home/airflow/.local/lib/python3.7/site-packages/airflow/example_dags/example_latest_only_with_trigger.py
[2023-12-29T04:44:57.035+0000] {logging_mixin.py:120} INFO - [2023-12-29T04:44:57.034+0000] {dag.py:2585} INFO - Sync 1 DAGs
[2023-12-29T04:44:57.122+0000] {logging_mixin.py:120} INFO - [2023-12-29T04:44:57.121+0000] {dag.py:3340} INFO - Setting next_dagrun for latest_only_with_trigger to 2023-12-29T00:44:57.121668+00:00, run_after=2023-12-29T04:44:57.121668+00:00
[2023-12-29T04:44:57.219+0000] {processor.py:176} INFO - Processing /home/airflow/.local/lib/python3.7/site-packages/airflow/example_dags/example_latest_only_with_trigger.py took 0.390 seconds
[2023-12-29T04:45:27.648+0000] {processor.py:154} INFO - Started process (PID=1591) to work on /home/airflow/.local/lib/python3.7/site-packages/airflow/example_dags/example_latest_only_with_trigger.py
[2023-12-29T04:45:27.649+0000] {processor.py:756} INFO - Processing file /home/airflow/.local/lib/python3.7/site-packages/airflow/example_dags/example_latest_only_with_trigger.py for tasks to queue
[2023-12-29T04:45:27.649+0000] {logging_mixin.py:120} INFO - [2023-12-29T04:45:27.649+0000] {dagbag.py:537} INFO - Filling up the DagBag from /home/airflow/.local/lib/python3.7/site-packages/airflow/example_dags/example_latest_only_with_trigger.py
[2023-12-29T04:45:27.664+0000] {processor.py:766} INFO - DAG(s) dict_keys(['latest_only_with_trigger']) retrieved from /home/airflow/.local/lib/python3.7/site-packages/airflow/example_dags/example_latest_only_with_trigger.py
[2023-12-29T04:45:27.713+0000] {logging_mixin.py:120} INFO - [2023-12-29T04:45:27.712+0000] {dag.py:2585} INFO - Sync 1 DAGs
[2023-12-29T04:45:27.742+0000] {logging_mixin.py:120} INFO - [2023-12-29T04:45:27.741+0000] {dag.py:3340} INFO - Setting next_dagrun for latest_only_with_trigger to 2023-12-29T00:45:27.741699+00:00, run_after=2023-12-29T04:45:27.741699+00:00
[2023-12-29T04:45:27.762+0000] {processor.py:176} INFO - Processing /home/airflow/.local/lib/python3.7/site-packages/airflow/example_dags/example_latest_only_with_trigger.py took 0.117 seconds
[2023-12-29T04:45:58.037+0000] {processor.py:154} INFO - Started process (PID=1656) to work on /home/airflow/.local/lib/python3.7/site-packages/airflow/example_dags/example_latest_only_with_trigger.py
[2023-12-29T04:45:58.038+0000] {processor.py:756} INFO - Processing file /home/airflow/.local/lib/python3.7/site-packages/airflow/example_dags/example_latest_only_with_trigger.py for tasks to queue
[2023-12-29T04:45:58.038+0000] {logging_mixin.py:120} INFO - [2023-12-29T04:45:58.038+0000] {dagbag.py:537} INFO - Filling up the DagBag from /home/airflow/.local/lib/python3.7/site-packages/airflow/example_dags/example_latest_only_with_trigger.py
[2023-12-29T04:45:58.053+0000] {processor.py:766} INFO - DAG(s) dict_keys(['latest_only_with_trigger']) retrieved from /home/airflow/.local/lib/python3.7/site-packages/airflow/example_dags/example_latest_only_with_trigger.py
[2023-12-29T04:45:58.097+0000] {logging_mixin.py:120} INFO - [2023-12-29T04:45:58.097+0000] {dag.py:2585} INFO - Sync 1 DAGs
[2023-12-29T04:45:58.127+0000] {logging_mixin.py:120} INFO - [2023-12-29T04:45:58.127+0000] {dag.py:3340} INFO - Setting next_dagrun for latest_only_with_trigger to 2023-12-29T00:45:58.127472+00:00, run_after=2023-12-29T04:45:58.127472+00:00
[2023-12-29T04:45:58.145+0000] {processor.py:176} INFO - Processing /home/airflow/.local/lib/python3.7/site-packages/airflow/example_dags/example_latest_only_with_trigger.py took 0.111 seconds
[2023-12-29T04:46:28.919+0000] {processor.py:154} INFO - Started process (PID=1718) to work on /home/airflow/.local/lib/python3.7/site-packages/airflow/example_dags/example_latest_only_with_trigger.py
[2023-12-29T04:46:28.920+0000] {processor.py:756} INFO - Processing file /home/airflow/.local/lib/python3.7/site-packages/airflow/example_dags/example_latest_only_with_trigger.py for tasks to queue
[2023-12-29T04:46:28.921+0000] {logging_mixin.py:120} INFO - [2023-12-29T04:46:28.921+0000] {dagbag.py:537} INFO - Filling up the DagBag from /home/airflow/.local/lib/python3.7/site-packages/airflow/example_dags/example_latest_only_with_trigger.py
[2023-12-29T04:46:28.936+0000] {processor.py:766} INFO - DAG(s) dict_keys(['latest_only_with_trigger']) retrieved from /home/airflow/.local/lib/python3.7/site-packages/airflow/example_dags/example_latest_only_with_trigger.py
[2023-12-29T04:46:28.978+0000] {logging_mixin.py:120} INFO - [2023-12-29T04:46:28.977+0000] {dag.py:2585} INFO - Sync 1 DAGs
[2023-12-29T04:46:29.009+0000] {logging_mixin.py:120} INFO - [2023-12-29T04:46:29.009+0000] {dag.py:3340} INFO - Setting next_dagrun for latest_only_with_trigger to 2023-12-29T00:46:29.009246+00:00, run_after=2023-12-29T04:46:29.009246+00:00
[2023-12-29T04:46:29.060+0000] {processor.py:176} INFO - Processing /home/airflow/.local/lib/python3.7/site-packages/airflow/example_dags/example_latest_only_with_trigger.py took 0.144 seconds
[2023-12-29T04:46:59.707+0000] {processor.py:154} INFO - Started process (PID=1776) to work on /home/airflow/.local/lib/python3.7/site-packages/airflow/example_dags/example_latest_only_with_trigger.py
[2023-12-29T04:46:59.708+0000] {processor.py:756} INFO - Processing file /home/airflow/.local/lib/python3.7/site-packages/airflow/example_dags/example_latest_only_with_trigger.py for tasks to queue
[2023-12-29T04:46:59.709+0000] {logging_mixin.py:120} INFO - [2023-12-29T04:46:59.709+0000] {dagbag.py:537} INFO - Filling up the DagBag from /home/airflow/.local/lib/python3.7/site-packages/airflow/example_dags/example_latest_only_with_trigger.py
[2023-12-29T04:46:59.725+0000] {processor.py:766} INFO - DAG(s) dict_keys(['latest_only_with_trigger']) retrieved from /home/airflow/.local/lib/python3.7/site-packages/airflow/example_dags/example_latest_only_with_trigger.py
[2023-12-29T04:46:59.763+0000] {logging_mixin.py:120} INFO - [2023-12-29T04:46:59.763+0000] {dag.py:2585} INFO - Sync 1 DAGs
[2023-12-29T04:46:59.790+0000] {logging_mixin.py:120} INFO - [2023-12-29T04:46:59.790+0000] {dag.py:3340} INFO - Setting next_dagrun for latest_only_with_trigger to 2023-12-29T00:46:59.789924+00:00, run_after=2023-12-29T04:46:59.789924+00:00
[2023-12-29T04:46:59.808+0000] {processor.py:176} INFO - Processing /home/airflow/.local/lib/python3.7/site-packages/airflow/example_dags/example_latest_only_with_trigger.py took 0.104 seconds
[2023-12-29T04:47:30.407+0000] {processor.py:154} INFO - Started process (PID=1839) to work on /home/airflow/.local/lib/python3.7/site-packages/airflow/example_dags/example_latest_only_with_trigger.py
[2023-12-29T04:47:30.407+0000] {processor.py:756} INFO - Processing file /home/airflow/.local/lib/python3.7/site-packages/airflow/example_dags/example_latest_only_with_trigger.py for tasks to queue
[2023-12-29T04:47:30.408+0000] {logging_mixin.py:120} INFO - [2023-12-29T04:47:30.408+0000] {dagbag.py:537} INFO - Filling up the DagBag from /home/airflow/.local/lib/python3.7/site-packages/airflow/example_dags/example_latest_only_with_trigger.py
[2023-12-29T04:47:30.422+0000] {processor.py:766} INFO - DAG(s) dict_keys(['latest_only_with_trigger']) retrieved from /home/airflow/.local/lib/python3.7/site-packages/airflow/example_dags/example_latest_only_with_trigger.py
[2023-12-29T04:47:30.463+0000] {logging_mixin.py:120} INFO - [2023-12-29T04:47:30.463+0000] {dag.py:2585} INFO - Sync 1 DAGs
[2023-12-29T04:47:30.489+0000] {logging_mixin.py:120} INFO - [2023-12-29T04:47:30.489+0000] {dag.py:3340} INFO - Setting next_dagrun for latest_only_with_trigger to 2023-12-29T00:47:30.489013+00:00, run_after=2023-12-29T04:47:30.489013+00:00
[2023-12-29T04:47:30.506+0000] {processor.py:176} INFO - Processing /home/airflow/.local/lib/python3.7/site-packages/airflow/example_dags/example_latest_only_with_trigger.py took 0.103 seconds
[2023-12-29T04:48:01.140+0000] {processor.py:154} INFO - Started process (PID=1904) to work on /home/airflow/.local/lib/python3.7/site-packages/airflow/example_dags/example_latest_only_with_trigger.py
[2023-12-29T04:48:01.151+0000] {processor.py:756} INFO - Processing file /home/airflow/.local/lib/python3.7/site-packages/airflow/example_dags/example_latest_only_with_trigger.py for tasks to queue
[2023-12-29T04:48:01.152+0000] {logging_mixin.py:120} INFO - [2023-12-29T04:48:01.151+0000] {dagbag.py:537} INFO - Filling up the DagBag from /home/airflow/.local/lib/python3.7/site-packages/airflow/example_dags/example_latest_only_with_trigger.py
[2023-12-29T04:48:01.178+0000] {processor.py:766} INFO - DAG(s) dict_keys(['latest_only_with_trigger']) retrieved from /home/airflow/.local/lib/python3.7/site-packages/airflow/example_dags/example_latest_only_with_trigger.py
[2023-12-29T04:48:01.218+0000] {logging_mixin.py:120} INFO - [2023-12-29T04:48:01.218+0000] {dag.py:2585} INFO - Sync 1 DAGs
[2023-12-29T04:48:01.243+0000] {logging_mixin.py:120} INFO - [2023-12-29T04:48:01.243+0000] {dag.py:3340} INFO - Setting next_dagrun for latest_only_with_trigger to 2023-12-29T00:48:01.243139+00:00, run_after=2023-12-29T04:48:01.243139+00:00
[2023-12-29T04:48:01.262+0000] {processor.py:176} INFO - Processing /home/airflow/.local/lib/python3.7/site-packages/airflow/example_dags/example_latest_only_with_trigger.py took 0.125 seconds
[2023-12-29T04:48:32.181+0000] {processor.py:154} INFO - Started process (PID=1959) to work on /home/airflow/.local/lib/python3.7/site-packages/airflow/example_dags/example_latest_only_with_trigger.py
[2023-12-29T04:48:32.182+0000] {processor.py:756} INFO - Processing file /home/airflow/.local/lib/python3.7/site-packages/airflow/example_dags/example_latest_only_with_trigger.py for tasks to queue
[2023-12-29T04:48:32.183+0000] {logging_mixin.py:120} INFO - [2023-12-29T04:48:32.182+0000] {dagbag.py:537} INFO - Filling up the DagBag from /home/airflow/.local/lib/python3.7/site-packages/airflow/example_dags/example_latest_only_with_trigger.py
[2023-12-29T04:48:32.201+0000] {processor.py:766} INFO - DAG(s) dict_keys(['latest_only_with_trigger']) retrieved from /home/airflow/.local/lib/python3.7/site-packages/airflow/example_dags/example_latest_only_with_trigger.py
[2023-12-29T04:48:32.246+0000] {logging_mixin.py:120} INFO - [2023-12-29T04:48:32.246+0000] {dag.py:2585} INFO - Sync 1 DAGs
[2023-12-29T04:48:32.274+0000] {logging_mixin.py:120} INFO - [2023-12-29T04:48:32.274+0000] {dag.py:3340} INFO - Setting next_dagrun for latest_only_with_trigger to 2023-12-29T00:48:32.274175+00:00, run_after=2023-12-29T04:48:32.274175+00:00
[2023-12-29T04:48:32.296+0000] {processor.py:176} INFO - Processing /home/airflow/.local/lib/python3.7/site-packages/airflow/example_dags/example_latest_only_with_trigger.py took 0.119 seconds
[2023-12-29T04:49:02.828+0000] {processor.py:154} INFO - Started process (PID=2024) to work on /home/airflow/.local/lib/python3.7/site-packages/airflow/example_dags/example_latest_only_with_trigger.py
[2023-12-29T04:49:02.830+0000] {processor.py:756} INFO - Processing file /home/airflow/.local/lib/python3.7/site-packages/airflow/example_dags/example_latest_only_with_trigger.py for tasks to queue
[2023-12-29T04:49:02.831+0000] {logging_mixin.py:120} INFO - [2023-12-29T04:49:02.831+0000] {dagbag.py:537} INFO - Filling up the DagBag from /home/airflow/.local/lib/python3.7/site-packages/airflow/example_dags/example_latest_only_with_trigger.py
[2023-12-29T04:49:02.849+0000] {processor.py:766} INFO - DAG(s) dict_keys(['latest_only_with_trigger']) retrieved from /home/airflow/.local/lib/python3.7/site-packages/airflow/example_dags/example_latest_only_with_trigger.py
[2023-12-29T04:49:02.893+0000] {logging_mixin.py:120} INFO - [2023-12-29T04:49:02.893+0000] {dag.py:2585} INFO - Sync 1 DAGs
[2023-12-29T04:49:02.924+0000] {logging_mixin.py:120} INFO - [2023-12-29T04:49:02.924+0000] {dag.py:3340} INFO - Setting next_dagrun for latest_only_with_trigger to 2023-12-29T00:49:02.924495+00:00, run_after=2023-12-29T04:49:02.924495+00:00
[2023-12-29T04:49:02.946+0000] {processor.py:176} INFO - Processing /home/airflow/.local/lib/python3.7/site-packages/airflow/example_dags/example_latest_only_with_trigger.py took 0.121 seconds
[2023-12-29T04:49:33.168+0000] {processor.py:154} INFO - Started process (PID=2090) to work on /home/airflow/.local/lib/python3.7/site-packages/airflow/example_dags/example_latest_only_with_trigger.py
[2023-12-29T04:49:33.168+0000] {processor.py:756} INFO - Processing file /home/airflow/.local/lib/python3.7/site-packages/airflow/example_dags/example_latest_only_with_trigger.py for tasks to queue
[2023-12-29T04:49:33.169+0000] {logging_mixin.py:120} INFO - [2023-12-29T04:49:33.169+0000] {dagbag.py:537} INFO - Filling up the DagBag from /home/airflow/.local/lib/python3.7/site-packages/airflow/example_dags/example_latest_only_with_trigger.py
[2023-12-29T04:49:33.183+0000] {processor.py:766} INFO - DAG(s) dict_keys(['latest_only_with_trigger']) retrieved from /home/airflow/.local/lib/python3.7/site-packages/airflow/example_dags/example_latest_only_with_trigger.py
[2023-12-29T04:49:33.221+0000] {logging_mixin.py:120} INFO - [2023-12-29T04:49:33.221+0000] {dag.py:2585} INFO - Sync 1 DAGs
[2023-12-29T04:49:33.245+0000] {logging_mixin.py:120} INFO - [2023-12-29T04:49:33.245+0000] {dag.py:3340} INFO - Setting next_dagrun for latest_only_with_trigger to 2023-12-29T00:49:33.245511+00:00, run_after=2023-12-29T04:49:33.245511+00:00
[2023-12-29T04:49:33.263+0000] {processor.py:176} INFO - Processing /home/airflow/.local/lib/python3.7/site-packages/airflow/example_dags/example_latest_only_with_trigger.py took 0.098 seconds
[2023-12-29T04:50:03.948+0000] {processor.py:154} INFO - Started process (PID=2145) to work on /home/airflow/.local/lib/python3.7/site-packages/airflow/example_dags/example_latest_only_with_trigger.py
[2023-12-29T04:50:03.949+0000] {processor.py:756} INFO - Processing file /home/airflow/.local/lib/python3.7/site-packages/airflow/example_dags/example_latest_only_with_trigger.py for tasks to queue
[2023-12-29T04:50:03.950+0000] {logging_mixin.py:120} INFO - [2023-12-29T04:50:03.949+0000] {dagbag.py:537} INFO - Filling up the DagBag from /home/airflow/.local/lib/python3.7/site-packages/airflow/example_dags/example_latest_only_with_trigger.py
[2023-12-29T04:50:03.963+0000] {processor.py:766} INFO - DAG(s) dict_keys(['latest_only_with_trigger']) retrieved from /home/airflow/.local/lib/python3.7/site-packages/airflow/example_dags/example_latest_only_with_trigger.py
[2023-12-29T04:50:04.002+0000] {logging_mixin.py:120} INFO - [2023-12-29T04:50:04.002+0000] {dag.py:2585} INFO - Sync 1 DAGs
[2023-12-29T04:50:04.030+0000] {logging_mixin.py:120} INFO - [2023-12-29T04:50:04.030+0000] {dag.py:3340} INFO - Setting next_dagrun for latest_only_with_trigger to 2023-12-29T00:50:04.030071+00:00, run_after=2023-12-29T04:50:04.030071+00:00
[2023-12-29T04:50:04.048+0000] {processor.py:176} INFO - Processing /home/airflow/.local/lib/python3.7/site-packages/airflow/example_dags/example_latest_only_with_trigger.py took 0.103 seconds
[2023-12-29T04:50:34.589+0000] {processor.py:154} INFO - Started process (PID=2207) to work on /home/airflow/.local/lib/python3.7/site-packages/airflow/example_dags/example_latest_only_with_trigger.py
[2023-12-29T04:50:34.590+0000] {processor.py:756} INFO - Processing file /home/airflow/.local/lib/python3.7/site-packages/airflow/example_dags/example_latest_only_with_trigger.py for tasks to queue
[2023-12-29T04:50:34.590+0000] {logging_mixin.py:120} INFO - [2023-12-29T04:50:34.590+0000] {dagbag.py:537} INFO - Filling up the DagBag from /home/airflow/.local/lib/python3.7/site-packages/airflow/example_dags/example_latest_only_with_trigger.py
[2023-12-29T04:50:34.605+0000] {processor.py:766} INFO - DAG(s) dict_keys(['latest_only_with_trigger']) retrieved from /home/airflow/.local/lib/python3.7/site-packages/airflow/example_dags/example_latest_only_with_trigger.py
[2023-12-29T04:50:34.641+0000] {logging_mixin.py:120} INFO - [2023-12-29T04:50:34.641+0000] {dag.py:2585} INFO - Sync 1 DAGs
[2023-12-29T04:50:34.665+0000] {logging_mixin.py:120} INFO - [2023-12-29T04:50:34.665+0000] {dag.py:3340} INFO - Setting next_dagrun for latest_only_with_trigger to 2023-12-29T00:50:34.665360+00:00, run_after=2023-12-29T04:50:34.665360+00:00
[2023-12-29T04:50:34.684+0000] {processor.py:176} INFO - Processing /home/airflow/.local/lib/python3.7/site-packages/airflow/example_dags/example_latest_only_with_trigger.py took 0.098 seconds
[2023-12-29T04:51:05.253+0000] {processor.py:154} INFO - Started process (PID=2272) to work on /home/airflow/.local/lib/python3.7/site-packages/airflow/example_dags/example_latest_only_with_trigger.py
[2023-12-29T04:51:05.254+0000] {processor.py:756} INFO - Processing file /home/airflow/.local/lib/python3.7/site-packages/airflow/example_dags/example_latest_only_with_trigger.py for tasks to queue
[2023-12-29T04:51:05.255+0000] {logging_mixin.py:120} INFO - [2023-12-29T04:51:05.254+0000] {dagbag.py:537} INFO - Filling up the DagBag from /home/airflow/.local/lib/python3.7/site-packages/airflow/example_dags/example_latest_only_with_trigger.py
[2023-12-29T04:51:05.271+0000] {processor.py:766} INFO - DAG(s) dict_keys(['latest_only_with_trigger']) retrieved from /home/airflow/.local/lib/python3.7/site-packages/airflow/example_dags/example_latest_only_with_trigger.py
[2023-12-29T04:51:05.308+0000] {logging_mixin.py:120} INFO - [2023-12-29T04:51:05.308+0000] {dag.py:2585} INFO - Sync 1 DAGs
[2023-12-29T04:51:05.334+0000] {logging_mixin.py:120} INFO - [2023-12-29T04:51:05.334+0000] {dag.py:3340} INFO - Setting next_dagrun for latest_only_with_trigger to 2023-12-29T00:51:05.334529+00:00, run_after=2023-12-29T04:51:05.334529+00:00
[2023-12-29T04:51:05.352+0000] {processor.py:176} INFO - Processing /home/airflow/.local/lib/python3.7/site-packages/airflow/example_dags/example_latest_only_with_trigger.py took 0.102 seconds
[2023-12-29T04:51:35.890+0000] {processor.py:154} INFO - Started process (PID=2335) to work on /home/airflow/.local/lib/python3.7/site-packages/airflow/example_dags/example_latest_only_with_trigger.py
[2023-12-29T04:51:35.890+0000] {processor.py:756} INFO - Processing file /home/airflow/.local/lib/python3.7/site-packages/airflow/example_dags/example_latest_only_with_trigger.py for tasks to queue
[2023-12-29T04:51:35.891+0000] {logging_mixin.py:120} INFO - [2023-12-29T04:51:35.891+0000] {dagbag.py:537} INFO - Filling up the DagBag from /home/airflow/.local/lib/python3.7/site-packages/airflow/example_dags/example_latest_only_with_trigger.py
[2023-12-29T04:51:35.905+0000] {processor.py:766} INFO - DAG(s) dict_keys(['latest_only_with_trigger']) retrieved from /home/airflow/.local/lib/python3.7/site-packages/airflow/example_dags/example_latest_only_with_trigger.py
[2023-12-29T04:51:35.944+0000] {logging_mixin.py:120} INFO - [2023-12-29T04:51:35.944+0000] {dag.py:2585} INFO - Sync 1 DAGs
[2023-12-29T04:51:35.973+0000] {logging_mixin.py:120} INFO - [2023-12-29T04:51:35.973+0000] {dag.py:3340} INFO - Setting next_dagrun for latest_only_with_trigger to 2023-12-29T00:51:35.973069+00:00, run_after=2023-12-29T04:51:35.973069+00:00
[2023-12-29T04:51:35.994+0000] {processor.py:176} INFO - Processing /home/airflow/.local/lib/python3.7/site-packages/airflow/example_dags/example_latest_only_with_trigger.py took 0.107 seconds
[2023-12-29T04:52:06.602+0000] {processor.py:154} INFO - Started process (PID=2393) to work on /home/airflow/.local/lib/python3.7/site-packages/airflow/example_dags/example_latest_only_with_trigger.py
[2023-12-29T04:52:06.602+0000] {processor.py:756} INFO - Processing file /home/airflow/.local/lib/python3.7/site-packages/airflow/example_dags/example_latest_only_with_trigger.py for tasks to queue
[2023-12-29T04:52:06.603+0000] {logging_mixin.py:120} INFO - [2023-12-29T04:52:06.603+0000] {dagbag.py:537} INFO - Filling up the DagBag from /home/airflow/.local/lib/python3.7/site-packages/airflow/example_dags/example_latest_only_with_trigger.py
[2023-12-29T04:52:06.619+0000] {processor.py:766} INFO - DAG(s) dict_keys(['latest_only_with_trigger']) retrieved from /home/airflow/.local/lib/python3.7/site-packages/airflow/example_dags/example_latest_only_with_trigger.py
[2023-12-29T04:52:06.657+0000] {logging_mixin.py:120} INFO - [2023-12-29T04:52:06.656+0000] {dag.py:2585} INFO - Sync 1 DAGs
[2023-12-29T04:52:06.680+0000] {logging_mixin.py:120} INFO - [2023-12-29T04:52:06.680+0000] {dag.py:3340} INFO - Setting next_dagrun for latest_only_with_trigger to 2023-12-29T00:52:06.680115+00:00, run_after=2023-12-29T04:52:06.680115+00:00
[2023-12-29T04:52:06.697+0000] {processor.py:176} INFO - Processing /home/airflow/.local/lib/python3.7/site-packages/airflow/example_dags/example_latest_only_with_trigger.py took 0.099 seconds
[2023-12-29T04:52:37.201+0000] {processor.py:154} INFO - Started process (PID=2457) to work on /home/airflow/.local/lib/python3.7/site-packages/airflow/example_dags/example_latest_only_with_trigger.py
[2023-12-29T04:52:37.202+0000] {processor.py:756} INFO - Processing file /home/airflow/.local/lib/python3.7/site-packages/airflow/example_dags/example_latest_only_with_trigger.py for tasks to queue
[2023-12-29T04:52:37.203+0000] {logging_mixin.py:120} INFO - [2023-12-29T04:52:37.202+0000] {dagbag.py:537} INFO - Filling up the DagBag from /home/airflow/.local/lib/python3.7/site-packages/airflow/example_dags/example_latest_only_with_trigger.py
[2023-12-29T04:52:37.217+0000] {processor.py:766} INFO - DAG(s) dict_keys(['latest_only_with_trigger']) retrieved from /home/airflow/.local/lib/python3.7/site-packages/airflow/example_dags/example_latest_only_with_trigger.py
[2023-12-29T04:52:37.255+0000] {logging_mixin.py:120} INFO - [2023-12-29T04:52:37.255+0000] {dag.py:2585} INFO - Sync 1 DAGs
[2023-12-29T04:52:37.281+0000] {logging_mixin.py:120} INFO - [2023-12-29T04:52:37.281+0000] {dag.py:3340} INFO - Setting next_dagrun for latest_only_with_trigger to 2023-12-29T00:52:37.280868+00:00, run_after=2023-12-29T04:52:37.280868+00:00
[2023-12-29T04:52:37.302+0000] {processor.py:176} INFO - Processing /home/airflow/.local/lib/python3.7/site-packages/airflow/example_dags/example_latest_only_with_trigger.py took 0.103 seconds
[2023-12-29T04:53:07.794+0000] {processor.py:154} INFO - Started process (PID=2522) to work on /home/airflow/.local/lib/python3.7/site-packages/airflow/example_dags/example_latest_only_with_trigger.py
[2023-12-29T04:53:07.795+0000] {processor.py:756} INFO - Processing file /home/airflow/.local/lib/python3.7/site-packages/airflow/example_dags/example_latest_only_with_trigger.py for tasks to queue
[2023-12-29T04:53:07.796+0000] {logging_mixin.py:120} INFO - [2023-12-29T04:53:07.795+0000] {dagbag.py:537} INFO - Filling up the DagBag from /home/airflow/.local/lib/python3.7/site-packages/airflow/example_dags/example_latest_only_with_trigger.py
[2023-12-29T04:53:07.812+0000] {processor.py:766} INFO - DAG(s) dict_keys(['latest_only_with_trigger']) retrieved from /home/airflow/.local/lib/python3.7/site-packages/airflow/example_dags/example_latest_only_with_trigger.py
[2023-12-29T04:53:07.849+0000] {logging_mixin.py:120} INFO - [2023-12-29T04:53:07.849+0000] {dag.py:2585} INFO - Sync 1 DAGs
[2023-12-29T04:53:07.875+0000] {logging_mixin.py:120} INFO - [2023-12-29T04:53:07.875+0000] {dag.py:3340} INFO - Setting next_dagrun for latest_only_with_trigger to 2023-12-29T00:53:07.874906+00:00, run_after=2023-12-29T04:53:07.874906+00:00
[2023-12-29T04:53:07.892+0000] {processor.py:176} INFO - Processing /home/airflow/.local/lib/python3.7/site-packages/airflow/example_dags/example_latest_only_with_trigger.py took 0.101 seconds
[2023-12-29T04:53:38.293+0000] {processor.py:154} INFO - Started process (PID=2577) to work on /home/airflow/.local/lib/python3.7/site-packages/airflow/example_dags/example_latest_only_with_trigger.py
[2023-12-29T04:53:38.294+0000] {processor.py:756} INFO - Processing file /home/airflow/.local/lib/python3.7/site-packages/airflow/example_dags/example_latest_only_with_trigger.py for tasks to queue
[2023-12-29T04:53:38.294+0000] {logging_mixin.py:120} INFO - [2023-12-29T04:53:38.294+0000] {dagbag.py:537} INFO - Filling up the DagBag from /home/airflow/.local/lib/python3.7/site-packages/airflow/example_dags/example_latest_only_with_trigger.py
[2023-12-29T04:53:38.308+0000] {processor.py:766} INFO - DAG(s) dict_keys(['latest_only_with_trigger']) retrieved from /home/airflow/.local/lib/python3.7/site-packages/airflow/example_dags/example_latest_only_with_trigger.py
[2023-12-29T04:53:38.349+0000] {logging_mixin.py:120} INFO - [2023-12-29T04:53:38.349+0000] {dag.py:2585} INFO - Sync 1 DAGs
[2023-12-29T04:53:38.376+0000] {logging_mixin.py:120} INFO - [2023-12-29T04:53:38.375+0000] {dag.py:3340} INFO - Setting next_dagrun for latest_only_with_trigger to 2023-12-29T00:53:38.375617+00:00, run_after=2023-12-29T04:53:38.375617+00:00
[2023-12-29T04:53:38.395+0000] {processor.py:176} INFO - Processing /home/airflow/.local/lib/python3.7/site-packages/airflow/example_dags/example_latest_only_with_trigger.py took 0.104 seconds
[2023-12-29T04:54:08.840+0000] {processor.py:154} INFO - Started process (PID=2641) to work on /home/airflow/.local/lib/python3.7/site-packages/airflow/example_dags/example_latest_only_with_trigger.py
[2023-12-29T04:54:08.841+0000] {processor.py:756} INFO - Processing file /home/airflow/.local/lib/python3.7/site-packages/airflow/example_dags/example_latest_only_with_trigger.py for tasks to queue
[2023-12-29T04:54:08.841+0000] {logging_mixin.py:120} INFO - [2023-12-29T04:54:08.841+0000] {dagbag.py:537} INFO - Filling up the DagBag from /home/airflow/.local/lib/python3.7/site-packages/airflow/example_dags/example_latest_only_with_trigger.py
[2023-12-29T04:54:08.855+0000] {processor.py:766} INFO - DAG(s) dict_keys(['latest_only_with_trigger']) retrieved from /home/airflow/.local/lib/python3.7/site-packages/airflow/example_dags/example_latest_only_with_trigger.py
[2023-12-29T04:54:08.893+0000] {logging_mixin.py:120} INFO - [2023-12-29T04:54:08.893+0000] {dag.py:2585} INFO - Sync 1 DAGs
[2023-12-29T04:54:08.918+0000] {logging_mixin.py:120} INFO - [2023-12-29T04:54:08.918+0000] {dag.py:3340} INFO - Setting next_dagrun for latest_only_with_trigger to 2023-12-29T00:54:08.918319+00:00, run_after=2023-12-29T04:54:08.918319+00:00
[2023-12-29T04:54:08.937+0000] {processor.py:176} INFO - Processing /home/airflow/.local/lib/python3.7/site-packages/airflow/example_dags/example_latest_only_with_trigger.py took 0.100 seconds
[2023-12-29T04:54:39.506+0000] {processor.py:154} INFO - Started process (PID=2705) to work on /home/airflow/.local/lib/python3.7/site-packages/airflow/example_dags/example_latest_only_with_trigger.py
[2023-12-29T04:54:39.507+0000] {processor.py:756} INFO - Processing file /home/airflow/.local/lib/python3.7/site-packages/airflow/example_dags/example_latest_only_with_trigger.py for tasks to queue
[2023-12-29T04:54:39.507+0000] {logging_mixin.py:120} INFO - [2023-12-29T04:54:39.507+0000] {dagbag.py:537} INFO - Filling up the DagBag from /home/airflow/.local/lib/python3.7/site-packages/airflow/example_dags/example_latest_only_with_trigger.py
[2023-12-29T04:54:39.523+0000] {processor.py:766} INFO - DAG(s) dict_keys(['latest_only_with_trigger']) retrieved from /home/airflow/.local/lib/python3.7/site-packages/airflow/example_dags/example_latest_only_with_trigger.py
[2023-12-29T04:54:39.560+0000] {logging_mixin.py:120} INFO - [2023-12-29T04:54:39.559+0000] {dag.py:2585} INFO - Sync 1 DAGs
[2023-12-29T04:54:39.586+0000] {logging_mixin.py:120} INFO - [2023-12-29T04:54:39.586+0000] {dag.py:3340} INFO - Setting next_dagrun for latest_only_with_trigger to 2023-12-29T00:54:39.586009+00:00, run_after=2023-12-29T04:54:39.586009+00:00
[2023-12-29T04:54:39.603+0000] {processor.py:176} INFO - Processing /home/airflow/.local/lib/python3.7/site-packages/airflow/example_dags/example_latest_only_with_trigger.py took 0.100 seconds
[2023-12-29T04:55:10.126+0000] {processor.py:154} INFO - Started process (PID=2768) to work on /home/airflow/.local/lib/python3.7/site-packages/airflow/example_dags/example_latest_only_with_trigger.py
[2023-12-29T04:55:10.126+0000] {processor.py:756} INFO - Processing file /home/airflow/.local/lib/python3.7/site-packages/airflow/example_dags/example_latest_only_with_trigger.py for tasks to queue
[2023-12-29T04:55:10.127+0000] {logging_mixin.py:120} INFO - [2023-12-29T04:55:10.127+0000] {dagbag.py:537} INFO - Filling up the DagBag from /home/airflow/.local/lib/python3.7/site-packages/airflow/example_dags/example_latest_only_with_trigger.py
[2023-12-29T04:55:10.141+0000] {processor.py:766} INFO - DAG(s) dict_keys(['latest_only_with_trigger']) retrieved from /home/airflow/.local/lib/python3.7/site-packages/airflow/example_dags/example_latest_only_with_trigger.py
[2023-12-29T04:55:10.179+0000] {logging_mixin.py:120} INFO - [2023-12-29T04:55:10.178+0000] {dag.py:2585} INFO - Sync 1 DAGs
[2023-12-29T04:55:10.208+0000] {logging_mixin.py:120} INFO - [2023-12-29T04:55:10.208+0000] {dag.py:3340} INFO - Setting next_dagrun for latest_only_with_trigger to 2023-12-29T00:55:10.208507+00:00, run_after=2023-12-29T04:55:10.208507+00:00
[2023-12-29T04:55:10.227+0000] {processor.py:176} INFO - Processing /home/airflow/.local/lib/python3.7/site-packages/airflow/example_dags/example_latest_only_with_trigger.py took 0.103 seconds
[2023-12-29T04:55:40.883+0000] {processor.py:154} INFO - Started process (PID=2823) to work on /home/airflow/.local/lib/python3.7/site-packages/airflow/example_dags/example_latest_only_with_trigger.py
[2023-12-29T04:55:40.884+0000] {processor.py:756} INFO - Processing file /home/airflow/.local/lib/python3.7/site-packages/airflow/example_dags/example_latest_only_with_trigger.py for tasks to queue
[2023-12-29T04:55:40.884+0000] {logging_mixin.py:120} INFO - [2023-12-29T04:55:40.884+0000] {dagbag.py:537} INFO - Filling up the DagBag from /home/airflow/.local/lib/python3.7/site-packages/airflow/example_dags/example_latest_only_with_trigger.py
[2023-12-29T04:55:40.899+0000] {processor.py:766} INFO - DAG(s) dict_keys(['latest_only_with_trigger']) retrieved from /home/airflow/.local/lib/python3.7/site-packages/airflow/example_dags/example_latest_only_with_trigger.py
[2023-12-29T04:55:40.939+0000] {logging_mixin.py:120} INFO - [2023-12-29T04:55:40.939+0000] {dag.py:2585} INFO - Sync 1 DAGs
[2023-12-29T04:55:40.965+0000] {logging_mixin.py:120} INFO - [2023-12-29T04:55:40.965+0000] {dag.py:3340} INFO - Setting next_dagrun for latest_only_with_trigger to 2023-12-29T00:55:40.964781+00:00, run_after=2023-12-29T04:55:40.964781+00:00
[2023-12-29T04:55:40.987+0000] {processor.py:176} INFO - Processing /home/airflow/.local/lib/python3.7/site-packages/airflow/example_dags/example_latest_only_with_trigger.py took 0.107 seconds
[2023-12-29T04:56:11.410+0000] {processor.py:154} INFO - Started process (PID=2887) to work on /home/airflow/.local/lib/python3.7/site-packages/airflow/example_dags/example_latest_only_with_trigger.py
[2023-12-29T04:56:11.410+0000] {processor.py:756} INFO - Processing file /home/airflow/.local/lib/python3.7/site-packages/airflow/example_dags/example_latest_only_with_trigger.py for tasks to queue
[2023-12-29T04:56:11.411+0000] {logging_mixin.py:120} INFO - [2023-12-29T04:56:11.411+0000] {dagbag.py:537} INFO - Filling up the DagBag from /home/airflow/.local/lib/python3.7/site-packages/airflow/example_dags/example_latest_only_with_trigger.py
[2023-12-29T04:56:11.426+0000] {processor.py:766} INFO - DAG(s) dict_keys(['latest_only_with_trigger']) retrieved from /home/airflow/.local/lib/python3.7/site-packages/airflow/example_dags/example_latest_only_with_trigger.py
[2023-12-29T04:56:11.464+0000] {logging_mixin.py:120} INFO - [2023-12-29T04:56:11.464+0000] {dag.py:2585} INFO - Sync 1 DAGs
[2023-12-29T04:56:11.492+0000] {logging_mixin.py:120} INFO - [2023-12-29T04:56:11.492+0000] {dag.py:3340} INFO - Setting next_dagrun for latest_only_with_trigger to 2023-12-29T00:56:11.491798+00:00, run_after=2023-12-29T04:56:11.491798+00:00
[2023-12-29T04:56:11.512+0000] {processor.py:176} INFO - Processing /home/airflow/.local/lib/python3.7/site-packages/airflow/example_dags/example_latest_only_with_trigger.py took 0.105 seconds
[2023-12-29T04:56:42.203+0000] {processor.py:154} INFO - Started process (PID=2951) to work on /home/airflow/.local/lib/python3.7/site-packages/airflow/example_dags/example_latest_only_with_trigger.py
[2023-12-29T04:56:42.204+0000] {processor.py:756} INFO - Processing file /home/airflow/.local/lib/python3.7/site-packages/airflow/example_dags/example_latest_only_with_trigger.py for tasks to queue
[2023-12-29T04:56:42.205+0000] {logging_mixin.py:120} INFO - [2023-12-29T04:56:42.205+0000] {dagbag.py:537} INFO - Filling up the DagBag from /home/airflow/.local/lib/python3.7/site-packages/airflow/example_dags/example_latest_only_with_trigger.py
[2023-12-29T04:56:42.221+0000] {processor.py:766} INFO - DAG(s) dict_keys(['latest_only_with_trigger']) retrieved from /home/airflow/.local/lib/python3.7/site-packages/airflow/example_dags/example_latest_only_with_trigger.py
[2023-12-29T04:56:42.257+0000] {logging_mixin.py:120} INFO - [2023-12-29T04:56:42.257+0000] {dag.py:2585} INFO - Sync 1 DAGs
[2023-12-29T04:56:42.284+0000] {logging_mixin.py:120} INFO - [2023-12-29T04:56:42.284+0000] {dag.py:3340} INFO - Setting next_dagrun for latest_only_with_trigger to 2023-12-29T00:56:42.284537+00:00, run_after=2023-12-29T04:56:42.284537+00:00
[2023-12-29T04:56:42.302+0000] {processor.py:176} INFO - Processing /home/airflow/.local/lib/python3.7/site-packages/airflow/example_dags/example_latest_only_with_trigger.py took 0.103 seconds
[2023-12-29T04:57:12.832+0000] {processor.py:154} INFO - Started process (PID=3006) to work on /home/airflow/.local/lib/python3.7/site-packages/airflow/example_dags/example_latest_only_with_trigger.py
[2023-12-29T04:57:12.832+0000] {processor.py:756} INFO - Processing file /home/airflow/.local/lib/python3.7/site-packages/airflow/example_dags/example_latest_only_with_trigger.py for tasks to queue
[2023-12-29T04:57:12.833+0000] {logging_mixin.py:120} INFO - [2023-12-29T04:57:12.833+0000] {dagbag.py:537} INFO - Filling up the DagBag from /home/airflow/.local/lib/python3.7/site-packages/airflow/example_dags/example_latest_only_with_trigger.py
[2023-12-29T04:57:12.848+0000] {processor.py:766} INFO - DAG(s) dict_keys(['latest_only_with_trigger']) retrieved from /home/airflow/.local/lib/python3.7/site-packages/airflow/example_dags/example_latest_only_with_trigger.py
[2023-12-29T04:57:12.884+0000] {logging_mixin.py:120} INFO - [2023-12-29T04:57:12.884+0000] {dag.py:2585} INFO - Sync 1 DAGs
[2023-12-29T04:57:12.909+0000] {logging_mixin.py:120} INFO - [2023-12-29T04:57:12.909+0000] {dag.py:3340} INFO - Setting next_dagrun for latest_only_with_trigger to 2023-12-29T00:57:12.909168+00:00, run_after=2023-12-29T04:57:12.909168+00:00
[2023-12-29T04:57:12.926+0000] {processor.py:176} INFO - Processing /home/airflow/.local/lib/python3.7/site-packages/airflow/example_dags/example_latest_only_with_trigger.py took 0.099 seconds
[2023-12-29T04:57:43.554+0000] {processor.py:154} INFO - Started process (PID=3072) to work on /home/airflow/.local/lib/python3.7/site-packages/airflow/example_dags/example_latest_only_with_trigger.py
[2023-12-29T04:57:43.555+0000] {processor.py:756} INFO - Processing file /home/airflow/.local/lib/python3.7/site-packages/airflow/example_dags/example_latest_only_with_trigger.py for tasks to queue
[2023-12-29T04:57:43.555+0000] {logging_mixin.py:120} INFO - [2023-12-29T04:57:43.555+0000] {dagbag.py:537} INFO - Filling up the DagBag from /home/airflow/.local/lib/python3.7/site-packages/airflow/example_dags/example_latest_only_with_trigger.py
[2023-12-29T04:57:43.572+0000] {processor.py:766} INFO - DAG(s) dict_keys(['latest_only_with_trigger']) retrieved from /home/airflow/.local/lib/python3.7/site-packages/airflow/example_dags/example_latest_only_with_trigger.py
[2023-12-29T04:57:43.610+0000] {logging_mixin.py:120} INFO - [2023-12-29T04:57:43.610+0000] {dag.py:2585} INFO - Sync 1 DAGs
[2023-12-29T04:57:43.634+0000] {logging_mixin.py:120} INFO - [2023-12-29T04:57:43.634+0000] {dag.py:3340} INFO - Setting next_dagrun for latest_only_with_trigger to 2023-12-29T00:57:43.634461+00:00, run_after=2023-12-29T04:57:43.634461+00:00
[2023-12-29T04:57:43.653+0000] {processor.py:176} INFO - Processing /home/airflow/.local/lib/python3.7/site-packages/airflow/example_dags/example_latest_only_with_trigger.py took 0.102 seconds
[2023-12-29T04:58:14.205+0000] {processor.py:154} INFO - Started process (PID=3135) to work on /home/airflow/.local/lib/python3.7/site-packages/airflow/example_dags/example_latest_only_with_trigger.py
[2023-12-29T04:58:14.206+0000] {processor.py:756} INFO - Processing file /home/airflow/.local/lib/python3.7/site-packages/airflow/example_dags/example_latest_only_with_trigger.py for tasks to queue
[2023-12-29T04:58:14.206+0000] {logging_mixin.py:120} INFO - [2023-12-29T04:58:14.206+0000] {dagbag.py:537} INFO - Filling up the DagBag from /home/airflow/.local/lib/python3.7/site-packages/airflow/example_dags/example_latest_only_with_trigger.py
[2023-12-29T04:58:14.223+0000] {processor.py:766} INFO - DAG(s) dict_keys(['latest_only_with_trigger']) retrieved from /home/airflow/.local/lib/python3.7/site-packages/airflow/example_dags/example_latest_only_with_trigger.py
[2023-12-29T04:58:14.260+0000] {logging_mixin.py:120} INFO - [2023-12-29T04:58:14.260+0000] {dag.py:2585} INFO - Sync 1 DAGs
[2023-12-29T04:58:14.284+0000] {logging_mixin.py:120} INFO - [2023-12-29T04:58:14.284+0000] {dag.py:3340} INFO - Setting next_dagrun for latest_only_with_trigger to 2023-12-29T00:58:14.284132+00:00, run_after=2023-12-29T04:58:14.284132+00:00
[2023-12-29T04:58:14.301+0000] {processor.py:176} INFO - Processing /home/airflow/.local/lib/python3.7/site-packages/airflow/example_dags/example_latest_only_with_trigger.py took 0.100 seconds
[2023-12-29T04:58:44.785+0000] {processor.py:154} INFO - Started process (PID=3190) to work on /home/airflow/.local/lib/python3.7/site-packages/airflow/example_dags/example_latest_only_with_trigger.py
[2023-12-29T04:58:44.786+0000] {processor.py:756} INFO - Processing file /home/airflow/.local/lib/python3.7/site-packages/airflow/example_dags/example_latest_only_with_trigger.py for tasks to queue
[2023-12-29T04:58:44.787+0000] {logging_mixin.py:120} INFO - [2023-12-29T04:58:44.786+0000] {dagbag.py:537} INFO - Filling up the DagBag from /home/airflow/.local/lib/python3.7/site-packages/airflow/example_dags/example_latest_only_with_trigger.py
[2023-12-29T04:58:44.801+0000] {processor.py:766} INFO - DAG(s) dict_keys(['latest_only_with_trigger']) retrieved from /home/airflow/.local/lib/python3.7/site-packages/airflow/example_dags/example_latest_only_with_trigger.py
[2023-12-29T04:58:44.839+0000] {logging_mixin.py:120} INFO - [2023-12-29T04:58:44.839+0000] {dag.py:2585} INFO - Sync 1 DAGs
[2023-12-29T04:58:44.869+0000] {logging_mixin.py:120} INFO - [2023-12-29T04:58:44.869+0000] {dag.py:3340} INFO - Setting next_dagrun for latest_only_with_trigger to 2023-12-29T00:58:44.868576+00:00, run_after=2023-12-29T04:58:44.868576+00:00
[2023-12-29T04:58:44.888+0000] {processor.py:176} INFO - Processing /home/airflow/.local/lib/python3.7/site-packages/airflow/example_dags/example_latest_only_with_trigger.py took 0.105 seconds
[2023-12-29T04:59:15.672+0000] {processor.py:154} INFO - Started process (PID=3256) to work on /home/airflow/.local/lib/python3.7/site-packages/airflow/example_dags/example_latest_only_with_trigger.py
[2023-12-29T04:59:15.673+0000] {processor.py:756} INFO - Processing file /home/airflow/.local/lib/python3.7/site-packages/airflow/example_dags/example_latest_only_with_trigger.py for tasks to queue
[2023-12-29T04:59:15.674+0000] {logging_mixin.py:120} INFO - [2023-12-29T04:59:15.673+0000] {dagbag.py:537} INFO - Filling up the DagBag from /home/airflow/.local/lib/python3.7/site-packages/airflow/example_dags/example_latest_only_with_trigger.py
[2023-12-29T04:59:15.688+0000] {processor.py:766} INFO - DAG(s) dict_keys(['latest_only_with_trigger']) retrieved from /home/airflow/.local/lib/python3.7/site-packages/airflow/example_dags/example_latest_only_with_trigger.py
[2023-12-29T04:59:15.759+0000] {logging_mixin.py:120} INFO - [2023-12-29T04:59:15.758+0000] {dag.py:2585} INFO - Sync 1 DAGs
[2023-12-29T04:59:15.783+0000] {logging_mixin.py:120} INFO - [2023-12-29T04:59:15.783+0000] {dag.py:3340} INFO - Setting next_dagrun for latest_only_with_trigger to 2023-12-29T00:59:15.783528+00:00, run_after=2023-12-29T04:59:15.783528+00:00
[2023-12-29T04:59:15.801+0000] {processor.py:176} INFO - Processing /home/airflow/.local/lib/python3.7/site-packages/airflow/example_dags/example_latest_only_with_trigger.py took 0.133 seconds
[2023-12-29T04:59:46.430+0000] {processor.py:154} INFO - Started process (PID=3321) to work on /home/airflow/.local/lib/python3.7/site-packages/airflow/example_dags/example_latest_only_with_trigger.py
[2023-12-29T04:59:46.431+0000] {processor.py:756} INFO - Processing file /home/airflow/.local/lib/python3.7/site-packages/airflow/example_dags/example_latest_only_with_trigger.py for tasks to queue
[2023-12-29T04:59:46.432+0000] {logging_mixin.py:120} INFO - [2023-12-29T04:59:46.432+0000] {dagbag.py:537} INFO - Filling up the DagBag from /home/airflow/.local/lib/python3.7/site-packages/airflow/example_dags/example_latest_only_with_trigger.py
[2023-12-29T04:59:46.447+0000] {processor.py:766} INFO - DAG(s) dict_keys(['latest_only_with_trigger']) retrieved from /home/airflow/.local/lib/python3.7/site-packages/airflow/example_dags/example_latest_only_with_trigger.py
[2023-12-29T04:59:46.486+0000] {logging_mixin.py:120} INFO - [2023-12-29T04:59:46.486+0000] {dag.py:2585} INFO - Sync 1 DAGs
[2023-12-29T04:59:46.510+0000] {logging_mixin.py:120} INFO - [2023-12-29T04:59:46.510+0000] {dag.py:3340} INFO - Setting next_dagrun for latest_only_with_trigger to 2023-12-29T00:59:46.510468+00:00, run_after=2023-12-29T04:59:46.510468+00:00
[2023-12-29T04:59:46.527+0000] {processor.py:176} INFO - Processing /home/airflow/.local/lib/python3.7/site-packages/airflow/example_dags/example_latest_only_with_trigger.py took 0.101 seconds
[2023-12-29T05:00:17.110+0000] {processor.py:154} INFO - Started process (PID=3385) to work on /home/airflow/.local/lib/python3.7/site-packages/airflow/example_dags/example_latest_only_with_trigger.py
[2023-12-29T05:00:17.111+0000] {processor.py:756} INFO - Processing file /home/airflow/.local/lib/python3.7/site-packages/airflow/example_dags/example_latest_only_with_trigger.py for tasks to queue
[2023-12-29T05:00:17.111+0000] {logging_mixin.py:120} INFO - [2023-12-29T05:00:17.111+0000] {dagbag.py:537} INFO - Filling up the DagBag from /home/airflow/.local/lib/python3.7/site-packages/airflow/example_dags/example_latest_only_with_trigger.py
[2023-12-29T05:00:17.125+0000] {processor.py:766} INFO - DAG(s) dict_keys(['latest_only_with_trigger']) retrieved from /home/airflow/.local/lib/python3.7/site-packages/airflow/example_dags/example_latest_only_with_trigger.py
[2023-12-29T05:00:17.163+0000] {logging_mixin.py:120} INFO - [2023-12-29T05:00:17.163+0000] {dag.py:2585} INFO - Sync 1 DAGs
[2023-12-29T05:00:17.188+0000] {logging_mixin.py:120} INFO - [2023-12-29T05:00:17.188+0000] {dag.py:3340} INFO - Setting next_dagrun for latest_only_with_trigger to 2023-12-29T01:00:17.188407+00:00, run_after=2023-12-29T05:00:17.188407+00:00
[2023-12-29T05:00:17.207+0000] {processor.py:176} INFO - Processing /home/airflow/.local/lib/python3.7/site-packages/airflow/example_dags/example_latest_only_with_trigger.py took 0.100 seconds
[2023-12-29T05:00:47.686+0000] {processor.py:154} INFO - Started process (PID=3440) to work on /home/airflow/.local/lib/python3.7/site-packages/airflow/example_dags/example_latest_only_with_trigger.py
[2023-12-29T05:00:47.687+0000] {processor.py:756} INFO - Processing file /home/airflow/.local/lib/python3.7/site-packages/airflow/example_dags/example_latest_only_with_trigger.py for tasks to queue
[2023-12-29T05:00:47.687+0000] {logging_mixin.py:120} INFO - [2023-12-29T05:00:47.687+0000] {dagbag.py:537} INFO - Filling up the DagBag from /home/airflow/.local/lib/python3.7/site-packages/airflow/example_dags/example_latest_only_with_trigger.py
[2023-12-29T05:00:47.703+0000] {processor.py:766} INFO - DAG(s) dict_keys(['latest_only_with_trigger']) retrieved from /home/airflow/.local/lib/python3.7/site-packages/airflow/example_dags/example_latest_only_with_trigger.py
[2023-12-29T05:00:47.740+0000] {logging_mixin.py:120} INFO - [2023-12-29T05:00:47.740+0000] {dag.py:2585} INFO - Sync 1 DAGs
[2023-12-29T05:00:47.767+0000] {logging_mixin.py:120} INFO - [2023-12-29T05:00:47.766+0000] {dag.py:3340} INFO - Setting next_dagrun for latest_only_with_trigger to 2023-12-29T01:00:47.766642+00:00, run_after=2023-12-29T05:00:47.766642+00:00
[2023-12-29T05:00:47.784+0000] {processor.py:176} INFO - Processing /home/airflow/.local/lib/python3.7/site-packages/airflow/example_dags/example_latest_only_with_trigger.py took 0.101 seconds
[2023-12-29T05:01:18.256+0000] {processor.py:154} INFO - Started process (PID=3504) to work on /home/airflow/.local/lib/python3.7/site-packages/airflow/example_dags/example_latest_only_with_trigger.py
[2023-12-29T05:01:18.257+0000] {processor.py:756} INFO - Processing file /home/airflow/.local/lib/python3.7/site-packages/airflow/example_dags/example_latest_only_with_trigger.py for tasks to queue
[2023-12-29T05:01:18.257+0000] {logging_mixin.py:120} INFO - [2023-12-29T05:01:18.257+0000] {dagbag.py:537} INFO - Filling up the DagBag from /home/airflow/.local/lib/python3.7/site-packages/airflow/example_dags/example_latest_only_with_trigger.py
[2023-12-29T05:01:18.273+0000] {processor.py:766} INFO - DAG(s) dict_keys(['latest_only_with_trigger']) retrieved from /home/airflow/.local/lib/python3.7/site-packages/airflow/example_dags/example_latest_only_with_trigger.py
[2023-12-29T05:01:18.312+0000] {logging_mixin.py:120} INFO - [2023-12-29T05:01:18.312+0000] {dag.py:2585} INFO - Sync 1 DAGs
[2023-12-29T05:01:18.336+0000] {logging_mixin.py:120} INFO - [2023-12-29T05:01:18.336+0000] {dag.py:3340} INFO - Setting next_dagrun for latest_only_with_trigger to 2023-12-29T01:01:18.336435+00:00, run_after=2023-12-29T05:01:18.336435+00:00
[2023-12-29T05:01:18.354+0000] {processor.py:176} INFO - Processing /home/airflow/.local/lib/python3.7/site-packages/airflow/example_dags/example_latest_only_with_trigger.py took 0.102 seconds
[2023-12-29T05:01:48.752+0000] {processor.py:154} INFO - Started process (PID=3568) to work on /home/airflow/.local/lib/python3.7/site-packages/airflow/example_dags/example_latest_only_with_trigger.py
[2023-12-29T05:01:48.753+0000] {processor.py:756} INFO - Processing file /home/airflow/.local/lib/python3.7/site-packages/airflow/example_dags/example_latest_only_with_trigger.py for tasks to queue
[2023-12-29T05:01:48.753+0000] {logging_mixin.py:120} INFO - [2023-12-29T05:01:48.753+0000] {dagbag.py:537} INFO - Filling up the DagBag from /home/airflow/.local/lib/python3.7/site-packages/airflow/example_dags/example_latest_only_with_trigger.py
[2023-12-29T05:01:48.767+0000] {processor.py:766} INFO - DAG(s) dict_keys(['latest_only_with_trigger']) retrieved from /home/airflow/.local/lib/python3.7/site-packages/airflow/example_dags/example_latest_only_with_trigger.py
[2023-12-29T05:01:48.803+0000] {logging_mixin.py:120} INFO - [2023-12-29T05:01:48.803+0000] {dag.py:2585} INFO - Sync 1 DAGs
[2023-12-29T05:01:48.830+0000] {logging_mixin.py:120} INFO - [2023-12-29T05:01:48.829+0000] {dag.py:3340} INFO - Setting next_dagrun for latest_only_with_trigger to 2023-12-29T01:01:48.829721+00:00, run_after=2023-12-29T05:01:48.829721+00:00
[2023-12-29T05:01:48.850+0000] {processor.py:176} INFO - Processing /home/airflow/.local/lib/python3.7/site-packages/airflow/example_dags/example_latest_only_with_trigger.py took 0.101 seconds
