[2023-12-29T04:32:35.782+0000] {processor.py:154} INFO - Started process (PID=37) to work on /home/airflow/.local/lib/python3.7/site-packages/airflow/example_dags/example_kubernetes_executor.py
[2023-12-29T04:32:35.783+0000] {processor.py:756} INFO - Processing file /home/airflow/.local/lib/python3.7/site-packages/airflow/example_dags/example_kubernetes_executor.py for tasks to queue
[2023-12-29T04:32:35.783+0000] {logging_mixin.py:120} INFO - [2023-12-29T04:32:35.783+0000] {dagbag.py:537} INFO - Filling up the DagBag from /home/airflow/.local/lib/python3.7/site-packages/airflow/example_dags/example_kubernetes_executor.py
[2023-12-29T04:32:35.827+0000] {processor.py:766} INFO - DAG(s) dict_keys(['example_kubernetes_executor']) retrieved from /home/airflow/.local/lib/python3.7/site-packages/airflow/example_dags/example_kubernetes_executor.py
[2023-12-29T04:32:35.870+0000] {logging_mixin.py:120} INFO - [2023-12-29T04:32:35.870+0000] {dag.py:2585} INFO - Sync 1 DAGs
[2023-12-29T04:32:35.899+0000] {logging_mixin.py:120} INFO - [2023-12-29T04:32:35.899+0000] {dag.py:3340} INFO - Setting next_dagrun for example_kubernetes_executor to None, run_after=None
[2023-12-29T04:32:35.922+0000] {processor.py:176} INFO - Processing /home/airflow/.local/lib/python3.7/site-packages/airflow/example_dags/example_kubernetes_executor.py took 0.142 seconds
[2023-12-29T04:33:06.362+0000] {processor.py:154} INFO - Started process (PID=101) to work on /home/airflow/.local/lib/python3.7/site-packages/airflow/example_dags/example_kubernetes_executor.py
[2023-12-29T04:33:06.363+0000] {processor.py:756} INFO - Processing file /home/airflow/.local/lib/python3.7/site-packages/airflow/example_dags/example_kubernetes_executor.py for tasks to queue
[2023-12-29T04:33:06.363+0000] {logging_mixin.py:120} INFO - [2023-12-29T04:33:06.363+0000] {dagbag.py:537} INFO - Filling up the DagBag from /home/airflow/.local/lib/python3.7/site-packages/airflow/example_dags/example_kubernetes_executor.py
[2023-12-29T04:33:06.389+0000] {processor.py:766} INFO - DAG(s) dict_keys(['example_kubernetes_executor']) retrieved from /home/airflow/.local/lib/python3.7/site-packages/airflow/example_dags/example_kubernetes_executor.py
[2023-12-29T04:33:06.431+0000] {logging_mixin.py:120} INFO - [2023-12-29T04:33:06.430+0000] {dag.py:2585} INFO - Sync 1 DAGs
[2023-12-29T04:33:06.456+0000] {logging_mixin.py:120} INFO - [2023-12-29T04:33:06.456+0000] {dag.py:3340} INFO - Setting next_dagrun for example_kubernetes_executor to None, run_after=None
[2023-12-29T04:33:06.475+0000] {processor.py:176} INFO - Processing /home/airflow/.local/lib/python3.7/site-packages/airflow/example_dags/example_kubernetes_executor.py took 0.116 seconds
[2023-12-29T04:33:37.317+0000] {processor.py:154} INFO - Started process (PID=165) to work on /home/airflow/.local/lib/python3.7/site-packages/airflow/example_dags/example_kubernetes_executor.py
[2023-12-29T04:33:37.318+0000] {processor.py:756} INFO - Processing file /home/airflow/.local/lib/python3.7/site-packages/airflow/example_dags/example_kubernetes_executor.py for tasks to queue
[2023-12-29T04:33:37.320+0000] {logging_mixin.py:120} INFO - [2023-12-29T04:33:37.320+0000] {dagbag.py:537} INFO - Filling up the DagBag from /home/airflow/.local/lib/python3.7/site-packages/airflow/example_dags/example_kubernetes_executor.py
[2023-12-29T04:33:37.363+0000] {processor.py:766} INFO - DAG(s) dict_keys(['example_kubernetes_executor']) retrieved from /home/airflow/.local/lib/python3.7/site-packages/airflow/example_dags/example_kubernetes_executor.py
[2023-12-29T04:33:37.463+0000] {logging_mixin.py:120} INFO - [2023-12-29T04:33:37.463+0000] {dag.py:2585} INFO - Sync 1 DAGs
[2023-12-29T04:33:37.515+0000] {logging_mixin.py:120} INFO - [2023-12-29T04:33:37.515+0000] {dag.py:3340} INFO - Setting next_dagrun for example_kubernetes_executor to None, run_after=None
[2023-12-29T04:33:37.548+0000] {processor.py:176} INFO - Processing /home/airflow/.local/lib/python3.7/site-packages/airflow/example_dags/example_kubernetes_executor.py took 0.234 seconds
[2023-12-29T04:34:07.650+0000] {processor.py:154} INFO - Started process (PID=222) to work on /home/airflow/.local/lib/python3.7/site-packages/airflow/example_dags/example_kubernetes_executor.py
[2023-12-29T04:34:07.652+0000] {processor.py:756} INFO - Processing file /home/airflow/.local/lib/python3.7/site-packages/airflow/example_dags/example_kubernetes_executor.py for tasks to queue
[2023-12-29T04:34:07.652+0000] {logging_mixin.py:120} INFO - [2023-12-29T04:34:07.652+0000] {dagbag.py:537} INFO - Filling up the DagBag from /home/airflow/.local/lib/python3.7/site-packages/airflow/example_dags/example_kubernetes_executor.py
[2023-12-29T04:34:07.681+0000] {processor.py:766} INFO - DAG(s) dict_keys(['example_kubernetes_executor']) retrieved from /home/airflow/.local/lib/python3.7/site-packages/airflow/example_dags/example_kubernetes_executor.py
[2023-12-29T04:34:07.728+0000] {logging_mixin.py:120} INFO - [2023-12-29T04:34:07.728+0000] {dag.py:2585} INFO - Sync 1 DAGs
[2023-12-29T04:34:07.760+0000] {logging_mixin.py:120} INFO - [2023-12-29T04:34:07.760+0000] {dag.py:3340} INFO - Setting next_dagrun for example_kubernetes_executor to None, run_after=None
[2023-12-29T04:34:07.789+0000] {processor.py:176} INFO - Processing /home/airflow/.local/lib/python3.7/site-packages/airflow/example_dags/example_kubernetes_executor.py took 0.142 seconds
[2023-12-29T04:34:38.589+0000] {processor.py:154} INFO - Started process (PID=287) to work on /home/airflow/.local/lib/python3.7/site-packages/airflow/example_dags/example_kubernetes_executor.py
[2023-12-29T04:34:38.589+0000] {processor.py:756} INFO - Processing file /home/airflow/.local/lib/python3.7/site-packages/airflow/example_dags/example_kubernetes_executor.py for tasks to queue
[2023-12-29T04:34:38.590+0000] {logging_mixin.py:120} INFO - [2023-12-29T04:34:38.590+0000] {dagbag.py:537} INFO - Filling up the DagBag from /home/airflow/.local/lib/python3.7/site-packages/airflow/example_dags/example_kubernetes_executor.py
[2023-12-29T04:34:38.617+0000] {processor.py:766} INFO - DAG(s) dict_keys(['example_kubernetes_executor']) retrieved from /home/airflow/.local/lib/python3.7/site-packages/airflow/example_dags/example_kubernetes_executor.py
[2023-12-29T04:34:38.656+0000] {logging_mixin.py:120} INFO - [2023-12-29T04:34:38.655+0000] {dag.py:2585} INFO - Sync 1 DAGs
[2023-12-29T04:34:38.680+0000] {logging_mixin.py:120} INFO - [2023-12-29T04:34:38.680+0000] {dag.py:3340} INFO - Setting next_dagrun for example_kubernetes_executor to None, run_after=None
[2023-12-29T04:34:38.698+0000] {processor.py:176} INFO - Processing /home/airflow/.local/lib/python3.7/site-packages/airflow/example_dags/example_kubernetes_executor.py took 0.112 seconds
[2023-12-29T04:35:09.247+0000] {processor.py:154} INFO - Started process (PID=341) to work on /home/airflow/.local/lib/python3.7/site-packages/airflow/example_dags/example_kubernetes_executor.py
[2023-12-29T04:35:09.248+0000] {processor.py:756} INFO - Processing file /home/airflow/.local/lib/python3.7/site-packages/airflow/example_dags/example_kubernetes_executor.py for tasks to queue
[2023-12-29T04:35:09.249+0000] {logging_mixin.py:120} INFO - [2023-12-29T04:35:09.249+0000] {dagbag.py:537} INFO - Filling up the DagBag from /home/airflow/.local/lib/python3.7/site-packages/airflow/example_dags/example_kubernetes_executor.py
[2023-12-29T04:35:09.275+0000] {processor.py:766} INFO - DAG(s) dict_keys(['example_kubernetes_executor']) retrieved from /home/airflow/.local/lib/python3.7/site-packages/airflow/example_dags/example_kubernetes_executor.py
[2023-12-29T04:35:09.316+0000] {logging_mixin.py:120} INFO - [2023-12-29T04:35:09.315+0000] {dag.py:2585} INFO - Sync 1 DAGs
[2023-12-29T04:35:09.341+0000] {logging_mixin.py:120} INFO - [2023-12-29T04:35:09.341+0000] {dag.py:3340} INFO - Setting next_dagrun for example_kubernetes_executor to None, run_after=None
[2023-12-29T04:35:09.359+0000] {processor.py:176} INFO - Processing /home/airflow/.local/lib/python3.7/site-packages/airflow/example_dags/example_kubernetes_executor.py took 0.115 seconds
[2023-12-29T04:35:40.025+0000] {processor.py:154} INFO - Started process (PID=405) to work on /home/airflow/.local/lib/python3.7/site-packages/airflow/example_dags/example_kubernetes_executor.py
[2023-12-29T04:35:40.025+0000] {processor.py:756} INFO - Processing file /home/airflow/.local/lib/python3.7/site-packages/airflow/example_dags/example_kubernetes_executor.py for tasks to queue
[2023-12-29T04:35:40.026+0000] {logging_mixin.py:120} INFO - [2023-12-29T04:35:40.026+0000] {dagbag.py:537} INFO - Filling up the DagBag from /home/airflow/.local/lib/python3.7/site-packages/airflow/example_dags/example_kubernetes_executor.py
[2023-12-29T04:35:40.058+0000] {processor.py:766} INFO - DAG(s) dict_keys(['example_kubernetes_executor']) retrieved from /home/airflow/.local/lib/python3.7/site-packages/airflow/example_dags/example_kubernetes_executor.py
[2023-12-29T04:35:40.088+0000] {logging_mixin.py:120} INFO - [2023-12-29T04:35:40.088+0000] {dag.py:2585} INFO - Sync 1 DAGs
[2023-12-29T04:35:40.115+0000] {logging_mixin.py:120} INFO - [2023-12-29T04:35:40.115+0000] {dag.py:3340} INFO - Setting next_dagrun for example_kubernetes_executor to None, run_after=None
[2023-12-29T04:35:40.138+0000] {processor.py:176} INFO - Processing /home/airflow/.local/lib/python3.7/site-packages/airflow/example_dags/example_kubernetes_executor.py took 0.116 seconds
[2023-12-29T04:36:10.827+0000] {processor.py:154} INFO - Started process (PID=468) to work on /home/airflow/.local/lib/python3.7/site-packages/airflow/example_dags/example_kubernetes_executor.py
[2023-12-29T04:36:10.828+0000] {processor.py:756} INFO - Processing file /home/airflow/.local/lib/python3.7/site-packages/airflow/example_dags/example_kubernetes_executor.py for tasks to queue
[2023-12-29T04:36:10.829+0000] {logging_mixin.py:120} INFO - [2023-12-29T04:36:10.828+0000] {dagbag.py:537} INFO - Filling up the DagBag from /home/airflow/.local/lib/python3.7/site-packages/airflow/example_dags/example_kubernetes_executor.py
[2023-12-29T04:36:10.856+0000] {processor.py:766} INFO - DAG(s) dict_keys(['example_kubernetes_executor']) retrieved from /home/airflow/.local/lib/python3.7/site-packages/airflow/example_dags/example_kubernetes_executor.py
[2023-12-29T04:36:10.895+0000] {logging_mixin.py:120} INFO - [2023-12-29T04:36:10.895+0000] {dag.py:2585} INFO - Sync 1 DAGs
[2023-12-29T04:36:10.919+0000] {logging_mixin.py:120} INFO - [2023-12-29T04:36:10.919+0000] {dag.py:3340} INFO - Setting next_dagrun for example_kubernetes_executor to None, run_after=None
[2023-12-29T04:36:10.940+0000] {processor.py:176} INFO - Processing /home/airflow/.local/lib/python3.7/site-packages/airflow/example_dags/example_kubernetes_executor.py took 0.116 seconds
[2023-12-29T04:36:41.939+0000] {processor.py:154} INFO - Started process (PID=533) to work on /home/airflow/.local/lib/python3.7/site-packages/airflow/example_dags/example_kubernetes_executor.py
[2023-12-29T04:36:41.940+0000] {processor.py:756} INFO - Processing file /home/airflow/.local/lib/python3.7/site-packages/airflow/example_dags/example_kubernetes_executor.py for tasks to queue
[2023-12-29T04:36:41.941+0000] {logging_mixin.py:120} INFO - [2023-12-29T04:36:41.941+0000] {dagbag.py:537} INFO - Filling up the DagBag from /home/airflow/.local/lib/python3.7/site-packages/airflow/example_dags/example_kubernetes_executor.py
[2023-12-29T04:36:41.973+0000] {processor.py:766} INFO - DAG(s) dict_keys(['example_kubernetes_executor']) retrieved from /home/airflow/.local/lib/python3.7/site-packages/airflow/example_dags/example_kubernetes_executor.py
[2023-12-29T04:36:42.022+0000] {logging_mixin.py:120} INFO - [2023-12-29T04:36:42.022+0000] {dag.py:2585} INFO - Sync 1 DAGs
[2023-12-29T04:36:42.051+0000] {logging_mixin.py:120} INFO - [2023-12-29T04:36:42.051+0000] {dag.py:3340} INFO - Setting next_dagrun for example_kubernetes_executor to None, run_after=None
[2023-12-29T04:36:42.074+0000] {processor.py:176} INFO - Processing /home/airflow/.local/lib/python3.7/site-packages/airflow/example_dags/example_kubernetes_executor.py took 0.138 seconds
[2023-12-29T04:37:12.933+0000] {processor.py:154} INFO - Started process (PID=587) to work on /home/airflow/.local/lib/python3.7/site-packages/airflow/example_dags/example_kubernetes_executor.py
[2023-12-29T04:37:12.934+0000] {processor.py:756} INFO - Processing file /home/airflow/.local/lib/python3.7/site-packages/airflow/example_dags/example_kubernetes_executor.py for tasks to queue
[2023-12-29T04:37:12.935+0000] {logging_mixin.py:120} INFO - [2023-12-29T04:37:12.934+0000] {dagbag.py:537} INFO - Filling up the DagBag from /home/airflow/.local/lib/python3.7/site-packages/airflow/example_dags/example_kubernetes_executor.py
[2023-12-29T04:37:12.965+0000] {processor.py:766} INFO - DAG(s) dict_keys(['example_kubernetes_executor']) retrieved from /home/airflow/.local/lib/python3.7/site-packages/airflow/example_dags/example_kubernetes_executor.py
[2023-12-29T04:37:13.009+0000] {logging_mixin.py:120} INFO - [2023-12-29T04:37:13.008+0000] {dag.py:2585} INFO - Sync 1 DAGs
[2023-12-29T04:37:13.034+0000] {logging_mixin.py:120} INFO - [2023-12-29T04:37:13.034+0000] {dag.py:3340} INFO - Setting next_dagrun for example_kubernetes_executor to None, run_after=None
[2023-12-29T04:37:13.053+0000] {processor.py:176} INFO - Processing /home/airflow/.local/lib/python3.7/site-packages/airflow/example_dags/example_kubernetes_executor.py took 0.122 seconds
[2023-12-29T04:37:43.673+0000] {processor.py:154} INFO - Started process (PID=650) to work on /home/airflow/.local/lib/python3.7/site-packages/airflow/example_dags/example_kubernetes_executor.py
[2023-12-29T04:37:43.674+0000] {processor.py:756} INFO - Processing file /home/airflow/.local/lib/python3.7/site-packages/airflow/example_dags/example_kubernetes_executor.py for tasks to queue
[2023-12-29T04:37:43.675+0000] {logging_mixin.py:120} INFO - [2023-12-29T04:37:43.675+0000] {dagbag.py:537} INFO - Filling up the DagBag from /home/airflow/.local/lib/python3.7/site-packages/airflow/example_dags/example_kubernetes_executor.py
[2023-12-29T04:37:43.714+0000] {processor.py:766} INFO - DAG(s) dict_keys(['example_kubernetes_executor']) retrieved from /home/airflow/.local/lib/python3.7/site-packages/airflow/example_dags/example_kubernetes_executor.py
[2023-12-29T04:37:43.778+0000] {logging_mixin.py:120} INFO - [2023-12-29T04:37:43.778+0000] {dag.py:2585} INFO - Sync 1 DAGs
[2023-12-29T04:37:43.826+0000] {logging_mixin.py:120} INFO - [2023-12-29T04:37:43.826+0000] {dag.py:3340} INFO - Setting next_dagrun for example_kubernetes_executor to None, run_after=None
[2023-12-29T04:37:43.858+0000] {processor.py:176} INFO - Processing /home/airflow/.local/lib/python3.7/site-packages/airflow/example_dags/example_kubernetes_executor.py took 0.188 seconds
[2023-12-29T04:38:14.776+0000] {processor.py:154} INFO - Started process (PID=714) to work on /home/airflow/.local/lib/python3.7/site-packages/airflow/example_dags/example_kubernetes_executor.py
[2023-12-29T04:38:14.777+0000] {processor.py:756} INFO - Processing file /home/airflow/.local/lib/python3.7/site-packages/airflow/example_dags/example_kubernetes_executor.py for tasks to queue
[2023-12-29T04:38:14.777+0000] {logging_mixin.py:120} INFO - [2023-12-29T04:38:14.777+0000] {dagbag.py:537} INFO - Filling up the DagBag from /home/airflow/.local/lib/python3.7/site-packages/airflow/example_dags/example_kubernetes_executor.py
[2023-12-29T04:38:14.810+0000] {processor.py:766} INFO - DAG(s) dict_keys(['example_kubernetes_executor']) retrieved from /home/airflow/.local/lib/python3.7/site-packages/airflow/example_dags/example_kubernetes_executor.py
[2023-12-29T04:38:14.863+0000] {logging_mixin.py:120} INFO - [2023-12-29T04:38:14.863+0000] {dag.py:2585} INFO - Sync 1 DAGs
[2023-12-29T04:38:14.892+0000] {logging_mixin.py:120} INFO - [2023-12-29T04:38:14.891+0000] {dag.py:3340} INFO - Setting next_dagrun for example_kubernetes_executor to None, run_after=None
[2023-12-29T04:38:14.914+0000] {processor.py:176} INFO - Processing /home/airflow/.local/lib/python3.7/site-packages/airflow/example_dags/example_kubernetes_executor.py took 0.142 seconds
[2023-12-29T04:38:45.027+0000] {processor.py:154} INFO - Started process (PID=770) to work on /home/airflow/.local/lib/python3.7/site-packages/airflow/example_dags/example_kubernetes_executor.py
[2023-12-29T04:38:45.028+0000] {processor.py:756} INFO - Processing file /home/airflow/.local/lib/python3.7/site-packages/airflow/example_dags/example_kubernetes_executor.py for tasks to queue
[2023-12-29T04:38:45.029+0000] {logging_mixin.py:120} INFO - [2023-12-29T04:38:45.029+0000] {dagbag.py:537} INFO - Filling up the DagBag from /home/airflow/.local/lib/python3.7/site-packages/airflow/example_dags/example_kubernetes_executor.py
[2023-12-29T04:38:45.065+0000] {processor.py:766} INFO - DAG(s) dict_keys(['example_kubernetes_executor']) retrieved from /home/airflow/.local/lib/python3.7/site-packages/airflow/example_dags/example_kubernetes_executor.py
[2023-12-29T04:38:45.109+0000] {logging_mixin.py:120} INFO - [2023-12-29T04:38:45.109+0000] {dag.py:2585} INFO - Sync 1 DAGs
[2023-12-29T04:38:45.140+0000] {logging_mixin.py:120} INFO - [2023-12-29T04:38:45.140+0000] {dag.py:3340} INFO - Setting next_dagrun for example_kubernetes_executor to None, run_after=None
[2023-12-29T04:38:45.162+0000] {processor.py:176} INFO - Processing /home/airflow/.local/lib/python3.7/site-packages/airflow/example_dags/example_kubernetes_executor.py took 0.138 seconds
[2023-12-29T04:39:15.567+0000] {processor.py:154} INFO - Started process (PID=834) to work on /home/airflow/.local/lib/python3.7/site-packages/airflow/example_dags/example_kubernetes_executor.py
[2023-12-29T04:39:15.568+0000] {processor.py:756} INFO - Processing file /home/airflow/.local/lib/python3.7/site-packages/airflow/example_dags/example_kubernetes_executor.py for tasks to queue
[2023-12-29T04:39:15.569+0000] {logging_mixin.py:120} INFO - [2023-12-29T04:39:15.568+0000] {dagbag.py:537} INFO - Filling up the DagBag from /home/airflow/.local/lib/python3.7/site-packages/airflow/example_dags/example_kubernetes_executor.py
[2023-12-29T04:39:15.599+0000] {processor.py:766} INFO - DAG(s) dict_keys(['example_kubernetes_executor']) retrieved from /home/airflow/.local/lib/python3.7/site-packages/airflow/example_dags/example_kubernetes_executor.py
[2023-12-29T04:39:15.649+0000] {logging_mixin.py:120} INFO - [2023-12-29T04:39:15.649+0000] {dag.py:2585} INFO - Sync 1 DAGs
[2023-12-29T04:39:15.681+0000] {logging_mixin.py:120} INFO - [2023-12-29T04:39:15.681+0000] {dag.py:3340} INFO - Setting next_dagrun for example_kubernetes_executor to None, run_after=None
[2023-12-29T04:39:15.702+0000] {processor.py:176} INFO - Processing /home/airflow/.local/lib/python3.7/site-packages/airflow/example_dags/example_kubernetes_executor.py took 0.138 seconds
[2023-12-29T04:39:45.847+0000] {processor.py:154} INFO - Started process (PID=896) to work on /home/airflow/.local/lib/python3.7/site-packages/airflow/example_dags/example_kubernetes_executor.py
[2023-12-29T04:39:45.847+0000] {processor.py:756} INFO - Processing file /home/airflow/.local/lib/python3.7/site-packages/airflow/example_dags/example_kubernetes_executor.py for tasks to queue
[2023-12-29T04:39:45.848+0000] {logging_mixin.py:120} INFO - [2023-12-29T04:39:45.848+0000] {dagbag.py:537} INFO - Filling up the DagBag from /home/airflow/.local/lib/python3.7/site-packages/airflow/example_dags/example_kubernetes_executor.py
[2023-12-29T04:39:45.876+0000] {processor.py:766} INFO - DAG(s) dict_keys(['example_kubernetes_executor']) retrieved from /home/airflow/.local/lib/python3.7/site-packages/airflow/example_dags/example_kubernetes_executor.py
[2023-12-29T04:39:45.917+0000] {logging_mixin.py:120} INFO - [2023-12-29T04:39:45.916+0000] {dag.py:2585} INFO - Sync 1 DAGs
[2023-12-29T04:39:45.946+0000] {logging_mixin.py:120} INFO - [2023-12-29T04:39:45.946+0000] {dag.py:3340} INFO - Setting next_dagrun for example_kubernetes_executor to None, run_after=None
[2023-12-29T04:39:45.984+0000] {processor.py:176} INFO - Processing /home/airflow/.local/lib/python3.7/site-packages/airflow/example_dags/example_kubernetes_executor.py took 0.140 seconds
[2023-12-29T04:40:16.066+0000] {processor.py:154} INFO - Started process (PID=954) to work on /home/airflow/.local/lib/python3.7/site-packages/airflow/example_dags/example_kubernetes_executor.py
[2023-12-29T04:40:16.066+0000] {processor.py:756} INFO - Processing file /home/airflow/.local/lib/python3.7/site-packages/airflow/example_dags/example_kubernetes_executor.py for tasks to queue
[2023-12-29T04:40:16.068+0000] {logging_mixin.py:120} INFO - [2023-12-29T04:40:16.068+0000] {dagbag.py:537} INFO - Filling up the DagBag from /home/airflow/.local/lib/python3.7/site-packages/airflow/example_dags/example_kubernetes_executor.py
[2023-12-29T04:40:16.108+0000] {processor.py:766} INFO - DAG(s) dict_keys(['example_kubernetes_executor']) retrieved from /home/airflow/.local/lib/python3.7/site-packages/airflow/example_dags/example_kubernetes_executor.py
[2023-12-29T04:40:16.167+0000] {logging_mixin.py:120} INFO - [2023-12-29T04:40:16.167+0000] {dag.py:2585} INFO - Sync 1 DAGs
[2023-12-29T04:40:16.202+0000] {logging_mixin.py:120} INFO - [2023-12-29T04:40:16.201+0000] {dag.py:3340} INFO - Setting next_dagrun for example_kubernetes_executor to None, run_after=None
[2023-12-29T04:40:16.223+0000] {processor.py:176} INFO - Processing /home/airflow/.local/lib/python3.7/site-packages/airflow/example_dags/example_kubernetes_executor.py took 0.173 seconds
[2023-12-29T04:40:46.450+0000] {processor.py:154} INFO - Started process (PID=1015) to work on /home/airflow/.local/lib/python3.7/site-packages/airflow/example_dags/example_kubernetes_executor.py
[2023-12-29T04:40:46.451+0000] {processor.py:756} INFO - Processing file /home/airflow/.local/lib/python3.7/site-packages/airflow/example_dags/example_kubernetes_executor.py for tasks to queue
[2023-12-29T04:40:46.451+0000] {logging_mixin.py:120} INFO - [2023-12-29T04:40:46.451+0000] {dagbag.py:537} INFO - Filling up the DagBag from /home/airflow/.local/lib/python3.7/site-packages/airflow/example_dags/example_kubernetes_executor.py
[2023-12-29T04:40:46.481+0000] {processor.py:766} INFO - DAG(s) dict_keys(['example_kubernetes_executor']) retrieved from /home/airflow/.local/lib/python3.7/site-packages/airflow/example_dags/example_kubernetes_executor.py
[2023-12-29T04:40:46.517+0000] {logging_mixin.py:120} INFO - [2023-12-29T04:40:46.517+0000] {dag.py:2585} INFO - Sync 1 DAGs
[2023-12-29T04:40:46.542+0000] {logging_mixin.py:120} INFO - [2023-12-29T04:40:46.542+0000] {dag.py:3340} INFO - Setting next_dagrun for example_kubernetes_executor to None, run_after=None
[2023-12-29T04:40:46.558+0000] {processor.py:176} INFO - Processing /home/airflow/.local/lib/python3.7/site-packages/airflow/example_dags/example_kubernetes_executor.py took 0.111 seconds
[2023-12-29T04:41:16.653+0000] {processor.py:154} INFO - Started process (PID=1072) to work on /home/airflow/.local/lib/python3.7/site-packages/airflow/example_dags/example_kubernetes_executor.py
[2023-12-29T04:41:16.654+0000] {processor.py:756} INFO - Processing file /home/airflow/.local/lib/python3.7/site-packages/airflow/example_dags/example_kubernetes_executor.py for tasks to queue
[2023-12-29T04:41:16.654+0000] {logging_mixin.py:120} INFO - [2023-12-29T04:41:16.654+0000] {dagbag.py:537} INFO - Filling up the DagBag from /home/airflow/.local/lib/python3.7/site-packages/airflow/example_dags/example_kubernetes_executor.py
[2023-12-29T04:41:16.682+0000] {processor.py:766} INFO - DAG(s) dict_keys(['example_kubernetes_executor']) retrieved from /home/airflow/.local/lib/python3.7/site-packages/airflow/example_dags/example_kubernetes_executor.py
[2023-12-29T04:41:16.721+0000] {logging_mixin.py:120} INFO - [2023-12-29T04:41:16.721+0000] {dag.py:2585} INFO - Sync 1 DAGs
[2023-12-29T04:41:16.746+0000] {logging_mixin.py:120} INFO - [2023-12-29T04:41:16.746+0000] {dag.py:3340} INFO - Setting next_dagrun for example_kubernetes_executor to None, run_after=None
[2023-12-29T04:41:16.764+0000] {processor.py:176} INFO - Processing /home/airflow/.local/lib/python3.7/site-packages/airflow/example_dags/example_kubernetes_executor.py took 0.113 seconds
[2023-12-29T04:41:47.154+0000] {processor.py:154} INFO - Started process (PID=1136) to work on /home/airflow/.local/lib/python3.7/site-packages/airflow/example_dags/example_kubernetes_executor.py
[2023-12-29T04:41:47.155+0000] {processor.py:756} INFO - Processing file /home/airflow/.local/lib/python3.7/site-packages/airflow/example_dags/example_kubernetes_executor.py for tasks to queue
[2023-12-29T04:41:47.156+0000] {logging_mixin.py:120} INFO - [2023-12-29T04:41:47.155+0000] {dagbag.py:537} INFO - Filling up the DagBag from /home/airflow/.local/lib/python3.7/site-packages/airflow/example_dags/example_kubernetes_executor.py
[2023-12-29T04:41:47.185+0000] {processor.py:766} INFO - DAG(s) dict_keys(['example_kubernetes_executor']) retrieved from /home/airflow/.local/lib/python3.7/site-packages/airflow/example_dags/example_kubernetes_executor.py
[2023-12-29T04:41:47.227+0000] {logging_mixin.py:120} INFO - [2023-12-29T04:41:47.227+0000] {dag.py:2585} INFO - Sync 1 DAGs
[2023-12-29T04:41:47.255+0000] {logging_mixin.py:120} INFO - [2023-12-29T04:41:47.255+0000] {dag.py:3340} INFO - Setting next_dagrun for example_kubernetes_executor to None, run_after=None
[2023-12-29T04:41:47.279+0000] {processor.py:176} INFO - Processing /home/airflow/.local/lib/python3.7/site-packages/airflow/example_dags/example_kubernetes_executor.py took 0.128 seconds
[2023-12-29T04:42:17.661+0000] {processor.py:154} INFO - Started process (PID=1202) to work on /home/airflow/.local/lib/python3.7/site-packages/airflow/example_dags/example_kubernetes_executor.py
[2023-12-29T04:42:17.662+0000] {processor.py:756} INFO - Processing file /home/airflow/.local/lib/python3.7/site-packages/airflow/example_dags/example_kubernetes_executor.py for tasks to queue
[2023-12-29T04:42:17.663+0000] {logging_mixin.py:120} INFO - [2023-12-29T04:42:17.662+0000] {dagbag.py:537} INFO - Filling up the DagBag from /home/airflow/.local/lib/python3.7/site-packages/airflow/example_dags/example_kubernetes_executor.py
[2023-12-29T04:42:17.700+0000] {processor.py:766} INFO - DAG(s) dict_keys(['example_kubernetes_executor']) retrieved from /home/airflow/.local/lib/python3.7/site-packages/airflow/example_dags/example_kubernetes_executor.py
[2023-12-29T04:42:17.744+0000] {logging_mixin.py:120} INFO - [2023-12-29T04:42:17.744+0000] {dag.py:2585} INFO - Sync 1 DAGs
[2023-12-29T04:42:17.771+0000] {logging_mixin.py:120} INFO - [2023-12-29T04:42:17.771+0000] {dag.py:3340} INFO - Setting next_dagrun for example_kubernetes_executor to None, run_after=None
[2023-12-29T04:42:17.795+0000] {processor.py:176} INFO - Processing /home/airflow/.local/lib/python3.7/site-packages/airflow/example_dags/example_kubernetes_executor.py took 0.137 seconds
[2023-12-29T04:42:48.903+0000] {processor.py:154} INFO - Started process (PID=1258) to work on /home/airflow/.local/lib/python3.7/site-packages/airflow/example_dags/example_kubernetes_executor.py
[2023-12-29T04:42:48.919+0000] {processor.py:756} INFO - Processing file /home/airflow/.local/lib/python3.7/site-packages/airflow/example_dags/example_kubernetes_executor.py for tasks to queue
[2023-12-29T04:42:48.920+0000] {logging_mixin.py:120} INFO - [2023-12-29T04:42:48.919+0000] {dagbag.py:537} INFO - Filling up the DagBag from /home/airflow/.local/lib/python3.7/site-packages/airflow/example_dags/example_kubernetes_executor.py
[2023-12-29T04:42:48.956+0000] {processor.py:766} INFO - DAG(s) dict_keys(['example_kubernetes_executor']) retrieved from /home/airflow/.local/lib/python3.7/site-packages/airflow/example_dags/example_kubernetes_executor.py
[2023-12-29T04:42:49.006+0000] {logging_mixin.py:120} INFO - [2023-12-29T04:42:49.006+0000] {dag.py:2585} INFO - Sync 1 DAGs
[2023-12-29T04:42:49.048+0000] {logging_mixin.py:120} INFO - [2023-12-29T04:42:49.048+0000] {dag.py:3340} INFO - Setting next_dagrun for example_kubernetes_executor to None, run_after=None
[2023-12-29T04:42:49.076+0000] {processor.py:176} INFO - Processing /home/airflow/.local/lib/python3.7/site-packages/airflow/example_dags/example_kubernetes_executor.py took 0.178 seconds
[2023-12-29T04:43:19.573+0000] {processor.py:154} INFO - Started process (PID=1321) to work on /home/airflow/.local/lib/python3.7/site-packages/airflow/example_dags/example_kubernetes_executor.py
[2023-12-29T04:43:19.574+0000] {processor.py:756} INFO - Processing file /home/airflow/.local/lib/python3.7/site-packages/airflow/example_dags/example_kubernetes_executor.py for tasks to queue
[2023-12-29T04:43:19.574+0000] {logging_mixin.py:120} INFO - [2023-12-29T04:43:19.574+0000] {dagbag.py:537} INFO - Filling up the DagBag from /home/airflow/.local/lib/python3.7/site-packages/airflow/example_dags/example_kubernetes_executor.py
[2023-12-29T04:43:19.602+0000] {processor.py:766} INFO - DAG(s) dict_keys(['example_kubernetes_executor']) retrieved from /home/airflow/.local/lib/python3.7/site-packages/airflow/example_dags/example_kubernetes_executor.py
[2023-12-29T04:43:19.643+0000] {logging_mixin.py:120} INFO - [2023-12-29T04:43:19.643+0000] {dag.py:2585} INFO - Sync 1 DAGs
[2023-12-29T04:43:19.667+0000] {logging_mixin.py:120} INFO - [2023-12-29T04:43:19.667+0000] {dag.py:3340} INFO - Setting next_dagrun for example_kubernetes_executor to None, run_after=None
[2023-12-29T04:43:19.684+0000] {processor.py:176} INFO - Processing /home/airflow/.local/lib/python3.7/site-packages/airflow/example_dags/example_kubernetes_executor.py took 0.114 seconds
[2023-12-29T04:43:50.673+0000] {processor.py:154} INFO - Started process (PID=1385) to work on /home/airflow/.local/lib/python3.7/site-packages/airflow/example_dags/example_kubernetes_executor.py
[2023-12-29T04:43:50.675+0000] {processor.py:756} INFO - Processing file /home/airflow/.local/lib/python3.7/site-packages/airflow/example_dags/example_kubernetes_executor.py for tasks to queue
[2023-12-29T04:43:50.675+0000] {logging_mixin.py:120} INFO - [2023-12-29T04:43:50.675+0000] {dagbag.py:537} INFO - Filling up the DagBag from /home/airflow/.local/lib/python3.7/site-packages/airflow/example_dags/example_kubernetes_executor.py
[2023-12-29T04:43:50.709+0000] {processor.py:766} INFO - DAG(s) dict_keys(['example_kubernetes_executor']) retrieved from /home/airflow/.local/lib/python3.7/site-packages/airflow/example_dags/example_kubernetes_executor.py
[2023-12-29T04:43:50.760+0000] {logging_mixin.py:120} INFO - [2023-12-29T04:43:50.760+0000] {dag.py:2585} INFO - Sync 1 DAGs
[2023-12-29T04:43:50.788+0000] {logging_mixin.py:120} INFO - [2023-12-29T04:43:50.788+0000] {dag.py:3340} INFO - Setting next_dagrun for example_kubernetes_executor to None, run_after=None
[2023-12-29T04:43:50.824+0000] {processor.py:176} INFO - Processing /home/airflow/.local/lib/python3.7/site-packages/airflow/example_dags/example_kubernetes_executor.py took 0.153 seconds
[2023-12-29T04:44:21.353+0000] {processor.py:154} INFO - Started process (PID=1448) to work on /home/airflow/.local/lib/python3.7/site-packages/airflow/example_dags/example_kubernetes_executor.py
[2023-12-29T04:44:21.354+0000] {processor.py:756} INFO - Processing file /home/airflow/.local/lib/python3.7/site-packages/airflow/example_dags/example_kubernetes_executor.py for tasks to queue
[2023-12-29T04:44:21.356+0000] {logging_mixin.py:120} INFO - [2023-12-29T04:44:21.356+0000] {dagbag.py:537} INFO - Filling up the DagBag from /home/airflow/.local/lib/python3.7/site-packages/airflow/example_dags/example_kubernetes_executor.py
[2023-12-29T04:44:21.406+0000] {processor.py:766} INFO - DAG(s) dict_keys(['example_kubernetes_executor']) retrieved from /home/airflow/.local/lib/python3.7/site-packages/airflow/example_dags/example_kubernetes_executor.py
[2023-12-29T04:44:21.488+0000] {logging_mixin.py:120} INFO - [2023-12-29T04:44:21.488+0000] {dag.py:2585} INFO - Sync 1 DAGs
[2023-12-29T04:44:21.584+0000] {logging_mixin.py:120} INFO - [2023-12-29T04:44:21.583+0000] {dag.py:3340} INFO - Setting next_dagrun for example_kubernetes_executor to None, run_after=None
[2023-12-29T04:44:21.651+0000] {processor.py:176} INFO - Processing /home/airflow/.local/lib/python3.7/site-packages/airflow/example_dags/example_kubernetes_executor.py took 0.310 seconds
[2023-12-29T04:44:51.832+0000] {processor.py:154} INFO - Started process (PID=1504) to work on /home/airflow/.local/lib/python3.7/site-packages/airflow/example_dags/example_kubernetes_executor.py
[2023-12-29T04:44:51.833+0000] {processor.py:756} INFO - Processing file /home/airflow/.local/lib/python3.7/site-packages/airflow/example_dags/example_kubernetes_executor.py for tasks to queue
[2023-12-29T04:44:51.835+0000] {logging_mixin.py:120} INFO - [2023-12-29T04:44:51.834+0000] {dagbag.py:537} INFO - Filling up the DagBag from /home/airflow/.local/lib/python3.7/site-packages/airflow/example_dags/example_kubernetes_executor.py
[2023-12-29T04:44:51.868+0000] {processor.py:766} INFO - DAG(s) dict_keys(['example_kubernetes_executor']) retrieved from /home/airflow/.local/lib/python3.7/site-packages/airflow/example_dags/example_kubernetes_executor.py
[2023-12-29T04:44:51.917+0000] {logging_mixin.py:120} INFO - [2023-12-29T04:44:51.916+0000] {dag.py:2585} INFO - Sync 1 DAGs
[2023-12-29T04:44:51.948+0000] {logging_mixin.py:120} INFO - [2023-12-29T04:44:51.948+0000] {dag.py:3340} INFO - Setting next_dagrun for example_kubernetes_executor to None, run_after=None
[2023-12-29T04:44:51.969+0000] {processor.py:176} INFO - Processing /home/airflow/.local/lib/python3.7/site-packages/airflow/example_dags/example_kubernetes_executor.py took 0.144 seconds
[2023-12-29T04:45:22.684+0000] {processor.py:154} INFO - Started process (PID=1568) to work on /home/airflow/.local/lib/python3.7/site-packages/airflow/example_dags/example_kubernetes_executor.py
[2023-12-29T04:45:22.685+0000] {processor.py:756} INFO - Processing file /home/airflow/.local/lib/python3.7/site-packages/airflow/example_dags/example_kubernetes_executor.py for tasks to queue
[2023-12-29T04:45:22.686+0000] {logging_mixin.py:120} INFO - [2023-12-29T04:45:22.686+0000] {dagbag.py:537} INFO - Filling up the DagBag from /home/airflow/.local/lib/python3.7/site-packages/airflow/example_dags/example_kubernetes_executor.py
[2023-12-29T04:45:22.718+0000] {processor.py:766} INFO - DAG(s) dict_keys(['example_kubernetes_executor']) retrieved from /home/airflow/.local/lib/python3.7/site-packages/airflow/example_dags/example_kubernetes_executor.py
[2023-12-29T04:45:22.766+0000] {logging_mixin.py:120} INFO - [2023-12-29T04:45:22.766+0000] {dag.py:2585} INFO - Sync 1 DAGs
[2023-12-29T04:45:22.795+0000] {logging_mixin.py:120} INFO - [2023-12-29T04:45:22.794+0000] {dag.py:3340} INFO - Setting next_dagrun for example_kubernetes_executor to None, run_after=None
[2023-12-29T04:45:22.818+0000] {processor.py:176} INFO - Processing /home/airflow/.local/lib/python3.7/site-packages/airflow/example_dags/example_kubernetes_executor.py took 0.137 seconds
[2023-12-29T04:45:52.925+0000] {processor.py:154} INFO - Started process (PID=1624) to work on /home/airflow/.local/lib/python3.7/site-packages/airflow/example_dags/example_kubernetes_executor.py
[2023-12-29T04:45:52.925+0000] {processor.py:756} INFO - Processing file /home/airflow/.local/lib/python3.7/site-packages/airflow/example_dags/example_kubernetes_executor.py for tasks to queue
[2023-12-29T04:45:52.926+0000] {logging_mixin.py:120} INFO - [2023-12-29T04:45:52.926+0000] {dagbag.py:537} INFO - Filling up the DagBag from /home/airflow/.local/lib/python3.7/site-packages/airflow/example_dags/example_kubernetes_executor.py
[2023-12-29T04:45:52.952+0000] {processor.py:766} INFO - DAG(s) dict_keys(['example_kubernetes_executor']) retrieved from /home/airflow/.local/lib/python3.7/site-packages/airflow/example_dags/example_kubernetes_executor.py
[2023-12-29T04:45:52.989+0000] {logging_mixin.py:120} INFO - [2023-12-29T04:45:52.989+0000] {dag.py:2585} INFO - Sync 1 DAGs
[2023-12-29T04:45:53.019+0000] {logging_mixin.py:120} INFO - [2023-12-29T04:45:53.018+0000] {dag.py:3340} INFO - Setting next_dagrun for example_kubernetes_executor to None, run_after=None
[2023-12-29T04:45:53.036+0000] {processor.py:176} INFO - Processing /home/airflow/.local/lib/python3.7/site-packages/airflow/example_dags/example_kubernetes_executor.py took 0.115 seconds
[2023-12-29T04:46:23.057+0000] {processor.py:154} INFO - Started process (PID=1687) to work on /home/airflow/.local/lib/python3.7/site-packages/airflow/example_dags/example_kubernetes_executor.py
[2023-12-29T04:46:23.058+0000] {processor.py:756} INFO - Processing file /home/airflow/.local/lib/python3.7/site-packages/airflow/example_dags/example_kubernetes_executor.py for tasks to queue
[2023-12-29T04:46:23.059+0000] {logging_mixin.py:120} INFO - [2023-12-29T04:46:23.059+0000] {dagbag.py:537} INFO - Filling up the DagBag from /home/airflow/.local/lib/python3.7/site-packages/airflow/example_dags/example_kubernetes_executor.py
[2023-12-29T04:46:23.094+0000] {processor.py:766} INFO - DAG(s) dict_keys(['example_kubernetes_executor']) retrieved from /home/airflow/.local/lib/python3.7/site-packages/airflow/example_dags/example_kubernetes_executor.py
[2023-12-29T04:46:23.133+0000] {logging_mixin.py:120} INFO - [2023-12-29T04:46:23.133+0000] {dag.py:2585} INFO - Sync 1 DAGs
[2023-12-29T04:46:23.172+0000] {logging_mixin.py:120} INFO - [2023-12-29T04:46:23.172+0000] {dag.py:3340} INFO - Setting next_dagrun for example_kubernetes_executor to None, run_after=None
[2023-12-29T04:46:23.193+0000] {processor.py:176} INFO - Processing /home/airflow/.local/lib/python3.7/site-packages/airflow/example_dags/example_kubernetes_executor.py took 0.139 seconds
[2023-12-29T04:46:54.148+0000] {processor.py:154} INFO - Started process (PID=1753) to work on /home/airflow/.local/lib/python3.7/site-packages/airflow/example_dags/example_kubernetes_executor.py
[2023-12-29T04:46:54.150+0000] {processor.py:756} INFO - Processing file /home/airflow/.local/lib/python3.7/site-packages/airflow/example_dags/example_kubernetes_executor.py for tasks to queue
[2023-12-29T04:46:54.150+0000] {logging_mixin.py:120} INFO - [2023-12-29T04:46:54.150+0000] {dagbag.py:537} INFO - Filling up the DagBag from /home/airflow/.local/lib/python3.7/site-packages/airflow/example_dags/example_kubernetes_executor.py
[2023-12-29T04:46:54.179+0000] {processor.py:766} INFO - DAG(s) dict_keys(['example_kubernetes_executor']) retrieved from /home/airflow/.local/lib/python3.7/site-packages/airflow/example_dags/example_kubernetes_executor.py
[2023-12-29T04:46:54.218+0000] {logging_mixin.py:120} INFO - [2023-12-29T04:46:54.218+0000] {dag.py:2585} INFO - Sync 1 DAGs
[2023-12-29T04:46:54.248+0000] {logging_mixin.py:120} INFO - [2023-12-29T04:46:54.248+0000] {dag.py:3340} INFO - Setting next_dagrun for example_kubernetes_executor to None, run_after=None
[2023-12-29T04:46:54.265+0000] {processor.py:176} INFO - Processing /home/airflow/.local/lib/python3.7/site-packages/airflow/example_dags/example_kubernetes_executor.py took 0.120 seconds
[2023-12-29T04:47:24.743+0000] {processor.py:154} INFO - Started process (PID=1807) to work on /home/airflow/.local/lib/python3.7/site-packages/airflow/example_dags/example_kubernetes_executor.py
[2023-12-29T04:47:24.743+0000] {processor.py:756} INFO - Processing file /home/airflow/.local/lib/python3.7/site-packages/airflow/example_dags/example_kubernetes_executor.py for tasks to queue
[2023-12-29T04:47:24.744+0000] {logging_mixin.py:120} INFO - [2023-12-29T04:47:24.744+0000] {dagbag.py:537} INFO - Filling up the DagBag from /home/airflow/.local/lib/python3.7/site-packages/airflow/example_dags/example_kubernetes_executor.py
[2023-12-29T04:47:24.770+0000] {processor.py:766} INFO - DAG(s) dict_keys(['example_kubernetes_executor']) retrieved from /home/airflow/.local/lib/python3.7/site-packages/airflow/example_dags/example_kubernetes_executor.py
[2023-12-29T04:47:24.825+0000] {logging_mixin.py:120} INFO - [2023-12-29T04:47:24.825+0000] {dag.py:2585} INFO - Sync 1 DAGs
[2023-12-29T04:47:24.849+0000] {logging_mixin.py:120} INFO - [2023-12-29T04:47:24.849+0000] {dag.py:3340} INFO - Setting next_dagrun for example_kubernetes_executor to None, run_after=None
[2023-12-29T04:47:24.868+0000] {processor.py:176} INFO - Processing /home/airflow/.local/lib/python3.7/site-packages/airflow/example_dags/example_kubernetes_executor.py took 0.129 seconds
[2023-12-29T04:47:55.557+0000] {processor.py:154} INFO - Started process (PID=1871) to work on /home/airflow/.local/lib/python3.7/site-packages/airflow/example_dags/example_kubernetes_executor.py
[2023-12-29T04:47:55.558+0000] {processor.py:756} INFO - Processing file /home/airflow/.local/lib/python3.7/site-packages/airflow/example_dags/example_kubernetes_executor.py for tasks to queue
[2023-12-29T04:47:55.558+0000] {logging_mixin.py:120} INFO - [2023-12-29T04:47:55.558+0000] {dagbag.py:537} INFO - Filling up the DagBag from /home/airflow/.local/lib/python3.7/site-packages/airflow/example_dags/example_kubernetes_executor.py
[2023-12-29T04:47:55.584+0000] {processor.py:766} INFO - DAG(s) dict_keys(['example_kubernetes_executor']) retrieved from /home/airflow/.local/lib/python3.7/site-packages/airflow/example_dags/example_kubernetes_executor.py
[2023-12-29T04:47:55.623+0000] {logging_mixin.py:120} INFO - [2023-12-29T04:47:55.623+0000] {dag.py:2585} INFO - Sync 1 DAGs
[2023-12-29T04:47:55.646+0000] {logging_mixin.py:120} INFO - [2023-12-29T04:47:55.646+0000] {dag.py:3340} INFO - Setting next_dagrun for example_kubernetes_executor to None, run_after=None
[2023-12-29T04:47:55.665+0000] {processor.py:176} INFO - Processing /home/airflow/.local/lib/python3.7/site-packages/airflow/example_dags/example_kubernetes_executor.py took 0.110 seconds
[2023-12-29T04:48:26.292+0000] {processor.py:154} INFO - Started process (PID=1936) to work on /home/airflow/.local/lib/python3.7/site-packages/airflow/example_dags/example_kubernetes_executor.py
[2023-12-29T04:48:26.293+0000] {processor.py:756} INFO - Processing file /home/airflow/.local/lib/python3.7/site-packages/airflow/example_dags/example_kubernetes_executor.py for tasks to queue
[2023-12-29T04:48:26.294+0000] {logging_mixin.py:120} INFO - [2023-12-29T04:48:26.294+0000] {dagbag.py:537} INFO - Filling up the DagBag from /home/airflow/.local/lib/python3.7/site-packages/airflow/example_dags/example_kubernetes_executor.py
[2023-12-29T04:48:26.324+0000] {processor.py:766} INFO - DAG(s) dict_keys(['example_kubernetes_executor']) retrieved from /home/airflow/.local/lib/python3.7/site-packages/airflow/example_dags/example_kubernetes_executor.py
[2023-12-29T04:48:26.366+0000] {logging_mixin.py:120} INFO - [2023-12-29T04:48:26.366+0000] {dag.py:2585} INFO - Sync 1 DAGs
[2023-12-29T04:48:26.475+0000] {logging_mixin.py:120} INFO - [2023-12-29T04:48:26.475+0000] {dag.py:3340} INFO - Setting next_dagrun for example_kubernetes_executor to None, run_after=None
[2023-12-29T04:48:26.515+0000] {processor.py:176} INFO - Processing /home/airflow/.local/lib/python3.7/site-packages/airflow/example_dags/example_kubernetes_executor.py took 0.225 seconds
[2023-12-29T04:48:56.724+0000] {processor.py:154} INFO - Started process (PID=1992) to work on /home/airflow/.local/lib/python3.7/site-packages/airflow/example_dags/example_kubernetes_executor.py
[2023-12-29T04:48:56.725+0000] {processor.py:756} INFO - Processing file /home/airflow/.local/lib/python3.7/site-packages/airflow/example_dags/example_kubernetes_executor.py for tasks to queue
[2023-12-29T04:48:56.725+0000] {logging_mixin.py:120} INFO - [2023-12-29T04:48:56.725+0000] {dagbag.py:537} INFO - Filling up the DagBag from /home/airflow/.local/lib/python3.7/site-packages/airflow/example_dags/example_kubernetes_executor.py
[2023-12-29T04:48:56.761+0000] {processor.py:766} INFO - DAG(s) dict_keys(['example_kubernetes_executor']) retrieved from /home/airflow/.local/lib/python3.7/site-packages/airflow/example_dags/example_kubernetes_executor.py
[2023-12-29T04:48:56.804+0000] {logging_mixin.py:120} INFO - [2023-12-29T04:48:56.804+0000] {dag.py:2585} INFO - Sync 1 DAGs
[2023-12-29T04:48:56.832+0000] {logging_mixin.py:120} INFO - [2023-12-29T04:48:56.831+0000] {dag.py:3340} INFO - Setting next_dagrun for example_kubernetes_executor to None, run_after=None
[2023-12-29T04:48:56.853+0000] {processor.py:176} INFO - Processing /home/airflow/.local/lib/python3.7/site-packages/airflow/example_dags/example_kubernetes_executor.py took 0.133 seconds
[2023-12-29T04:49:27.173+0000] {processor.py:154} INFO - Started process (PID=2057) to work on /home/airflow/.local/lib/python3.7/site-packages/airflow/example_dags/example_kubernetes_executor.py
[2023-12-29T04:49:27.173+0000] {processor.py:756} INFO - Processing file /home/airflow/.local/lib/python3.7/site-packages/airflow/example_dags/example_kubernetes_executor.py for tasks to queue
[2023-12-29T04:49:27.174+0000] {logging_mixin.py:120} INFO - [2023-12-29T04:49:27.174+0000] {dagbag.py:537} INFO - Filling up the DagBag from /home/airflow/.local/lib/python3.7/site-packages/airflow/example_dags/example_kubernetes_executor.py
[2023-12-29T04:49:27.205+0000] {processor.py:766} INFO - DAG(s) dict_keys(['example_kubernetes_executor']) retrieved from /home/airflow/.local/lib/python3.7/site-packages/airflow/example_dags/example_kubernetes_executor.py
[2023-12-29T04:49:27.253+0000] {logging_mixin.py:120} INFO - [2023-12-29T04:49:27.253+0000] {dag.py:2585} INFO - Sync 1 DAGs
[2023-12-29T04:49:27.282+0000] {logging_mixin.py:120} INFO - [2023-12-29T04:49:27.282+0000] {dag.py:3340} INFO - Setting next_dagrun for example_kubernetes_executor to None, run_after=None
[2023-12-29T04:49:27.307+0000] {processor.py:176} INFO - Processing /home/airflow/.local/lib/python3.7/site-packages/airflow/example_dags/example_kubernetes_executor.py took 0.137 seconds
[2023-12-29T04:49:58.170+0000] {processor.py:154} INFO - Started process (PID=2122) to work on /home/airflow/.local/lib/python3.7/site-packages/airflow/example_dags/example_kubernetes_executor.py
[2023-12-29T04:49:58.170+0000] {processor.py:756} INFO - Processing file /home/airflow/.local/lib/python3.7/site-packages/airflow/example_dags/example_kubernetes_executor.py for tasks to queue
[2023-12-29T04:49:58.171+0000] {logging_mixin.py:120} INFO - [2023-12-29T04:49:58.171+0000] {dagbag.py:537} INFO - Filling up the DagBag from /home/airflow/.local/lib/python3.7/site-packages/airflow/example_dags/example_kubernetes_executor.py
[2023-12-29T04:49:58.198+0000] {processor.py:766} INFO - DAG(s) dict_keys(['example_kubernetes_executor']) retrieved from /home/airflow/.local/lib/python3.7/site-packages/airflow/example_dags/example_kubernetes_executor.py
[2023-12-29T04:49:58.237+0000] {logging_mixin.py:120} INFO - [2023-12-29T04:49:58.237+0000] {dag.py:2585} INFO - Sync 1 DAGs
[2023-12-29T04:49:58.261+0000] {logging_mixin.py:120} INFO - [2023-12-29T04:49:58.261+0000] {dag.py:3340} INFO - Setting next_dagrun for example_kubernetes_executor to None, run_after=None
[2023-12-29T04:49:58.293+0000] {processor.py:176} INFO - Processing /home/airflow/.local/lib/python3.7/site-packages/airflow/example_dags/example_kubernetes_executor.py took 0.126 seconds
[2023-12-29T04:50:28.975+0000] {processor.py:154} INFO - Started process (PID=2184) to work on /home/airflow/.local/lib/python3.7/site-packages/airflow/example_dags/example_kubernetes_executor.py
[2023-12-29T04:50:28.976+0000] {processor.py:756} INFO - Processing file /home/airflow/.local/lib/python3.7/site-packages/airflow/example_dags/example_kubernetes_executor.py for tasks to queue
[2023-12-29T04:50:28.976+0000] {logging_mixin.py:120} INFO - [2023-12-29T04:50:28.976+0000] {dagbag.py:537} INFO - Filling up the DagBag from /home/airflow/.local/lib/python3.7/site-packages/airflow/example_dags/example_kubernetes_executor.py
[2023-12-29T04:50:29.004+0000] {processor.py:766} INFO - DAG(s) dict_keys(['example_kubernetes_executor']) retrieved from /home/airflow/.local/lib/python3.7/site-packages/airflow/example_dags/example_kubernetes_executor.py
[2023-12-29T04:50:29.042+0000] {logging_mixin.py:120} INFO - [2023-12-29T04:50:29.042+0000] {dag.py:2585} INFO - Sync 1 DAGs
[2023-12-29T04:50:29.068+0000] {logging_mixin.py:120} INFO - [2023-12-29T04:50:29.068+0000] {dag.py:3340} INFO - Setting next_dagrun for example_kubernetes_executor to None, run_after=None
[2023-12-29T04:50:29.088+0000] {processor.py:176} INFO - Processing /home/airflow/.local/lib/python3.7/site-packages/airflow/example_dags/example_kubernetes_executor.py took 0.116 seconds
[2023-12-29T04:50:59.574+0000] {processor.py:154} INFO - Started process (PID=2240) to work on /home/airflow/.local/lib/python3.7/site-packages/airflow/example_dags/example_kubernetes_executor.py
[2023-12-29T04:50:59.574+0000] {processor.py:756} INFO - Processing file /home/airflow/.local/lib/python3.7/site-packages/airflow/example_dags/example_kubernetes_executor.py for tasks to queue
[2023-12-29T04:50:59.575+0000] {logging_mixin.py:120} INFO - [2023-12-29T04:50:59.575+0000] {dagbag.py:537} INFO - Filling up the DagBag from /home/airflow/.local/lib/python3.7/site-packages/airflow/example_dags/example_kubernetes_executor.py
[2023-12-29T04:50:59.600+0000] {processor.py:766} INFO - DAG(s) dict_keys(['example_kubernetes_executor']) retrieved from /home/airflow/.local/lib/python3.7/site-packages/airflow/example_dags/example_kubernetes_executor.py
[2023-12-29T04:50:59.636+0000] {logging_mixin.py:120} INFO - [2023-12-29T04:50:59.635+0000] {dag.py:2585} INFO - Sync 1 DAGs
[2023-12-29T04:50:59.659+0000] {logging_mixin.py:120} INFO - [2023-12-29T04:50:59.659+0000] {dag.py:3340} INFO - Setting next_dagrun for example_kubernetes_executor to None, run_after=None
[2023-12-29T04:50:59.676+0000] {processor.py:176} INFO - Processing /home/airflow/.local/lib/python3.7/site-packages/airflow/example_dags/example_kubernetes_executor.py took 0.105 seconds
[2023-12-29T04:51:30.259+0000] {processor.py:154} INFO - Started process (PID=2305) to work on /home/airflow/.local/lib/python3.7/site-packages/airflow/example_dags/example_kubernetes_executor.py
[2023-12-29T04:51:30.260+0000] {processor.py:756} INFO - Processing file /home/airflow/.local/lib/python3.7/site-packages/airflow/example_dags/example_kubernetes_executor.py for tasks to queue
[2023-12-29T04:51:30.260+0000] {logging_mixin.py:120} INFO - [2023-12-29T04:51:30.260+0000] {dagbag.py:537} INFO - Filling up the DagBag from /home/airflow/.local/lib/python3.7/site-packages/airflow/example_dags/example_kubernetes_executor.py
[2023-12-29T04:51:30.285+0000] {processor.py:766} INFO - DAG(s) dict_keys(['example_kubernetes_executor']) retrieved from /home/airflow/.local/lib/python3.7/site-packages/airflow/example_dags/example_kubernetes_executor.py
[2023-12-29T04:51:30.323+0000] {logging_mixin.py:120} INFO - [2023-12-29T04:51:30.323+0000] {dag.py:2585} INFO - Sync 1 DAGs
[2023-12-29T04:51:30.346+0000] {logging_mixin.py:120} INFO - [2023-12-29T04:51:30.346+0000] {dag.py:3340} INFO - Setting next_dagrun for example_kubernetes_executor to None, run_after=None
[2023-12-29T04:51:30.363+0000] {processor.py:176} INFO - Processing /home/airflow/.local/lib/python3.7/site-packages/airflow/example_dags/example_kubernetes_executor.py took 0.107 seconds
[2023-12-29T04:52:01.008+0000] {processor.py:154} INFO - Started process (PID=2370) to work on /home/airflow/.local/lib/python3.7/site-packages/airflow/example_dags/example_kubernetes_executor.py
[2023-12-29T04:52:01.009+0000] {processor.py:756} INFO - Processing file /home/airflow/.local/lib/python3.7/site-packages/airflow/example_dags/example_kubernetes_executor.py for tasks to queue
[2023-12-29T04:52:01.009+0000] {logging_mixin.py:120} INFO - [2023-12-29T04:52:01.009+0000] {dagbag.py:537} INFO - Filling up the DagBag from /home/airflow/.local/lib/python3.7/site-packages/airflow/example_dags/example_kubernetes_executor.py
[2023-12-29T04:52:01.034+0000] {processor.py:766} INFO - DAG(s) dict_keys(['example_kubernetes_executor']) retrieved from /home/airflow/.local/lib/python3.7/site-packages/airflow/example_dags/example_kubernetes_executor.py
[2023-12-29T04:52:01.070+0000] {logging_mixin.py:120} INFO - [2023-12-29T04:52:01.070+0000] {dag.py:2585} INFO - Sync 1 DAGs
[2023-12-29T04:52:01.093+0000] {logging_mixin.py:120} INFO - [2023-12-29T04:52:01.093+0000] {dag.py:3340} INFO - Setting next_dagrun for example_kubernetes_executor to None, run_after=None
[2023-12-29T04:52:01.110+0000] {processor.py:176} INFO - Processing /home/airflow/.local/lib/python3.7/site-packages/airflow/example_dags/example_kubernetes_executor.py took 0.104 seconds
[2023-12-29T04:52:31.569+0000] {processor.py:154} INFO - Started process (PID=2425) to work on /home/airflow/.local/lib/python3.7/site-packages/airflow/example_dags/example_kubernetes_executor.py
[2023-12-29T04:52:31.570+0000] {processor.py:756} INFO - Processing file /home/airflow/.local/lib/python3.7/site-packages/airflow/example_dags/example_kubernetes_executor.py for tasks to queue
[2023-12-29T04:52:31.571+0000] {logging_mixin.py:120} INFO - [2023-12-29T04:52:31.571+0000] {dagbag.py:537} INFO - Filling up the DagBag from /home/airflow/.local/lib/python3.7/site-packages/airflow/example_dags/example_kubernetes_executor.py
[2023-12-29T04:52:31.596+0000] {processor.py:766} INFO - DAG(s) dict_keys(['example_kubernetes_executor']) retrieved from /home/airflow/.local/lib/python3.7/site-packages/airflow/example_dags/example_kubernetes_executor.py
[2023-12-29T04:52:31.633+0000] {logging_mixin.py:120} INFO - [2023-12-29T04:52:31.633+0000] {dag.py:2585} INFO - Sync 1 DAGs
[2023-12-29T04:52:31.659+0000] {logging_mixin.py:120} INFO - [2023-12-29T04:52:31.658+0000] {dag.py:3340} INFO - Setting next_dagrun for example_kubernetes_executor to None, run_after=None
[2023-12-29T04:52:31.676+0000] {processor.py:176} INFO - Processing /home/airflow/.local/lib/python3.7/site-packages/airflow/example_dags/example_kubernetes_executor.py took 0.109 seconds
[2023-12-29T04:53:02.220+0000] {processor.py:154} INFO - Started process (PID=2490) to work on /home/airflow/.local/lib/python3.7/site-packages/airflow/example_dags/example_kubernetes_executor.py
[2023-12-29T04:53:02.221+0000] {processor.py:756} INFO - Processing file /home/airflow/.local/lib/python3.7/site-packages/airflow/example_dags/example_kubernetes_executor.py for tasks to queue
[2023-12-29T04:53:02.221+0000] {logging_mixin.py:120} INFO - [2023-12-29T04:53:02.221+0000] {dagbag.py:537} INFO - Filling up the DagBag from /home/airflow/.local/lib/python3.7/site-packages/airflow/example_dags/example_kubernetes_executor.py
[2023-12-29T04:53:02.247+0000] {processor.py:766} INFO - DAG(s) dict_keys(['example_kubernetes_executor']) retrieved from /home/airflow/.local/lib/python3.7/site-packages/airflow/example_dags/example_kubernetes_executor.py
[2023-12-29T04:53:02.284+0000] {logging_mixin.py:120} INFO - [2023-12-29T04:53:02.284+0000] {dag.py:2585} INFO - Sync 1 DAGs
[2023-12-29T04:53:02.307+0000] {logging_mixin.py:120} INFO - [2023-12-29T04:53:02.307+0000] {dag.py:3340} INFO - Setting next_dagrun for example_kubernetes_executor to None, run_after=None
[2023-12-29T04:53:02.325+0000] {processor.py:176} INFO - Processing /home/airflow/.local/lib/python3.7/site-packages/airflow/example_dags/example_kubernetes_executor.py took 0.107 seconds
[2023-12-29T04:53:32.761+0000] {processor.py:154} INFO - Started process (PID=2554) to work on /home/airflow/.local/lib/python3.7/site-packages/airflow/example_dags/example_kubernetes_executor.py
[2023-12-29T04:53:32.761+0000] {processor.py:756} INFO - Processing file /home/airflow/.local/lib/python3.7/site-packages/airflow/example_dags/example_kubernetes_executor.py for tasks to queue
[2023-12-29T04:53:32.762+0000] {logging_mixin.py:120} INFO - [2023-12-29T04:53:32.762+0000] {dagbag.py:537} INFO - Filling up the DagBag from /home/airflow/.local/lib/python3.7/site-packages/airflow/example_dags/example_kubernetes_executor.py
[2023-12-29T04:53:32.787+0000] {processor.py:766} INFO - DAG(s) dict_keys(['example_kubernetes_executor']) retrieved from /home/airflow/.local/lib/python3.7/site-packages/airflow/example_dags/example_kubernetes_executor.py
[2023-12-29T04:53:32.825+0000] {logging_mixin.py:120} INFO - [2023-12-29T04:53:32.824+0000] {dag.py:2585} INFO - Sync 1 DAGs
[2023-12-29T04:53:32.848+0000] {logging_mixin.py:120} INFO - [2023-12-29T04:53:32.848+0000] {dag.py:3340} INFO - Setting next_dagrun for example_kubernetes_executor to None, run_after=None
[2023-12-29T04:53:32.864+0000] {processor.py:176} INFO - Processing /home/airflow/.local/lib/python3.7/site-packages/airflow/example_dags/example_kubernetes_executor.py took 0.106 seconds
[2023-12-29T04:54:03.357+0000] {processor.py:154} INFO - Started process (PID=2618) to work on /home/airflow/.local/lib/python3.7/site-packages/airflow/example_dags/example_kubernetes_executor.py
[2023-12-29T04:54:03.358+0000] {processor.py:756} INFO - Processing file /home/airflow/.local/lib/python3.7/site-packages/airflow/example_dags/example_kubernetes_executor.py for tasks to queue
[2023-12-29T04:54:03.359+0000] {logging_mixin.py:120} INFO - [2023-12-29T04:54:03.359+0000] {dagbag.py:537} INFO - Filling up the DagBag from /home/airflow/.local/lib/python3.7/site-packages/airflow/example_dags/example_kubernetes_executor.py
[2023-12-29T04:54:03.386+0000] {processor.py:766} INFO - DAG(s) dict_keys(['example_kubernetes_executor']) retrieved from /home/airflow/.local/lib/python3.7/site-packages/airflow/example_dags/example_kubernetes_executor.py
[2023-12-29T04:54:03.425+0000] {logging_mixin.py:120} INFO - [2023-12-29T04:54:03.424+0000] {dag.py:2585} INFO - Sync 1 DAGs
[2023-12-29T04:54:03.448+0000] {logging_mixin.py:120} INFO - [2023-12-29T04:54:03.447+0000] {dag.py:3340} INFO - Setting next_dagrun for example_kubernetes_executor to None, run_after=None
[2023-12-29T04:54:03.466+0000] {processor.py:176} INFO - Processing /home/airflow/.local/lib/python3.7/site-packages/airflow/example_dags/example_kubernetes_executor.py took 0.111 seconds
[2023-12-29T04:54:33.867+0000] {processor.py:154} INFO - Started process (PID=2673) to work on /home/airflow/.local/lib/python3.7/site-packages/airflow/example_dags/example_kubernetes_executor.py
[2023-12-29T04:54:33.868+0000] {processor.py:756} INFO - Processing file /home/airflow/.local/lib/python3.7/site-packages/airflow/example_dags/example_kubernetes_executor.py for tasks to queue
[2023-12-29T04:54:33.868+0000] {logging_mixin.py:120} INFO - [2023-12-29T04:54:33.868+0000] {dagbag.py:537} INFO - Filling up the DagBag from /home/airflow/.local/lib/python3.7/site-packages/airflow/example_dags/example_kubernetes_executor.py
[2023-12-29T04:54:33.896+0000] {processor.py:766} INFO - DAG(s) dict_keys(['example_kubernetes_executor']) retrieved from /home/airflow/.local/lib/python3.7/site-packages/airflow/example_dags/example_kubernetes_executor.py
[2023-12-29T04:54:33.934+0000] {logging_mixin.py:120} INFO - [2023-12-29T04:54:33.934+0000] {dag.py:2585} INFO - Sync 1 DAGs
[2023-12-29T04:54:33.961+0000] {logging_mixin.py:120} INFO - [2023-12-29T04:54:33.960+0000] {dag.py:3340} INFO - Setting next_dagrun for example_kubernetes_executor to None, run_after=None
[2023-12-29T04:54:33.980+0000] {processor.py:176} INFO - Processing /home/airflow/.local/lib/python3.7/site-packages/airflow/example_dags/example_kubernetes_executor.py took 0.115 seconds
[2023-12-29T04:55:04.499+0000] {processor.py:154} INFO - Started process (PID=2737) to work on /home/airflow/.local/lib/python3.7/site-packages/airflow/example_dags/example_kubernetes_executor.py
[2023-12-29T04:55:04.499+0000] {processor.py:756} INFO - Processing file /home/airflow/.local/lib/python3.7/site-packages/airflow/example_dags/example_kubernetes_executor.py for tasks to queue
[2023-12-29T04:55:04.500+0000] {logging_mixin.py:120} INFO - [2023-12-29T04:55:04.500+0000] {dagbag.py:537} INFO - Filling up the DagBag from /home/airflow/.local/lib/python3.7/site-packages/airflow/example_dags/example_kubernetes_executor.py
[2023-12-29T04:55:04.526+0000] {processor.py:766} INFO - DAG(s) dict_keys(['example_kubernetes_executor']) retrieved from /home/airflow/.local/lib/python3.7/site-packages/airflow/example_dags/example_kubernetes_executor.py
[2023-12-29T04:55:04.563+0000] {logging_mixin.py:120} INFO - [2023-12-29T04:55:04.563+0000] {dag.py:2585} INFO - Sync 1 DAGs
[2023-12-29T04:55:04.586+0000] {logging_mixin.py:120} INFO - [2023-12-29T04:55:04.586+0000] {dag.py:3340} INFO - Setting next_dagrun for example_kubernetes_executor to None, run_after=None
[2023-12-29T04:55:04.603+0000] {processor.py:176} INFO - Processing /home/airflow/.local/lib/python3.7/site-packages/airflow/example_dags/example_kubernetes_executor.py took 0.107 seconds
[2023-12-29T04:55:35.068+0000] {processor.py:154} INFO - Started process (PID=2800) to work on /home/airflow/.local/lib/python3.7/site-packages/airflow/example_dags/example_kubernetes_executor.py
[2023-12-29T04:55:35.069+0000] {processor.py:756} INFO - Processing file /home/airflow/.local/lib/python3.7/site-packages/airflow/example_dags/example_kubernetes_executor.py for tasks to queue
[2023-12-29T04:55:35.070+0000] {logging_mixin.py:120} INFO - [2023-12-29T04:55:35.070+0000] {dagbag.py:537} INFO - Filling up the DagBag from /home/airflow/.local/lib/python3.7/site-packages/airflow/example_dags/example_kubernetes_executor.py
[2023-12-29T04:55:35.096+0000] {processor.py:766} INFO - DAG(s) dict_keys(['example_kubernetes_executor']) retrieved from /home/airflow/.local/lib/python3.7/site-packages/airflow/example_dags/example_kubernetes_executor.py
[2023-12-29T04:55:35.133+0000] {logging_mixin.py:120} INFO - [2023-12-29T04:55:35.133+0000] {dag.py:2585} INFO - Sync 1 DAGs
[2023-12-29T04:55:35.156+0000] {logging_mixin.py:120} INFO - [2023-12-29T04:55:35.156+0000] {dag.py:3340} INFO - Setting next_dagrun for example_kubernetes_executor to None, run_after=None
[2023-12-29T04:55:35.173+0000] {processor.py:176} INFO - Processing /home/airflow/.local/lib/python3.7/site-packages/airflow/example_dags/example_kubernetes_executor.py took 0.107 seconds
[2023-12-29T04:56:05.227+0000] {processor.py:154} INFO - Started process (PID=2854) to work on /home/airflow/.local/lib/python3.7/site-packages/airflow/example_dags/example_kubernetes_executor.py
[2023-12-29T04:56:05.228+0000] {processor.py:756} INFO - Processing file /home/airflow/.local/lib/python3.7/site-packages/airflow/example_dags/example_kubernetes_executor.py for tasks to queue
[2023-12-29T04:56:05.229+0000] {logging_mixin.py:120} INFO - [2023-12-29T04:56:05.229+0000] {dagbag.py:537} INFO - Filling up the DagBag from /home/airflow/.local/lib/python3.7/site-packages/airflow/example_dags/example_kubernetes_executor.py
[2023-12-29T04:56:05.276+0000] {processor.py:766} INFO - DAG(s) dict_keys(['example_kubernetes_executor']) retrieved from /home/airflow/.local/lib/python3.7/site-packages/airflow/example_dags/example_kubernetes_executor.py
[2023-12-29T04:56:05.341+0000] {logging_mixin.py:120} INFO - [2023-12-29T04:56:05.341+0000] {dag.py:2585} INFO - Sync 1 DAGs
[2023-12-29T04:56:05.383+0000] {logging_mixin.py:120} INFO - [2023-12-29T04:56:05.383+0000] {dag.py:3340} INFO - Setting next_dagrun for example_kubernetes_executor to None, run_after=None
[2023-12-29T04:56:05.450+0000] {processor.py:176} INFO - Processing /home/airflow/.local/lib/python3.7/site-packages/airflow/example_dags/example_kubernetes_executor.py took 0.229 seconds
[2023-12-29T04:56:36.427+0000] {processor.py:154} INFO - Started process (PID=2919) to work on /home/airflow/.local/lib/python3.7/site-packages/airflow/example_dags/example_kubernetes_executor.py
[2023-12-29T04:56:36.428+0000] {processor.py:756} INFO - Processing file /home/airflow/.local/lib/python3.7/site-packages/airflow/example_dags/example_kubernetes_executor.py for tasks to queue
[2023-12-29T04:56:36.428+0000] {logging_mixin.py:120} INFO - [2023-12-29T04:56:36.428+0000] {dagbag.py:537} INFO - Filling up the DagBag from /home/airflow/.local/lib/python3.7/site-packages/airflow/example_dags/example_kubernetes_executor.py
[2023-12-29T04:56:36.455+0000] {processor.py:766} INFO - DAG(s) dict_keys(['example_kubernetes_executor']) retrieved from /home/airflow/.local/lib/python3.7/site-packages/airflow/example_dags/example_kubernetes_executor.py
[2023-12-29T04:56:36.493+0000] {logging_mixin.py:120} INFO - [2023-12-29T04:56:36.493+0000] {dag.py:2585} INFO - Sync 1 DAGs
[2023-12-29T04:56:36.519+0000] {logging_mixin.py:120} INFO - [2023-12-29T04:56:36.519+0000] {dag.py:3340} INFO - Setting next_dagrun for example_kubernetes_executor to None, run_after=None
[2023-12-29T04:56:36.536+0000] {processor.py:176} INFO - Processing /home/airflow/.local/lib/python3.7/site-packages/airflow/example_dags/example_kubernetes_executor.py took 0.112 seconds
[2023-12-29T04:57:07.278+0000] {processor.py:154} INFO - Started process (PID=2983) to work on /home/airflow/.local/lib/python3.7/site-packages/airflow/example_dags/example_kubernetes_executor.py
[2023-12-29T04:57:07.278+0000] {processor.py:756} INFO - Processing file /home/airflow/.local/lib/python3.7/site-packages/airflow/example_dags/example_kubernetes_executor.py for tasks to queue
[2023-12-29T04:57:07.279+0000] {logging_mixin.py:120} INFO - [2023-12-29T04:57:07.279+0000] {dagbag.py:537} INFO - Filling up the DagBag from /home/airflow/.local/lib/python3.7/site-packages/airflow/example_dags/example_kubernetes_executor.py
[2023-12-29T04:57:07.303+0000] {processor.py:766} INFO - DAG(s) dict_keys(['example_kubernetes_executor']) retrieved from /home/airflow/.local/lib/python3.7/site-packages/airflow/example_dags/example_kubernetes_executor.py
[2023-12-29T04:57:07.342+0000] {logging_mixin.py:120} INFO - [2023-12-29T04:57:07.342+0000] {dag.py:2585} INFO - Sync 1 DAGs
[2023-12-29T04:57:07.367+0000] {logging_mixin.py:120} INFO - [2023-12-29T04:57:07.366+0000] {dag.py:3340} INFO - Setting next_dagrun for example_kubernetes_executor to None, run_after=None
[2023-12-29T04:57:07.384+0000] {processor.py:176} INFO - Processing /home/airflow/.local/lib/python3.7/site-packages/airflow/example_dags/example_kubernetes_executor.py took 0.109 seconds
[2023-12-29T04:57:37.934+0000] {processor.py:154} INFO - Started process (PID=3049) to work on /home/airflow/.local/lib/python3.7/site-packages/airflow/example_dags/example_kubernetes_executor.py
[2023-12-29T04:57:37.935+0000] {processor.py:756} INFO - Processing file /home/airflow/.local/lib/python3.7/site-packages/airflow/example_dags/example_kubernetes_executor.py for tasks to queue
[2023-12-29T04:57:37.935+0000] {logging_mixin.py:120} INFO - [2023-12-29T04:57:37.935+0000] {dagbag.py:537} INFO - Filling up the DagBag from /home/airflow/.local/lib/python3.7/site-packages/airflow/example_dags/example_kubernetes_executor.py
[2023-12-29T04:57:37.962+0000] {processor.py:766} INFO - DAG(s) dict_keys(['example_kubernetes_executor']) retrieved from /home/airflow/.local/lib/python3.7/site-packages/airflow/example_dags/example_kubernetes_executor.py
[2023-12-29T04:57:38.001+0000] {logging_mixin.py:120} INFO - [2023-12-29T04:57:38.001+0000] {dag.py:2585} INFO - Sync 1 DAGs
[2023-12-29T04:57:38.026+0000] {logging_mixin.py:120} INFO - [2023-12-29T04:57:38.026+0000] {dag.py:3340} INFO - Setting next_dagrun for example_kubernetes_executor to None, run_after=None
[2023-12-29T04:57:38.044+0000] {processor.py:176} INFO - Processing /home/airflow/.local/lib/python3.7/site-packages/airflow/example_dags/example_kubernetes_executor.py took 0.113 seconds
[2023-12-29T04:58:08.564+0000] {processor.py:154} INFO - Started process (PID=3104) to work on /home/airflow/.local/lib/python3.7/site-packages/airflow/example_dags/example_kubernetes_executor.py
[2023-12-29T04:58:08.564+0000] {processor.py:756} INFO - Processing file /home/airflow/.local/lib/python3.7/site-packages/airflow/example_dags/example_kubernetes_executor.py for tasks to queue
[2023-12-29T04:58:08.565+0000] {logging_mixin.py:120} INFO - [2023-12-29T04:58:08.565+0000] {dagbag.py:537} INFO - Filling up the DagBag from /home/airflow/.local/lib/python3.7/site-packages/airflow/example_dags/example_kubernetes_executor.py
[2023-12-29T04:58:08.591+0000] {processor.py:766} INFO - DAG(s) dict_keys(['example_kubernetes_executor']) retrieved from /home/airflow/.local/lib/python3.7/site-packages/airflow/example_dags/example_kubernetes_executor.py
[2023-12-29T04:58:08.625+0000] {logging_mixin.py:120} INFO - [2023-12-29T04:58:08.625+0000] {dag.py:2585} INFO - Sync 1 DAGs
[2023-12-29T04:58:08.648+0000] {logging_mixin.py:120} INFO - [2023-12-29T04:58:08.648+0000] {dag.py:3340} INFO - Setting next_dagrun for example_kubernetes_executor to None, run_after=None
[2023-12-29T04:58:08.666+0000] {processor.py:176} INFO - Processing /home/airflow/.local/lib/python3.7/site-packages/airflow/example_dags/example_kubernetes_executor.py took 0.105 seconds
[2023-12-29T04:58:39.208+0000] {processor.py:154} INFO - Started process (PID=3167) to work on /home/airflow/.local/lib/python3.7/site-packages/airflow/example_dags/example_kubernetes_executor.py
[2023-12-29T04:58:39.208+0000] {processor.py:756} INFO - Processing file /home/airflow/.local/lib/python3.7/site-packages/airflow/example_dags/example_kubernetes_executor.py for tasks to queue
[2023-12-29T04:58:39.209+0000] {logging_mixin.py:120} INFO - [2023-12-29T04:58:39.209+0000] {dagbag.py:537} INFO - Filling up the DagBag from /home/airflow/.local/lib/python3.7/site-packages/airflow/example_dags/example_kubernetes_executor.py
[2023-12-29T04:58:39.234+0000] {processor.py:766} INFO - DAG(s) dict_keys(['example_kubernetes_executor']) retrieved from /home/airflow/.local/lib/python3.7/site-packages/airflow/example_dags/example_kubernetes_executor.py
[2023-12-29T04:58:39.270+0000] {logging_mixin.py:120} INFO - [2023-12-29T04:58:39.270+0000] {dag.py:2585} INFO - Sync 1 DAGs
[2023-12-29T04:58:39.294+0000] {logging_mixin.py:120} INFO - [2023-12-29T04:58:39.294+0000] {dag.py:3340} INFO - Setting next_dagrun for example_kubernetes_executor to None, run_after=None
[2023-12-29T04:58:39.310+0000] {processor.py:176} INFO - Processing /home/airflow/.local/lib/python3.7/site-packages/airflow/example_dags/example_kubernetes_executor.py took 0.105 seconds
[2023-12-29T04:59:10.048+0000] {processor.py:154} INFO - Started process (PID=3233) to work on /home/airflow/.local/lib/python3.7/site-packages/airflow/example_dags/example_kubernetes_executor.py
[2023-12-29T04:59:10.049+0000] {processor.py:756} INFO - Processing file /home/airflow/.local/lib/python3.7/site-packages/airflow/example_dags/example_kubernetes_executor.py for tasks to queue
[2023-12-29T04:59:10.049+0000] {logging_mixin.py:120} INFO - [2023-12-29T04:59:10.049+0000] {dagbag.py:537} INFO - Filling up the DagBag from /home/airflow/.local/lib/python3.7/site-packages/airflow/example_dags/example_kubernetes_executor.py
[2023-12-29T04:59:10.074+0000] {processor.py:766} INFO - DAG(s) dict_keys(['example_kubernetes_executor']) retrieved from /home/airflow/.local/lib/python3.7/site-packages/airflow/example_dags/example_kubernetes_executor.py
[2023-12-29T04:59:10.113+0000] {logging_mixin.py:120} INFO - [2023-12-29T04:59:10.112+0000] {dag.py:2585} INFO - Sync 1 DAGs
[2023-12-29T04:59:10.136+0000] {logging_mixin.py:120} INFO - [2023-12-29T04:59:10.136+0000] {dag.py:3340} INFO - Setting next_dagrun for example_kubernetes_executor to None, run_after=None
[2023-12-29T04:59:10.153+0000] {processor.py:176} INFO - Processing /home/airflow/.local/lib/python3.7/site-packages/airflow/example_dags/example_kubernetes_executor.py took 0.107 seconds
[2023-12-29T04:59:40.809+0000] {processor.py:154} INFO - Started process (PID=3289) to work on /home/airflow/.local/lib/python3.7/site-packages/airflow/example_dags/example_kubernetes_executor.py
[2023-12-29T04:59:40.810+0000] {processor.py:756} INFO - Processing file /home/airflow/.local/lib/python3.7/site-packages/airflow/example_dags/example_kubernetes_executor.py for tasks to queue
[2023-12-29T04:59:40.811+0000] {logging_mixin.py:120} INFO - [2023-12-29T04:59:40.811+0000] {dagbag.py:537} INFO - Filling up the DagBag from /home/airflow/.local/lib/python3.7/site-packages/airflow/example_dags/example_kubernetes_executor.py
[2023-12-29T04:59:40.837+0000] {processor.py:766} INFO - DAG(s) dict_keys(['example_kubernetes_executor']) retrieved from /home/airflow/.local/lib/python3.7/site-packages/airflow/example_dags/example_kubernetes_executor.py
[2023-12-29T04:59:40.875+0000] {logging_mixin.py:120} INFO - [2023-12-29T04:59:40.875+0000] {dag.py:2585} INFO - Sync 1 DAGs
[2023-12-29T04:59:40.901+0000] {logging_mixin.py:120} INFO - [2023-12-29T04:59:40.901+0000] {dag.py:3340} INFO - Setting next_dagrun for example_kubernetes_executor to None, run_after=None
[2023-12-29T04:59:40.920+0000] {processor.py:176} INFO - Processing /home/airflow/.local/lib/python3.7/site-packages/airflow/example_dags/example_kubernetes_executor.py took 0.113 seconds
[2023-12-29T05:00:11.435+0000] {processor.py:154} INFO - Started process (PID=3353) to work on /home/airflow/.local/lib/python3.7/site-packages/airflow/example_dags/example_kubernetes_executor.py
[2023-12-29T05:00:11.436+0000] {processor.py:756} INFO - Processing file /home/airflow/.local/lib/python3.7/site-packages/airflow/example_dags/example_kubernetes_executor.py for tasks to queue
[2023-12-29T05:00:11.437+0000] {logging_mixin.py:120} INFO - [2023-12-29T05:00:11.437+0000] {dagbag.py:537} INFO - Filling up the DagBag from /home/airflow/.local/lib/python3.7/site-packages/airflow/example_dags/example_kubernetes_executor.py
[2023-12-29T05:00:11.464+0000] {processor.py:766} INFO - DAG(s) dict_keys(['example_kubernetes_executor']) retrieved from /home/airflow/.local/lib/python3.7/site-packages/airflow/example_dags/example_kubernetes_executor.py
[2023-12-29T05:00:11.501+0000] {logging_mixin.py:120} INFO - [2023-12-29T05:00:11.500+0000] {dag.py:2585} INFO - Sync 1 DAGs
[2023-12-29T05:00:11.524+0000] {logging_mixin.py:120} INFO - [2023-12-29T05:00:11.524+0000] {dag.py:3340} INFO - Setting next_dagrun for example_kubernetes_executor to None, run_after=None
[2023-12-29T05:00:11.549+0000] {processor.py:176} INFO - Processing /home/airflow/.local/lib/python3.7/site-packages/airflow/example_dags/example_kubernetes_executor.py took 0.116 seconds
[2023-12-29T05:00:42.120+0000] {processor.py:154} INFO - Started process (PID=3417) to work on /home/airflow/.local/lib/python3.7/site-packages/airflow/example_dags/example_kubernetes_executor.py
[2023-12-29T05:00:42.121+0000] {processor.py:756} INFO - Processing file /home/airflow/.local/lib/python3.7/site-packages/airflow/example_dags/example_kubernetes_executor.py for tasks to queue
[2023-12-29T05:00:42.122+0000] {logging_mixin.py:120} INFO - [2023-12-29T05:00:42.121+0000] {dagbag.py:537} INFO - Filling up the DagBag from /home/airflow/.local/lib/python3.7/site-packages/airflow/example_dags/example_kubernetes_executor.py
[2023-12-29T05:00:42.148+0000] {processor.py:766} INFO - DAG(s) dict_keys(['example_kubernetes_executor']) retrieved from /home/airflow/.local/lib/python3.7/site-packages/airflow/example_dags/example_kubernetes_executor.py
[2023-12-29T05:00:42.184+0000] {logging_mixin.py:120} INFO - [2023-12-29T05:00:42.184+0000] {dag.py:2585} INFO - Sync 1 DAGs
[2023-12-29T05:00:42.209+0000] {logging_mixin.py:120} INFO - [2023-12-29T05:00:42.208+0000] {dag.py:3340} INFO - Setting next_dagrun for example_kubernetes_executor to None, run_after=None
[2023-12-29T05:00:42.226+0000] {processor.py:176} INFO - Processing /home/airflow/.local/lib/python3.7/site-packages/airflow/example_dags/example_kubernetes_executor.py took 0.108 seconds
[2023-12-29T05:01:12.639+0000] {processor.py:154} INFO - Started process (PID=3481) to work on /home/airflow/.local/lib/python3.7/site-packages/airflow/example_dags/example_kubernetes_executor.py
[2023-12-29T05:01:12.640+0000] {processor.py:756} INFO - Processing file /home/airflow/.local/lib/python3.7/site-packages/airflow/example_dags/example_kubernetes_executor.py for tasks to queue
[2023-12-29T05:01:12.641+0000] {logging_mixin.py:120} INFO - [2023-12-29T05:01:12.640+0000] {dagbag.py:537} INFO - Filling up the DagBag from /home/airflow/.local/lib/python3.7/site-packages/airflow/example_dags/example_kubernetes_executor.py
[2023-12-29T05:01:12.669+0000] {processor.py:766} INFO - DAG(s) dict_keys(['example_kubernetes_executor']) retrieved from /home/airflow/.local/lib/python3.7/site-packages/airflow/example_dags/example_kubernetes_executor.py
[2023-12-29T05:01:12.708+0000] {logging_mixin.py:120} INFO - [2023-12-29T05:01:12.708+0000] {dag.py:2585} INFO - Sync 1 DAGs
[2023-12-29T05:01:12.732+0000] {logging_mixin.py:120} INFO - [2023-12-29T05:01:12.732+0000] {dag.py:3340} INFO - Setting next_dagrun for example_kubernetes_executor to None, run_after=None
[2023-12-29T05:01:12.751+0000] {processor.py:176} INFO - Processing /home/airflow/.local/lib/python3.7/site-packages/airflow/example_dags/example_kubernetes_executor.py took 0.114 seconds
[2023-12-29T05:01:43.218+0000] {processor.py:154} INFO - Started process (PID=3536) to work on /home/airflow/.local/lib/python3.7/site-packages/airflow/example_dags/example_kubernetes_executor.py
[2023-12-29T05:01:43.218+0000] {processor.py:756} INFO - Processing file /home/airflow/.local/lib/python3.7/site-packages/airflow/example_dags/example_kubernetes_executor.py for tasks to queue
[2023-12-29T05:01:43.219+0000] {logging_mixin.py:120} INFO - [2023-12-29T05:01:43.219+0000] {dagbag.py:537} INFO - Filling up the DagBag from /home/airflow/.local/lib/python3.7/site-packages/airflow/example_dags/example_kubernetes_executor.py
[2023-12-29T05:01:43.244+0000] {processor.py:766} INFO - DAG(s) dict_keys(['example_kubernetes_executor']) retrieved from /home/airflow/.local/lib/python3.7/site-packages/airflow/example_dags/example_kubernetes_executor.py
[2023-12-29T05:01:43.281+0000] {logging_mixin.py:120} INFO - [2023-12-29T05:01:43.281+0000] {dag.py:2585} INFO - Sync 1 DAGs
[2023-12-29T05:01:43.305+0000] {logging_mixin.py:120} INFO - [2023-12-29T05:01:43.304+0000] {dag.py:3340} INFO - Setting next_dagrun for example_kubernetes_executor to None, run_after=None
[2023-12-29T05:01:43.321+0000] {processor.py:176} INFO - Processing /home/airflow/.local/lib/python3.7/site-packages/airflow/example_dags/example_kubernetes_executor.py took 0.107 seconds
