[2023-12-29T04:32:36.881+0000] {processor.py:154} INFO - Started process (PID=48) to work on /home/airflow/.local/lib/python3.7/site-packages/airflow/example_dags/example_sla_dag.py
[2023-12-29T04:32:36.881+0000] {processor.py:756} INFO - Processing file /home/airflow/.local/lib/python3.7/site-packages/airflow/example_dags/example_sla_dag.py for tasks to queue
[2023-12-29T04:32:36.882+0000] {logging_mixin.py:120} INFO - [2023-12-29T04:32:36.882+0000] {dagbag.py:537} INFO - Filling up the DagBag from /home/airflow/.local/lib/python3.7/site-packages/airflow/example_dags/example_sla_dag.py
[2023-12-29T04:32:36.904+0000] {processor.py:766} INFO - DAG(s) dict_keys(['example_sla_dag']) retrieved from /home/airflow/.local/lib/python3.7/site-packages/airflow/example_dags/example_sla_dag.py
[2023-12-29T04:32:36.941+0000] {logging_mixin.py:120} INFO - [2023-12-29T04:32:36.941+0000] {dag.py:2585} INFO - Sync 1 DAGs
[2023-12-29T04:32:36.971+0000] {logging_mixin.py:120} INFO - [2023-12-29T04:32:36.970+0000] {dag.py:3340} INFO - Setting next_dagrun for example_sla_dag to 2023-12-29T04:30:00+00:00, run_after=2023-12-29T04:32:00+00:00
[2023-12-29T04:32:36.990+0000] {processor.py:176} INFO - Processing /home/airflow/.local/lib/python3.7/site-packages/airflow/example_dags/example_sla_dag.py took 0.112 seconds
[2023-12-29T04:33:07.256+0000] {processor.py:154} INFO - Started process (PID=112) to work on /home/airflow/.local/lib/python3.7/site-packages/airflow/example_dags/example_sla_dag.py
[2023-12-29T04:33:07.257+0000] {processor.py:756} INFO - Processing file /home/airflow/.local/lib/python3.7/site-packages/airflow/example_dags/example_sla_dag.py for tasks to queue
[2023-12-29T04:33:07.257+0000] {logging_mixin.py:120} INFO - [2023-12-29T04:33:07.257+0000] {dagbag.py:537} INFO - Filling up the DagBag from /home/airflow/.local/lib/python3.7/site-packages/airflow/example_dags/example_sla_dag.py
[2023-12-29T04:33:07.279+0000] {processor.py:766} INFO - DAG(s) dict_keys(['example_sla_dag']) retrieved from /home/airflow/.local/lib/python3.7/site-packages/airflow/example_dags/example_sla_dag.py
[2023-12-29T04:33:07.319+0000] {logging_mixin.py:120} INFO - [2023-12-29T04:33:07.319+0000] {dag.py:2585} INFO - Sync 1 DAGs
[2023-12-29T04:33:07.348+0000] {logging_mixin.py:120} INFO - [2023-12-29T04:33:07.348+0000] {dag.py:3340} INFO - Setting next_dagrun for example_sla_dag to 2023-12-29T04:30:00+00:00, run_after=2023-12-29T04:32:00+00:00
[2023-12-29T04:33:07.364+0000] {processor.py:176} INFO - Processing /home/airflow/.local/lib/python3.7/site-packages/airflow/example_dags/example_sla_dag.py took 0.111 seconds
[2023-12-29T04:33:38.675+0000] {processor.py:154} INFO - Started process (PID=178) to work on /home/airflow/.local/lib/python3.7/site-packages/airflow/example_dags/example_sla_dag.py
[2023-12-29T04:33:38.676+0000] {processor.py:756} INFO - Processing file /home/airflow/.local/lib/python3.7/site-packages/airflow/example_dags/example_sla_dag.py for tasks to queue
[2023-12-29T04:33:38.676+0000] {logging_mixin.py:120} INFO - [2023-12-29T04:33:38.676+0000] {dagbag.py:537} INFO - Filling up the DagBag from /home/airflow/.local/lib/python3.7/site-packages/airflow/example_dags/example_sla_dag.py
[2023-12-29T04:33:38.698+0000] {processor.py:766} INFO - DAG(s) dict_keys(['example_sla_dag']) retrieved from /home/airflow/.local/lib/python3.7/site-packages/airflow/example_dags/example_sla_dag.py
[2023-12-29T04:33:38.735+0000] {logging_mixin.py:120} INFO - [2023-12-29T04:33:38.734+0000] {dag.py:2585} INFO - Sync 1 DAGs
[2023-12-29T04:33:38.760+0000] {logging_mixin.py:120} INFO - [2023-12-29T04:33:38.760+0000] {dag.py:3340} INFO - Setting next_dagrun for example_sla_dag to 2023-12-29T04:30:00+00:00, run_after=2023-12-29T04:32:00+00:00
[2023-12-29T04:33:38.777+0000] {processor.py:176} INFO - Processing /home/airflow/.local/lib/python3.7/site-packages/airflow/example_dags/example_sla_dag.py took 0.104 seconds
[2023-12-29T04:34:09.658+0000] {processor.py:154} INFO - Started process (PID=233) to work on /home/airflow/.local/lib/python3.7/site-packages/airflow/example_dags/example_sla_dag.py
[2023-12-29T04:34:09.659+0000] {processor.py:756} INFO - Processing file /home/airflow/.local/lib/python3.7/site-packages/airflow/example_dags/example_sla_dag.py for tasks to queue
[2023-12-29T04:34:09.660+0000] {logging_mixin.py:120} INFO - [2023-12-29T04:34:09.659+0000] {dagbag.py:537} INFO - Filling up the DagBag from /home/airflow/.local/lib/python3.7/site-packages/airflow/example_dags/example_sla_dag.py
[2023-12-29T04:34:09.680+0000] {processor.py:766} INFO - DAG(s) dict_keys(['example_sla_dag']) retrieved from /home/airflow/.local/lib/python3.7/site-packages/airflow/example_dags/example_sla_dag.py
[2023-12-29T04:34:09.716+0000] {logging_mixin.py:120} INFO - [2023-12-29T04:34:09.716+0000] {dag.py:2585} INFO - Sync 1 DAGs
[2023-12-29T04:34:09.746+0000] {logging_mixin.py:120} INFO - [2023-12-29T04:34:09.746+0000] {dag.py:3340} INFO - Setting next_dagrun for example_sla_dag to 2023-12-29T04:32:00+00:00, run_after=2023-12-29T04:34:00+00:00
[2023-12-29T04:34:09.766+0000] {processor.py:176} INFO - Processing /home/airflow/.local/lib/python3.7/site-packages/airflow/example_dags/example_sla_dag.py took 0.110 seconds
[2023-12-29T04:34:40.450+0000] {processor.py:154} INFO - Started process (PID=298) to work on /home/airflow/.local/lib/python3.7/site-packages/airflow/example_dags/example_sla_dag.py
[2023-12-29T04:34:40.452+0000] {processor.py:756} INFO - Processing file /home/airflow/.local/lib/python3.7/site-packages/airflow/example_dags/example_sla_dag.py for tasks to queue
[2023-12-29T04:34:40.452+0000] {logging_mixin.py:120} INFO - [2023-12-29T04:34:40.452+0000] {dagbag.py:537} INFO - Filling up the DagBag from /home/airflow/.local/lib/python3.7/site-packages/airflow/example_dags/example_sla_dag.py
[2023-12-29T04:34:40.476+0000] {processor.py:766} INFO - DAG(s) dict_keys(['example_sla_dag']) retrieved from /home/airflow/.local/lib/python3.7/site-packages/airflow/example_dags/example_sla_dag.py
[2023-12-29T04:34:40.513+0000] {logging_mixin.py:120} INFO - [2023-12-29T04:34:40.513+0000] {dag.py:2585} INFO - Sync 1 DAGs
[2023-12-29T04:34:40.542+0000] {logging_mixin.py:120} INFO - [2023-12-29T04:34:40.542+0000] {dag.py:3340} INFO - Setting next_dagrun for example_sla_dag to 2023-12-29T04:32:00+00:00, run_after=2023-12-29T04:34:00+00:00
[2023-12-29T04:34:40.559+0000] {processor.py:176} INFO - Processing /home/airflow/.local/lib/python3.7/site-packages/airflow/example_dags/example_sla_dag.py took 0.112 seconds
[2023-12-29T04:35:11.191+0000] {processor.py:154} INFO - Started process (PID=361) to work on /home/airflow/.local/lib/python3.7/site-packages/airflow/example_dags/example_sla_dag.py
[2023-12-29T04:35:11.192+0000] {processor.py:756} INFO - Processing file /home/airflow/.local/lib/python3.7/site-packages/airflow/example_dags/example_sla_dag.py for tasks to queue
[2023-12-29T04:35:11.193+0000] {logging_mixin.py:120} INFO - [2023-12-29T04:35:11.193+0000] {dagbag.py:537} INFO - Filling up the DagBag from /home/airflow/.local/lib/python3.7/site-packages/airflow/example_dags/example_sla_dag.py
[2023-12-29T04:35:11.214+0000] {processor.py:766} INFO - DAG(s) dict_keys(['example_sla_dag']) retrieved from /home/airflow/.local/lib/python3.7/site-packages/airflow/example_dags/example_sla_dag.py
[2023-12-29T04:35:11.258+0000] {logging_mixin.py:120} INFO - [2023-12-29T04:35:11.257+0000] {dag.py:2585} INFO - Sync 1 DAGs
[2023-12-29T04:35:11.286+0000] {logging_mixin.py:120} INFO - [2023-12-29T04:35:11.286+0000] {dag.py:3340} INFO - Setting next_dagrun for example_sla_dag to 2023-12-29T04:32:00+00:00, run_after=2023-12-29T04:34:00+00:00
[2023-12-29T04:35:11.304+0000] {processor.py:176} INFO - Processing /home/airflow/.local/lib/python3.7/site-packages/airflow/example_dags/example_sla_dag.py took 0.116 seconds
[2023-12-29T04:35:41.722+0000] {processor.py:154} INFO - Started process (PID=416) to work on /home/airflow/.local/lib/python3.7/site-packages/airflow/example_dags/example_sla_dag.py
[2023-12-29T04:35:41.723+0000] {processor.py:756} INFO - Processing file /home/airflow/.local/lib/python3.7/site-packages/airflow/example_dags/example_sla_dag.py for tasks to queue
[2023-12-29T04:35:41.724+0000] {logging_mixin.py:120} INFO - [2023-12-29T04:35:41.724+0000] {dagbag.py:537} INFO - Filling up the DagBag from /home/airflow/.local/lib/python3.7/site-packages/airflow/example_dags/example_sla_dag.py
[2023-12-29T04:35:41.747+0000] {processor.py:766} INFO - DAG(s) dict_keys(['example_sla_dag']) retrieved from /home/airflow/.local/lib/python3.7/site-packages/airflow/example_dags/example_sla_dag.py
[2023-12-29T04:35:41.780+0000] {logging_mixin.py:120} INFO - [2023-12-29T04:35:41.779+0000] {dag.py:2585} INFO - Sync 1 DAGs
[2023-12-29T04:35:41.820+0000] {logging_mixin.py:120} INFO - [2023-12-29T04:35:41.819+0000] {dag.py:3340} INFO - Setting next_dagrun for example_sla_dag to 2023-12-29T04:32:00+00:00, run_after=2023-12-29T04:34:00+00:00
[2023-12-29T04:35:41.840+0000] {processor.py:176} INFO - Processing /home/airflow/.local/lib/python3.7/site-packages/airflow/example_dags/example_sla_dag.py took 0.121 seconds
[2023-12-29T04:36:12.803+0000] {processor.py:154} INFO - Started process (PID=479) to work on /home/airflow/.local/lib/python3.7/site-packages/airflow/example_dags/example_sla_dag.py
[2023-12-29T04:36:12.804+0000] {processor.py:756} INFO - Processing file /home/airflow/.local/lib/python3.7/site-packages/airflow/example_dags/example_sla_dag.py for tasks to queue
[2023-12-29T04:36:12.805+0000] {logging_mixin.py:120} INFO - [2023-12-29T04:36:12.804+0000] {dagbag.py:537} INFO - Filling up the DagBag from /home/airflow/.local/lib/python3.7/site-packages/airflow/example_dags/example_sla_dag.py
[2023-12-29T04:36:12.828+0000] {processor.py:766} INFO - DAG(s) dict_keys(['example_sla_dag']) retrieved from /home/airflow/.local/lib/python3.7/site-packages/airflow/example_dags/example_sla_dag.py
[2023-12-29T04:36:12.901+0000] {logging_mixin.py:120} INFO - [2023-12-29T04:36:12.901+0000] {dag.py:2585} INFO - Sync 1 DAGs
[2023-12-29T04:36:12.937+0000] {logging_mixin.py:120} INFO - [2023-12-29T04:36:12.937+0000] {dag.py:3340} INFO - Setting next_dagrun for example_sla_dag to 2023-12-29T04:34:00+00:00, run_after=2023-12-29T04:36:00+00:00
[2023-12-29T04:36:12.959+0000] {processor.py:176} INFO - Processing /home/airflow/.local/lib/python3.7/site-packages/airflow/example_dags/example_sla_dag.py took 0.159 seconds
[2023-12-29T04:36:44.090+0000] {processor.py:154} INFO - Started process (PID=544) to work on /home/airflow/.local/lib/python3.7/site-packages/airflow/example_dags/example_sla_dag.py
[2023-12-29T04:36:44.091+0000] {processor.py:756} INFO - Processing file /home/airflow/.local/lib/python3.7/site-packages/airflow/example_dags/example_sla_dag.py for tasks to queue
[2023-12-29T04:36:44.092+0000] {logging_mixin.py:120} INFO - [2023-12-29T04:36:44.091+0000] {dagbag.py:537} INFO - Filling up the DagBag from /home/airflow/.local/lib/python3.7/site-packages/airflow/example_dags/example_sla_dag.py
[2023-12-29T04:36:44.120+0000] {processor.py:766} INFO - DAG(s) dict_keys(['example_sla_dag']) retrieved from /home/airflow/.local/lib/python3.7/site-packages/airflow/example_dags/example_sla_dag.py
[2023-12-29T04:36:44.176+0000] {logging_mixin.py:120} INFO - [2023-12-29T04:36:44.176+0000] {dag.py:2585} INFO - Sync 1 DAGs
[2023-12-29T04:36:44.216+0000] {logging_mixin.py:120} INFO - [2023-12-29T04:36:44.216+0000] {dag.py:3340} INFO - Setting next_dagrun for example_sla_dag to 2023-12-29T04:34:00+00:00, run_after=2023-12-29T04:36:00+00:00
[2023-12-29T04:36:44.242+0000] {processor.py:176} INFO - Processing /home/airflow/.local/lib/python3.7/site-packages/airflow/example_dags/example_sla_dag.py took 0.155 seconds
[2023-12-29T04:37:15.241+0000] {processor.py:154} INFO - Started process (PID=598) to work on /home/airflow/.local/lib/python3.7/site-packages/airflow/example_dags/example_sla_dag.py
[2023-12-29T04:37:15.247+0000] {processor.py:756} INFO - Processing file /home/airflow/.local/lib/python3.7/site-packages/airflow/example_dags/example_sla_dag.py for tasks to queue
[2023-12-29T04:37:15.250+0000] {logging_mixin.py:120} INFO - [2023-12-29T04:37:15.250+0000] {dagbag.py:537} INFO - Filling up the DagBag from /home/airflow/.local/lib/python3.7/site-packages/airflow/example_dags/example_sla_dag.py
[2023-12-29T04:37:15.285+0000] {processor.py:766} INFO - DAG(s) dict_keys(['example_sla_dag']) retrieved from /home/airflow/.local/lib/python3.7/site-packages/airflow/example_dags/example_sla_dag.py
[2023-12-29T04:37:15.362+0000] {logging_mixin.py:120} INFO - [2023-12-29T04:37:15.362+0000] {dag.py:2585} INFO - Sync 1 DAGs
[2023-12-29T04:37:15.432+0000] {logging_mixin.py:120} INFO - [2023-12-29T04:37:15.432+0000] {dag.py:3340} INFO - Setting next_dagrun for example_sla_dag to 2023-12-29T04:34:00+00:00, run_after=2023-12-29T04:36:00+00:00
[2023-12-29T04:37:15.484+0000] {processor.py:176} INFO - Processing /home/airflow/.local/lib/python3.7/site-packages/airflow/example_dags/example_sla_dag.py took 0.245 seconds
[2023-12-29T04:37:45.838+0000] {processor.py:154} INFO - Started process (PID=661) to work on /home/airflow/.local/lib/python3.7/site-packages/airflow/example_dags/example_sla_dag.py
[2023-12-29T04:37:45.839+0000] {processor.py:756} INFO - Processing file /home/airflow/.local/lib/python3.7/site-packages/airflow/example_dags/example_sla_dag.py for tasks to queue
[2023-12-29T04:37:45.839+0000] {logging_mixin.py:120} INFO - [2023-12-29T04:37:45.839+0000] {dagbag.py:537} INFO - Filling up the DagBag from /home/airflow/.local/lib/python3.7/site-packages/airflow/example_dags/example_sla_dag.py
[2023-12-29T04:37:45.861+0000] {processor.py:766} INFO - DAG(s) dict_keys(['example_sla_dag']) retrieved from /home/airflow/.local/lib/python3.7/site-packages/airflow/example_dags/example_sla_dag.py
[2023-12-29T04:37:45.900+0000] {logging_mixin.py:120} INFO - [2023-12-29T04:37:45.900+0000] {dag.py:2585} INFO - Sync 1 DAGs
[2023-12-29T04:37:45.929+0000] {logging_mixin.py:120} INFO - [2023-12-29T04:37:45.929+0000] {dag.py:3340} INFO - Setting next_dagrun for example_sla_dag to 2023-12-29T04:34:00+00:00, run_after=2023-12-29T04:36:00+00:00
[2023-12-29T04:37:45.955+0000] {processor.py:176} INFO - Processing /home/airflow/.local/lib/python3.7/site-packages/airflow/example_dags/example_sla_dag.py took 0.120 seconds
[2023-12-29T04:38:16.714+0000] {processor.py:154} INFO - Started process (PID=725) to work on /home/airflow/.local/lib/python3.7/site-packages/airflow/example_dags/example_sla_dag.py
[2023-12-29T04:38:16.715+0000] {processor.py:756} INFO - Processing file /home/airflow/.local/lib/python3.7/site-packages/airflow/example_dags/example_sla_dag.py for tasks to queue
[2023-12-29T04:38:16.715+0000] {logging_mixin.py:120} INFO - [2023-12-29T04:38:16.715+0000] {dagbag.py:537} INFO - Filling up the DagBag from /home/airflow/.local/lib/python3.7/site-packages/airflow/example_dags/example_sla_dag.py
[2023-12-29T04:38:16.737+0000] {processor.py:766} INFO - DAG(s) dict_keys(['example_sla_dag']) retrieved from /home/airflow/.local/lib/python3.7/site-packages/airflow/example_dags/example_sla_dag.py
[2023-12-29T04:38:16.783+0000] {logging_mixin.py:120} INFO - [2023-12-29T04:38:16.783+0000] {dag.py:2585} INFO - Sync 1 DAGs
[2023-12-29T04:38:16.814+0000] {logging_mixin.py:120} INFO - [2023-12-29T04:38:16.814+0000] {dag.py:3340} INFO - Setting next_dagrun for example_sla_dag to 2023-12-29T04:36:00+00:00, run_after=2023-12-29T04:38:00+00:00
[2023-12-29T04:38:16.837+0000] {processor.py:176} INFO - Processing /home/airflow/.local/lib/python3.7/site-packages/airflow/example_dags/example_sla_dag.py took 0.126 seconds
[2023-12-29T04:38:47.261+0000] {processor.py:154} INFO - Started process (PID=781) to work on /home/airflow/.local/lib/python3.7/site-packages/airflow/example_dags/example_sla_dag.py
[2023-12-29T04:38:47.262+0000] {processor.py:756} INFO - Processing file /home/airflow/.local/lib/python3.7/site-packages/airflow/example_dags/example_sla_dag.py for tasks to queue
[2023-12-29T04:38:47.263+0000] {logging_mixin.py:120} INFO - [2023-12-29T04:38:47.263+0000] {dagbag.py:537} INFO - Filling up the DagBag from /home/airflow/.local/lib/python3.7/site-packages/airflow/example_dags/example_sla_dag.py
[2023-12-29T04:38:47.288+0000] {processor.py:766} INFO - DAG(s) dict_keys(['example_sla_dag']) retrieved from /home/airflow/.local/lib/python3.7/site-packages/airflow/example_dags/example_sla_dag.py
[2023-12-29T04:38:47.353+0000] {logging_mixin.py:120} INFO - [2023-12-29T04:38:47.353+0000] {dag.py:2585} INFO - Sync 1 DAGs
[2023-12-29T04:38:47.419+0000] {logging_mixin.py:120} INFO - [2023-12-29T04:38:47.418+0000] {dag.py:3340} INFO - Setting next_dagrun for example_sla_dag to 2023-12-29T04:36:00+00:00, run_after=2023-12-29T04:38:00+00:00
[2023-12-29T04:38:47.447+0000] {processor.py:176} INFO - Processing /home/airflow/.local/lib/python3.7/site-packages/airflow/example_dags/example_sla_dag.py took 0.190 seconds
[2023-12-29T04:39:17.663+0000] {processor.py:154} INFO - Started process (PID=845) to work on /home/airflow/.local/lib/python3.7/site-packages/airflow/example_dags/example_sla_dag.py
[2023-12-29T04:39:17.663+0000] {processor.py:756} INFO - Processing file /home/airflow/.local/lib/python3.7/site-packages/airflow/example_dags/example_sla_dag.py for tasks to queue
[2023-12-29T04:39:17.664+0000] {logging_mixin.py:120} INFO - [2023-12-29T04:39:17.664+0000] {dagbag.py:537} INFO - Filling up the DagBag from /home/airflow/.local/lib/python3.7/site-packages/airflow/example_dags/example_sla_dag.py
[2023-12-29T04:39:17.687+0000] {processor.py:766} INFO - DAG(s) dict_keys(['example_sla_dag']) retrieved from /home/airflow/.local/lib/python3.7/site-packages/airflow/example_dags/example_sla_dag.py
[2023-12-29T04:39:17.751+0000] {logging_mixin.py:120} INFO - [2023-12-29T04:39:17.751+0000] {dag.py:2585} INFO - Sync 1 DAGs
[2023-12-29T04:39:17.786+0000] {logging_mixin.py:120} INFO - [2023-12-29T04:39:17.786+0000] {dag.py:3340} INFO - Setting next_dagrun for example_sla_dag to 2023-12-29T04:36:00+00:00, run_after=2023-12-29T04:38:00+00:00
[2023-12-29T04:39:17.809+0000] {processor.py:176} INFO - Processing /home/airflow/.local/lib/python3.7/site-packages/airflow/example_dags/example_sla_dag.py took 0.149 seconds
[2023-12-29T04:39:47.997+0000] {processor.py:154} INFO - Started process (PID=909) to work on /home/airflow/.local/lib/python3.7/site-packages/airflow/example_dags/example_sla_dag.py
[2023-12-29T04:39:47.998+0000] {processor.py:756} INFO - Processing file /home/airflow/.local/lib/python3.7/site-packages/airflow/example_dags/example_sla_dag.py for tasks to queue
[2023-12-29T04:39:48.003+0000] {logging_mixin.py:120} INFO - [2023-12-29T04:39:48.003+0000] {dagbag.py:537} INFO - Filling up the DagBag from /home/airflow/.local/lib/python3.7/site-packages/airflow/example_dags/example_sla_dag.py
[2023-12-29T04:39:48.027+0000] {processor.py:766} INFO - DAG(s) dict_keys(['example_sla_dag']) retrieved from /home/airflow/.local/lib/python3.7/site-packages/airflow/example_dags/example_sla_dag.py
[2023-12-29T04:39:48.063+0000] {logging_mixin.py:120} INFO - [2023-12-29T04:39:48.063+0000] {dag.py:2585} INFO - Sync 1 DAGs
[2023-12-29T04:39:48.090+0000] {logging_mixin.py:120} INFO - [2023-12-29T04:39:48.090+0000] {dag.py:3340} INFO - Setting next_dagrun for example_sla_dag to 2023-12-29T04:36:00+00:00, run_after=2023-12-29T04:38:00+00:00
[2023-12-29T04:39:48.109+0000] {processor.py:176} INFO - Processing /home/airflow/.local/lib/python3.7/site-packages/airflow/example_dags/example_sla_dag.py took 0.114 seconds
[2023-12-29T04:40:18.266+0000] {processor.py:154} INFO - Started process (PID=965) to work on /home/airflow/.local/lib/python3.7/site-packages/airflow/example_dags/example_sla_dag.py
[2023-12-29T04:40:18.267+0000] {processor.py:756} INFO - Processing file /home/airflow/.local/lib/python3.7/site-packages/airflow/example_dags/example_sla_dag.py for tasks to queue
[2023-12-29T04:40:18.268+0000] {logging_mixin.py:120} INFO - [2023-12-29T04:40:18.267+0000] {dagbag.py:537} INFO - Filling up the DagBag from /home/airflow/.local/lib/python3.7/site-packages/airflow/example_dags/example_sla_dag.py
[2023-12-29T04:40:18.290+0000] {processor.py:766} INFO - DAG(s) dict_keys(['example_sla_dag']) retrieved from /home/airflow/.local/lib/python3.7/site-packages/airflow/example_dags/example_sla_dag.py
[2023-12-29T04:40:18.324+0000] {logging_mixin.py:120} INFO - [2023-12-29T04:40:18.323+0000] {dag.py:2585} INFO - Sync 1 DAGs
[2023-12-29T04:40:18.353+0000] {logging_mixin.py:120} INFO - [2023-12-29T04:40:18.353+0000] {dag.py:3340} INFO - Setting next_dagrun for example_sla_dag to 2023-12-29T04:38:00+00:00, run_after=2023-12-29T04:40:00+00:00
[2023-12-29T04:40:18.373+0000] {processor.py:176} INFO - Processing /home/airflow/.local/lib/python3.7/site-packages/airflow/example_dags/example_sla_dag.py took 0.109 seconds
[2023-12-29T04:40:48.578+0000] {processor.py:154} INFO - Started process (PID=1027) to work on /home/airflow/.local/lib/python3.7/site-packages/airflow/example_dags/example_sla_dag.py
[2023-12-29T04:40:48.579+0000] {processor.py:756} INFO - Processing file /home/airflow/.local/lib/python3.7/site-packages/airflow/example_dags/example_sla_dag.py for tasks to queue
[2023-12-29T04:40:48.580+0000] {logging_mixin.py:120} INFO - [2023-12-29T04:40:48.579+0000] {dagbag.py:537} INFO - Filling up the DagBag from /home/airflow/.local/lib/python3.7/site-packages/airflow/example_dags/example_sla_dag.py
[2023-12-29T04:40:48.601+0000] {processor.py:766} INFO - DAG(s) dict_keys(['example_sla_dag']) retrieved from /home/airflow/.local/lib/python3.7/site-packages/airflow/example_dags/example_sla_dag.py
[2023-12-29T04:40:48.636+0000] {logging_mixin.py:120} INFO - [2023-12-29T04:40:48.636+0000] {dag.py:2585} INFO - Sync 1 DAGs
[2023-12-29T04:40:48.664+0000] {logging_mixin.py:120} INFO - [2023-12-29T04:40:48.664+0000] {dag.py:3340} INFO - Setting next_dagrun for example_sla_dag to 2023-12-29T04:38:00+00:00, run_after=2023-12-29T04:40:00+00:00
[2023-12-29T04:40:48.682+0000] {processor.py:176} INFO - Processing /home/airflow/.local/lib/python3.7/site-packages/airflow/example_dags/example_sla_dag.py took 0.106 seconds
[2023-12-29T04:41:19.185+0000] {processor.py:154} INFO - Started process (PID=1093) to work on /home/airflow/.local/lib/python3.7/site-packages/airflow/example_dags/example_sla_dag.py
[2023-12-29T04:41:19.186+0000] {processor.py:756} INFO - Processing file /home/airflow/.local/lib/python3.7/site-packages/airflow/example_dags/example_sla_dag.py for tasks to queue
[2023-12-29T04:41:19.187+0000] {logging_mixin.py:120} INFO - [2023-12-29T04:41:19.187+0000] {dagbag.py:537} INFO - Filling up the DagBag from /home/airflow/.local/lib/python3.7/site-packages/airflow/example_dags/example_sla_dag.py
[2023-12-29T04:41:19.216+0000] {processor.py:766} INFO - DAG(s) dict_keys(['example_sla_dag']) retrieved from /home/airflow/.local/lib/python3.7/site-packages/airflow/example_dags/example_sla_dag.py
[2023-12-29T04:41:19.265+0000] {logging_mixin.py:120} INFO - [2023-12-29T04:41:19.265+0000] {dag.py:2585} INFO - Sync 1 DAGs
[2023-12-29T04:41:19.296+0000] {logging_mixin.py:120} INFO - [2023-12-29T04:41:19.296+0000] {dag.py:3340} INFO - Setting next_dagrun for example_sla_dag to 2023-12-29T04:38:00+00:00, run_after=2023-12-29T04:40:00+00:00
[2023-12-29T04:41:19.322+0000] {processor.py:176} INFO - Processing /home/airflow/.local/lib/python3.7/site-packages/airflow/example_dags/example_sla_dag.py took 0.141 seconds
[2023-12-29T04:41:49.601+0000] {processor.py:154} INFO - Started process (PID=1148) to work on /home/airflow/.local/lib/python3.7/site-packages/airflow/example_dags/example_sla_dag.py
[2023-12-29T04:41:49.602+0000] {processor.py:756} INFO - Processing file /home/airflow/.local/lib/python3.7/site-packages/airflow/example_dags/example_sla_dag.py for tasks to queue
[2023-12-29T04:41:49.602+0000] {logging_mixin.py:120} INFO - [2023-12-29T04:41:49.602+0000] {dagbag.py:537} INFO - Filling up the DagBag from /home/airflow/.local/lib/python3.7/site-packages/airflow/example_dags/example_sla_dag.py
[2023-12-29T04:41:49.628+0000] {processor.py:766} INFO - DAG(s) dict_keys(['example_sla_dag']) retrieved from /home/airflow/.local/lib/python3.7/site-packages/airflow/example_dags/example_sla_dag.py
[2023-12-29T04:41:49.669+0000] {logging_mixin.py:120} INFO - [2023-12-29T04:41:49.669+0000] {dag.py:2585} INFO - Sync 1 DAGs
[2023-12-29T04:41:49.698+0000] {logging_mixin.py:120} INFO - [2023-12-29T04:41:49.698+0000] {dag.py:3340} INFO - Setting next_dagrun for example_sla_dag to 2023-12-29T04:38:00+00:00, run_after=2023-12-29T04:40:00+00:00
[2023-12-29T04:41:49.732+0000] {processor.py:176} INFO - Processing /home/airflow/.local/lib/python3.7/site-packages/airflow/example_dags/example_sla_dag.py took 0.136 seconds
[2023-12-29T04:42:19.825+0000] {processor.py:154} INFO - Started process (PID=1214) to work on /home/airflow/.local/lib/python3.7/site-packages/airflow/example_dags/example_sla_dag.py
[2023-12-29T04:42:19.825+0000] {processor.py:756} INFO - Processing file /home/airflow/.local/lib/python3.7/site-packages/airflow/example_dags/example_sla_dag.py for tasks to queue
[2023-12-29T04:42:19.826+0000] {logging_mixin.py:120} INFO - [2023-12-29T04:42:19.826+0000] {dagbag.py:537} INFO - Filling up the DagBag from /home/airflow/.local/lib/python3.7/site-packages/airflow/example_dags/example_sla_dag.py
[2023-12-29T04:42:19.852+0000] {processor.py:766} INFO - DAG(s) dict_keys(['example_sla_dag']) retrieved from /home/airflow/.local/lib/python3.7/site-packages/airflow/example_dags/example_sla_dag.py
[2023-12-29T04:42:19.898+0000] {logging_mixin.py:120} INFO - [2023-12-29T04:42:19.897+0000] {dag.py:2585} INFO - Sync 1 DAGs
[2023-12-29T04:42:19.935+0000] {logging_mixin.py:120} INFO - [2023-12-29T04:42:19.935+0000] {dag.py:3340} INFO - Setting next_dagrun for example_sla_dag to 2023-12-29T04:40:00+00:00, run_after=2023-12-29T04:42:00+00:00
[2023-12-29T04:42:19.973+0000] {processor.py:176} INFO - Processing /home/airflow/.local/lib/python3.7/site-packages/airflow/example_dags/example_sla_dag.py took 0.151 seconds
[2023-12-29T04:42:50.487+0000] {processor.py:154} INFO - Started process (PID=1277) to work on /home/airflow/.local/lib/python3.7/site-packages/airflow/example_dags/example_sla_dag.py
[2023-12-29T04:42:50.488+0000] {processor.py:756} INFO - Processing file /home/airflow/.local/lib/python3.7/site-packages/airflow/example_dags/example_sla_dag.py for tasks to queue
[2023-12-29T04:42:50.488+0000] {logging_mixin.py:120} INFO - [2023-12-29T04:42:50.488+0000] {dagbag.py:537} INFO - Filling up the DagBag from /home/airflow/.local/lib/python3.7/site-packages/airflow/example_dags/example_sla_dag.py
[2023-12-29T04:42:50.525+0000] {processor.py:766} INFO - DAG(s) dict_keys(['example_sla_dag']) retrieved from /home/airflow/.local/lib/python3.7/site-packages/airflow/example_dags/example_sla_dag.py
[2023-12-29T04:42:50.596+0000] {logging_mixin.py:120} INFO - [2023-12-29T04:42:50.595+0000] {dag.py:2585} INFO - Sync 1 DAGs
[2023-12-29T04:42:50.681+0000] {logging_mixin.py:120} INFO - [2023-12-29T04:42:50.681+0000] {dag.py:3340} INFO - Setting next_dagrun for example_sla_dag to 2023-12-29T04:40:00+00:00, run_after=2023-12-29T04:42:00+00:00
[2023-12-29T04:42:50.708+0000] {processor.py:176} INFO - Processing /home/airflow/.local/lib/python3.7/site-packages/airflow/example_dags/example_sla_dag.py took 0.227 seconds
[2023-12-29T04:43:21.530+0000] {processor.py:154} INFO - Started process (PID=1332) to work on /home/airflow/.local/lib/python3.7/site-packages/airflow/example_dags/example_sla_dag.py
[2023-12-29T04:43:21.532+0000] {processor.py:756} INFO - Processing file /home/airflow/.local/lib/python3.7/site-packages/airflow/example_dags/example_sla_dag.py for tasks to queue
[2023-12-29T04:43:21.532+0000] {logging_mixin.py:120} INFO - [2023-12-29T04:43:21.532+0000] {dagbag.py:537} INFO - Filling up the DagBag from /home/airflow/.local/lib/python3.7/site-packages/airflow/example_dags/example_sla_dag.py
[2023-12-29T04:43:21.557+0000] {processor.py:766} INFO - DAG(s) dict_keys(['example_sla_dag']) retrieved from /home/airflow/.local/lib/python3.7/site-packages/airflow/example_dags/example_sla_dag.py
[2023-12-29T04:43:21.597+0000] {logging_mixin.py:120} INFO - [2023-12-29T04:43:21.597+0000] {dag.py:2585} INFO - Sync 1 DAGs
[2023-12-29T04:43:21.627+0000] {logging_mixin.py:120} INFO - [2023-12-29T04:43:21.627+0000] {dag.py:3340} INFO - Setting next_dagrun for example_sla_dag to 2023-12-29T04:40:00+00:00, run_after=2023-12-29T04:42:00+00:00
[2023-12-29T04:43:21.646+0000] {processor.py:176} INFO - Processing /home/airflow/.local/lib/python3.7/site-packages/airflow/example_dags/example_sla_dag.py took 0.119 seconds
[2023-12-29T04:43:51.853+0000] {processor.py:154} INFO - Started process (PID=1396) to work on /home/airflow/.local/lib/python3.7/site-packages/airflow/example_dags/example_sla_dag.py
[2023-12-29T04:43:51.854+0000] {processor.py:756} INFO - Processing file /home/airflow/.local/lib/python3.7/site-packages/airflow/example_dags/example_sla_dag.py for tasks to queue
[2023-12-29T04:43:51.855+0000] {logging_mixin.py:120} INFO - [2023-12-29T04:43:51.855+0000] {dagbag.py:537} INFO - Filling up the DagBag from /home/airflow/.local/lib/python3.7/site-packages/airflow/example_dags/example_sla_dag.py
[2023-12-29T04:43:51.878+0000] {processor.py:766} INFO - DAG(s) dict_keys(['example_sla_dag']) retrieved from /home/airflow/.local/lib/python3.7/site-packages/airflow/example_dags/example_sla_dag.py
[2023-12-29T04:43:51.920+0000] {logging_mixin.py:120} INFO - [2023-12-29T04:43:51.920+0000] {dag.py:2585} INFO - Sync 1 DAGs
[2023-12-29T04:43:51.950+0000] {logging_mixin.py:120} INFO - [2023-12-29T04:43:51.950+0000] {dag.py:3340} INFO - Setting next_dagrun for example_sla_dag to 2023-12-29T04:40:00+00:00, run_after=2023-12-29T04:42:00+00:00
[2023-12-29T04:43:51.968+0000] {processor.py:176} INFO - Processing /home/airflow/.local/lib/python3.7/site-packages/airflow/example_dags/example_sla_dag.py took 0.117 seconds
[2023-12-29T04:44:22.722+0000] {processor.py:154} INFO - Started process (PID=1461) to work on /home/airflow/.local/lib/python3.7/site-packages/airflow/example_dags/example_sla_dag.py
[2023-12-29T04:44:22.722+0000] {processor.py:756} INFO - Processing file /home/airflow/.local/lib/python3.7/site-packages/airflow/example_dags/example_sla_dag.py for tasks to queue
[2023-12-29T04:44:22.723+0000] {logging_mixin.py:120} INFO - [2023-12-29T04:44:22.723+0000] {dagbag.py:537} INFO - Filling up the DagBag from /home/airflow/.local/lib/python3.7/site-packages/airflow/example_dags/example_sla_dag.py
[2023-12-29T04:44:22.750+0000] {processor.py:766} INFO - DAG(s) dict_keys(['example_sla_dag']) retrieved from /home/airflow/.local/lib/python3.7/site-packages/airflow/example_dags/example_sla_dag.py
[2023-12-29T04:44:22.788+0000] {logging_mixin.py:120} INFO - [2023-12-29T04:44:22.788+0000] {dag.py:2585} INFO - Sync 1 DAGs
[2023-12-29T04:44:22.833+0000] {logging_mixin.py:120} INFO - [2023-12-29T04:44:22.833+0000] {dag.py:3340} INFO - Setting next_dagrun for example_sla_dag to 2023-12-29T04:42:00+00:00, run_after=2023-12-29T04:44:00+00:00
[2023-12-29T04:44:22.854+0000] {processor.py:176} INFO - Processing /home/airflow/.local/lib/python3.7/site-packages/airflow/example_dags/example_sla_dag.py took 0.135 seconds
[2023-12-29T04:44:52.895+0000] {processor.py:154} INFO - Started process (PID=1514) to work on /home/airflow/.local/lib/python3.7/site-packages/airflow/example_dags/example_sla_dag.py
[2023-12-29T04:44:52.896+0000] {processor.py:756} INFO - Processing file /home/airflow/.local/lib/python3.7/site-packages/airflow/example_dags/example_sla_dag.py for tasks to queue
[2023-12-29T04:44:52.897+0000] {logging_mixin.py:120} INFO - [2023-12-29T04:44:52.897+0000] {dagbag.py:537} INFO - Filling up the DagBag from /home/airflow/.local/lib/python3.7/site-packages/airflow/example_dags/example_sla_dag.py
[2023-12-29T04:44:52.920+0000] {processor.py:766} INFO - DAG(s) dict_keys(['example_sla_dag']) retrieved from /home/airflow/.local/lib/python3.7/site-packages/airflow/example_dags/example_sla_dag.py
[2023-12-29T04:44:52.958+0000] {logging_mixin.py:120} INFO - [2023-12-29T04:44:52.958+0000] {dag.py:2585} INFO - Sync 1 DAGs
[2023-12-29T04:44:52.988+0000] {logging_mixin.py:120} INFO - [2023-12-29T04:44:52.988+0000] {dag.py:3340} INFO - Setting next_dagrun for example_sla_dag to 2023-12-29T04:42:00+00:00, run_after=2023-12-29T04:44:00+00:00
[2023-12-29T04:44:53.006+0000] {processor.py:176} INFO - Processing /home/airflow/.local/lib/python3.7/site-packages/airflow/example_dags/example_sla_dag.py took 0.113 seconds
[2023-12-29T04:45:23.554+0000] {processor.py:154} INFO - Started process (PID=1578) to work on /home/airflow/.local/lib/python3.7/site-packages/airflow/example_dags/example_sla_dag.py
[2023-12-29T04:45:23.555+0000] {processor.py:756} INFO - Processing file /home/airflow/.local/lib/python3.7/site-packages/airflow/example_dags/example_sla_dag.py for tasks to queue
[2023-12-29T04:45:23.555+0000] {logging_mixin.py:120} INFO - [2023-12-29T04:45:23.555+0000] {dagbag.py:537} INFO - Filling up the DagBag from /home/airflow/.local/lib/python3.7/site-packages/airflow/example_dags/example_sla_dag.py
[2023-12-29T04:45:23.579+0000] {processor.py:766} INFO - DAG(s) dict_keys(['example_sla_dag']) retrieved from /home/airflow/.local/lib/python3.7/site-packages/airflow/example_dags/example_sla_dag.py
[2023-12-29T04:45:23.621+0000] {logging_mixin.py:120} INFO - [2023-12-29T04:45:23.620+0000] {dag.py:2585} INFO - Sync 1 DAGs
[2023-12-29T04:45:23.651+0000] {logging_mixin.py:120} INFO - [2023-12-29T04:45:23.651+0000] {dag.py:3340} INFO - Setting next_dagrun for example_sla_dag to 2023-12-29T04:42:00+00:00, run_after=2023-12-29T04:44:00+00:00
[2023-12-29T04:45:23.669+0000] {processor.py:176} INFO - Processing /home/airflow/.local/lib/python3.7/site-packages/airflow/example_dags/example_sla_dag.py took 0.118 seconds
[2023-12-29T04:45:53.825+0000] {processor.py:154} INFO - Started process (PID=1634) to work on /home/airflow/.local/lib/python3.7/site-packages/airflow/example_dags/example_sla_dag.py
[2023-12-29T04:45:53.826+0000] {processor.py:756} INFO - Processing file /home/airflow/.local/lib/python3.7/site-packages/airflow/example_dags/example_sla_dag.py for tasks to queue
[2023-12-29T04:45:53.826+0000] {logging_mixin.py:120} INFO - [2023-12-29T04:45:53.826+0000] {dagbag.py:537} INFO - Filling up the DagBag from /home/airflow/.local/lib/python3.7/site-packages/airflow/example_dags/example_sla_dag.py
[2023-12-29T04:45:53.849+0000] {processor.py:766} INFO - DAG(s) dict_keys(['example_sla_dag']) retrieved from /home/airflow/.local/lib/python3.7/site-packages/airflow/example_dags/example_sla_dag.py
[2023-12-29T04:45:53.893+0000] {logging_mixin.py:120} INFO - [2023-12-29T04:45:53.893+0000] {dag.py:2585} INFO - Sync 1 DAGs
[2023-12-29T04:45:53.927+0000] {logging_mixin.py:120} INFO - [2023-12-29T04:45:53.926+0000] {dag.py:3340} INFO - Setting next_dagrun for example_sla_dag to 2023-12-29T04:42:00+00:00, run_after=2023-12-29T04:44:00+00:00
[2023-12-29T04:45:53.946+0000] {processor.py:176} INFO - Processing /home/airflow/.local/lib/python3.7/site-packages/airflow/example_dags/example_sla_dag.py took 0.124 seconds
[2023-12-29T04:46:24.184+0000] {processor.py:154} INFO - Started process (PID=1698) to work on /home/airflow/.local/lib/python3.7/site-packages/airflow/example_dags/example_sla_dag.py
[2023-12-29T04:46:24.184+0000] {processor.py:756} INFO - Processing file /home/airflow/.local/lib/python3.7/site-packages/airflow/example_dags/example_sla_dag.py for tasks to queue
[2023-12-29T04:46:24.185+0000] {logging_mixin.py:120} INFO - [2023-12-29T04:46:24.185+0000] {dagbag.py:537} INFO - Filling up the DagBag from /home/airflow/.local/lib/python3.7/site-packages/airflow/example_dags/example_sla_dag.py
[2023-12-29T04:46:24.207+0000] {processor.py:766} INFO - DAG(s) dict_keys(['example_sla_dag']) retrieved from /home/airflow/.local/lib/python3.7/site-packages/airflow/example_dags/example_sla_dag.py
[2023-12-29T04:46:24.241+0000] {logging_mixin.py:120} INFO - [2023-12-29T04:46:24.241+0000] {dag.py:2585} INFO - Sync 1 DAGs
[2023-12-29T04:46:24.268+0000] {logging_mixin.py:120} INFO - [2023-12-29T04:46:24.268+0000] {dag.py:3340} INFO - Setting next_dagrun for example_sla_dag to 2023-12-29T04:44:00+00:00, run_after=2023-12-29T04:46:00+00:00
[2023-12-29T04:46:24.289+0000] {processor.py:176} INFO - Processing /home/airflow/.local/lib/python3.7/site-packages/airflow/example_dags/example_sla_dag.py took 0.108 seconds
[2023-12-29T04:46:54.904+0000] {processor.py:154} INFO - Started process (PID=1763) to work on /home/airflow/.local/lib/python3.7/site-packages/airflow/example_dags/example_sla_dag.py
[2023-12-29T04:46:54.905+0000] {processor.py:756} INFO - Processing file /home/airflow/.local/lib/python3.7/site-packages/airflow/example_dags/example_sla_dag.py for tasks to queue
[2023-12-29T04:46:54.905+0000] {logging_mixin.py:120} INFO - [2023-12-29T04:46:54.905+0000] {dagbag.py:537} INFO - Filling up the DagBag from /home/airflow/.local/lib/python3.7/site-packages/airflow/example_dags/example_sla_dag.py
[2023-12-29T04:46:54.928+0000] {processor.py:766} INFO - DAG(s) dict_keys(['example_sla_dag']) retrieved from /home/airflow/.local/lib/python3.7/site-packages/airflow/example_dags/example_sla_dag.py
[2023-12-29T04:46:54.964+0000] {logging_mixin.py:120} INFO - [2023-12-29T04:46:54.964+0000] {dag.py:2585} INFO - Sync 1 DAGs
[2023-12-29T04:46:54.997+0000] {logging_mixin.py:120} INFO - [2023-12-29T04:46:54.996+0000] {dag.py:3340} INFO - Setting next_dagrun for example_sla_dag to 2023-12-29T04:44:00+00:00, run_after=2023-12-29T04:46:00+00:00
[2023-12-29T04:46:55.014+0000] {processor.py:176} INFO - Processing /home/airflow/.local/lib/python3.7/site-packages/airflow/example_dags/example_sla_dag.py took 0.113 seconds
[2023-12-29T04:47:25.579+0000] {processor.py:154} INFO - Started process (PID=1817) to work on /home/airflow/.local/lib/python3.7/site-packages/airflow/example_dags/example_sla_dag.py
[2023-12-29T04:47:25.580+0000] {processor.py:756} INFO - Processing file /home/airflow/.local/lib/python3.7/site-packages/airflow/example_dags/example_sla_dag.py for tasks to queue
[2023-12-29T04:47:25.580+0000] {logging_mixin.py:120} INFO - [2023-12-29T04:47:25.580+0000] {dagbag.py:537} INFO - Filling up the DagBag from /home/airflow/.local/lib/python3.7/site-packages/airflow/example_dags/example_sla_dag.py
[2023-12-29T04:47:25.601+0000] {processor.py:766} INFO - DAG(s) dict_keys(['example_sla_dag']) retrieved from /home/airflow/.local/lib/python3.7/site-packages/airflow/example_dags/example_sla_dag.py
[2023-12-29T04:47:25.641+0000] {logging_mixin.py:120} INFO - [2023-12-29T04:47:25.641+0000] {dag.py:2585} INFO - Sync 1 DAGs
[2023-12-29T04:47:25.668+0000] {logging_mixin.py:120} INFO - [2023-12-29T04:47:25.668+0000] {dag.py:3340} INFO - Setting next_dagrun for example_sla_dag to 2023-12-29T04:44:00+00:00, run_after=2023-12-29T04:46:00+00:00
[2023-12-29T04:47:25.684+0000] {processor.py:176} INFO - Processing /home/airflow/.local/lib/python3.7/site-packages/airflow/example_dags/example_sla_dag.py took 0.109 seconds
[2023-12-29T04:47:56.375+0000] {processor.py:154} INFO - Started process (PID=1881) to work on /home/airflow/.local/lib/python3.7/site-packages/airflow/example_dags/example_sla_dag.py
[2023-12-29T04:47:56.376+0000] {processor.py:756} INFO - Processing file /home/airflow/.local/lib/python3.7/site-packages/airflow/example_dags/example_sla_dag.py for tasks to queue
[2023-12-29T04:47:56.377+0000] {logging_mixin.py:120} INFO - [2023-12-29T04:47:56.377+0000] {dagbag.py:537} INFO - Filling up the DagBag from /home/airflow/.local/lib/python3.7/site-packages/airflow/example_dags/example_sla_dag.py
[2023-12-29T04:47:56.405+0000] {processor.py:766} INFO - DAG(s) dict_keys(['example_sla_dag']) retrieved from /home/airflow/.local/lib/python3.7/site-packages/airflow/example_dags/example_sla_dag.py
[2023-12-29T04:47:56.447+0000] {logging_mixin.py:120} INFO - [2023-12-29T04:47:56.447+0000] {dag.py:2585} INFO - Sync 1 DAGs
[2023-12-29T04:47:56.476+0000] {logging_mixin.py:120} INFO - [2023-12-29T04:47:56.476+0000] {dag.py:3340} INFO - Setting next_dagrun for example_sla_dag to 2023-12-29T04:44:00+00:00, run_after=2023-12-29T04:46:00+00:00
[2023-12-29T04:47:56.497+0000] {processor.py:176} INFO - Processing /home/airflow/.local/lib/python3.7/site-packages/airflow/example_dags/example_sla_dag.py took 0.125 seconds
[2023-12-29T04:48:27.303+0000] {processor.py:154} INFO - Started process (PID=1946) to work on /home/airflow/.local/lib/python3.7/site-packages/airflow/example_dags/example_sla_dag.py
[2023-12-29T04:48:27.304+0000] {processor.py:756} INFO - Processing file /home/airflow/.local/lib/python3.7/site-packages/airflow/example_dags/example_sla_dag.py for tasks to queue
[2023-12-29T04:48:27.305+0000] {logging_mixin.py:120} INFO - [2023-12-29T04:48:27.304+0000] {dagbag.py:537} INFO - Filling up the DagBag from /home/airflow/.local/lib/python3.7/site-packages/airflow/example_dags/example_sla_dag.py
[2023-12-29T04:48:27.327+0000] {processor.py:766} INFO - DAG(s) dict_keys(['example_sla_dag']) retrieved from /home/airflow/.local/lib/python3.7/site-packages/airflow/example_dags/example_sla_dag.py
[2023-12-29T04:48:27.367+0000] {logging_mixin.py:120} INFO - [2023-12-29T04:48:27.367+0000] {dag.py:2585} INFO - Sync 1 DAGs
[2023-12-29T04:48:27.399+0000] {logging_mixin.py:120} INFO - [2023-12-29T04:48:27.399+0000] {dag.py:3340} INFO - Setting next_dagrun for example_sla_dag to 2023-12-29T04:46:00+00:00, run_after=2023-12-29T04:48:00+00:00
[2023-12-29T04:48:27.426+0000] {processor.py:176} INFO - Processing /home/airflow/.local/lib/python3.7/site-packages/airflow/example_dags/example_sla_dag.py took 0.126 seconds
[2023-12-29T04:48:57.936+0000] {processor.py:154} INFO - Started process (PID=2011) to work on /home/airflow/.local/lib/python3.7/site-packages/airflow/example_dags/example_sla_dag.py
[2023-12-29T04:48:57.937+0000] {processor.py:756} INFO - Processing file /home/airflow/.local/lib/python3.7/site-packages/airflow/example_dags/example_sla_dag.py for tasks to queue
[2023-12-29T04:48:57.937+0000] {logging_mixin.py:120} INFO - [2023-12-29T04:48:57.937+0000] {dagbag.py:537} INFO - Filling up the DagBag from /home/airflow/.local/lib/python3.7/site-packages/airflow/example_dags/example_sla_dag.py
[2023-12-29T04:48:57.989+0000] {processor.py:766} INFO - DAG(s) dict_keys(['example_sla_dag']) retrieved from /home/airflow/.local/lib/python3.7/site-packages/airflow/example_dags/example_sla_dag.py
[2023-12-29T04:48:58.035+0000] {logging_mixin.py:120} INFO - [2023-12-29T04:48:58.035+0000] {dag.py:2585} INFO - Sync 1 DAGs
[2023-12-29T04:48:58.070+0000] {logging_mixin.py:120} INFO - [2023-12-29T04:48:58.069+0000] {dag.py:3340} INFO - Setting next_dagrun for example_sla_dag to 2023-12-29T04:46:00+00:00, run_after=2023-12-29T04:48:00+00:00
[2023-12-29T04:48:58.089+0000] {processor.py:176} INFO - Processing /home/airflow/.local/lib/python3.7/site-packages/airflow/example_dags/example_sla_dag.py took 0.157 seconds
[2023-12-29T04:49:28.206+0000] {processor.py:154} INFO - Started process (PID=2067) to work on /home/airflow/.local/lib/python3.7/site-packages/airflow/example_dags/example_sla_dag.py
[2023-12-29T04:49:28.207+0000] {processor.py:756} INFO - Processing file /home/airflow/.local/lib/python3.7/site-packages/airflow/example_dags/example_sla_dag.py for tasks to queue
[2023-12-29T04:49:28.207+0000] {logging_mixin.py:120} INFO - [2023-12-29T04:49:28.207+0000] {dagbag.py:537} INFO - Filling up the DagBag from /home/airflow/.local/lib/python3.7/site-packages/airflow/example_dags/example_sla_dag.py
[2023-12-29T04:49:28.228+0000] {processor.py:766} INFO - DAG(s) dict_keys(['example_sla_dag']) retrieved from /home/airflow/.local/lib/python3.7/site-packages/airflow/example_dags/example_sla_dag.py
[2023-12-29T04:49:28.266+0000] {logging_mixin.py:120} INFO - [2023-12-29T04:49:28.266+0000] {dag.py:2585} INFO - Sync 1 DAGs
[2023-12-29T04:49:28.294+0000] {logging_mixin.py:120} INFO - [2023-12-29T04:49:28.293+0000] {dag.py:3340} INFO - Setting next_dagrun for example_sla_dag to 2023-12-29T04:46:00+00:00, run_after=2023-12-29T04:48:00+00:00
[2023-12-29T04:49:28.311+0000] {processor.py:176} INFO - Processing /home/airflow/.local/lib/python3.7/site-packages/airflow/example_dags/example_sla_dag.py took 0.108 seconds
[2023-12-29T04:49:59.121+0000] {processor.py:154} INFO - Started process (PID=2132) to work on /home/airflow/.local/lib/python3.7/site-packages/airflow/example_dags/example_sla_dag.py
[2023-12-29T04:49:59.122+0000] {processor.py:756} INFO - Processing file /home/airflow/.local/lib/python3.7/site-packages/airflow/example_dags/example_sla_dag.py for tasks to queue
[2023-12-29T04:49:59.123+0000] {logging_mixin.py:120} INFO - [2023-12-29T04:49:59.123+0000] {dagbag.py:537} INFO - Filling up the DagBag from /home/airflow/.local/lib/python3.7/site-packages/airflow/example_dags/example_sla_dag.py
[2023-12-29T04:49:59.145+0000] {processor.py:766} INFO - DAG(s) dict_keys(['example_sla_dag']) retrieved from /home/airflow/.local/lib/python3.7/site-packages/airflow/example_dags/example_sla_dag.py
[2023-12-29T04:49:59.179+0000] {logging_mixin.py:120} INFO - [2023-12-29T04:49:59.179+0000] {dag.py:2585} INFO - Sync 1 DAGs
[2023-12-29T04:49:59.206+0000] {logging_mixin.py:120} INFO - [2023-12-29T04:49:59.206+0000] {dag.py:3340} INFO - Setting next_dagrun for example_sla_dag to 2023-12-29T04:46:00+00:00, run_after=2023-12-29T04:48:00+00:00
[2023-12-29T04:49:59.223+0000] {processor.py:176} INFO - Processing /home/airflow/.local/lib/python3.7/site-packages/airflow/example_dags/example_sla_dag.py took 0.104 seconds
[2023-12-29T04:50:29.757+0000] {processor.py:154} INFO - Started process (PID=2194) to work on /home/airflow/.local/lib/python3.7/site-packages/airflow/example_dags/example_sla_dag.py
[2023-12-29T04:50:29.758+0000] {processor.py:756} INFO - Processing file /home/airflow/.local/lib/python3.7/site-packages/airflow/example_dags/example_sla_dag.py for tasks to queue
[2023-12-29T04:50:29.759+0000] {logging_mixin.py:120} INFO - [2023-12-29T04:50:29.759+0000] {dagbag.py:537} INFO - Filling up the DagBag from /home/airflow/.local/lib/python3.7/site-packages/airflow/example_dags/example_sla_dag.py
[2023-12-29T04:50:29.780+0000] {processor.py:766} INFO - DAG(s) dict_keys(['example_sla_dag']) retrieved from /home/airflow/.local/lib/python3.7/site-packages/airflow/example_dags/example_sla_dag.py
[2023-12-29T04:50:29.816+0000] {logging_mixin.py:120} INFO - [2023-12-29T04:50:29.816+0000] {dag.py:2585} INFO - Sync 1 DAGs
[2023-12-29T04:50:29.846+0000] {logging_mixin.py:120} INFO - [2023-12-29T04:50:29.846+0000] {dag.py:3340} INFO - Setting next_dagrun for example_sla_dag to 2023-12-29T04:48:00+00:00, run_after=2023-12-29T04:50:00+00:00
[2023-12-29T04:50:29.863+0000] {processor.py:176} INFO - Processing /home/airflow/.local/lib/python3.7/site-packages/airflow/example_dags/example_sla_dag.py took 0.108 seconds
[2023-12-29T04:51:00.373+0000] {processor.py:154} INFO - Started process (PID=2250) to work on /home/airflow/.local/lib/python3.7/site-packages/airflow/example_dags/example_sla_dag.py
[2023-12-29T04:51:00.374+0000] {processor.py:756} INFO - Processing file /home/airflow/.local/lib/python3.7/site-packages/airflow/example_dags/example_sla_dag.py for tasks to queue
[2023-12-29T04:51:00.375+0000] {logging_mixin.py:120} INFO - [2023-12-29T04:51:00.375+0000] {dagbag.py:537} INFO - Filling up the DagBag from /home/airflow/.local/lib/python3.7/site-packages/airflow/example_dags/example_sla_dag.py
[2023-12-29T04:51:00.397+0000] {processor.py:766} INFO - DAG(s) dict_keys(['example_sla_dag']) retrieved from /home/airflow/.local/lib/python3.7/site-packages/airflow/example_dags/example_sla_dag.py
[2023-12-29T04:51:00.436+0000] {logging_mixin.py:120} INFO - [2023-12-29T04:51:00.436+0000] {dag.py:2585} INFO - Sync 1 DAGs
[2023-12-29T04:51:00.469+0000] {logging_mixin.py:120} INFO - [2023-12-29T04:51:00.469+0000] {dag.py:3340} INFO - Setting next_dagrun for example_sla_dag to 2023-12-29T04:48:00+00:00, run_after=2023-12-29T04:50:00+00:00
[2023-12-29T04:51:00.488+0000] {processor.py:176} INFO - Processing /home/airflow/.local/lib/python3.7/site-packages/airflow/example_dags/example_sla_dag.py took 0.117 seconds
[2023-12-29T04:51:31.042+0000] {processor.py:154} INFO - Started process (PID=2315) to work on /home/airflow/.local/lib/python3.7/site-packages/airflow/example_dags/example_sla_dag.py
[2023-12-29T04:51:31.043+0000] {processor.py:756} INFO - Processing file /home/airflow/.local/lib/python3.7/site-packages/airflow/example_dags/example_sla_dag.py for tasks to queue
[2023-12-29T04:51:31.043+0000] {logging_mixin.py:120} INFO - [2023-12-29T04:51:31.043+0000] {dagbag.py:537} INFO - Filling up the DagBag from /home/airflow/.local/lib/python3.7/site-packages/airflow/example_dags/example_sla_dag.py
[2023-12-29T04:51:31.064+0000] {processor.py:766} INFO - DAG(s) dict_keys(['example_sla_dag']) retrieved from /home/airflow/.local/lib/python3.7/site-packages/airflow/example_dags/example_sla_dag.py
[2023-12-29T04:51:31.101+0000] {logging_mixin.py:120} INFO - [2023-12-29T04:51:31.101+0000] {dag.py:2585} INFO - Sync 1 DAGs
[2023-12-29T04:51:31.129+0000] {logging_mixin.py:120} INFO - [2023-12-29T04:51:31.129+0000] {dag.py:3340} INFO - Setting next_dagrun for example_sla_dag to 2023-12-29T04:48:00+00:00, run_after=2023-12-29T04:50:00+00:00
[2023-12-29T04:51:31.147+0000] {processor.py:176} INFO - Processing /home/airflow/.local/lib/python3.7/site-packages/airflow/example_dags/example_sla_dag.py took 0.107 seconds
[2023-12-29T04:52:01.770+0000] {processor.py:154} INFO - Started process (PID=2380) to work on /home/airflow/.local/lib/python3.7/site-packages/airflow/example_dags/example_sla_dag.py
[2023-12-29T04:52:01.771+0000] {processor.py:756} INFO - Processing file /home/airflow/.local/lib/python3.7/site-packages/airflow/example_dags/example_sla_dag.py for tasks to queue
[2023-12-29T04:52:01.771+0000] {logging_mixin.py:120} INFO - [2023-12-29T04:52:01.771+0000] {dagbag.py:537} INFO - Filling up the DagBag from /home/airflow/.local/lib/python3.7/site-packages/airflow/example_dags/example_sla_dag.py
[2023-12-29T04:52:01.793+0000] {processor.py:766} INFO - DAG(s) dict_keys(['example_sla_dag']) retrieved from /home/airflow/.local/lib/python3.7/site-packages/airflow/example_dags/example_sla_dag.py
[2023-12-29T04:52:01.827+0000] {logging_mixin.py:120} INFO - [2023-12-29T04:52:01.827+0000] {dag.py:2585} INFO - Sync 1 DAGs
[2023-12-29T04:52:01.853+0000] {logging_mixin.py:120} INFO - [2023-12-29T04:52:01.853+0000] {dag.py:3340} INFO - Setting next_dagrun for example_sla_dag to 2023-12-29T04:50:00+00:00, run_after=2023-12-29T04:52:00+00:00
[2023-12-29T04:52:01.870+0000] {processor.py:176} INFO - Processing /home/airflow/.local/lib/python3.7/site-packages/airflow/example_dags/example_sla_dag.py took 0.102 seconds
[2023-12-29T04:52:32.383+0000] {processor.py:154} INFO - Started process (PID=2442) to work on /home/airflow/.local/lib/python3.7/site-packages/airflow/example_dags/example_sla_dag.py
[2023-12-29T04:52:32.383+0000] {processor.py:756} INFO - Processing file /home/airflow/.local/lib/python3.7/site-packages/airflow/example_dags/example_sla_dag.py for tasks to queue
[2023-12-29T04:52:32.384+0000] {logging_mixin.py:120} INFO - [2023-12-29T04:52:32.384+0000] {dagbag.py:537} INFO - Filling up the DagBag from /home/airflow/.local/lib/python3.7/site-packages/airflow/example_dags/example_sla_dag.py
[2023-12-29T04:52:32.408+0000] {processor.py:766} INFO - DAG(s) dict_keys(['example_sla_dag']) retrieved from /home/airflow/.local/lib/python3.7/site-packages/airflow/example_dags/example_sla_dag.py
[2023-12-29T04:52:32.445+0000] {logging_mixin.py:120} INFO - [2023-12-29T04:52:32.445+0000] {dag.py:2585} INFO - Sync 1 DAGs
[2023-12-29T04:52:32.475+0000] {logging_mixin.py:120} INFO - [2023-12-29T04:52:32.475+0000] {dag.py:3340} INFO - Setting next_dagrun for example_sla_dag to 2023-12-29T04:50:00+00:00, run_after=2023-12-29T04:52:00+00:00
[2023-12-29T04:52:32.493+0000] {processor.py:176} INFO - Processing /home/airflow/.local/lib/python3.7/site-packages/airflow/example_dags/example_sla_dag.py took 0.113 seconds
[2023-12-29T04:53:02.988+0000] {processor.py:154} INFO - Started process (PID=2500) to work on /home/airflow/.local/lib/python3.7/site-packages/airflow/example_dags/example_sla_dag.py
[2023-12-29T04:53:02.989+0000] {processor.py:756} INFO - Processing file /home/airflow/.local/lib/python3.7/site-packages/airflow/example_dags/example_sla_dag.py for tasks to queue
[2023-12-29T04:53:02.989+0000] {logging_mixin.py:120} INFO - [2023-12-29T04:53:02.989+0000] {dagbag.py:537} INFO - Filling up the DagBag from /home/airflow/.local/lib/python3.7/site-packages/airflow/example_dags/example_sla_dag.py
[2023-12-29T04:53:03.013+0000] {processor.py:766} INFO - DAG(s) dict_keys(['example_sla_dag']) retrieved from /home/airflow/.local/lib/python3.7/site-packages/airflow/example_dags/example_sla_dag.py
[2023-12-29T04:53:03.050+0000] {logging_mixin.py:120} INFO - [2023-12-29T04:53:03.050+0000] {dag.py:2585} INFO - Sync 1 DAGs
[2023-12-29T04:53:03.080+0000] {logging_mixin.py:120} INFO - [2023-12-29T04:53:03.080+0000] {dag.py:3340} INFO - Setting next_dagrun for example_sla_dag to 2023-12-29T04:50:00+00:00, run_after=2023-12-29T04:52:00+00:00
[2023-12-29T04:53:03.096+0000] {processor.py:176} INFO - Processing /home/airflow/.local/lib/python3.7/site-packages/airflow/example_dags/example_sla_dag.py took 0.111 seconds
[2023-12-29T04:53:33.514+0000] {processor.py:154} INFO - Started process (PID=2564) to work on /home/airflow/.local/lib/python3.7/site-packages/airflow/example_dags/example_sla_dag.py
[2023-12-29T04:53:33.515+0000] {processor.py:756} INFO - Processing file /home/airflow/.local/lib/python3.7/site-packages/airflow/example_dags/example_sla_dag.py for tasks to queue
[2023-12-29T04:53:33.515+0000] {logging_mixin.py:120} INFO - [2023-12-29T04:53:33.515+0000] {dagbag.py:537} INFO - Filling up the DagBag from /home/airflow/.local/lib/python3.7/site-packages/airflow/example_dags/example_sla_dag.py
[2023-12-29T04:53:33.537+0000] {processor.py:766} INFO - DAG(s) dict_keys(['example_sla_dag']) retrieved from /home/airflow/.local/lib/python3.7/site-packages/airflow/example_dags/example_sla_dag.py
[2023-12-29T04:53:33.572+0000] {logging_mixin.py:120} INFO - [2023-12-29T04:53:33.572+0000] {dag.py:2585} INFO - Sync 1 DAGs
[2023-12-29T04:53:33.600+0000] {logging_mixin.py:120} INFO - [2023-12-29T04:53:33.599+0000] {dag.py:3340} INFO - Setting next_dagrun for example_sla_dag to 2023-12-29T04:50:00+00:00, run_after=2023-12-29T04:52:00+00:00
[2023-12-29T04:53:33.615+0000] {processor.py:176} INFO - Processing /home/airflow/.local/lib/python3.7/site-packages/airflow/example_dags/example_sla_dag.py took 0.104 seconds
[2023-12-29T04:54:04.016+0000] {processor.py:154} INFO - Started process (PID=2628) to work on /home/airflow/.local/lib/python3.7/site-packages/airflow/example_dags/example_sla_dag.py
[2023-12-29T04:54:04.016+0000] {processor.py:756} INFO - Processing file /home/airflow/.local/lib/python3.7/site-packages/airflow/example_dags/example_sla_dag.py for tasks to queue
[2023-12-29T04:54:04.017+0000] {logging_mixin.py:120} INFO - [2023-12-29T04:54:04.017+0000] {dagbag.py:537} INFO - Filling up the DagBag from /home/airflow/.local/lib/python3.7/site-packages/airflow/example_dags/example_sla_dag.py
[2023-12-29T04:54:04.038+0000] {processor.py:766} INFO - DAG(s) dict_keys(['example_sla_dag']) retrieved from /home/airflow/.local/lib/python3.7/site-packages/airflow/example_dags/example_sla_dag.py
[2023-12-29T04:54:04.073+0000] {logging_mixin.py:120} INFO - [2023-12-29T04:54:04.073+0000] {dag.py:2585} INFO - Sync 1 DAGs
[2023-12-29T04:54:04.101+0000] {logging_mixin.py:120} INFO - [2023-12-29T04:54:04.101+0000] {dag.py:3340} INFO - Setting next_dagrun for example_sla_dag to 2023-12-29T04:52:00+00:00, run_after=2023-12-29T04:54:00+00:00
[2023-12-29T04:54:04.118+0000] {processor.py:176} INFO - Processing /home/airflow/.local/lib/python3.7/site-packages/airflow/example_dags/example_sla_dag.py took 0.105 seconds
[2023-12-29T04:54:34.683+0000] {processor.py:154} INFO - Started process (PID=2683) to work on /home/airflow/.local/lib/python3.7/site-packages/airflow/example_dags/example_sla_dag.py
[2023-12-29T04:54:34.683+0000] {processor.py:756} INFO - Processing file /home/airflow/.local/lib/python3.7/site-packages/airflow/example_dags/example_sla_dag.py for tasks to queue
[2023-12-29T04:54:34.684+0000] {logging_mixin.py:120} INFO - [2023-12-29T04:54:34.684+0000] {dagbag.py:537} INFO - Filling up the DagBag from /home/airflow/.local/lib/python3.7/site-packages/airflow/example_dags/example_sla_dag.py
[2023-12-29T04:54:34.707+0000] {processor.py:766} INFO - DAG(s) dict_keys(['example_sla_dag']) retrieved from /home/airflow/.local/lib/python3.7/site-packages/airflow/example_dags/example_sla_dag.py
[2023-12-29T04:54:34.742+0000] {logging_mixin.py:120} INFO - [2023-12-29T04:54:34.742+0000] {dag.py:2585} INFO - Sync 1 DAGs
[2023-12-29T04:54:34.772+0000] {logging_mixin.py:120} INFO - [2023-12-29T04:54:34.771+0000] {dag.py:3340} INFO - Setting next_dagrun for example_sla_dag to 2023-12-29T04:52:00+00:00, run_after=2023-12-29T04:54:00+00:00
[2023-12-29T04:54:34.790+0000] {processor.py:176} INFO - Processing /home/airflow/.local/lib/python3.7/site-packages/airflow/example_dags/example_sla_dag.py took 0.111 seconds
[2023-12-29T04:55:05.273+0000] {processor.py:154} INFO - Started process (PID=2747) to work on /home/airflow/.local/lib/python3.7/site-packages/airflow/example_dags/example_sla_dag.py
[2023-12-29T04:55:05.274+0000] {processor.py:756} INFO - Processing file /home/airflow/.local/lib/python3.7/site-packages/airflow/example_dags/example_sla_dag.py for tasks to queue
[2023-12-29T04:55:05.275+0000] {logging_mixin.py:120} INFO - [2023-12-29T04:55:05.274+0000] {dagbag.py:537} INFO - Filling up the DagBag from /home/airflow/.local/lib/python3.7/site-packages/airflow/example_dags/example_sla_dag.py
[2023-12-29T04:55:05.297+0000] {processor.py:766} INFO - DAG(s) dict_keys(['example_sla_dag']) retrieved from /home/airflow/.local/lib/python3.7/site-packages/airflow/example_dags/example_sla_dag.py
[2023-12-29T04:55:05.339+0000] {logging_mixin.py:120} INFO - [2023-12-29T04:55:05.339+0000] {dag.py:2585} INFO - Sync 1 DAGs
[2023-12-29T04:55:05.368+0000] {logging_mixin.py:120} INFO - [2023-12-29T04:55:05.368+0000] {dag.py:3340} INFO - Setting next_dagrun for example_sla_dag to 2023-12-29T04:52:00+00:00, run_after=2023-12-29T04:54:00+00:00
[2023-12-29T04:55:05.386+0000] {processor.py:176} INFO - Processing /home/airflow/.local/lib/python3.7/site-packages/airflow/example_dags/example_sla_dag.py took 0.116 seconds
[2023-12-29T04:55:35.919+0000] {processor.py:154} INFO - Started process (PID=2810) to work on /home/airflow/.local/lib/python3.7/site-packages/airflow/example_dags/example_sla_dag.py
[2023-12-29T04:55:35.919+0000] {processor.py:756} INFO - Processing file /home/airflow/.local/lib/python3.7/site-packages/airflow/example_dags/example_sla_dag.py for tasks to queue
[2023-12-29T04:55:35.920+0000] {logging_mixin.py:120} INFO - [2023-12-29T04:55:35.920+0000] {dagbag.py:537} INFO - Filling up the DagBag from /home/airflow/.local/lib/python3.7/site-packages/airflow/example_dags/example_sla_dag.py
[2023-12-29T04:55:35.947+0000] {processor.py:766} INFO - DAG(s) dict_keys(['example_sla_dag']) retrieved from /home/airflow/.local/lib/python3.7/site-packages/airflow/example_dags/example_sla_dag.py
[2023-12-29T04:55:35.984+0000] {logging_mixin.py:120} INFO - [2023-12-29T04:55:35.984+0000] {dag.py:2585} INFO - Sync 1 DAGs
[2023-12-29T04:55:36.011+0000] {logging_mixin.py:120} INFO - [2023-12-29T04:55:36.011+0000] {dag.py:3340} INFO - Setting next_dagrun for example_sla_dag to 2023-12-29T04:52:00+00:00, run_after=2023-12-29T04:54:00+00:00
[2023-12-29T04:55:36.030+0000] {processor.py:176} INFO - Processing /home/airflow/.local/lib/python3.7/site-packages/airflow/example_dags/example_sla_dag.py took 0.114 seconds
[2023-12-29T04:56:07.036+0000] {processor.py:154} INFO - Started process (PID=2874) to work on /home/airflow/.local/lib/python3.7/site-packages/airflow/example_dags/example_sla_dag.py
[2023-12-29T04:56:07.037+0000] {processor.py:756} INFO - Processing file /home/airflow/.local/lib/python3.7/site-packages/airflow/example_dags/example_sla_dag.py for tasks to queue
[2023-12-29T04:56:07.037+0000] {logging_mixin.py:120} INFO - [2023-12-29T04:56:07.037+0000] {dagbag.py:537} INFO - Filling up the DagBag from /home/airflow/.local/lib/python3.7/site-packages/airflow/example_dags/example_sla_dag.py
[2023-12-29T04:56:07.095+0000] {processor.py:766} INFO - DAG(s) dict_keys(['example_sla_dag']) retrieved from /home/airflow/.local/lib/python3.7/site-packages/airflow/example_dags/example_sla_dag.py
[2023-12-29T04:56:07.168+0000] {logging_mixin.py:120} INFO - [2023-12-29T04:56:07.168+0000] {dag.py:2585} INFO - Sync 1 DAGs
[2023-12-29T04:56:07.206+0000] {logging_mixin.py:120} INFO - [2023-12-29T04:56:07.205+0000] {dag.py:3340} INFO - Setting next_dagrun for example_sla_dag to 2023-12-29T04:54:00+00:00, run_after=2023-12-29T04:56:00+00:00
[2023-12-29T04:56:07.235+0000] {processor.py:176} INFO - Processing /home/airflow/.local/lib/python3.7/site-packages/airflow/example_dags/example_sla_dag.py took 0.217 seconds
[2023-12-29T04:56:37.360+0000] {processor.py:154} INFO - Started process (PID=2929) to work on /home/airflow/.local/lib/python3.7/site-packages/airflow/example_dags/example_sla_dag.py
[2023-12-29T04:56:37.361+0000] {processor.py:756} INFO - Processing file /home/airflow/.local/lib/python3.7/site-packages/airflow/example_dags/example_sla_dag.py for tasks to queue
[2023-12-29T04:56:37.361+0000] {logging_mixin.py:120} INFO - [2023-12-29T04:56:37.361+0000] {dagbag.py:537} INFO - Filling up the DagBag from /home/airflow/.local/lib/python3.7/site-packages/airflow/example_dags/example_sla_dag.py
[2023-12-29T04:56:37.381+0000] {processor.py:766} INFO - DAG(s) dict_keys(['example_sla_dag']) retrieved from /home/airflow/.local/lib/python3.7/site-packages/airflow/example_dags/example_sla_dag.py
[2023-12-29T04:56:37.416+0000] {logging_mixin.py:120} INFO - [2023-12-29T04:56:37.415+0000] {dag.py:2585} INFO - Sync 1 DAGs
[2023-12-29T04:56:37.443+0000] {logging_mixin.py:120} INFO - [2023-12-29T04:56:37.443+0000] {dag.py:3340} INFO - Setting next_dagrun for example_sla_dag to 2023-12-29T04:54:00+00:00, run_after=2023-12-29T04:56:00+00:00
[2023-12-29T04:56:37.458+0000] {processor.py:176} INFO - Processing /home/airflow/.local/lib/python3.7/site-packages/airflow/example_dags/example_sla_dag.py took 0.101 seconds
[2023-12-29T04:57:08.044+0000] {processor.py:154} INFO - Started process (PID=2993) to work on /home/airflow/.local/lib/python3.7/site-packages/airflow/example_dags/example_sla_dag.py
[2023-12-29T04:57:08.044+0000] {processor.py:756} INFO - Processing file /home/airflow/.local/lib/python3.7/site-packages/airflow/example_dags/example_sla_dag.py for tasks to queue
[2023-12-29T04:57:08.045+0000] {logging_mixin.py:120} INFO - [2023-12-29T04:57:08.045+0000] {dagbag.py:537} INFO - Filling up the DagBag from /home/airflow/.local/lib/python3.7/site-packages/airflow/example_dags/example_sla_dag.py
[2023-12-29T04:57:08.065+0000] {processor.py:766} INFO - DAG(s) dict_keys(['example_sla_dag']) retrieved from /home/airflow/.local/lib/python3.7/site-packages/airflow/example_dags/example_sla_dag.py
[2023-12-29T04:57:08.099+0000] {logging_mixin.py:120} INFO - [2023-12-29T04:57:08.099+0000] {dag.py:2585} INFO - Sync 1 DAGs
[2023-12-29T04:57:08.125+0000] {logging_mixin.py:120} INFO - [2023-12-29T04:57:08.125+0000] {dag.py:3340} INFO - Setting next_dagrun for example_sla_dag to 2023-12-29T04:54:00+00:00, run_after=2023-12-29T04:56:00+00:00
[2023-12-29T04:57:08.140+0000] {processor.py:176} INFO - Processing /home/airflow/.local/lib/python3.7/site-packages/airflow/example_dags/example_sla_dag.py took 0.099 seconds
[2023-12-29T04:57:38.745+0000] {processor.py:154} INFO - Started process (PID=3059) to work on /home/airflow/.local/lib/python3.7/site-packages/airflow/example_dags/example_sla_dag.py
[2023-12-29T04:57:38.746+0000] {processor.py:756} INFO - Processing file /home/airflow/.local/lib/python3.7/site-packages/airflow/example_dags/example_sla_dag.py for tasks to queue
[2023-12-29T04:57:38.747+0000] {logging_mixin.py:120} INFO - [2023-12-29T04:57:38.746+0000] {dagbag.py:537} INFO - Filling up the DagBag from /home/airflow/.local/lib/python3.7/site-packages/airflow/example_dags/example_sla_dag.py
[2023-12-29T04:57:38.772+0000] {processor.py:766} INFO - DAG(s) dict_keys(['example_sla_dag']) retrieved from /home/airflow/.local/lib/python3.7/site-packages/airflow/example_dags/example_sla_dag.py
[2023-12-29T04:57:38.807+0000] {logging_mixin.py:120} INFO - [2023-12-29T04:57:38.807+0000] {dag.py:2585} INFO - Sync 1 DAGs
[2023-12-29T04:57:38.834+0000] {logging_mixin.py:120} INFO - [2023-12-29T04:57:38.834+0000] {dag.py:3340} INFO - Setting next_dagrun for example_sla_dag to 2023-12-29T04:54:00+00:00, run_after=2023-12-29T04:56:00+00:00
[2023-12-29T04:57:38.850+0000] {processor.py:176} INFO - Processing /home/airflow/.local/lib/python3.7/site-packages/airflow/example_dags/example_sla_dag.py took 0.107 seconds
[2023-12-29T04:58:09.316+0000] {processor.py:154} INFO - Started process (PID=3114) to work on /home/airflow/.local/lib/python3.7/site-packages/airflow/example_dags/example_sla_dag.py
[2023-12-29T04:58:09.316+0000] {processor.py:756} INFO - Processing file /home/airflow/.local/lib/python3.7/site-packages/airflow/example_dags/example_sla_dag.py for tasks to queue
[2023-12-29T04:58:09.317+0000] {logging_mixin.py:120} INFO - [2023-12-29T04:58:09.317+0000] {dagbag.py:537} INFO - Filling up the DagBag from /home/airflow/.local/lib/python3.7/site-packages/airflow/example_dags/example_sla_dag.py
[2023-12-29T04:58:09.339+0000] {processor.py:766} INFO - DAG(s) dict_keys(['example_sla_dag']) retrieved from /home/airflow/.local/lib/python3.7/site-packages/airflow/example_dags/example_sla_dag.py
[2023-12-29T04:58:09.373+0000] {logging_mixin.py:120} INFO - [2023-12-29T04:58:09.373+0000] {dag.py:2585} INFO - Sync 1 DAGs
[2023-12-29T04:58:09.400+0000] {logging_mixin.py:120} INFO - [2023-12-29T04:58:09.400+0000] {dag.py:3340} INFO - Setting next_dagrun for example_sla_dag to 2023-12-29T04:56:00+00:00, run_after=2023-12-29T04:58:00+00:00
[2023-12-29T04:58:09.419+0000] {processor.py:176} INFO - Processing /home/airflow/.local/lib/python3.7/site-packages/airflow/example_dags/example_sla_dag.py took 0.106 seconds
[2023-12-29T04:58:39.985+0000] {processor.py:154} INFO - Started process (PID=3177) to work on /home/airflow/.local/lib/python3.7/site-packages/airflow/example_dags/example_sla_dag.py
[2023-12-29T04:58:39.986+0000] {processor.py:756} INFO - Processing file /home/airflow/.local/lib/python3.7/site-packages/airflow/example_dags/example_sla_dag.py for tasks to queue
[2023-12-29T04:58:39.987+0000] {logging_mixin.py:120} INFO - [2023-12-29T04:58:39.987+0000] {dagbag.py:537} INFO - Filling up the DagBag from /home/airflow/.local/lib/python3.7/site-packages/airflow/example_dags/example_sla_dag.py
[2023-12-29T04:58:40.012+0000] {processor.py:766} INFO - DAG(s) dict_keys(['example_sla_dag']) retrieved from /home/airflow/.local/lib/python3.7/site-packages/airflow/example_dags/example_sla_dag.py
[2023-12-29T04:58:40.046+0000] {logging_mixin.py:120} INFO - [2023-12-29T04:58:40.046+0000] {dag.py:2585} INFO - Sync 1 DAGs
[2023-12-29T04:58:40.075+0000] {logging_mixin.py:120} INFO - [2023-12-29T04:58:40.075+0000] {dag.py:3340} INFO - Setting next_dagrun for example_sla_dag to 2023-12-29T04:56:00+00:00, run_after=2023-12-29T04:58:00+00:00
[2023-12-29T04:58:40.091+0000] {processor.py:176} INFO - Processing /home/airflow/.local/lib/python3.7/site-packages/airflow/example_dags/example_sla_dag.py took 0.111 seconds
[2023-12-29T04:59:10.863+0000] {processor.py:154} INFO - Started process (PID=3243) to work on /home/airflow/.local/lib/python3.7/site-packages/airflow/example_dags/example_sla_dag.py
[2023-12-29T04:59:10.863+0000] {processor.py:756} INFO - Processing file /home/airflow/.local/lib/python3.7/site-packages/airflow/example_dags/example_sla_dag.py for tasks to queue
[2023-12-29T04:59:10.864+0000] {logging_mixin.py:120} INFO - [2023-12-29T04:59:10.864+0000] {dagbag.py:537} INFO - Filling up the DagBag from /home/airflow/.local/lib/python3.7/site-packages/airflow/example_dags/example_sla_dag.py
[2023-12-29T04:59:10.884+0000] {processor.py:766} INFO - DAG(s) dict_keys(['example_sla_dag']) retrieved from /home/airflow/.local/lib/python3.7/site-packages/airflow/example_dags/example_sla_dag.py
[2023-12-29T04:59:10.919+0000] {logging_mixin.py:120} INFO - [2023-12-29T04:59:10.919+0000] {dag.py:2585} INFO - Sync 1 DAGs
[2023-12-29T04:59:10.945+0000] {logging_mixin.py:120} INFO - [2023-12-29T04:59:10.945+0000] {dag.py:3340} INFO - Setting next_dagrun for example_sla_dag to 2023-12-29T04:56:00+00:00, run_after=2023-12-29T04:58:00+00:00
[2023-12-29T04:59:10.960+0000] {processor.py:176} INFO - Processing /home/airflow/.local/lib/python3.7/site-packages/airflow/example_dags/example_sla_dag.py took 0.101 seconds
[2023-12-29T04:59:41.623+0000] {processor.py:154} INFO - Started process (PID=3299) to work on /home/airflow/.local/lib/python3.7/site-packages/airflow/example_dags/example_sla_dag.py
[2023-12-29T04:59:41.623+0000] {processor.py:756} INFO - Processing file /home/airflow/.local/lib/python3.7/site-packages/airflow/example_dags/example_sla_dag.py for tasks to queue
[2023-12-29T04:59:41.624+0000] {logging_mixin.py:120} INFO - [2023-12-29T04:59:41.624+0000] {dagbag.py:537} INFO - Filling up the DagBag from /home/airflow/.local/lib/python3.7/site-packages/airflow/example_dags/example_sla_dag.py
[2023-12-29T04:59:41.644+0000] {processor.py:766} INFO - DAG(s) dict_keys(['example_sla_dag']) retrieved from /home/airflow/.local/lib/python3.7/site-packages/airflow/example_dags/example_sla_dag.py
[2023-12-29T04:59:41.680+0000] {logging_mixin.py:120} INFO - [2023-12-29T04:59:41.680+0000] {dag.py:2585} INFO - Sync 1 DAGs
[2023-12-29T04:59:41.707+0000] {logging_mixin.py:120} INFO - [2023-12-29T04:59:41.707+0000] {dag.py:3340} INFO - Setting next_dagrun for example_sla_dag to 2023-12-29T04:56:00+00:00, run_after=2023-12-29T04:58:00+00:00
[2023-12-29T04:59:41.724+0000] {processor.py:176} INFO - Processing /home/airflow/.local/lib/python3.7/site-packages/airflow/example_dags/example_sla_dag.py took 0.103 seconds
[2023-12-29T05:00:12.331+0000] {processor.py:154} INFO - Started process (PID=3363) to work on /home/airflow/.local/lib/python3.7/site-packages/airflow/example_dags/example_sla_dag.py
[2023-12-29T05:00:12.332+0000] {processor.py:756} INFO - Processing file /home/airflow/.local/lib/python3.7/site-packages/airflow/example_dags/example_sla_dag.py for tasks to queue
[2023-12-29T05:00:12.332+0000] {logging_mixin.py:120} INFO - [2023-12-29T05:00:12.332+0000] {dagbag.py:537} INFO - Filling up the DagBag from /home/airflow/.local/lib/python3.7/site-packages/airflow/example_dags/example_sla_dag.py
[2023-12-29T05:00:12.352+0000] {processor.py:766} INFO - DAG(s) dict_keys(['example_sla_dag']) retrieved from /home/airflow/.local/lib/python3.7/site-packages/airflow/example_dags/example_sla_dag.py
[2023-12-29T05:00:12.386+0000] {logging_mixin.py:120} INFO - [2023-12-29T05:00:12.386+0000] {dag.py:2585} INFO - Sync 1 DAGs
[2023-12-29T05:00:12.416+0000] {logging_mixin.py:120} INFO - [2023-12-29T05:00:12.416+0000] {dag.py:3340} INFO - Setting next_dagrun for example_sla_dag to 2023-12-29T04:58:00+00:00, run_after=2023-12-29T05:00:00+00:00
[2023-12-29T05:00:12.443+0000] {processor.py:176} INFO - Processing /home/airflow/.local/lib/python3.7/site-packages/airflow/example_dags/example_sla_dag.py took 0.115 seconds
[2023-12-29T05:00:42.900+0000] {processor.py:154} INFO - Started process (PID=3427) to work on /home/airflow/.local/lib/python3.7/site-packages/airflow/example_dags/example_sla_dag.py
[2023-12-29T05:00:42.901+0000] {processor.py:756} INFO - Processing file /home/airflow/.local/lib/python3.7/site-packages/airflow/example_dags/example_sla_dag.py for tasks to queue
[2023-12-29T05:00:42.902+0000] {logging_mixin.py:120} INFO - [2023-12-29T05:00:42.901+0000] {dagbag.py:537} INFO - Filling up the DagBag from /home/airflow/.local/lib/python3.7/site-packages/airflow/example_dags/example_sla_dag.py
[2023-12-29T05:00:42.922+0000] {processor.py:766} INFO - DAG(s) dict_keys(['example_sla_dag']) retrieved from /home/airflow/.local/lib/python3.7/site-packages/airflow/example_dags/example_sla_dag.py
[2023-12-29T05:00:42.955+0000] {logging_mixin.py:120} INFO - [2023-12-29T05:00:42.955+0000] {dag.py:2585} INFO - Sync 1 DAGs
[2023-12-29T05:00:42.982+0000] {logging_mixin.py:120} INFO - [2023-12-29T05:00:42.982+0000] {dag.py:3340} INFO - Setting next_dagrun for example_sla_dag to 2023-12-29T04:58:00+00:00, run_after=2023-12-29T05:00:00+00:00
[2023-12-29T05:00:42.998+0000] {processor.py:176} INFO - Processing /home/airflow/.local/lib/python3.7/site-packages/airflow/example_dags/example_sla_dag.py took 0.100 seconds
[2023-12-29T05:01:13.460+0000] {processor.py:154} INFO - Started process (PID=3491) to work on /home/airflow/.local/lib/python3.7/site-packages/airflow/example_dags/example_sla_dag.py
[2023-12-29T05:01:13.461+0000] {processor.py:756} INFO - Processing file /home/airflow/.local/lib/python3.7/site-packages/airflow/example_dags/example_sla_dag.py for tasks to queue
[2023-12-29T05:01:13.461+0000] {logging_mixin.py:120} INFO - [2023-12-29T05:01:13.461+0000] {dagbag.py:537} INFO - Filling up the DagBag from /home/airflow/.local/lib/python3.7/site-packages/airflow/example_dags/example_sla_dag.py
[2023-12-29T05:01:13.482+0000] {processor.py:766} INFO - DAG(s) dict_keys(['example_sla_dag']) retrieved from /home/airflow/.local/lib/python3.7/site-packages/airflow/example_dags/example_sla_dag.py
[2023-12-29T05:01:13.517+0000] {logging_mixin.py:120} INFO - [2023-12-29T05:01:13.517+0000] {dag.py:2585} INFO - Sync 1 DAGs
[2023-12-29T05:01:13.542+0000] {logging_mixin.py:120} INFO - [2023-12-29T05:01:13.542+0000] {dag.py:3340} INFO - Setting next_dagrun for example_sla_dag to 2023-12-29T04:58:00+00:00, run_after=2023-12-29T05:00:00+00:00
[2023-12-29T05:01:13.558+0000] {processor.py:176} INFO - Processing /home/airflow/.local/lib/python3.7/site-packages/airflow/example_dags/example_sla_dag.py took 0.100 seconds
[2023-12-29T05:01:43.989+0000] {processor.py:154} INFO - Started process (PID=3546) to work on /home/airflow/.local/lib/python3.7/site-packages/airflow/example_dags/example_sla_dag.py
[2023-12-29T05:01:43.990+0000] {processor.py:756} INFO - Processing file /home/airflow/.local/lib/python3.7/site-packages/airflow/example_dags/example_sla_dag.py for tasks to queue
[2023-12-29T05:01:43.990+0000] {logging_mixin.py:120} INFO - [2023-12-29T05:01:43.990+0000] {dagbag.py:537} INFO - Filling up the DagBag from /home/airflow/.local/lib/python3.7/site-packages/airflow/example_dags/example_sla_dag.py
[2023-12-29T05:01:44.010+0000] {processor.py:766} INFO - DAG(s) dict_keys(['example_sla_dag']) retrieved from /home/airflow/.local/lib/python3.7/site-packages/airflow/example_dags/example_sla_dag.py
[2023-12-29T05:01:44.044+0000] {logging_mixin.py:120} INFO - [2023-12-29T05:01:44.044+0000] {dag.py:2585} INFO - Sync 1 DAGs
[2023-12-29T05:01:44.070+0000] {logging_mixin.py:120} INFO - [2023-12-29T05:01:44.070+0000] {dag.py:3340} INFO - Setting next_dagrun for example_sla_dag to 2023-12-29T04:58:00+00:00, run_after=2023-12-29T05:00:00+00:00
[2023-12-29T05:01:44.086+0000] {processor.py:176} INFO - Processing /home/airflow/.local/lib/python3.7/site-packages/airflow/example_dags/example_sla_dag.py took 0.099 seconds
