[2023-12-29T04:32:35.701+0000] {processor.py:154} INFO - Started process (PID=36) to work on /home/airflow/.local/lib/python3.7/site-packages/airflow/example_dags/example_task_group.py
[2023-12-29T04:32:35.702+0000] {processor.py:756} INFO - Processing file /home/airflow/.local/lib/python3.7/site-packages/airflow/example_dags/example_task_group.py for tasks to queue
[2023-12-29T04:32:35.703+0000] {logging_mixin.py:120} INFO - [2023-12-29T04:32:35.702+0000] {dagbag.py:537} INFO - Filling up the DagBag from /home/airflow/.local/lib/python3.7/site-packages/airflow/example_dags/example_task_group.py
[2023-12-29T04:32:35.719+0000] {processor.py:766} INFO - DAG(s) dict_keys(['example_task_group']) retrieved from /home/airflow/.local/lib/python3.7/site-packages/airflow/example_dags/example_task_group.py
[2023-12-29T04:32:35.788+0000] {logging_mixin.py:120} INFO - [2023-12-29T04:32:35.788+0000] {dag.py:2585} INFO - Sync 1 DAGs
[2023-12-29T04:32:35.817+0000] {logging_mixin.py:120} INFO - [2023-12-29T04:32:35.817+0000] {dag.py:3340} INFO - Setting next_dagrun for example_task_group to 2023-12-28T04:32:35.817381+00:00, run_after=2023-12-29T04:32:35.817381+00:00
[2023-12-29T04:32:35.838+0000] {processor.py:176} INFO - Processing /home/airflow/.local/lib/python3.7/site-packages/airflow/example_dags/example_task_group.py took 0.139 seconds
[2023-12-29T04:33:06.319+0000] {processor.py:154} INFO - Started process (PID=100) to work on /home/airflow/.local/lib/python3.7/site-packages/airflow/example_dags/example_task_group.py
[2023-12-29T04:33:06.320+0000] {processor.py:756} INFO - Processing file /home/airflow/.local/lib/python3.7/site-packages/airflow/example_dags/example_task_group.py for tasks to queue
[2023-12-29T04:33:06.321+0000] {logging_mixin.py:120} INFO - [2023-12-29T04:33:06.320+0000] {dagbag.py:537} INFO - Filling up the DagBag from /home/airflow/.local/lib/python3.7/site-packages/airflow/example_dags/example_task_group.py
[2023-12-29T04:33:06.336+0000] {processor.py:766} INFO - DAG(s) dict_keys(['example_task_group']) retrieved from /home/airflow/.local/lib/python3.7/site-packages/airflow/example_dags/example_task_group.py
[2023-12-29T04:33:06.373+0000] {logging_mixin.py:120} INFO - [2023-12-29T04:33:06.373+0000] {dag.py:2585} INFO - Sync 1 DAGs
[2023-12-29T04:33:06.399+0000] {logging_mixin.py:120} INFO - [2023-12-29T04:33:06.399+0000] {dag.py:3340} INFO - Setting next_dagrun for example_task_group to 2023-12-28T04:33:06.399603+00:00, run_after=2023-12-29T04:33:06.399603+00:00
[2023-12-29T04:33:06.419+0000] {processor.py:176} INFO - Processing /home/airflow/.local/lib/python3.7/site-packages/airflow/example_dags/example_task_group.py took 0.102 seconds
[2023-12-29T04:33:37.210+0000] {processor.py:154} INFO - Started process (PID=164) to work on /home/airflow/.local/lib/python3.7/site-packages/airflow/example_dags/example_task_group.py
[2023-12-29T04:33:37.212+0000] {processor.py:756} INFO - Processing file /home/airflow/.local/lib/python3.7/site-packages/airflow/example_dags/example_task_group.py for tasks to queue
[2023-12-29T04:33:37.214+0000] {logging_mixin.py:120} INFO - [2023-12-29T04:33:37.214+0000] {dagbag.py:537} INFO - Filling up the DagBag from /home/airflow/.local/lib/python3.7/site-packages/airflow/example_dags/example_task_group.py
[2023-12-29T04:33:37.231+0000] {processor.py:766} INFO - DAG(s) dict_keys(['example_task_group']) retrieved from /home/airflow/.local/lib/python3.7/site-packages/airflow/example_dags/example_task_group.py
[2023-12-29T04:33:37.273+0000] {logging_mixin.py:120} INFO - [2023-12-29T04:33:37.273+0000] {dag.py:2585} INFO - Sync 1 DAGs
[2023-12-29T04:33:37.302+0000] {logging_mixin.py:120} INFO - [2023-12-29T04:33:37.302+0000] {dag.py:3340} INFO - Setting next_dagrun for example_task_group to 2023-12-28T04:33:37.301875+00:00, run_after=2023-12-29T04:33:37.301875+00:00
[2023-12-29T04:33:37.322+0000] {processor.py:176} INFO - Processing /home/airflow/.local/lib/python3.7/site-packages/airflow/example_dags/example_task_group.py took 0.116 seconds
[2023-12-29T04:34:07.484+0000] {processor.py:154} INFO - Started process (PID=221) to work on /home/airflow/.local/lib/python3.7/site-packages/airflow/example_dags/example_task_group.py
[2023-12-29T04:34:07.485+0000] {processor.py:756} INFO - Processing file /home/airflow/.local/lib/python3.7/site-packages/airflow/example_dags/example_task_group.py for tasks to queue
[2023-12-29T04:34:07.485+0000] {logging_mixin.py:120} INFO - [2023-12-29T04:34:07.485+0000] {dagbag.py:537} INFO - Filling up the DagBag from /home/airflow/.local/lib/python3.7/site-packages/airflow/example_dags/example_task_group.py
[2023-12-29T04:34:07.506+0000] {processor.py:766} INFO - DAG(s) dict_keys(['example_task_group']) retrieved from /home/airflow/.local/lib/python3.7/site-packages/airflow/example_dags/example_task_group.py
[2023-12-29T04:34:07.558+0000] {logging_mixin.py:120} INFO - [2023-12-29T04:34:07.558+0000] {dag.py:2585} INFO - Sync 1 DAGs
[2023-12-29T04:34:07.589+0000] {logging_mixin.py:120} INFO - [2023-12-29T04:34:07.589+0000] {dag.py:3340} INFO - Setting next_dagrun for example_task_group to 2023-12-28T04:34:07.589007+00:00, run_after=2023-12-29T04:34:07.589007+00:00
[2023-12-29T04:34:07.613+0000] {processor.py:176} INFO - Processing /home/airflow/.local/lib/python3.7/site-packages/airflow/example_dags/example_task_group.py took 0.133 seconds
