[2023-12-29T04:32:36.689+0000] {processor.py:154} INFO - Started process (PID=45) to work on /home/airflow/.local/lib/python3.7/site-packages/airflow/example_dags/example_branch_python_dop_operator_3.py
[2023-12-29T04:32:36.690+0000] {processor.py:756} INFO - Processing file /home/airflow/.local/lib/python3.7/site-packages/airflow/example_dags/example_branch_python_dop_operator_3.py for tasks to queue
[2023-12-29T04:32:36.690+0000] {logging_mixin.py:120} INFO - [2023-12-29T04:32:36.690+0000] {dagbag.py:537} INFO - Filling up the DagBag from /home/airflow/.local/lib/python3.7/site-packages/airflow/example_dags/example_branch_python_dop_operator_3.py
[2023-12-29T04:32:36.715+0000] {processor.py:766} INFO - DAG(s) dict_keys(['example_branch_dop_operator_v3']) retrieved from /home/airflow/.local/lib/python3.7/site-packages/airflow/example_dags/example_branch_python_dop_operator_3.py
[2023-12-29T04:32:36.753+0000] {logging_mixin.py:120} INFO - [2023-12-29T04:32:36.752+0000] {dag.py:2585} INFO - Sync 1 DAGs
[2023-12-29T04:32:36.786+0000] {logging_mixin.py:120} INFO - [2023-12-29T04:32:36.786+0000] {dag.py:3340} INFO - Setting next_dagrun for example_branch_dop_operator_v3 to 2023-12-29T04:31:00+00:00, run_after=2023-12-29T04:32:00+00:00
[2023-12-29T04:32:36.806+0000] {processor.py:176} INFO - Processing /home/airflow/.local/lib/python3.7/site-packages/airflow/example_dags/example_branch_python_dop_operator_3.py took 0.119 seconds
[2023-12-29T04:33:07.004+0000] {processor.py:154} INFO - Started process (PID=109) to work on /home/airflow/.local/lib/python3.7/site-packages/airflow/example_dags/example_branch_python_dop_operator_3.py
[2023-12-29T04:33:07.005+0000] {processor.py:756} INFO - Processing file /home/airflow/.local/lib/python3.7/site-packages/airflow/example_dags/example_branch_python_dop_operator_3.py for tasks to queue
[2023-12-29T04:33:07.005+0000] {logging_mixin.py:120} INFO - [2023-12-29T04:33:07.005+0000] {dagbag.py:537} INFO - Filling up the DagBag from /home/airflow/.local/lib/python3.7/site-packages/airflow/example_dags/example_branch_python_dop_operator_3.py
[2023-12-29T04:33:07.028+0000] {processor.py:766} INFO - DAG(s) dict_keys(['example_branch_dop_operator_v3']) retrieved from /home/airflow/.local/lib/python3.7/site-packages/airflow/example_dags/example_branch_python_dop_operator_3.py
[2023-12-29T04:33:07.065+0000] {logging_mixin.py:120} INFO - [2023-12-29T04:33:07.065+0000] {dag.py:2585} INFO - Sync 1 DAGs
[2023-12-29T04:33:07.096+0000] {logging_mixin.py:120} INFO - [2023-12-29T04:33:07.096+0000] {dag.py:3340} INFO - Setting next_dagrun for example_branch_dop_operator_v3 to 2023-12-29T04:32:00+00:00, run_after=2023-12-29T04:33:00+00:00
[2023-12-29T04:33:07.115+0000] {processor.py:176} INFO - Processing /home/airflow/.local/lib/python3.7/site-packages/airflow/example_dags/example_branch_python_dop_operator_3.py took 0.114 seconds
[2023-12-29T04:33:38.414+0000] {processor.py:154} INFO - Started process (PID=175) to work on /home/airflow/.local/lib/python3.7/site-packages/airflow/example_dags/example_branch_python_dop_operator_3.py
[2023-12-29T04:33:38.414+0000] {processor.py:756} INFO - Processing file /home/airflow/.local/lib/python3.7/site-packages/airflow/example_dags/example_branch_python_dop_operator_3.py for tasks to queue
[2023-12-29T04:33:38.415+0000] {logging_mixin.py:120} INFO - [2023-12-29T04:33:38.415+0000] {dagbag.py:537} INFO - Filling up the DagBag from /home/airflow/.local/lib/python3.7/site-packages/airflow/example_dags/example_branch_python_dop_operator_3.py
[2023-12-29T04:33:38.437+0000] {processor.py:766} INFO - DAG(s) dict_keys(['example_branch_dop_operator_v3']) retrieved from /home/airflow/.local/lib/python3.7/site-packages/airflow/example_dags/example_branch_python_dop_operator_3.py
[2023-12-29T04:33:38.473+0000] {logging_mixin.py:120} INFO - [2023-12-29T04:33:38.473+0000] {dag.py:2585} INFO - Sync 1 DAGs
[2023-12-29T04:33:38.502+0000] {logging_mixin.py:120} INFO - [2023-12-29T04:33:38.502+0000] {dag.py:3340} INFO - Setting next_dagrun for example_branch_dop_operator_v3 to 2023-12-29T04:32:00+00:00, run_after=2023-12-29T04:33:00+00:00
[2023-12-29T04:33:38.520+0000] {processor.py:176} INFO - Processing /home/airflow/.local/lib/python3.7/site-packages/airflow/example_dags/example_branch_python_dop_operator_3.py took 0.109 seconds
[2023-12-29T04:34:09.468+0000] {processor.py:154} INFO - Started process (PID=230) to work on /home/airflow/.local/lib/python3.7/site-packages/airflow/example_dags/example_branch_python_dop_operator_3.py
[2023-12-29T04:34:09.469+0000] {processor.py:756} INFO - Processing file /home/airflow/.local/lib/python3.7/site-packages/airflow/example_dags/example_branch_python_dop_operator_3.py for tasks to queue
[2023-12-29T04:34:09.469+0000] {logging_mixin.py:120} INFO - [2023-12-29T04:34:09.469+0000] {dagbag.py:537} INFO - Filling up the DagBag from /home/airflow/.local/lib/python3.7/site-packages/airflow/example_dags/example_branch_python_dop_operator_3.py
[2023-12-29T04:34:09.494+0000] {processor.py:766} INFO - DAG(s) dict_keys(['example_branch_dop_operator_v3']) retrieved from /home/airflow/.local/lib/python3.7/site-packages/airflow/example_dags/example_branch_python_dop_operator_3.py
[2023-12-29T04:34:09.535+0000] {logging_mixin.py:120} INFO - [2023-12-29T04:34:09.535+0000] {dag.py:2585} INFO - Sync 1 DAGs
[2023-12-29T04:34:09.567+0000] {logging_mixin.py:120} INFO - [2023-12-29T04:34:09.567+0000] {dag.py:3340} INFO - Setting next_dagrun for example_branch_dop_operator_v3 to 2023-12-29T04:33:00+00:00, run_after=2023-12-29T04:34:00+00:00
[2023-12-29T04:34:09.592+0000] {processor.py:176} INFO - Processing /home/airflow/.local/lib/python3.7/site-packages/airflow/example_dags/example_branch_python_dop_operator_3.py took 0.127 seconds
