[2023-12-29T04:32:37.376+0000] {processor.py:154} INFO - Started process (PID=55) to work on /home/airflow/.local/lib/python3.7/site-packages/airflow/example_dags/example_short_circuit_decorator.py
[2023-12-29T04:32:37.377+0000] {processor.py:756} INFO - Processing file /home/airflow/.local/lib/python3.7/site-packages/airflow/example_dags/example_short_circuit_decorator.py for tasks to queue
[2023-12-29T04:32:37.377+0000] {logging_mixin.py:120} INFO - [2023-12-29T04:32:37.377+0000] {dagbag.py:537} INFO - Filling up the DagBag from /home/airflow/.local/lib/python3.7/site-packages/airflow/example_dags/example_short_circuit_decorator.py
[2023-12-29T04:32:37.423+0000] {processor.py:766} INFO - DAG(s) dict_keys(['example_short_circuit_decorator']) retrieved from /home/airflow/.local/lib/python3.7/site-packages/airflow/example_dags/example_short_circuit_decorator.py
[2023-12-29T04:32:37.473+0000] {logging_mixin.py:120} INFO - [2023-12-29T04:32:37.473+0000] {dag.py:2585} INFO - Sync 1 DAGs
[2023-12-29T04:32:37.501+0000] {logging_mixin.py:120} INFO - [2023-12-29T04:32:37.501+0000] {dag.py:3340} INFO - Setting next_dagrun for example_short_circuit_decorator to 2023-12-28T04:32:37.501470+00:00, run_after=2023-12-29T04:32:37.501470+00:00
[2023-12-29T04:32:37.520+0000] {processor.py:176} INFO - Processing /home/airflow/.local/lib/python3.7/site-packages/airflow/example_dags/example_short_circuit_decorator.py took 0.147 seconds
[2023-12-29T04:33:07.801+0000] {processor.py:154} INFO - Started process (PID=119) to work on /home/airflow/.local/lib/python3.7/site-packages/airflow/example_dags/example_short_circuit_decorator.py
[2023-12-29T04:33:07.802+0000] {processor.py:756} INFO - Processing file /home/airflow/.local/lib/python3.7/site-packages/airflow/example_dags/example_short_circuit_decorator.py for tasks to queue
[2023-12-29T04:33:07.802+0000] {logging_mixin.py:120} INFO - [2023-12-29T04:33:07.802+0000] {dagbag.py:537} INFO - Filling up the DagBag from /home/airflow/.local/lib/python3.7/site-packages/airflow/example_dags/example_short_circuit_decorator.py
[2023-12-29T04:33:07.823+0000] {processor.py:766} INFO - DAG(s) dict_keys(['example_short_circuit_decorator']) retrieved from /home/airflow/.local/lib/python3.7/site-packages/airflow/example_dags/example_short_circuit_decorator.py
[2023-12-29T04:33:07.858+0000] {logging_mixin.py:120} INFO - [2023-12-29T04:33:07.858+0000] {dag.py:2585} INFO - Sync 1 DAGs
[2023-12-29T04:33:07.880+0000] {logging_mixin.py:120} INFO - [2023-12-29T04:33:07.880+0000] {dag.py:3340} INFO - Setting next_dagrun for example_short_circuit_decorator to 2023-12-28T04:33:07.880046+00:00, run_after=2023-12-29T04:33:07.880046+00:00
[2023-12-29T04:33:07.895+0000] {processor.py:176} INFO - Processing /home/airflow/.local/lib/python3.7/site-packages/airflow/example_dags/example_short_circuit_decorator.py took 0.097 seconds
[2023-12-29T04:33:39.237+0000] {processor.py:154} INFO - Started process (PID=185) to work on /home/airflow/.local/lib/python3.7/site-packages/airflow/example_dags/example_short_circuit_decorator.py
[2023-12-29T04:33:39.238+0000] {processor.py:756} INFO - Processing file /home/airflow/.local/lib/python3.7/site-packages/airflow/example_dags/example_short_circuit_decorator.py for tasks to queue
[2023-12-29T04:33:39.238+0000] {logging_mixin.py:120} INFO - [2023-12-29T04:33:39.238+0000] {dagbag.py:537} INFO - Filling up the DagBag from /home/airflow/.local/lib/python3.7/site-packages/airflow/example_dags/example_short_circuit_decorator.py
[2023-12-29T04:33:39.260+0000] {processor.py:766} INFO - DAG(s) dict_keys(['example_short_circuit_decorator']) retrieved from /home/airflow/.local/lib/python3.7/site-packages/airflow/example_dags/example_short_circuit_decorator.py
[2023-12-29T04:33:39.295+0000] {logging_mixin.py:120} INFO - [2023-12-29T04:33:39.295+0000] {dag.py:2585} INFO - Sync 1 DAGs
[2023-12-29T04:33:39.318+0000] {logging_mixin.py:120} INFO - [2023-12-29T04:33:39.317+0000] {dag.py:3340} INFO - Setting next_dagrun for example_short_circuit_decorator to 2023-12-28T04:33:39.317710+00:00, run_after=2023-12-29T04:33:39.317710+00:00
[2023-12-29T04:33:39.334+0000] {processor.py:176} INFO - Processing /home/airflow/.local/lib/python3.7/site-packages/airflow/example_dags/example_short_circuit_decorator.py took 0.100 seconds
[2023-12-29T04:34:10.103+0000] {processor.py:154} INFO - Started process (PID=240) to work on /home/airflow/.local/lib/python3.7/site-packages/airflow/example_dags/example_short_circuit_decorator.py
[2023-12-29T04:34:10.104+0000] {processor.py:756} INFO - Processing file /home/airflow/.local/lib/python3.7/site-packages/airflow/example_dags/example_short_circuit_decorator.py for tasks to queue
[2023-12-29T04:34:10.105+0000] {logging_mixin.py:120} INFO - [2023-12-29T04:34:10.105+0000] {dagbag.py:537} INFO - Filling up the DagBag from /home/airflow/.local/lib/python3.7/site-packages/airflow/example_dags/example_short_circuit_decorator.py
[2023-12-29T04:34:10.130+0000] {processor.py:766} INFO - DAG(s) dict_keys(['example_short_circuit_decorator']) retrieved from /home/airflow/.local/lib/python3.7/site-packages/airflow/example_dags/example_short_circuit_decorator.py
[2023-12-29T04:34:10.167+0000] {logging_mixin.py:120} INFO - [2023-12-29T04:34:10.167+0000] {dag.py:2585} INFO - Sync 1 DAGs
[2023-12-29T04:34:10.192+0000] {logging_mixin.py:120} INFO - [2023-12-29T04:34:10.192+0000] {dag.py:3340} INFO - Setting next_dagrun for example_short_circuit_decorator to 2023-12-28T04:34:10.192445+00:00, run_after=2023-12-29T04:34:10.192445+00:00
[2023-12-29T04:34:10.216+0000] {processor.py:176} INFO - Processing /home/airflow/.local/lib/python3.7/site-packages/airflow/example_dags/example_short_circuit_decorator.py took 0.116 seconds
[2023-12-29T04:34:40.870+0000] {processor.py:154} INFO - Started process (PID=305) to work on /home/airflow/.local/lib/python3.7/site-packages/airflow/example_dags/example_short_circuit_decorator.py
[2023-12-29T04:34:40.871+0000] {processor.py:756} INFO - Processing file /home/airflow/.local/lib/python3.7/site-packages/airflow/example_dags/example_short_circuit_decorator.py for tasks to queue
[2023-12-29T04:34:40.872+0000] {logging_mixin.py:120} INFO - [2023-12-29T04:34:40.872+0000] {dagbag.py:537} INFO - Filling up the DagBag from /home/airflow/.local/lib/python3.7/site-packages/airflow/example_dags/example_short_circuit_decorator.py
[2023-12-29T04:34:40.897+0000] {processor.py:766} INFO - DAG(s) dict_keys(['example_short_circuit_decorator']) retrieved from /home/airflow/.local/lib/python3.7/site-packages/airflow/example_dags/example_short_circuit_decorator.py
[2023-12-29T04:34:40.937+0000] {logging_mixin.py:120} INFO - [2023-12-29T04:34:40.937+0000] {dag.py:2585} INFO - Sync 1 DAGs
[2023-12-29T04:34:40.971+0000] {logging_mixin.py:120} INFO - [2023-12-29T04:34:40.971+0000] {dag.py:3340} INFO - Setting next_dagrun for example_short_circuit_decorator to 2023-12-28T04:34:40.970882+00:00, run_after=2023-12-29T04:34:40.970882+00:00
[2023-12-29T04:34:40.994+0000] {processor.py:176} INFO - Processing /home/airflow/.local/lib/python3.7/site-packages/airflow/example_dags/example_short_circuit_decorator.py took 0.126 seconds
[2023-12-29T04:35:11.634+0000] {processor.py:154} INFO - Started process (PID=368) to work on /home/airflow/.local/lib/python3.7/site-packages/airflow/example_dags/example_short_circuit_decorator.py
[2023-12-29T04:35:11.635+0000] {processor.py:756} INFO - Processing file /home/airflow/.local/lib/python3.7/site-packages/airflow/example_dags/example_short_circuit_decorator.py for tasks to queue
[2023-12-29T04:35:11.636+0000] {logging_mixin.py:120} INFO - [2023-12-29T04:35:11.636+0000] {dagbag.py:537} INFO - Filling up the DagBag from /home/airflow/.local/lib/python3.7/site-packages/airflow/example_dags/example_short_circuit_decorator.py
[2023-12-29T04:35:11.671+0000] {processor.py:766} INFO - DAG(s) dict_keys(['example_short_circuit_decorator']) retrieved from /home/airflow/.local/lib/python3.7/site-packages/airflow/example_dags/example_short_circuit_decorator.py
[2023-12-29T04:35:11.714+0000] {logging_mixin.py:120} INFO - [2023-12-29T04:35:11.714+0000] {dag.py:2585} INFO - Sync 1 DAGs
[2023-12-29T04:35:11.755+0000] {logging_mixin.py:120} INFO - [2023-12-29T04:35:11.755+0000] {dag.py:3340} INFO - Setting next_dagrun for example_short_circuit_decorator to 2023-12-28T04:35:11.755509+00:00, run_after=2023-12-29T04:35:11.755509+00:00
[2023-12-29T04:35:11.774+0000] {processor.py:176} INFO - Processing /home/airflow/.local/lib/python3.7/site-packages/airflow/example_dags/example_short_circuit_decorator.py took 0.143 seconds
[2023-12-29T04:35:42.209+0000] {processor.py:154} INFO - Started process (PID=423) to work on /home/airflow/.local/lib/python3.7/site-packages/airflow/example_dags/example_short_circuit_decorator.py
[2023-12-29T04:35:42.210+0000] {processor.py:756} INFO - Processing file /home/airflow/.local/lib/python3.7/site-packages/airflow/example_dags/example_short_circuit_decorator.py for tasks to queue
[2023-12-29T04:35:42.211+0000] {logging_mixin.py:120} INFO - [2023-12-29T04:35:42.211+0000] {dagbag.py:537} INFO - Filling up the DagBag from /home/airflow/.local/lib/python3.7/site-packages/airflow/example_dags/example_short_circuit_decorator.py
[2023-12-29T04:35:42.241+0000] {processor.py:766} INFO - DAG(s) dict_keys(['example_short_circuit_decorator']) retrieved from /home/airflow/.local/lib/python3.7/site-packages/airflow/example_dags/example_short_circuit_decorator.py
[2023-12-29T04:35:42.284+0000] {logging_mixin.py:120} INFO - [2023-12-29T04:35:42.284+0000] {dag.py:2585} INFO - Sync 1 DAGs
[2023-12-29T04:35:42.324+0000] {logging_mixin.py:120} INFO - [2023-12-29T04:35:42.324+0000] {dag.py:3340} INFO - Setting next_dagrun for example_short_circuit_decorator to 2023-12-28T04:35:42.323698+00:00, run_after=2023-12-29T04:35:42.323698+00:00
[2023-12-29T04:35:42.347+0000] {processor.py:176} INFO - Processing /home/airflow/.local/lib/python3.7/site-packages/airflow/example_dags/example_short_circuit_decorator.py took 0.141 seconds
[2023-12-29T04:36:13.303+0000] {processor.py:154} INFO - Started process (PID=486) to work on /home/airflow/.local/lib/python3.7/site-packages/airflow/example_dags/example_short_circuit_decorator.py
[2023-12-29T04:36:13.304+0000] {processor.py:756} INFO - Processing file /home/airflow/.local/lib/python3.7/site-packages/airflow/example_dags/example_short_circuit_decorator.py for tasks to queue
[2023-12-29T04:36:13.305+0000] {logging_mixin.py:120} INFO - [2023-12-29T04:36:13.304+0000] {dagbag.py:537} INFO - Filling up the DagBag from /home/airflow/.local/lib/python3.7/site-packages/airflow/example_dags/example_short_circuit_decorator.py
[2023-12-29T04:36:13.332+0000] {processor.py:766} INFO - DAG(s) dict_keys(['example_short_circuit_decorator']) retrieved from /home/airflow/.local/lib/python3.7/site-packages/airflow/example_dags/example_short_circuit_decorator.py
[2023-12-29T04:36:13.373+0000] {logging_mixin.py:120} INFO - [2023-12-29T04:36:13.373+0000] {dag.py:2585} INFO - Sync 1 DAGs
[2023-12-29T04:36:13.399+0000] {logging_mixin.py:120} INFO - [2023-12-29T04:36:13.399+0000] {dag.py:3340} INFO - Setting next_dagrun for example_short_circuit_decorator to 2023-12-28T04:36:13.398991+00:00, run_after=2023-12-29T04:36:13.398991+00:00
[2023-12-29T04:36:13.420+0000] {processor.py:176} INFO - Processing /home/airflow/.local/lib/python3.7/site-packages/airflow/example_dags/example_short_circuit_decorator.py took 0.119 seconds
[2023-12-29T04:36:44.945+0000] {processor.py:154} INFO - Started process (PID=551) to work on /home/airflow/.local/lib/python3.7/site-packages/airflow/example_dags/example_short_circuit_decorator.py
[2023-12-29T04:36:44.949+0000] {processor.py:756} INFO - Processing file /home/airflow/.local/lib/python3.7/site-packages/airflow/example_dags/example_short_circuit_decorator.py for tasks to queue
[2023-12-29T04:36:44.950+0000] {logging_mixin.py:120} INFO - [2023-12-29T04:36:44.950+0000] {dagbag.py:537} INFO - Filling up the DagBag from /home/airflow/.local/lib/python3.7/site-packages/airflow/example_dags/example_short_circuit_decorator.py
[2023-12-29T04:36:45.033+0000] {processor.py:766} INFO - DAG(s) dict_keys(['example_short_circuit_decorator']) retrieved from /home/airflow/.local/lib/python3.7/site-packages/airflow/example_dags/example_short_circuit_decorator.py
[2023-12-29T04:36:45.092+0000] {logging_mixin.py:120} INFO - [2023-12-29T04:36:45.092+0000] {dag.py:2585} INFO - Sync 1 DAGs
[2023-12-29T04:36:45.125+0000] {logging_mixin.py:120} INFO - [2023-12-29T04:36:45.124+0000] {dag.py:3340} INFO - Setting next_dagrun for example_short_circuit_decorator to 2023-12-28T04:36:45.124467+00:00, run_after=2023-12-29T04:36:45.124467+00:00
[2023-12-29T04:36:45.153+0000] {processor.py:176} INFO - Processing /home/airflow/.local/lib/python3.7/site-packages/airflow/example_dags/example_short_circuit_decorator.py took 0.211 seconds
[2023-12-29T04:37:16.101+0000] {processor.py:154} INFO - Started process (PID=611) to work on /home/airflow/.local/lib/python3.7/site-packages/airflow/example_dags/example_short_circuit_decorator.py
[2023-12-29T04:37:16.102+0000] {processor.py:756} INFO - Processing file /home/airflow/.local/lib/python3.7/site-packages/airflow/example_dags/example_short_circuit_decorator.py for tasks to queue
[2023-12-29T04:37:16.102+0000] {logging_mixin.py:120} INFO - [2023-12-29T04:37:16.102+0000] {dagbag.py:537} INFO - Filling up the DagBag from /home/airflow/.local/lib/python3.7/site-packages/airflow/example_dags/example_short_circuit_decorator.py
[2023-12-29T04:37:16.128+0000] {processor.py:766} INFO - DAG(s) dict_keys(['example_short_circuit_decorator']) retrieved from /home/airflow/.local/lib/python3.7/site-packages/airflow/example_dags/example_short_circuit_decorator.py
[2023-12-29T04:37:16.172+0000] {logging_mixin.py:120} INFO - [2023-12-29T04:37:16.172+0000] {dag.py:2585} INFO - Sync 1 DAGs
[2023-12-29T04:37:16.250+0000] {logging_mixin.py:120} INFO - [2023-12-29T04:37:16.250+0000] {dag.py:3340} INFO - Setting next_dagrun for example_short_circuit_decorator to 2023-12-28T04:37:16.250092+00:00, run_after=2023-12-29T04:37:16.250092+00:00
[2023-12-29T04:37:16.298+0000] {processor.py:176} INFO - Processing /home/airflow/.local/lib/python3.7/site-packages/airflow/example_dags/example_short_circuit_decorator.py took 0.200 seconds
[2023-12-29T04:37:46.352+0000] {processor.py:154} INFO - Started process (PID=668) to work on /home/airflow/.local/lib/python3.7/site-packages/airflow/example_dags/example_short_circuit_decorator.py
[2023-12-29T04:37:46.353+0000] {processor.py:756} INFO - Processing file /home/airflow/.local/lib/python3.7/site-packages/airflow/example_dags/example_short_circuit_decorator.py for tasks to queue
[2023-12-29T04:37:46.353+0000] {logging_mixin.py:120} INFO - [2023-12-29T04:37:46.353+0000] {dagbag.py:537} INFO - Filling up the DagBag from /home/airflow/.local/lib/python3.7/site-packages/airflow/example_dags/example_short_circuit_decorator.py
[2023-12-29T04:37:46.376+0000] {processor.py:766} INFO - DAG(s) dict_keys(['example_short_circuit_decorator']) retrieved from /home/airflow/.local/lib/python3.7/site-packages/airflow/example_dags/example_short_circuit_decorator.py
[2023-12-29T04:37:46.419+0000] {logging_mixin.py:120} INFO - [2023-12-29T04:37:46.419+0000] {dag.py:2585} INFO - Sync 1 DAGs
[2023-12-29T04:37:46.445+0000] {logging_mixin.py:120} INFO - [2023-12-29T04:37:46.445+0000] {dag.py:3340} INFO - Setting next_dagrun for example_short_circuit_decorator to 2023-12-28T04:37:46.445270+00:00, run_after=2023-12-29T04:37:46.445270+00:00
[2023-12-29T04:37:46.463+0000] {processor.py:176} INFO - Processing /home/airflow/.local/lib/python3.7/site-packages/airflow/example_dags/example_short_circuit_decorator.py took 0.113 seconds
[2023-12-29T04:38:17.180+0000] {processor.py:154} INFO - Started process (PID=732) to work on /home/airflow/.local/lib/python3.7/site-packages/airflow/example_dags/example_short_circuit_decorator.py
[2023-12-29T04:38:17.181+0000] {processor.py:756} INFO - Processing file /home/airflow/.local/lib/python3.7/site-packages/airflow/example_dags/example_short_circuit_decorator.py for tasks to queue
[2023-12-29T04:38:17.182+0000] {logging_mixin.py:120} INFO - [2023-12-29T04:38:17.182+0000] {dagbag.py:537} INFO - Filling up the DagBag from /home/airflow/.local/lib/python3.7/site-packages/airflow/example_dags/example_short_circuit_decorator.py
[2023-12-29T04:38:17.210+0000] {processor.py:766} INFO - DAG(s) dict_keys(['example_short_circuit_decorator']) retrieved from /home/airflow/.local/lib/python3.7/site-packages/airflow/example_dags/example_short_circuit_decorator.py
[2023-12-29T04:38:17.247+0000] {logging_mixin.py:120} INFO - [2023-12-29T04:38:17.247+0000] {dag.py:2585} INFO - Sync 1 DAGs
[2023-12-29T04:38:17.274+0000] {logging_mixin.py:120} INFO - [2023-12-29T04:38:17.274+0000] {dag.py:3340} INFO - Setting next_dagrun for example_short_circuit_decorator to 2023-12-28T04:38:17.274377+00:00, run_after=2023-12-29T04:38:17.274377+00:00
[2023-12-29T04:38:17.294+0000] {processor.py:176} INFO - Processing /home/airflow/.local/lib/python3.7/site-packages/airflow/example_dags/example_short_circuit_decorator.py took 0.116 seconds
[2023-12-29T04:38:47.941+0000] {processor.py:154} INFO - Started process (PID=788) to work on /home/airflow/.local/lib/python3.7/site-packages/airflow/example_dags/example_short_circuit_decorator.py
[2023-12-29T04:38:47.942+0000] {processor.py:756} INFO - Processing file /home/airflow/.local/lib/python3.7/site-packages/airflow/example_dags/example_short_circuit_decorator.py for tasks to queue
[2023-12-29T04:38:47.943+0000] {logging_mixin.py:120} INFO - [2023-12-29T04:38:47.943+0000] {dagbag.py:537} INFO - Filling up the DagBag from /home/airflow/.local/lib/python3.7/site-packages/airflow/example_dags/example_short_circuit_decorator.py
[2023-12-29T04:38:47.970+0000] {processor.py:766} INFO - DAG(s) dict_keys(['example_short_circuit_decorator']) retrieved from /home/airflow/.local/lib/python3.7/site-packages/airflow/example_dags/example_short_circuit_decorator.py
[2023-12-29T04:38:48.016+0000] {logging_mixin.py:120} INFO - [2023-12-29T04:38:48.015+0000] {dag.py:2585} INFO - Sync 1 DAGs
[2023-12-29T04:38:48.046+0000] {logging_mixin.py:120} INFO - [2023-12-29T04:38:48.046+0000] {dag.py:3340} INFO - Setting next_dagrun for example_short_circuit_decorator to 2023-12-28T04:38:48.046012+00:00, run_after=2023-12-29T04:38:48.046012+00:00
[2023-12-29T04:38:48.069+0000] {processor.py:176} INFO - Processing /home/airflow/.local/lib/python3.7/site-packages/airflow/example_dags/example_short_circuit_decorator.py took 0.132 seconds
[2023-12-29T04:39:18.186+0000] {processor.py:154} INFO - Started process (PID=852) to work on /home/airflow/.local/lib/python3.7/site-packages/airflow/example_dags/example_short_circuit_decorator.py
[2023-12-29T04:39:18.187+0000] {processor.py:756} INFO - Processing file /home/airflow/.local/lib/python3.7/site-packages/airflow/example_dags/example_short_circuit_decorator.py for tasks to queue
[2023-12-29T04:39:18.188+0000] {logging_mixin.py:120} INFO - [2023-12-29T04:39:18.187+0000] {dagbag.py:537} INFO - Filling up the DagBag from /home/airflow/.local/lib/python3.7/site-packages/airflow/example_dags/example_short_circuit_decorator.py
[2023-12-29T04:39:18.212+0000] {processor.py:766} INFO - DAG(s) dict_keys(['example_short_circuit_decorator']) retrieved from /home/airflow/.local/lib/python3.7/site-packages/airflow/example_dags/example_short_circuit_decorator.py
[2023-12-29T04:39:18.250+0000] {logging_mixin.py:120} INFO - [2023-12-29T04:39:18.250+0000] {dag.py:2585} INFO - Sync 1 DAGs
[2023-12-29T04:39:18.275+0000] {logging_mixin.py:120} INFO - [2023-12-29T04:39:18.275+0000] {dag.py:3340} INFO - Setting next_dagrun for example_short_circuit_decorator to 2023-12-28T04:39:18.275195+00:00, run_after=2023-12-29T04:39:18.275195+00:00
[2023-12-29T04:39:18.293+0000] {processor.py:176} INFO - Processing /home/airflow/.local/lib/python3.7/site-packages/airflow/example_dags/example_short_circuit_decorator.py took 0.109 seconds
[2023-12-29T04:39:48.458+0000] {processor.py:154} INFO - Started process (PID=916) to work on /home/airflow/.local/lib/python3.7/site-packages/airflow/example_dags/example_short_circuit_decorator.py
[2023-12-29T04:39:48.459+0000] {processor.py:756} INFO - Processing file /home/airflow/.local/lib/python3.7/site-packages/airflow/example_dags/example_short_circuit_decorator.py for tasks to queue
[2023-12-29T04:39:48.459+0000] {logging_mixin.py:120} INFO - [2023-12-29T04:39:48.459+0000] {dagbag.py:537} INFO - Filling up the DagBag from /home/airflow/.local/lib/python3.7/site-packages/airflow/example_dags/example_short_circuit_decorator.py
[2023-12-29T04:39:48.482+0000] {processor.py:766} INFO - DAG(s) dict_keys(['example_short_circuit_decorator']) retrieved from /home/airflow/.local/lib/python3.7/site-packages/airflow/example_dags/example_short_circuit_decorator.py
[2023-12-29T04:39:48.520+0000] {logging_mixin.py:120} INFO - [2023-12-29T04:39:48.520+0000] {dag.py:2585} INFO - Sync 1 DAGs
[2023-12-29T04:39:48.545+0000] {logging_mixin.py:120} INFO - [2023-12-29T04:39:48.545+0000] {dag.py:3340} INFO - Setting next_dagrun for example_short_circuit_decorator to 2023-12-28T04:39:48.545507+00:00, run_after=2023-12-29T04:39:48.545507+00:00
[2023-12-29T04:39:48.575+0000] {processor.py:176} INFO - Processing /home/airflow/.local/lib/python3.7/site-packages/airflow/example_dags/example_short_circuit_decorator.py took 0.119 seconds
[2023-12-29T04:40:18.711+0000] {processor.py:154} INFO - Started process (PID=972) to work on /home/airflow/.local/lib/python3.7/site-packages/airflow/example_dags/example_short_circuit_decorator.py
[2023-12-29T04:40:18.712+0000] {processor.py:756} INFO - Processing file /home/airflow/.local/lib/python3.7/site-packages/airflow/example_dags/example_short_circuit_decorator.py for tasks to queue
[2023-12-29T04:40:18.713+0000] {logging_mixin.py:120} INFO - [2023-12-29T04:40:18.712+0000] {dagbag.py:537} INFO - Filling up the DagBag from /home/airflow/.local/lib/python3.7/site-packages/airflow/example_dags/example_short_circuit_decorator.py
[2023-12-29T04:40:18.736+0000] {processor.py:766} INFO - DAG(s) dict_keys(['example_short_circuit_decorator']) retrieved from /home/airflow/.local/lib/python3.7/site-packages/airflow/example_dags/example_short_circuit_decorator.py
[2023-12-29T04:40:18.773+0000] {logging_mixin.py:120} INFO - [2023-12-29T04:40:18.773+0000] {dag.py:2585} INFO - Sync 1 DAGs
[2023-12-29T04:40:18.799+0000] {logging_mixin.py:120} INFO - [2023-12-29T04:40:18.799+0000] {dag.py:3340} INFO - Setting next_dagrun for example_short_circuit_decorator to 2023-12-28T04:40:18.799220+00:00, run_after=2023-12-29T04:40:18.799220+00:00
[2023-12-29T04:40:18.823+0000] {processor.py:176} INFO - Processing /home/airflow/.local/lib/python3.7/site-packages/airflow/example_dags/example_short_circuit_decorator.py took 0.114 seconds
[2023-12-29T04:40:49.015+0000] {processor.py:154} INFO - Started process (PID=1034) to work on /home/airflow/.local/lib/python3.7/site-packages/airflow/example_dags/example_short_circuit_decorator.py
[2023-12-29T04:40:49.016+0000] {processor.py:756} INFO - Processing file /home/airflow/.local/lib/python3.7/site-packages/airflow/example_dags/example_short_circuit_decorator.py for tasks to queue
[2023-12-29T04:40:49.016+0000] {logging_mixin.py:120} INFO - [2023-12-29T04:40:49.016+0000] {dagbag.py:537} INFO - Filling up the DagBag from /home/airflow/.local/lib/python3.7/site-packages/airflow/example_dags/example_short_circuit_decorator.py
[2023-12-29T04:40:49.040+0000] {processor.py:766} INFO - DAG(s) dict_keys(['example_short_circuit_decorator']) retrieved from /home/airflow/.local/lib/python3.7/site-packages/airflow/example_dags/example_short_circuit_decorator.py
[2023-12-29T04:40:49.076+0000] {logging_mixin.py:120} INFO - [2023-12-29T04:40:49.076+0000] {dag.py:2585} INFO - Sync 1 DAGs
[2023-12-29T04:40:49.102+0000] {logging_mixin.py:120} INFO - [2023-12-29T04:40:49.101+0000] {dag.py:3340} INFO - Setting next_dagrun for example_short_circuit_decorator to 2023-12-28T04:40:49.101734+00:00, run_after=2023-12-29T04:40:49.101734+00:00
[2023-12-29T04:40:49.119+0000] {processor.py:176} INFO - Processing /home/airflow/.local/lib/python3.7/site-packages/airflow/example_dags/example_short_circuit_decorator.py took 0.108 seconds
[2023-12-29T04:41:19.793+0000] {processor.py:154} INFO - Started process (PID=1100) to work on /home/airflow/.local/lib/python3.7/site-packages/airflow/example_dags/example_short_circuit_decorator.py
[2023-12-29T04:41:19.795+0000] {processor.py:756} INFO - Processing file /home/airflow/.local/lib/python3.7/site-packages/airflow/example_dags/example_short_circuit_decorator.py for tasks to queue
[2023-12-29T04:41:19.796+0000] {logging_mixin.py:120} INFO - [2023-12-29T04:41:19.796+0000] {dagbag.py:537} INFO - Filling up the DagBag from /home/airflow/.local/lib/python3.7/site-packages/airflow/example_dags/example_short_circuit_decorator.py
[2023-12-29T04:41:19.822+0000] {processor.py:766} INFO - DAG(s) dict_keys(['example_short_circuit_decorator']) retrieved from /home/airflow/.local/lib/python3.7/site-packages/airflow/example_dags/example_short_circuit_decorator.py
[2023-12-29T04:41:19.875+0000] {logging_mixin.py:120} INFO - [2023-12-29T04:41:19.875+0000] {dag.py:2585} INFO - Sync 1 DAGs
[2023-12-29T04:41:19.908+0000] {logging_mixin.py:120} INFO - [2023-12-29T04:41:19.908+0000] {dag.py:3340} INFO - Setting next_dagrun for example_short_circuit_decorator to 2023-12-28T04:41:19.907854+00:00, run_after=2023-12-29T04:41:19.907854+00:00
[2023-12-29T04:41:19.950+0000] {processor.py:176} INFO - Processing /home/airflow/.local/lib/python3.7/site-packages/airflow/example_dags/example_short_circuit_decorator.py took 0.160 seconds
[2023-12-29T04:41:50.257+0000] {processor.py:154} INFO - Started process (PID=1155) to work on /home/airflow/.local/lib/python3.7/site-packages/airflow/example_dags/example_short_circuit_decorator.py
[2023-12-29T04:41:50.258+0000] {processor.py:756} INFO - Processing file /home/airflow/.local/lib/python3.7/site-packages/airflow/example_dags/example_short_circuit_decorator.py for tasks to queue
[2023-12-29T04:41:50.259+0000] {logging_mixin.py:120} INFO - [2023-12-29T04:41:50.259+0000] {dagbag.py:537} INFO - Filling up the DagBag from /home/airflow/.local/lib/python3.7/site-packages/airflow/example_dags/example_short_circuit_decorator.py
[2023-12-29T04:41:50.301+0000] {processor.py:766} INFO - DAG(s) dict_keys(['example_short_circuit_decorator']) retrieved from /home/airflow/.local/lib/python3.7/site-packages/airflow/example_dags/example_short_circuit_decorator.py
[2023-12-29T04:41:50.349+0000] {logging_mixin.py:120} INFO - [2023-12-29T04:41:50.349+0000] {dag.py:2585} INFO - Sync 1 DAGs
[2023-12-29T04:41:50.410+0000] {logging_mixin.py:120} INFO - [2023-12-29T04:41:50.410+0000] {dag.py:3340} INFO - Setting next_dagrun for example_short_circuit_decorator to 2023-12-28T04:41:50.404920+00:00, run_after=2023-12-29T04:41:50.404920+00:00
[2023-12-29T04:41:50.443+0000] {processor.py:176} INFO - Processing /home/airflow/.local/lib/python3.7/site-packages/airflow/example_dags/example_short_circuit_decorator.py took 0.189 seconds
[2023-12-29T04:42:21.306+0000] {processor.py:154} INFO - Started process (PID=1221) to work on /home/airflow/.local/lib/python3.7/site-packages/airflow/example_dags/example_short_circuit_decorator.py
[2023-12-29T04:42:21.307+0000] {processor.py:756} INFO - Processing file /home/airflow/.local/lib/python3.7/site-packages/airflow/example_dags/example_short_circuit_decorator.py for tasks to queue
[2023-12-29T04:42:21.307+0000] {logging_mixin.py:120} INFO - [2023-12-29T04:42:21.307+0000] {dagbag.py:537} INFO - Filling up the DagBag from /home/airflow/.local/lib/python3.7/site-packages/airflow/example_dags/example_short_circuit_decorator.py
[2023-12-29T04:42:21.335+0000] {processor.py:766} INFO - DAG(s) dict_keys(['example_short_circuit_decorator']) retrieved from /home/airflow/.local/lib/python3.7/site-packages/airflow/example_dags/example_short_circuit_decorator.py
[2023-12-29T04:42:21.376+0000] {logging_mixin.py:120} INFO - [2023-12-29T04:42:21.376+0000] {dag.py:2585} INFO - Sync 1 DAGs
[2023-12-29T04:42:21.405+0000] {logging_mixin.py:120} INFO - [2023-12-29T04:42:21.405+0000] {dag.py:3340} INFO - Setting next_dagrun for example_short_circuit_decorator to 2023-12-28T04:42:21.404960+00:00, run_after=2023-12-29T04:42:21.404960+00:00
[2023-12-29T04:42:21.434+0000] {processor.py:176} INFO - Processing /home/airflow/.local/lib/python3.7/site-packages/airflow/example_dags/example_short_circuit_decorator.py took 0.131 seconds
[2023-12-29T04:42:52.088+0000] {processor.py:154} INFO - Started process (PID=1284) to work on /home/airflow/.local/lib/python3.7/site-packages/airflow/example_dags/example_short_circuit_decorator.py
[2023-12-29T04:42:52.089+0000] {processor.py:756} INFO - Processing file /home/airflow/.local/lib/python3.7/site-packages/airflow/example_dags/example_short_circuit_decorator.py for tasks to queue
[2023-12-29T04:42:52.090+0000] {logging_mixin.py:120} INFO - [2023-12-29T04:42:52.089+0000] {dagbag.py:537} INFO - Filling up the DagBag from /home/airflow/.local/lib/python3.7/site-packages/airflow/example_dags/example_short_circuit_decorator.py
[2023-12-29T04:42:52.119+0000] {processor.py:766} INFO - DAG(s) dict_keys(['example_short_circuit_decorator']) retrieved from /home/airflow/.local/lib/python3.7/site-packages/airflow/example_dags/example_short_circuit_decorator.py
[2023-12-29T04:42:52.159+0000] {logging_mixin.py:120} INFO - [2023-12-29T04:42:52.159+0000] {dag.py:2585} INFO - Sync 1 DAGs
[2023-12-29T04:42:52.192+0000] {logging_mixin.py:120} INFO - [2023-12-29T04:42:52.192+0000] {dag.py:3340} INFO - Setting next_dagrun for example_short_circuit_decorator to 2023-12-28T04:42:52.192251+00:00, run_after=2023-12-29T04:42:52.192251+00:00
[2023-12-29T04:42:52.213+0000] {processor.py:176} INFO - Processing /home/airflow/.local/lib/python3.7/site-packages/airflow/example_dags/example_short_circuit_decorator.py took 0.128 seconds
[2023-12-29T04:43:23.052+0000] {processor.py:154} INFO - Started process (PID=1339) to work on /home/airflow/.local/lib/python3.7/site-packages/airflow/example_dags/example_short_circuit_decorator.py
[2023-12-29T04:43:23.053+0000] {processor.py:756} INFO - Processing file /home/airflow/.local/lib/python3.7/site-packages/airflow/example_dags/example_short_circuit_decorator.py for tasks to queue
[2023-12-29T04:43:23.054+0000] {logging_mixin.py:120} INFO - [2023-12-29T04:43:23.054+0000] {dagbag.py:537} INFO - Filling up the DagBag from /home/airflow/.local/lib/python3.7/site-packages/airflow/example_dags/example_short_circuit_decorator.py
[2023-12-29T04:43:23.084+0000] {processor.py:766} INFO - DAG(s) dict_keys(['example_short_circuit_decorator']) retrieved from /home/airflow/.local/lib/python3.7/site-packages/airflow/example_dags/example_short_circuit_decorator.py
[2023-12-29T04:43:23.162+0000] {logging_mixin.py:120} INFO - [2023-12-29T04:43:23.162+0000] {dag.py:2585} INFO - Sync 1 DAGs
[2023-12-29T04:43:23.216+0000] {logging_mixin.py:120} INFO - [2023-12-29T04:43:23.216+0000] {dag.py:3340} INFO - Setting next_dagrun for example_short_circuit_decorator to 2023-12-28T04:43:23.216142+00:00, run_after=2023-12-29T04:43:23.216142+00:00
[2023-12-29T04:43:23.245+0000] {processor.py:176} INFO - Processing /home/airflow/.local/lib/python3.7/site-packages/airflow/example_dags/example_short_circuit_decorator.py took 0.196 seconds
[2023-12-29T04:43:53.357+0000] {processor.py:154} INFO - Started process (PID=1403) to work on /home/airflow/.local/lib/python3.7/site-packages/airflow/example_dags/example_short_circuit_decorator.py
[2023-12-29T04:43:53.358+0000] {processor.py:756} INFO - Processing file /home/airflow/.local/lib/python3.7/site-packages/airflow/example_dags/example_short_circuit_decorator.py for tasks to queue
[2023-12-29T04:43:53.359+0000] {logging_mixin.py:120} INFO - [2023-12-29T04:43:53.359+0000] {dagbag.py:537} INFO - Filling up the DagBag from /home/airflow/.local/lib/python3.7/site-packages/airflow/example_dags/example_short_circuit_decorator.py
[2023-12-29T04:43:53.388+0000] {processor.py:766} INFO - DAG(s) dict_keys(['example_short_circuit_decorator']) retrieved from /home/airflow/.local/lib/python3.7/site-packages/airflow/example_dags/example_short_circuit_decorator.py
[2023-12-29T04:43:53.431+0000] {logging_mixin.py:120} INFO - [2023-12-29T04:43:53.431+0000] {dag.py:2585} INFO - Sync 1 DAGs
[2023-12-29T04:43:53.460+0000] {logging_mixin.py:120} INFO - [2023-12-29T04:43:53.460+0000] {dag.py:3340} INFO - Setting next_dagrun for example_short_circuit_decorator to 2023-12-28T04:43:53.459937+00:00, run_after=2023-12-29T04:43:53.459937+00:00
[2023-12-29T04:43:53.483+0000] {processor.py:176} INFO - Processing /home/airflow/.local/lib/python3.7/site-packages/airflow/example_dags/example_short_circuit_decorator.py took 0.130 seconds
[2023-12-29T04:44:24.301+0000] {processor.py:154} INFO - Started process (PID=1468) to work on /home/airflow/.local/lib/python3.7/site-packages/airflow/example_dags/example_short_circuit_decorator.py
[2023-12-29T04:44:24.302+0000] {processor.py:756} INFO - Processing file /home/airflow/.local/lib/python3.7/site-packages/airflow/example_dags/example_short_circuit_decorator.py for tasks to queue
[2023-12-29T04:44:24.302+0000] {logging_mixin.py:120} INFO - [2023-12-29T04:44:24.302+0000] {dagbag.py:537} INFO - Filling up the DagBag from /home/airflow/.local/lib/python3.7/site-packages/airflow/example_dags/example_short_circuit_decorator.py
[2023-12-29T04:44:24.329+0000] {processor.py:766} INFO - DAG(s) dict_keys(['example_short_circuit_decorator']) retrieved from /home/airflow/.local/lib/python3.7/site-packages/airflow/example_dags/example_short_circuit_decorator.py
[2023-12-29T04:44:24.366+0000] {logging_mixin.py:120} INFO - [2023-12-29T04:44:24.366+0000] {dag.py:2585} INFO - Sync 1 DAGs
[2023-12-29T04:44:24.391+0000] {logging_mixin.py:120} INFO - [2023-12-29T04:44:24.391+0000] {dag.py:3340} INFO - Setting next_dagrun for example_short_circuit_decorator to 2023-12-28T04:44:24.391356+00:00, run_after=2023-12-29T04:44:24.391356+00:00
[2023-12-29T04:44:24.409+0000] {processor.py:176} INFO - Processing /home/airflow/.local/lib/python3.7/site-packages/airflow/example_dags/example_short_circuit_decorator.py took 0.111 seconds
[2023-12-29T04:44:54.611+0000] {processor.py:154} INFO - Started process (PID=1522) to work on /home/airflow/.local/lib/python3.7/site-packages/airflow/example_dags/example_short_circuit_decorator.py
[2023-12-29T04:44:54.612+0000] {processor.py:756} INFO - Processing file /home/airflow/.local/lib/python3.7/site-packages/airflow/example_dags/example_short_circuit_decorator.py for tasks to queue
[2023-12-29T04:44:54.613+0000] {logging_mixin.py:120} INFO - [2023-12-29T04:44:54.613+0000] {dagbag.py:537} INFO - Filling up the DagBag from /home/airflow/.local/lib/python3.7/site-packages/airflow/example_dags/example_short_circuit_decorator.py
[2023-12-29T04:44:54.639+0000] {processor.py:766} INFO - DAG(s) dict_keys(['example_short_circuit_decorator']) retrieved from /home/airflow/.local/lib/python3.7/site-packages/airflow/example_dags/example_short_circuit_decorator.py
[2023-12-29T04:44:54.680+0000] {logging_mixin.py:120} INFO - [2023-12-29T04:44:54.679+0000] {dag.py:2585} INFO - Sync 1 DAGs
[2023-12-29T04:44:54.708+0000] {logging_mixin.py:120} INFO - [2023-12-29T04:44:54.708+0000] {dag.py:3340} INFO - Setting next_dagrun for example_short_circuit_decorator to 2023-12-28T04:44:54.708551+00:00, run_after=2023-12-29T04:44:54.708551+00:00
[2023-12-29T04:44:54.726+0000] {processor.py:176} INFO - Processing /home/airflow/.local/lib/python3.7/site-packages/airflow/example_dags/example_short_circuit_decorator.py took 0.119 seconds
[2023-12-29T04:45:25.341+0000] {processor.py:154} INFO - Started process (PID=1586) to work on /home/airflow/.local/lib/python3.7/site-packages/airflow/example_dags/example_short_circuit_decorator.py
[2023-12-29T04:45:25.342+0000] {processor.py:756} INFO - Processing file /home/airflow/.local/lib/python3.7/site-packages/airflow/example_dags/example_short_circuit_decorator.py for tasks to queue
[2023-12-29T04:45:25.342+0000] {logging_mixin.py:120} INFO - [2023-12-29T04:45:25.342+0000] {dagbag.py:537} INFO - Filling up the DagBag from /home/airflow/.local/lib/python3.7/site-packages/airflow/example_dags/example_short_circuit_decorator.py
[2023-12-29T04:45:25.370+0000] {processor.py:766} INFO - DAG(s) dict_keys(['example_short_circuit_decorator']) retrieved from /home/airflow/.local/lib/python3.7/site-packages/airflow/example_dags/example_short_circuit_decorator.py
[2023-12-29T04:45:25.412+0000] {logging_mixin.py:120} INFO - [2023-12-29T04:45:25.412+0000] {dag.py:2585} INFO - Sync 1 DAGs
[2023-12-29T04:45:25.439+0000] {logging_mixin.py:120} INFO - [2023-12-29T04:45:25.439+0000] {dag.py:3340} INFO - Setting next_dagrun for example_short_circuit_decorator to 2023-12-28T04:45:25.439406+00:00, run_after=2023-12-29T04:45:25.439406+00:00
[2023-12-29T04:45:25.460+0000] {processor.py:176} INFO - Processing /home/airflow/.local/lib/python3.7/site-packages/airflow/example_dags/example_short_circuit_decorator.py took 0.124 seconds
[2023-12-29T04:45:55.732+0000] {processor.py:154} INFO - Started process (PID=1651) to work on /home/airflow/.local/lib/python3.7/site-packages/airflow/example_dags/example_short_circuit_decorator.py
[2023-12-29T04:45:55.733+0000] {processor.py:756} INFO - Processing file /home/airflow/.local/lib/python3.7/site-packages/airflow/example_dags/example_short_circuit_decorator.py for tasks to queue
[2023-12-29T04:45:55.733+0000] {logging_mixin.py:120} INFO - [2023-12-29T04:45:55.733+0000] {dagbag.py:537} INFO - Filling up the DagBag from /home/airflow/.local/lib/python3.7/site-packages/airflow/example_dags/example_short_circuit_decorator.py
[2023-12-29T04:45:55.765+0000] {processor.py:766} INFO - DAG(s) dict_keys(['example_short_circuit_decorator']) retrieved from /home/airflow/.local/lib/python3.7/site-packages/airflow/example_dags/example_short_circuit_decorator.py
[2023-12-29T04:45:55.820+0000] {logging_mixin.py:120} INFO - [2023-12-29T04:45:55.819+0000] {dag.py:2585} INFO - Sync 1 DAGs
[2023-12-29T04:45:55.847+0000] {logging_mixin.py:120} INFO - [2023-12-29T04:45:55.847+0000] {dag.py:3340} INFO - Setting next_dagrun for example_short_circuit_decorator to 2023-12-28T04:45:55.847283+00:00, run_after=2023-12-29T04:45:55.847283+00:00
[2023-12-29T04:45:55.868+0000] {processor.py:176} INFO - Processing /home/airflow/.local/lib/python3.7/site-packages/airflow/example_dags/example_short_circuit_decorator.py took 0.139 seconds
[2023-12-29T04:46:26.693+0000] {processor.py:154} INFO - Started process (PID=1706) to work on /home/airflow/.local/lib/python3.7/site-packages/airflow/example_dags/example_short_circuit_decorator.py
[2023-12-29T04:46:26.694+0000] {processor.py:756} INFO - Processing file /home/airflow/.local/lib/python3.7/site-packages/airflow/example_dags/example_short_circuit_decorator.py for tasks to queue
[2023-12-29T04:46:26.695+0000] {logging_mixin.py:120} INFO - [2023-12-29T04:46:26.695+0000] {dagbag.py:537} INFO - Filling up the DagBag from /home/airflow/.local/lib/python3.7/site-packages/airflow/example_dags/example_short_circuit_decorator.py
[2023-12-29T04:46:26.721+0000] {processor.py:766} INFO - DAG(s) dict_keys(['example_short_circuit_decorator']) retrieved from /home/airflow/.local/lib/python3.7/site-packages/airflow/example_dags/example_short_circuit_decorator.py
[2023-12-29T04:46:26.763+0000] {logging_mixin.py:120} INFO - [2023-12-29T04:46:26.763+0000] {dag.py:2585} INFO - Sync 1 DAGs
[2023-12-29T04:46:26.798+0000] {logging_mixin.py:120} INFO - [2023-12-29T04:46:26.798+0000] {dag.py:3340} INFO - Setting next_dagrun for example_short_circuit_decorator to 2023-12-28T04:46:26.797757+00:00, run_after=2023-12-29T04:46:26.797757+00:00
[2023-12-29T04:46:26.821+0000] {processor.py:176} INFO - Processing /home/airflow/.local/lib/python3.7/site-packages/airflow/example_dags/example_short_circuit_decorator.py took 0.130 seconds
[2023-12-29T04:46:57.417+0000] {processor.py:154} INFO - Started process (PID=1771) to work on /home/airflow/.local/lib/python3.7/site-packages/airflow/example_dags/example_short_circuit_decorator.py
[2023-12-29T04:46:57.418+0000] {processor.py:756} INFO - Processing file /home/airflow/.local/lib/python3.7/site-packages/airflow/example_dags/example_short_circuit_decorator.py for tasks to queue
[2023-12-29T04:46:57.419+0000] {logging_mixin.py:120} INFO - [2023-12-29T04:46:57.419+0000] {dagbag.py:537} INFO - Filling up the DagBag from /home/airflow/.local/lib/python3.7/site-packages/airflow/example_dags/example_short_circuit_decorator.py
[2023-12-29T04:46:57.444+0000] {processor.py:766} INFO - DAG(s) dict_keys(['example_short_circuit_decorator']) retrieved from /home/airflow/.local/lib/python3.7/site-packages/airflow/example_dags/example_short_circuit_decorator.py
[2023-12-29T04:46:57.482+0000] {logging_mixin.py:120} INFO - [2023-12-29T04:46:57.482+0000] {dag.py:2585} INFO - Sync 1 DAGs
[2023-12-29T04:46:57.514+0000] {logging_mixin.py:120} INFO - [2023-12-29T04:46:57.514+0000] {dag.py:3340} INFO - Setting next_dagrun for example_short_circuit_decorator to 2023-12-28T04:46:57.513873+00:00, run_after=2023-12-29T04:46:57.513873+00:00
[2023-12-29T04:46:57.534+0000] {processor.py:176} INFO - Processing /home/airflow/.local/lib/python3.7/site-packages/airflow/example_dags/example_short_circuit_decorator.py took 0.120 seconds
[2023-12-29T04:47:28.115+0000] {processor.py:154} INFO - Started process (PID=1834) to work on /home/airflow/.local/lib/python3.7/site-packages/airflow/example_dags/example_short_circuit_decorator.py
[2023-12-29T04:47:28.115+0000] {processor.py:756} INFO - Processing file /home/airflow/.local/lib/python3.7/site-packages/airflow/example_dags/example_short_circuit_decorator.py for tasks to queue
[2023-12-29T04:47:28.116+0000] {logging_mixin.py:120} INFO - [2023-12-29T04:47:28.116+0000] {dagbag.py:537} INFO - Filling up the DagBag from /home/airflow/.local/lib/python3.7/site-packages/airflow/example_dags/example_short_circuit_decorator.py
[2023-12-29T04:47:28.139+0000] {processor.py:766} INFO - DAG(s) dict_keys(['example_short_circuit_decorator']) retrieved from /home/airflow/.local/lib/python3.7/site-packages/airflow/example_dags/example_short_circuit_decorator.py
[2023-12-29T04:47:28.178+0000] {logging_mixin.py:120} INFO - [2023-12-29T04:47:28.178+0000] {dag.py:2585} INFO - Sync 1 DAGs
[2023-12-29T04:47:28.205+0000] {logging_mixin.py:120} INFO - [2023-12-29T04:47:28.205+0000] {dag.py:3340} INFO - Setting next_dagrun for example_short_circuit_decorator to 2023-12-28T04:47:28.204912+00:00, run_after=2023-12-29T04:47:28.204912+00:00
[2023-12-29T04:47:28.225+0000] {processor.py:176} INFO - Processing /home/airflow/.local/lib/python3.7/site-packages/airflow/example_dags/example_short_circuit_decorator.py took 0.113 seconds
[2023-12-29T04:47:58.947+0000] {processor.py:154} INFO - Started process (PID=1889) to work on /home/airflow/.local/lib/python3.7/site-packages/airflow/example_dags/example_short_circuit_decorator.py
[2023-12-29T04:47:58.948+0000] {processor.py:756} INFO - Processing file /home/airflow/.local/lib/python3.7/site-packages/airflow/example_dags/example_short_circuit_decorator.py for tasks to queue
[2023-12-29T04:47:58.948+0000] {logging_mixin.py:120} INFO - [2023-12-29T04:47:58.948+0000] {dagbag.py:537} INFO - Filling up the DagBag from /home/airflow/.local/lib/python3.7/site-packages/airflow/example_dags/example_short_circuit_decorator.py
[2023-12-29T04:47:58.971+0000] {processor.py:766} INFO - DAG(s) dict_keys(['example_short_circuit_decorator']) retrieved from /home/airflow/.local/lib/python3.7/site-packages/airflow/example_dags/example_short_circuit_decorator.py
[2023-12-29T04:47:59.008+0000] {logging_mixin.py:120} INFO - [2023-12-29T04:47:59.008+0000] {dag.py:2585} INFO - Sync 1 DAGs
[2023-12-29T04:47:59.035+0000] {logging_mixin.py:120} INFO - [2023-12-29T04:47:59.034+0000] {dag.py:3340} INFO - Setting next_dagrun for example_short_circuit_decorator to 2023-12-28T04:47:59.034694+00:00, run_after=2023-12-29T04:47:59.034694+00:00
[2023-12-29T04:47:59.056+0000] {processor.py:176} INFO - Processing /home/airflow/.local/lib/python3.7/site-packages/airflow/example_dags/example_short_circuit_decorator.py took 0.112 seconds
[2023-12-29T04:48:29.888+0000] {processor.py:154} INFO - Started process (PID=1954) to work on /home/airflow/.local/lib/python3.7/site-packages/airflow/example_dags/example_short_circuit_decorator.py
[2023-12-29T04:48:29.889+0000] {processor.py:756} INFO - Processing file /home/airflow/.local/lib/python3.7/site-packages/airflow/example_dags/example_short_circuit_decorator.py for tasks to queue
[2023-12-29T04:48:29.889+0000] {logging_mixin.py:120} INFO - [2023-12-29T04:48:29.889+0000] {dagbag.py:537} INFO - Filling up the DagBag from /home/airflow/.local/lib/python3.7/site-packages/airflow/example_dags/example_short_circuit_decorator.py
[2023-12-29T04:48:29.916+0000] {processor.py:766} INFO - DAG(s) dict_keys(['example_short_circuit_decorator']) retrieved from /home/airflow/.local/lib/python3.7/site-packages/airflow/example_dags/example_short_circuit_decorator.py
[2023-12-29T04:48:29.955+0000] {logging_mixin.py:120} INFO - [2023-12-29T04:48:29.955+0000] {dag.py:2585} INFO - Sync 1 DAGs
[2023-12-29T04:48:29.982+0000] {logging_mixin.py:120} INFO - [2023-12-29T04:48:29.982+0000] {dag.py:3340} INFO - Setting next_dagrun for example_short_circuit_decorator to 2023-12-28T04:48:29.981965+00:00, run_after=2023-12-29T04:48:29.981965+00:00
[2023-12-29T04:48:30.001+0000] {processor.py:176} INFO - Processing /home/airflow/.local/lib/python3.7/site-packages/airflow/example_dags/example_short_circuit_decorator.py took 0.117 seconds
[2023-12-29T04:49:00.547+0000] {processor.py:154} INFO - Started process (PID=2019) to work on /home/airflow/.local/lib/python3.7/site-packages/airflow/example_dags/example_short_circuit_decorator.py
[2023-12-29T04:49:00.548+0000] {processor.py:756} INFO - Processing file /home/airflow/.local/lib/python3.7/site-packages/airflow/example_dags/example_short_circuit_decorator.py for tasks to queue
[2023-12-29T04:49:00.550+0000] {logging_mixin.py:120} INFO - [2023-12-29T04:49:00.550+0000] {dagbag.py:537} INFO - Filling up the DagBag from /home/airflow/.local/lib/python3.7/site-packages/airflow/example_dags/example_short_circuit_decorator.py
[2023-12-29T04:49:00.575+0000] {processor.py:766} INFO - DAG(s) dict_keys(['example_short_circuit_decorator']) retrieved from /home/airflow/.local/lib/python3.7/site-packages/airflow/example_dags/example_short_circuit_decorator.py
[2023-12-29T04:49:00.620+0000] {logging_mixin.py:120} INFO - [2023-12-29T04:49:00.620+0000] {dag.py:2585} INFO - Sync 1 DAGs
[2023-12-29T04:49:00.654+0000] {logging_mixin.py:120} INFO - [2023-12-29T04:49:00.654+0000] {dag.py:3340} INFO - Setting next_dagrun for example_short_circuit_decorator to 2023-12-28T04:49:00.654234+00:00, run_after=2023-12-29T04:49:00.654234+00:00
[2023-12-29T04:49:00.676+0000] {processor.py:176} INFO - Processing /home/airflow/.local/lib/python3.7/site-packages/airflow/example_dags/example_short_circuit_decorator.py took 0.132 seconds
[2023-12-29T04:49:30.705+0000] {processor.py:154} INFO - Started process (PID=2075) to work on /home/airflow/.local/lib/python3.7/site-packages/airflow/example_dags/example_short_circuit_decorator.py
[2023-12-29T04:49:30.706+0000] {processor.py:756} INFO - Processing file /home/airflow/.local/lib/python3.7/site-packages/airflow/example_dags/example_short_circuit_decorator.py for tasks to queue
[2023-12-29T04:49:30.706+0000] {logging_mixin.py:120} INFO - [2023-12-29T04:49:30.706+0000] {dagbag.py:537} INFO - Filling up the DagBag from /home/airflow/.local/lib/python3.7/site-packages/airflow/example_dags/example_short_circuit_decorator.py
[2023-12-29T04:49:30.729+0000] {processor.py:766} INFO - DAG(s) dict_keys(['example_short_circuit_decorator']) retrieved from /home/airflow/.local/lib/python3.7/site-packages/airflow/example_dags/example_short_circuit_decorator.py
[2023-12-29T04:49:30.771+0000] {logging_mixin.py:120} INFO - [2023-12-29T04:49:30.771+0000] {dag.py:2585} INFO - Sync 1 DAGs
[2023-12-29T04:49:30.796+0000] {logging_mixin.py:120} INFO - [2023-12-29T04:49:30.796+0000] {dag.py:3340} INFO - Setting next_dagrun for example_short_circuit_decorator to 2023-12-28T04:49:30.796312+00:00, run_after=2023-12-29T04:49:30.796312+00:00
[2023-12-29T04:49:30.814+0000] {processor.py:176} INFO - Processing /home/airflow/.local/lib/python3.7/site-packages/airflow/example_dags/example_short_circuit_decorator.py took 0.112 seconds
[2023-12-29T04:50:01.579+0000] {processor.py:154} INFO - Started process (PID=2140) to work on /home/airflow/.local/lib/python3.7/site-packages/airflow/example_dags/example_short_circuit_decorator.py
[2023-12-29T04:50:01.580+0000] {processor.py:756} INFO - Processing file /home/airflow/.local/lib/python3.7/site-packages/airflow/example_dags/example_short_circuit_decorator.py for tasks to queue
[2023-12-29T04:50:01.580+0000] {logging_mixin.py:120} INFO - [2023-12-29T04:50:01.580+0000] {dagbag.py:537} INFO - Filling up the DagBag from /home/airflow/.local/lib/python3.7/site-packages/airflow/example_dags/example_short_circuit_decorator.py
[2023-12-29T04:50:01.604+0000] {processor.py:766} INFO - DAG(s) dict_keys(['example_short_circuit_decorator']) retrieved from /home/airflow/.local/lib/python3.7/site-packages/airflow/example_dags/example_short_circuit_decorator.py
[2023-12-29T04:50:01.641+0000] {logging_mixin.py:120} INFO - [2023-12-29T04:50:01.641+0000] {dag.py:2585} INFO - Sync 1 DAGs
[2023-12-29T04:50:01.665+0000] {logging_mixin.py:120} INFO - [2023-12-29T04:50:01.665+0000] {dag.py:3340} INFO - Setting next_dagrun for example_short_circuit_decorator to 2023-12-28T04:50:01.665006+00:00, run_after=2023-12-29T04:50:01.665006+00:00
[2023-12-29T04:50:01.682+0000] {processor.py:176} INFO - Processing /home/airflow/.local/lib/python3.7/site-packages/airflow/example_dags/example_short_circuit_decorator.py took 0.105 seconds
[2023-12-29T04:50:32.191+0000] {processor.py:154} INFO - Started process (PID=2202) to work on /home/airflow/.local/lib/python3.7/site-packages/airflow/example_dags/example_short_circuit_decorator.py
[2023-12-29T04:50:32.192+0000] {processor.py:756} INFO - Processing file /home/airflow/.local/lib/python3.7/site-packages/airflow/example_dags/example_short_circuit_decorator.py for tasks to queue
[2023-12-29T04:50:32.192+0000] {logging_mixin.py:120} INFO - [2023-12-29T04:50:32.192+0000] {dagbag.py:537} INFO - Filling up the DagBag from /home/airflow/.local/lib/python3.7/site-packages/airflow/example_dags/example_short_circuit_decorator.py
[2023-12-29T04:50:32.217+0000] {processor.py:766} INFO - DAG(s) dict_keys(['example_short_circuit_decorator']) retrieved from /home/airflow/.local/lib/python3.7/site-packages/airflow/example_dags/example_short_circuit_decorator.py
[2023-12-29T04:50:32.257+0000] {logging_mixin.py:120} INFO - [2023-12-29T04:50:32.257+0000] {dag.py:2585} INFO - Sync 1 DAGs
[2023-12-29T04:50:32.284+0000] {logging_mixin.py:120} INFO - [2023-12-29T04:50:32.284+0000] {dag.py:3340} INFO - Setting next_dagrun for example_short_circuit_decorator to 2023-12-28T04:50:32.284389+00:00, run_after=2023-12-29T04:50:32.284389+00:00
[2023-12-29T04:50:32.303+0000] {processor.py:176} INFO - Processing /home/airflow/.local/lib/python3.7/site-packages/airflow/example_dags/example_short_circuit_decorator.py took 0.115 seconds
[2023-12-29T04:51:02.849+0000] {processor.py:154} INFO - Started process (PID=2267) to work on /home/airflow/.local/lib/python3.7/site-packages/airflow/example_dags/example_short_circuit_decorator.py
[2023-12-29T04:51:02.850+0000] {processor.py:756} INFO - Processing file /home/airflow/.local/lib/python3.7/site-packages/airflow/example_dags/example_short_circuit_decorator.py for tasks to queue
[2023-12-29T04:51:02.850+0000] {logging_mixin.py:120} INFO - [2023-12-29T04:51:02.850+0000] {dagbag.py:537} INFO - Filling up the DagBag from /home/airflow/.local/lib/python3.7/site-packages/airflow/example_dags/example_short_circuit_decorator.py
[2023-12-29T04:51:02.875+0000] {processor.py:766} INFO - DAG(s) dict_keys(['example_short_circuit_decorator']) retrieved from /home/airflow/.local/lib/python3.7/site-packages/airflow/example_dags/example_short_circuit_decorator.py
[2023-12-29T04:51:02.913+0000] {logging_mixin.py:120} INFO - [2023-12-29T04:51:02.913+0000] {dag.py:2585} INFO - Sync 1 DAGs
[2023-12-29T04:51:02.940+0000] {logging_mixin.py:120} INFO - [2023-12-29T04:51:02.939+0000] {dag.py:3340} INFO - Setting next_dagrun for example_short_circuit_decorator to 2023-12-28T04:51:02.939654+00:00, run_after=2023-12-29T04:51:02.939654+00:00
[2023-12-29T04:51:02.959+0000] {processor.py:176} INFO - Processing /home/airflow/.local/lib/python3.7/site-packages/airflow/example_dags/example_short_circuit_decorator.py took 0.113 seconds
[2023-12-29T04:51:33.513+0000] {processor.py:154} INFO - Started process (PID=2323) to work on /home/airflow/.local/lib/python3.7/site-packages/airflow/example_dags/example_short_circuit_decorator.py
[2023-12-29T04:51:33.513+0000] {processor.py:756} INFO - Processing file /home/airflow/.local/lib/python3.7/site-packages/airflow/example_dags/example_short_circuit_decorator.py for tasks to queue
[2023-12-29T04:51:33.514+0000] {logging_mixin.py:120} INFO - [2023-12-29T04:51:33.514+0000] {dagbag.py:537} INFO - Filling up the DagBag from /home/airflow/.local/lib/python3.7/site-packages/airflow/example_dags/example_short_circuit_decorator.py
[2023-12-29T04:51:33.542+0000] {processor.py:766} INFO - DAG(s) dict_keys(['example_short_circuit_decorator']) retrieved from /home/airflow/.local/lib/python3.7/site-packages/airflow/example_dags/example_short_circuit_decorator.py
[2023-12-29T04:51:33.580+0000] {logging_mixin.py:120} INFO - [2023-12-29T04:51:33.579+0000] {dag.py:2585} INFO - Sync 1 DAGs
[2023-12-29T04:51:33.603+0000] {logging_mixin.py:120} INFO - [2023-12-29T04:51:33.603+0000] {dag.py:3340} INFO - Setting next_dagrun for example_short_circuit_decorator to 2023-12-28T04:51:33.603347+00:00, run_after=2023-12-29T04:51:33.603347+00:00
[2023-12-29T04:51:33.620+0000] {processor.py:176} INFO - Processing /home/airflow/.local/lib/python3.7/site-packages/airflow/example_dags/example_short_circuit_decorator.py took 0.111 seconds
[2023-12-29T04:52:04.215+0000] {processor.py:154} INFO - Started process (PID=2388) to work on /home/airflow/.local/lib/python3.7/site-packages/airflow/example_dags/example_short_circuit_decorator.py
[2023-12-29T04:52:04.216+0000] {processor.py:756} INFO - Processing file /home/airflow/.local/lib/python3.7/site-packages/airflow/example_dags/example_short_circuit_decorator.py for tasks to queue
[2023-12-29T04:52:04.217+0000] {logging_mixin.py:120} INFO - [2023-12-29T04:52:04.217+0000] {dagbag.py:537} INFO - Filling up the DagBag from /home/airflow/.local/lib/python3.7/site-packages/airflow/example_dags/example_short_circuit_decorator.py
[2023-12-29T04:52:04.241+0000] {processor.py:766} INFO - DAG(s) dict_keys(['example_short_circuit_decorator']) retrieved from /home/airflow/.local/lib/python3.7/site-packages/airflow/example_dags/example_short_circuit_decorator.py
[2023-12-29T04:52:04.276+0000] {logging_mixin.py:120} INFO - [2023-12-29T04:52:04.275+0000] {dag.py:2585} INFO - Sync 1 DAGs
[2023-12-29T04:52:04.299+0000] {logging_mixin.py:120} INFO - [2023-12-29T04:52:04.299+0000] {dag.py:3340} INFO - Setting next_dagrun for example_short_circuit_decorator to 2023-12-28T04:52:04.299064+00:00, run_after=2023-12-29T04:52:04.299064+00:00
[2023-12-29T04:52:04.315+0000] {processor.py:176} INFO - Processing /home/airflow/.local/lib/python3.7/site-packages/airflow/example_dags/example_short_circuit_decorator.py took 0.103 seconds
[2023-12-29T04:52:34.809+0000] {processor.py:154} INFO - Started process (PID=2452) to work on /home/airflow/.local/lib/python3.7/site-packages/airflow/example_dags/example_short_circuit_decorator.py
[2023-12-29T04:52:34.810+0000] {processor.py:756} INFO - Processing file /home/airflow/.local/lib/python3.7/site-packages/airflow/example_dags/example_short_circuit_decorator.py for tasks to queue
[2023-12-29T04:52:34.810+0000] {logging_mixin.py:120} INFO - [2023-12-29T04:52:34.810+0000] {dagbag.py:537} INFO - Filling up the DagBag from /home/airflow/.local/lib/python3.7/site-packages/airflow/example_dags/example_short_circuit_decorator.py
[2023-12-29T04:52:34.837+0000] {processor.py:766} INFO - DAG(s) dict_keys(['example_short_circuit_decorator']) retrieved from /home/airflow/.local/lib/python3.7/site-packages/airflow/example_dags/example_short_circuit_decorator.py
[2023-12-29T04:52:34.874+0000] {logging_mixin.py:120} INFO - [2023-12-29T04:52:34.874+0000] {dag.py:2585} INFO - Sync 1 DAGs
[2023-12-29T04:52:34.899+0000] {logging_mixin.py:120} INFO - [2023-12-29T04:52:34.899+0000] {dag.py:3340} INFO - Setting next_dagrun for example_short_circuit_decorator to 2023-12-28T04:52:34.899351+00:00, run_after=2023-12-29T04:52:34.899351+00:00
[2023-12-29T04:52:34.916+0000] {processor.py:176} INFO - Processing /home/airflow/.local/lib/python3.7/site-packages/airflow/example_dags/example_short_circuit_decorator.py took 0.110 seconds
[2023-12-29T04:53:05.403+0000] {processor.py:154} INFO - Started process (PID=2508) to work on /home/airflow/.local/lib/python3.7/site-packages/airflow/example_dags/example_short_circuit_decorator.py
[2023-12-29T04:53:05.404+0000] {processor.py:756} INFO - Processing file /home/airflow/.local/lib/python3.7/site-packages/airflow/example_dags/example_short_circuit_decorator.py for tasks to queue
[2023-12-29T04:53:05.405+0000] {logging_mixin.py:120} INFO - [2023-12-29T04:53:05.405+0000] {dagbag.py:537} INFO - Filling up the DagBag from /home/airflow/.local/lib/python3.7/site-packages/airflow/example_dags/example_short_circuit_decorator.py
[2023-12-29T04:53:05.432+0000] {processor.py:766} INFO - DAG(s) dict_keys(['example_short_circuit_decorator']) retrieved from /home/airflow/.local/lib/python3.7/site-packages/airflow/example_dags/example_short_circuit_decorator.py
[2023-12-29T04:53:05.469+0000] {logging_mixin.py:120} INFO - [2023-12-29T04:53:05.469+0000] {dag.py:2585} INFO - Sync 1 DAGs
[2023-12-29T04:53:05.494+0000] {logging_mixin.py:120} INFO - [2023-12-29T04:53:05.494+0000] {dag.py:3340} INFO - Setting next_dagrun for example_short_circuit_decorator to 2023-12-28T04:53:05.493778+00:00, run_after=2023-12-29T04:53:05.493778+00:00
[2023-12-29T04:53:05.511+0000] {processor.py:176} INFO - Processing /home/airflow/.local/lib/python3.7/site-packages/airflow/example_dags/example_short_circuit_decorator.py took 0.111 seconds
[2023-12-29T04:53:35.905+0000] {processor.py:154} INFO - Started process (PID=2572) to work on /home/airflow/.local/lib/python3.7/site-packages/airflow/example_dags/example_short_circuit_decorator.py
[2023-12-29T04:53:35.906+0000] {processor.py:756} INFO - Processing file /home/airflow/.local/lib/python3.7/site-packages/airflow/example_dags/example_short_circuit_decorator.py for tasks to queue
[2023-12-29T04:53:35.906+0000] {logging_mixin.py:120} INFO - [2023-12-29T04:53:35.906+0000] {dagbag.py:537} INFO - Filling up the DagBag from /home/airflow/.local/lib/python3.7/site-packages/airflow/example_dags/example_short_circuit_decorator.py
[2023-12-29T04:53:35.932+0000] {processor.py:766} INFO - DAG(s) dict_keys(['example_short_circuit_decorator']) retrieved from /home/airflow/.local/lib/python3.7/site-packages/airflow/example_dags/example_short_circuit_decorator.py
[2023-12-29T04:53:35.969+0000] {logging_mixin.py:120} INFO - [2023-12-29T04:53:35.969+0000] {dag.py:2585} INFO - Sync 1 DAGs
[2023-12-29T04:53:35.993+0000] {logging_mixin.py:120} INFO - [2023-12-29T04:53:35.993+0000] {dag.py:3340} INFO - Setting next_dagrun for example_short_circuit_decorator to 2023-12-28T04:53:35.992811+00:00, run_after=2023-12-29T04:53:35.992811+00:00
[2023-12-29T04:53:36.010+0000] {processor.py:176} INFO - Processing /home/airflow/.local/lib/python3.7/site-packages/airflow/example_dags/example_short_circuit_decorator.py took 0.108 seconds
[2023-12-29T04:54:06.445+0000] {processor.py:154} INFO - Started process (PID=2636) to work on /home/airflow/.local/lib/python3.7/site-packages/airflow/example_dags/example_short_circuit_decorator.py
[2023-12-29T04:54:06.445+0000] {processor.py:756} INFO - Processing file /home/airflow/.local/lib/python3.7/site-packages/airflow/example_dags/example_short_circuit_decorator.py for tasks to queue
[2023-12-29T04:54:06.446+0000] {logging_mixin.py:120} INFO - [2023-12-29T04:54:06.446+0000] {dagbag.py:537} INFO - Filling up the DagBag from /home/airflow/.local/lib/python3.7/site-packages/airflow/example_dags/example_short_circuit_decorator.py
[2023-12-29T04:54:06.472+0000] {processor.py:766} INFO - DAG(s) dict_keys(['example_short_circuit_decorator']) retrieved from /home/airflow/.local/lib/python3.7/site-packages/airflow/example_dags/example_short_circuit_decorator.py
[2023-12-29T04:54:06.508+0000] {logging_mixin.py:120} INFO - [2023-12-29T04:54:06.507+0000] {dag.py:2585} INFO - Sync 1 DAGs
[2023-12-29T04:54:06.531+0000] {logging_mixin.py:120} INFO - [2023-12-29T04:54:06.531+0000] {dag.py:3340} INFO - Setting next_dagrun for example_short_circuit_decorator to 2023-12-28T04:54:06.531487+00:00, run_after=2023-12-29T04:54:06.531487+00:00
[2023-12-29T04:54:06.550+0000] {processor.py:176} INFO - Processing /home/airflow/.local/lib/python3.7/site-packages/airflow/example_dags/example_short_circuit_decorator.py took 0.108 seconds
[2023-12-29T04:54:37.086+0000] {processor.py:154} INFO - Started process (PID=2700) to work on /home/airflow/.local/lib/python3.7/site-packages/airflow/example_dags/example_short_circuit_decorator.py
[2023-12-29T04:54:37.087+0000] {processor.py:756} INFO - Processing file /home/airflow/.local/lib/python3.7/site-packages/airflow/example_dags/example_short_circuit_decorator.py for tasks to queue
[2023-12-29T04:54:37.087+0000] {logging_mixin.py:120} INFO - [2023-12-29T04:54:37.087+0000] {dagbag.py:537} INFO - Filling up the DagBag from /home/airflow/.local/lib/python3.7/site-packages/airflow/example_dags/example_short_circuit_decorator.py
[2023-12-29T04:54:37.111+0000] {processor.py:766} INFO - DAG(s) dict_keys(['example_short_circuit_decorator']) retrieved from /home/airflow/.local/lib/python3.7/site-packages/airflow/example_dags/example_short_circuit_decorator.py
[2023-12-29T04:54:37.146+0000] {logging_mixin.py:120} INFO - [2023-12-29T04:54:37.146+0000] {dag.py:2585} INFO - Sync 1 DAGs
[2023-12-29T04:54:37.171+0000] {logging_mixin.py:120} INFO - [2023-12-29T04:54:37.171+0000] {dag.py:3340} INFO - Setting next_dagrun for example_short_circuit_decorator to 2023-12-28T04:54:37.171532+00:00, run_after=2023-12-29T04:54:37.171532+00:00
[2023-12-29T04:54:37.188+0000] {processor.py:176} INFO - Processing /home/airflow/.local/lib/python3.7/site-packages/airflow/example_dags/example_short_circuit_decorator.py took 0.105 seconds
[2023-12-29T04:55:07.709+0000] {processor.py:154} INFO - Started process (PID=2755) to work on /home/airflow/.local/lib/python3.7/site-packages/airflow/example_dags/example_short_circuit_decorator.py
[2023-12-29T04:55:07.710+0000] {processor.py:756} INFO - Processing file /home/airflow/.local/lib/python3.7/site-packages/airflow/example_dags/example_short_circuit_decorator.py for tasks to queue
[2023-12-29T04:55:07.711+0000] {logging_mixin.py:120} INFO - [2023-12-29T04:55:07.711+0000] {dagbag.py:537} INFO - Filling up the DagBag from /home/airflow/.local/lib/python3.7/site-packages/airflow/example_dags/example_short_circuit_decorator.py
[2023-12-29T04:55:07.735+0000] {processor.py:766} INFO - DAG(s) dict_keys(['example_short_circuit_decorator']) retrieved from /home/airflow/.local/lib/python3.7/site-packages/airflow/example_dags/example_short_circuit_decorator.py
[2023-12-29T04:55:07.777+0000] {logging_mixin.py:120} INFO - [2023-12-29T04:55:07.776+0000] {dag.py:2585} INFO - Sync 1 DAGs
[2023-12-29T04:55:07.804+0000] {logging_mixin.py:120} INFO - [2023-12-29T04:55:07.803+0000] {dag.py:3340} INFO - Setting next_dagrun for example_short_circuit_decorator to 2023-12-28T04:55:07.803650+00:00, run_after=2023-12-29T04:55:07.803650+00:00
[2023-12-29T04:55:07.822+0000] {processor.py:176} INFO - Processing /home/airflow/.local/lib/python3.7/site-packages/airflow/example_dags/example_short_circuit_decorator.py took 0.116 seconds
[2023-12-29T04:55:38.429+0000] {processor.py:154} INFO - Started process (PID=2818) to work on /home/airflow/.local/lib/python3.7/site-packages/airflow/example_dags/example_short_circuit_decorator.py
[2023-12-29T04:55:38.430+0000] {processor.py:756} INFO - Processing file /home/airflow/.local/lib/python3.7/site-packages/airflow/example_dags/example_short_circuit_decorator.py for tasks to queue
[2023-12-29T04:55:38.430+0000] {logging_mixin.py:120} INFO - [2023-12-29T04:55:38.430+0000] {dagbag.py:537} INFO - Filling up the DagBag from /home/airflow/.local/lib/python3.7/site-packages/airflow/example_dags/example_short_circuit_decorator.py
[2023-12-29T04:55:38.457+0000] {processor.py:766} INFO - DAG(s) dict_keys(['example_short_circuit_decorator']) retrieved from /home/airflow/.local/lib/python3.7/site-packages/airflow/example_dags/example_short_circuit_decorator.py
[2023-12-29T04:55:38.507+0000] {logging_mixin.py:120} INFO - [2023-12-29T04:55:38.507+0000] {dag.py:2585} INFO - Sync 1 DAGs
[2023-12-29T04:55:38.534+0000] {logging_mixin.py:120} INFO - [2023-12-29T04:55:38.534+0000] {dag.py:3340} INFO - Setting next_dagrun for example_short_circuit_decorator to 2023-12-28T04:55:38.533947+00:00, run_after=2023-12-29T04:55:38.533947+00:00
[2023-12-29T04:55:38.554+0000] {processor.py:176} INFO - Processing /home/airflow/.local/lib/python3.7/site-packages/airflow/example_dags/example_short_circuit_decorator.py took 0.128 seconds
[2023-12-29T04:56:08.967+0000] {processor.py:154} INFO - Started process (PID=2882) to work on /home/airflow/.local/lib/python3.7/site-packages/airflow/example_dags/example_short_circuit_decorator.py
[2023-12-29T04:56:08.967+0000] {processor.py:756} INFO - Processing file /home/airflow/.local/lib/python3.7/site-packages/airflow/example_dags/example_short_circuit_decorator.py for tasks to queue
[2023-12-29T04:56:08.968+0000] {logging_mixin.py:120} INFO - [2023-12-29T04:56:08.968+0000] {dagbag.py:537} INFO - Filling up the DagBag from /home/airflow/.local/lib/python3.7/site-packages/airflow/example_dags/example_short_circuit_decorator.py
[2023-12-29T04:56:08.995+0000] {processor.py:766} INFO - DAG(s) dict_keys(['example_short_circuit_decorator']) retrieved from /home/airflow/.local/lib/python3.7/site-packages/airflow/example_dags/example_short_circuit_decorator.py
[2023-12-29T04:56:09.037+0000] {logging_mixin.py:120} INFO - [2023-12-29T04:56:09.037+0000] {dag.py:2585} INFO - Sync 1 DAGs
[2023-12-29T04:56:09.064+0000] {logging_mixin.py:120} INFO - [2023-12-29T04:56:09.064+0000] {dag.py:3340} INFO - Setting next_dagrun for example_short_circuit_decorator to 2023-12-28T04:56:09.064027+00:00, run_after=2023-12-29T04:56:09.064027+00:00
[2023-12-29T04:56:09.084+0000] {processor.py:176} INFO - Processing /home/airflow/.local/lib/python3.7/site-packages/airflow/example_dags/example_short_circuit_decorator.py took 0.121 seconds
[2023-12-29T04:56:39.779+0000] {processor.py:154} INFO - Started process (PID=2937) to work on /home/airflow/.local/lib/python3.7/site-packages/airflow/example_dags/example_short_circuit_decorator.py
[2023-12-29T04:56:39.780+0000] {processor.py:756} INFO - Processing file /home/airflow/.local/lib/python3.7/site-packages/airflow/example_dags/example_short_circuit_decorator.py for tasks to queue
[2023-12-29T04:56:39.781+0000] {logging_mixin.py:120} INFO - [2023-12-29T04:56:39.780+0000] {dagbag.py:537} INFO - Filling up the DagBag from /home/airflow/.local/lib/python3.7/site-packages/airflow/example_dags/example_short_circuit_decorator.py
[2023-12-29T04:56:39.814+0000] {processor.py:766} INFO - DAG(s) dict_keys(['example_short_circuit_decorator']) retrieved from /home/airflow/.local/lib/python3.7/site-packages/airflow/example_dags/example_short_circuit_decorator.py
[2023-12-29T04:56:39.862+0000] {logging_mixin.py:120} INFO - [2023-12-29T04:56:39.861+0000] {dag.py:2585} INFO - Sync 1 DAGs
[2023-12-29T04:56:39.894+0000] {logging_mixin.py:120} INFO - [2023-12-29T04:56:39.894+0000] {dag.py:3340} INFO - Setting next_dagrun for example_short_circuit_decorator to 2023-12-28T04:56:39.894202+00:00, run_after=2023-12-29T04:56:39.894202+00:00
[2023-12-29T04:56:39.916+0000] {processor.py:176} INFO - Processing /home/airflow/.local/lib/python3.7/site-packages/airflow/example_dags/example_short_circuit_decorator.py took 0.139 seconds
[2023-12-29T04:57:10.449+0000] {processor.py:154} INFO - Started process (PID=3001) to work on /home/airflow/.local/lib/python3.7/site-packages/airflow/example_dags/example_short_circuit_decorator.py
[2023-12-29T04:57:10.450+0000] {processor.py:756} INFO - Processing file /home/airflow/.local/lib/python3.7/site-packages/airflow/example_dags/example_short_circuit_decorator.py for tasks to queue
[2023-12-29T04:57:10.450+0000] {logging_mixin.py:120} INFO - [2023-12-29T04:57:10.450+0000] {dagbag.py:537} INFO - Filling up the DagBag from /home/airflow/.local/lib/python3.7/site-packages/airflow/example_dags/example_short_circuit_decorator.py
[2023-12-29T04:57:10.476+0000] {processor.py:766} INFO - DAG(s) dict_keys(['example_short_circuit_decorator']) retrieved from /home/airflow/.local/lib/python3.7/site-packages/airflow/example_dags/example_short_circuit_decorator.py
[2023-12-29T04:57:10.511+0000] {logging_mixin.py:120} INFO - [2023-12-29T04:57:10.511+0000] {dag.py:2585} INFO - Sync 1 DAGs
[2023-12-29T04:57:10.534+0000] {logging_mixin.py:120} INFO - [2023-12-29T04:57:10.534+0000] {dag.py:3340} INFO - Setting next_dagrun for example_short_circuit_decorator to 2023-12-28T04:57:10.534586+00:00, run_after=2023-12-29T04:57:10.534586+00:00
[2023-12-29T04:57:10.551+0000] {processor.py:176} INFO - Processing /home/airflow/.local/lib/python3.7/site-packages/airflow/example_dags/example_short_circuit_decorator.py took 0.105 seconds
[2023-12-29T04:57:41.155+0000] {processor.py:154} INFO - Started process (PID=3067) to work on /home/airflow/.local/lib/python3.7/site-packages/airflow/example_dags/example_short_circuit_decorator.py
[2023-12-29T04:57:41.155+0000] {processor.py:756} INFO - Processing file /home/airflow/.local/lib/python3.7/site-packages/airflow/example_dags/example_short_circuit_decorator.py for tasks to queue
[2023-12-29T04:57:41.156+0000] {logging_mixin.py:120} INFO - [2023-12-29T04:57:41.156+0000] {dagbag.py:537} INFO - Filling up the DagBag from /home/airflow/.local/lib/python3.7/site-packages/airflow/example_dags/example_short_circuit_decorator.py
[2023-12-29T04:57:41.182+0000] {processor.py:766} INFO - DAG(s) dict_keys(['example_short_circuit_decorator']) retrieved from /home/airflow/.local/lib/python3.7/site-packages/airflow/example_dags/example_short_circuit_decorator.py
[2023-12-29T04:57:41.219+0000] {logging_mixin.py:120} INFO - [2023-12-29T04:57:41.219+0000] {dag.py:2585} INFO - Sync 1 DAGs
[2023-12-29T04:57:41.243+0000] {logging_mixin.py:120} INFO - [2023-12-29T04:57:41.243+0000] {dag.py:3340} INFO - Setting next_dagrun for example_short_circuit_decorator to 2023-12-28T04:57:41.243051+00:00, run_after=2023-12-29T04:57:41.243051+00:00
[2023-12-29T04:57:41.260+0000] {processor.py:176} INFO - Processing /home/airflow/.local/lib/python3.7/site-packages/airflow/example_dags/example_short_circuit_decorator.py took 0.109 seconds
[2023-12-29T04:58:11.782+0000] {processor.py:154} INFO - Started process (PID=3130) to work on /home/airflow/.local/lib/python3.7/site-packages/airflow/example_dags/example_short_circuit_decorator.py
[2023-12-29T04:58:11.783+0000] {processor.py:756} INFO - Processing file /home/airflow/.local/lib/python3.7/site-packages/airflow/example_dags/example_short_circuit_decorator.py for tasks to queue
[2023-12-29T04:58:11.783+0000] {logging_mixin.py:120} INFO - [2023-12-29T04:58:11.783+0000] {dagbag.py:537} INFO - Filling up the DagBag from /home/airflow/.local/lib/python3.7/site-packages/airflow/example_dags/example_short_circuit_decorator.py
[2023-12-29T04:58:11.811+0000] {processor.py:766} INFO - DAG(s) dict_keys(['example_short_circuit_decorator']) retrieved from /home/airflow/.local/lib/python3.7/site-packages/airflow/example_dags/example_short_circuit_decorator.py
[2023-12-29T04:58:11.852+0000] {logging_mixin.py:120} INFO - [2023-12-29T04:58:11.852+0000] {dag.py:2585} INFO - Sync 1 DAGs
[2023-12-29T04:58:11.884+0000] {logging_mixin.py:120} INFO - [2023-12-29T04:58:11.883+0000] {dag.py:3340} INFO - Setting next_dagrun for example_short_circuit_decorator to 2023-12-28T04:58:11.883628+00:00, run_after=2023-12-29T04:58:11.883628+00:00
[2023-12-29T04:58:11.903+0000] {processor.py:176} INFO - Processing /home/airflow/.local/lib/python3.7/site-packages/airflow/example_dags/example_short_circuit_decorator.py took 0.123 seconds
[2023-12-29T04:58:42.400+0000] {processor.py:154} INFO - Started process (PID=3185) to work on /home/airflow/.local/lib/python3.7/site-packages/airflow/example_dags/example_short_circuit_decorator.py
[2023-12-29T04:58:42.401+0000] {processor.py:756} INFO - Processing file /home/airflow/.local/lib/python3.7/site-packages/airflow/example_dags/example_short_circuit_decorator.py for tasks to queue
[2023-12-29T04:58:42.402+0000] {logging_mixin.py:120} INFO - [2023-12-29T04:58:42.402+0000] {dagbag.py:537} INFO - Filling up the DagBag from /home/airflow/.local/lib/python3.7/site-packages/airflow/example_dags/example_short_circuit_decorator.py
[2023-12-29T04:58:42.428+0000] {processor.py:766} INFO - DAG(s) dict_keys(['example_short_circuit_decorator']) retrieved from /home/airflow/.local/lib/python3.7/site-packages/airflow/example_dags/example_short_circuit_decorator.py
[2023-12-29T04:58:42.465+0000] {logging_mixin.py:120} INFO - [2023-12-29T04:58:42.465+0000] {dag.py:2585} INFO - Sync 1 DAGs
[2023-12-29T04:58:42.490+0000] {logging_mixin.py:120} INFO - [2023-12-29T04:58:42.490+0000] {dag.py:3340} INFO - Setting next_dagrun for example_short_circuit_decorator to 2023-12-28T04:58:42.490356+00:00, run_after=2023-12-29T04:58:42.490356+00:00
[2023-12-29T04:58:42.507+0000] {processor.py:176} INFO - Processing /home/airflow/.local/lib/python3.7/site-packages/airflow/example_dags/example_short_circuit_decorator.py took 0.110 seconds
[2023-12-29T04:59:13.250+0000] {processor.py:154} INFO - Started process (PID=3251) to work on /home/airflow/.local/lib/python3.7/site-packages/airflow/example_dags/example_short_circuit_decorator.py
[2023-12-29T04:59:13.251+0000] {processor.py:756} INFO - Processing file /home/airflow/.local/lib/python3.7/site-packages/airflow/example_dags/example_short_circuit_decorator.py for tasks to queue
[2023-12-29T04:59:13.251+0000] {logging_mixin.py:120} INFO - [2023-12-29T04:59:13.251+0000] {dagbag.py:537} INFO - Filling up the DagBag from /home/airflow/.local/lib/python3.7/site-packages/airflow/example_dags/example_short_circuit_decorator.py
[2023-12-29T04:59:13.277+0000] {processor.py:766} INFO - DAG(s) dict_keys(['example_short_circuit_decorator']) retrieved from /home/airflow/.local/lib/python3.7/site-packages/airflow/example_dags/example_short_circuit_decorator.py
[2023-12-29T04:59:13.313+0000] {logging_mixin.py:120} INFO - [2023-12-29T04:59:13.313+0000] {dag.py:2585} INFO - Sync 1 DAGs
[2023-12-29T04:59:13.337+0000] {logging_mixin.py:120} INFO - [2023-12-29T04:59:13.336+0000] {dag.py:3340} INFO - Setting next_dagrun for example_short_circuit_decorator to 2023-12-28T04:59:13.336696+00:00, run_after=2023-12-29T04:59:13.336696+00:00
[2023-12-29T04:59:13.353+0000] {processor.py:176} INFO - Processing /home/airflow/.local/lib/python3.7/site-packages/airflow/example_dags/example_short_circuit_decorator.py took 0.107 seconds
[2023-12-29T04:59:44.033+0000] {processor.py:154} INFO - Started process (PID=3316) to work on /home/airflow/.local/lib/python3.7/site-packages/airflow/example_dags/example_short_circuit_decorator.py
[2023-12-29T04:59:44.034+0000] {processor.py:756} INFO - Processing file /home/airflow/.local/lib/python3.7/site-packages/airflow/example_dags/example_short_circuit_decorator.py for tasks to queue
[2023-12-29T04:59:44.034+0000] {logging_mixin.py:120} INFO - [2023-12-29T04:59:44.034+0000] {dagbag.py:537} INFO - Filling up the DagBag from /home/airflow/.local/lib/python3.7/site-packages/airflow/example_dags/example_short_circuit_decorator.py
[2023-12-29T04:59:44.062+0000] {processor.py:766} INFO - DAG(s) dict_keys(['example_short_circuit_decorator']) retrieved from /home/airflow/.local/lib/python3.7/site-packages/airflow/example_dags/example_short_circuit_decorator.py
[2023-12-29T04:59:44.099+0000] {logging_mixin.py:120} INFO - [2023-12-29T04:59:44.099+0000] {dag.py:2585} INFO - Sync 1 DAGs
[2023-12-29T04:59:44.123+0000] {logging_mixin.py:120} INFO - [2023-12-29T04:59:44.123+0000] {dag.py:3340} INFO - Setting next_dagrun for example_short_circuit_decorator to 2023-12-28T04:59:44.122836+00:00, run_after=2023-12-29T04:59:44.122836+00:00
[2023-12-29T04:59:44.142+0000] {processor.py:176} INFO - Processing /home/airflow/.local/lib/python3.7/site-packages/airflow/example_dags/example_short_circuit_decorator.py took 0.112 seconds
[2023-12-29T05:00:14.703+0000] {processor.py:154} INFO - Started process (PID=3371) to work on /home/airflow/.local/lib/python3.7/site-packages/airflow/example_dags/example_short_circuit_decorator.py
[2023-12-29T05:00:14.704+0000] {processor.py:756} INFO - Processing file /home/airflow/.local/lib/python3.7/site-packages/airflow/example_dags/example_short_circuit_decorator.py for tasks to queue
[2023-12-29T05:00:14.704+0000] {logging_mixin.py:120} INFO - [2023-12-29T05:00:14.704+0000] {dagbag.py:537} INFO - Filling up the DagBag from /home/airflow/.local/lib/python3.7/site-packages/airflow/example_dags/example_short_circuit_decorator.py
[2023-12-29T05:00:14.730+0000] {processor.py:766} INFO - DAG(s) dict_keys(['example_short_circuit_decorator']) retrieved from /home/airflow/.local/lib/python3.7/site-packages/airflow/example_dags/example_short_circuit_decorator.py
[2023-12-29T05:00:14.770+0000] {logging_mixin.py:120} INFO - [2023-12-29T05:00:14.770+0000] {dag.py:2585} INFO - Sync 1 DAGs
[2023-12-29T05:00:14.797+0000] {logging_mixin.py:120} INFO - [2023-12-29T05:00:14.797+0000] {dag.py:3340} INFO - Setting next_dagrun for example_short_circuit_decorator to 2023-12-28T05:00:14.797445+00:00, run_after=2023-12-29T05:00:14.797445+00:00
[2023-12-29T05:00:14.818+0000] {processor.py:176} INFO - Processing /home/airflow/.local/lib/python3.7/site-packages/airflow/example_dags/example_short_circuit_decorator.py took 0.118 seconds
[2023-12-29T05:00:45.292+0000] {processor.py:154} INFO - Started process (PID=3435) to work on /home/airflow/.local/lib/python3.7/site-packages/airflow/example_dags/example_short_circuit_decorator.py
[2023-12-29T05:00:45.293+0000] {processor.py:756} INFO - Processing file /home/airflow/.local/lib/python3.7/site-packages/airflow/example_dags/example_short_circuit_decorator.py for tasks to queue
[2023-12-29T05:00:45.294+0000] {logging_mixin.py:120} INFO - [2023-12-29T05:00:45.294+0000] {dagbag.py:537} INFO - Filling up the DagBag from /home/airflow/.local/lib/python3.7/site-packages/airflow/example_dags/example_short_circuit_decorator.py
[2023-12-29T05:00:45.321+0000] {processor.py:766} INFO - DAG(s) dict_keys(['example_short_circuit_decorator']) retrieved from /home/airflow/.local/lib/python3.7/site-packages/airflow/example_dags/example_short_circuit_decorator.py
[2023-12-29T05:00:45.356+0000] {logging_mixin.py:120} INFO - [2023-12-29T05:00:45.356+0000] {dag.py:2585} INFO - Sync 1 DAGs
[2023-12-29T05:00:45.381+0000] {logging_mixin.py:120} INFO - [2023-12-29T05:00:45.381+0000] {dag.py:3340} INFO - Setting next_dagrun for example_short_circuit_decorator to 2023-12-28T05:00:45.381003+00:00, run_after=2023-12-29T05:00:45.381003+00:00
[2023-12-29T05:00:45.398+0000] {processor.py:176} INFO - Processing /home/airflow/.local/lib/python3.7/site-packages/airflow/example_dags/example_short_circuit_decorator.py took 0.108 seconds
[2023-12-29T05:01:15.853+0000] {processor.py:154} INFO - Started process (PID=3499) to work on /home/airflow/.local/lib/python3.7/site-packages/airflow/example_dags/example_short_circuit_decorator.py
[2023-12-29T05:01:15.854+0000] {processor.py:756} INFO - Processing file /home/airflow/.local/lib/python3.7/site-packages/airflow/example_dags/example_short_circuit_decorator.py for tasks to queue
[2023-12-29T05:01:15.854+0000] {logging_mixin.py:120} INFO - [2023-12-29T05:01:15.854+0000] {dagbag.py:537} INFO - Filling up the DagBag from /home/airflow/.local/lib/python3.7/site-packages/airflow/example_dags/example_short_circuit_decorator.py
[2023-12-29T05:01:15.881+0000] {processor.py:766} INFO - DAG(s) dict_keys(['example_short_circuit_decorator']) retrieved from /home/airflow/.local/lib/python3.7/site-packages/airflow/example_dags/example_short_circuit_decorator.py
[2023-12-29T05:01:15.919+0000] {logging_mixin.py:120} INFO - [2023-12-29T05:01:15.919+0000] {dag.py:2585} INFO - Sync 1 DAGs
[2023-12-29T05:01:15.943+0000] {logging_mixin.py:120} INFO - [2023-12-29T05:01:15.943+0000] {dag.py:3340} INFO - Setting next_dagrun for example_short_circuit_decorator to 2023-12-28T05:01:15.943203+00:00, run_after=2023-12-29T05:01:15.943203+00:00
[2023-12-29T05:01:15.960+0000] {processor.py:176} INFO - Processing /home/airflow/.local/lib/python3.7/site-packages/airflow/example_dags/example_short_circuit_decorator.py took 0.110 seconds
[2023-12-29T05:01:46.351+0000] {processor.py:154} INFO - Started process (PID=3563) to work on /home/airflow/.local/lib/python3.7/site-packages/airflow/example_dags/example_short_circuit_decorator.py
[2023-12-29T05:01:46.352+0000] {processor.py:756} INFO - Processing file /home/airflow/.local/lib/python3.7/site-packages/airflow/example_dags/example_short_circuit_decorator.py for tasks to queue
[2023-12-29T05:01:46.353+0000] {logging_mixin.py:120} INFO - [2023-12-29T05:01:46.352+0000] {dagbag.py:537} INFO - Filling up the DagBag from /home/airflow/.local/lib/python3.7/site-packages/airflow/example_dags/example_short_circuit_decorator.py
[2023-12-29T05:01:46.377+0000] {processor.py:766} INFO - DAG(s) dict_keys(['example_short_circuit_decorator']) retrieved from /home/airflow/.local/lib/python3.7/site-packages/airflow/example_dags/example_short_circuit_decorator.py
[2023-12-29T05:01:46.414+0000] {logging_mixin.py:120} INFO - [2023-12-29T05:01:46.414+0000] {dag.py:2585} INFO - Sync 1 DAGs
[2023-12-29T05:01:46.441+0000] {logging_mixin.py:120} INFO - [2023-12-29T05:01:46.440+0000] {dag.py:3340} INFO - Setting next_dagrun for example_short_circuit_decorator to 2023-12-28T05:01:46.440687+00:00, run_after=2023-12-29T05:01:46.440687+00:00
[2023-12-29T05:01:46.460+0000] {processor.py:176} INFO - Processing /home/airflow/.local/lib/python3.7/site-packages/airflow/example_dags/example_short_circuit_decorator.py took 0.112 seconds
