[2023-12-29T04:32:36.140+0000] {processor.py:154} INFO - Started process (PID=42) to work on /home/airflow/.local/lib/python3.7/site-packages/airflow/example_dags/example_subdag_operator.py
[2023-12-29T04:32:36.140+0000] {processor.py:756} INFO - Processing file /home/airflow/.local/lib/python3.7/site-packages/airflow/example_dags/example_subdag_operator.py for tasks to queue
[2023-12-29T04:32:36.141+0000] {logging_mixin.py:120} INFO - [2023-12-29T04:32:36.141+0000] {dagbag.py:537} INFO - Filling up the DagBag from /home/airflow/.local/lib/python3.7/site-packages/airflow/example_dags/example_subdag_operator.py
[2023-12-29T04:32:36.185+0000] {processor.py:766} INFO - DAG(s) dict_keys(['example_subdag_operator.section-1', 'example_subdag_operator.section-2', 'example_subdag_operator']) retrieved from /home/airflow/.local/lib/python3.7/site-packages/airflow/example_dags/example_subdag_operator.py
[2023-12-29T04:32:36.409+0000] {logging_mixin.py:120} INFO - [2023-12-29T04:32:36.409+0000] {dag.py:2585} INFO - Sync 3 DAGs
[2023-12-29T04:32:36.435+0000] {logging_mixin.py:120} INFO - [2023-12-29T04:32:36.435+0000] {dag.py:3340} INFO - Setting next_dagrun for example_subdag_operator to 2022-01-01T00:00:00+00:00, run_after=2022-01-01T00:00:00+00:00
[2023-12-29T04:32:36.439+0000] {logging_mixin.py:120} INFO - [2023-12-29T04:32:36.438+0000] {dag.py:3340} INFO - Setting next_dagrun for example_subdag_operator.section-1 to None, run_after=None
[2023-12-29T04:32:36.440+0000] {logging_mixin.py:120} INFO - [2023-12-29T04:32:36.440+0000] {dag.py:3340} INFO - Setting next_dagrun for example_subdag_operator.section-2 to None, run_after=None
[2023-12-29T04:32:36.447+0000] {logging_mixin.py:120} INFO - [2023-12-29T04:32:36.447+0000] {dag.py:2585} INFO - Sync 2 DAGs
[2023-12-29T04:32:36.454+0000] {logging_mixin.py:120} INFO - [2023-12-29T04:32:36.454+0000] {dag.py:3340} INFO - Setting next_dagrun for example_subdag_operator.section-1 to None, run_after=None
[2023-12-29T04:32:36.454+0000] {logging_mixin.py:120} INFO - [2023-12-29T04:32:36.454+0000] {dag.py:3340} INFO - Setting next_dagrun for example_subdag_operator.section-2 to None, run_after=None
[2023-12-29T04:32:36.487+0000] {processor.py:176} INFO - Processing /home/airflow/.local/lib/python3.7/site-packages/airflow/example_dags/example_subdag_operator.py took 0.351 seconds
[2023-12-29T04:33:06.694+0000] {processor.py:154} INFO - Started process (PID=106) to work on /home/airflow/.local/lib/python3.7/site-packages/airflow/example_dags/example_subdag_operator.py
[2023-12-29T04:33:06.695+0000] {processor.py:756} INFO - Processing file /home/airflow/.local/lib/python3.7/site-packages/airflow/example_dags/example_subdag_operator.py for tasks to queue
[2023-12-29T04:33:06.695+0000] {logging_mixin.py:120} INFO - [2023-12-29T04:33:06.695+0000] {dagbag.py:537} INFO - Filling up the DagBag from /home/airflow/.local/lib/python3.7/site-packages/airflow/example_dags/example_subdag_operator.py
[2023-12-29T04:33:06.723+0000] {processor.py:766} INFO - DAG(s) dict_keys(['example_subdag_operator.section-1', 'example_subdag_operator.section-2', 'example_subdag_operator']) retrieved from /home/airflow/.local/lib/python3.7/site-packages/airflow/example_dags/example_subdag_operator.py
[2023-12-29T04:33:06.918+0000] {logging_mixin.py:120} INFO - [2023-12-29T04:33:06.918+0000] {dag.py:2585} INFO - Sync 3 DAGs
[2023-12-29T04:33:06.943+0000] {logging_mixin.py:120} INFO - [2023-12-29T04:33:06.943+0000] {dag.py:3340} INFO - Setting next_dagrun for example_subdag_operator to 2022-01-01T00:00:00+00:00, run_after=2022-01-01T00:00:00+00:00
[2023-12-29T04:33:06.946+0000] {logging_mixin.py:120} INFO - [2023-12-29T04:33:06.946+0000] {dag.py:3340} INFO - Setting next_dagrun for example_subdag_operator.section-1 to None, run_after=None
[2023-12-29T04:33:06.948+0000] {logging_mixin.py:120} INFO - [2023-12-29T04:33:06.948+0000] {dag.py:3340} INFO - Setting next_dagrun for example_subdag_operator.section-2 to None, run_after=None
[2023-12-29T04:33:06.956+0000] {logging_mixin.py:120} INFO - [2023-12-29T04:33:06.956+0000] {dag.py:2585} INFO - Sync 2 DAGs
[2023-12-29T04:33:06.963+0000] {logging_mixin.py:120} INFO - [2023-12-29T04:33:06.962+0000] {dag.py:3340} INFO - Setting next_dagrun for example_subdag_operator.section-1 to None, run_after=None
[2023-12-29T04:33:06.963+0000] {logging_mixin.py:120} INFO - [2023-12-29T04:33:06.963+0000] {dag.py:3340} INFO - Setting next_dagrun for example_subdag_operator.section-2 to None, run_after=None
[2023-12-29T04:33:06.973+0000] {processor.py:176} INFO - Processing /home/airflow/.local/lib/python3.7/site-packages/airflow/example_dags/example_subdag_operator.py took 0.281 seconds
[2023-12-29T04:33:37.842+0000] {processor.py:154} INFO - Started process (PID=172) to work on /home/airflow/.local/lib/python3.7/site-packages/airflow/example_dags/example_subdag_operator.py
[2023-12-29T04:33:37.847+0000] {processor.py:756} INFO - Processing file /home/airflow/.local/lib/python3.7/site-packages/airflow/example_dags/example_subdag_operator.py for tasks to queue
[2023-12-29T04:33:37.847+0000] {logging_mixin.py:120} INFO - [2023-12-29T04:33:37.847+0000] {dagbag.py:537} INFO - Filling up the DagBag from /home/airflow/.local/lib/python3.7/site-packages/airflow/example_dags/example_subdag_operator.py
[2023-12-29T04:33:37.908+0000] {processor.py:766} INFO - DAG(s) dict_keys(['example_subdag_operator.section-1', 'example_subdag_operator.section-2', 'example_subdag_operator']) retrieved from /home/airflow/.local/lib/python3.7/site-packages/airflow/example_dags/example_subdag_operator.py
[2023-12-29T04:33:38.143+0000] {logging_mixin.py:120} INFO - [2023-12-29T04:33:38.143+0000] {dag.py:2585} INFO - Sync 3 DAGs
[2023-12-29T04:33:38.167+0000] {logging_mixin.py:120} INFO - [2023-12-29T04:33:38.167+0000] {dag.py:3340} INFO - Setting next_dagrun for example_subdag_operator to 2022-01-01T00:00:00+00:00, run_after=2022-01-01T00:00:00+00:00
[2023-12-29T04:33:38.171+0000] {logging_mixin.py:120} INFO - [2023-12-29T04:33:38.171+0000] {dag.py:3340} INFO - Setting next_dagrun for example_subdag_operator.section-1 to None, run_after=None
[2023-12-29T04:33:38.172+0000] {logging_mixin.py:120} INFO - [2023-12-29T04:33:38.172+0000] {dag.py:3340} INFO - Setting next_dagrun for example_subdag_operator.section-2 to None, run_after=None
[2023-12-29T04:33:38.179+0000] {logging_mixin.py:120} INFO - [2023-12-29T04:33:38.179+0000] {dag.py:2585} INFO - Sync 2 DAGs
[2023-12-29T04:33:38.185+0000] {logging_mixin.py:120} INFO - [2023-12-29T04:33:38.185+0000] {dag.py:3340} INFO - Setting next_dagrun for example_subdag_operator.section-1 to None, run_after=None
[2023-12-29T04:33:38.185+0000] {logging_mixin.py:120} INFO - [2023-12-29T04:33:38.185+0000] {dag.py:3340} INFO - Setting next_dagrun for example_subdag_operator.section-2 to None, run_after=None
[2023-12-29T04:33:38.195+0000] {processor.py:176} INFO - Processing /home/airflow/.local/lib/python3.7/site-packages/airflow/example_dags/example_subdag_operator.py took 0.356 seconds
[2023-12-29T04:34:09.003+0000] {processor.py:154} INFO - Started process (PID=227) to work on /home/airflow/.local/lib/python3.7/site-packages/airflow/example_dags/example_subdag_operator.py
[2023-12-29T04:34:09.004+0000] {processor.py:756} INFO - Processing file /home/airflow/.local/lib/python3.7/site-packages/airflow/example_dags/example_subdag_operator.py for tasks to queue
[2023-12-29T04:34:09.005+0000] {logging_mixin.py:120} INFO - [2023-12-29T04:34:09.005+0000] {dagbag.py:537} INFO - Filling up the DagBag from /home/airflow/.local/lib/python3.7/site-packages/airflow/example_dags/example_subdag_operator.py
[2023-12-29T04:34:09.039+0000] {processor.py:766} INFO - DAG(s) dict_keys(['example_subdag_operator.section-1', 'example_subdag_operator.section-2', 'example_subdag_operator']) retrieved from /home/airflow/.local/lib/python3.7/site-packages/airflow/example_dags/example_subdag_operator.py
[2023-12-29T04:34:09.258+0000] {logging_mixin.py:120} INFO - [2023-12-29T04:34:09.257+0000] {dag.py:2585} INFO - Sync 3 DAGs
[2023-12-29T04:34:09.287+0000] {logging_mixin.py:120} INFO - [2023-12-29T04:34:09.283+0000] {dag.py:3340} INFO - Setting next_dagrun for example_subdag_operator to 2022-01-01T00:00:00+00:00, run_after=2022-01-01T00:00:00+00:00
[2023-12-29T04:34:09.290+0000] {logging_mixin.py:120} INFO - [2023-12-29T04:34:09.290+0000] {dag.py:3340} INFO - Setting next_dagrun for example_subdag_operator.section-1 to None, run_after=None
[2023-12-29T04:34:09.292+0000] {logging_mixin.py:120} INFO - [2023-12-29T04:34:09.292+0000] {dag.py:3340} INFO - Setting next_dagrun for example_subdag_operator.section-2 to None, run_after=None
[2023-12-29T04:34:09.308+0000] {logging_mixin.py:120} INFO - [2023-12-29T04:34:09.307+0000] {dag.py:2585} INFO - Sync 2 DAGs
[2023-12-29T04:34:09.315+0000] {logging_mixin.py:120} INFO - [2023-12-29T04:34:09.315+0000] {dag.py:3340} INFO - Setting next_dagrun for example_subdag_operator.section-1 to None, run_after=None
[2023-12-29T04:34:09.315+0000] {logging_mixin.py:120} INFO - [2023-12-29T04:34:09.315+0000] {dag.py:3340} INFO - Setting next_dagrun for example_subdag_operator.section-2 to None, run_after=None
[2023-12-29T04:34:09.327+0000] {processor.py:176} INFO - Processing /home/airflow/.local/lib/python3.7/site-packages/airflow/example_dags/example_subdag_operator.py took 0.326 seconds
