[2023-12-29T04:32:37.573+0000] {processor.py:154} INFO - Started process (PID=57) to work on /home/airflow/.local/lib/python3.7/site-packages/airflow/example_dags/example_nested_branch_dag.py
[2023-12-29T04:32:37.574+0000] {processor.py:756} INFO - Processing file /home/airflow/.local/lib/python3.7/site-packages/airflow/example_dags/example_nested_branch_dag.py for tasks to queue
[2023-12-29T04:32:37.575+0000] {logging_mixin.py:120} INFO - [2023-12-29T04:32:37.574+0000] {dagbag.py:537} INFO - Filling up the DagBag from /home/airflow/.local/lib/python3.7/site-packages/airflow/example_dags/example_nested_branch_dag.py
[2023-12-29T04:32:37.634+0000] {processor.py:766} INFO - DAG(s) dict_keys(['example_nested_branch_dag']) retrieved from /home/airflow/.local/lib/python3.7/site-packages/airflow/example_dags/example_nested_branch_dag.py
[2023-12-29T04:32:37.673+0000] {logging_mixin.py:120} INFO - [2023-12-29T04:32:37.673+0000] {dag.py:2585} INFO - Sync 1 DAGs
[2023-12-29T04:32:37.701+0000] {logging_mixin.py:120} INFO - [2023-12-29T04:32:37.701+0000] {dag.py:3340} INFO - Setting next_dagrun for example_nested_branch_dag to 2023-12-28T00:00:00+00:00, run_after=2023-12-29T00:00:00+00:00
[2023-12-29T04:32:37.728+0000] {processor.py:176} INFO - Processing /home/airflow/.local/lib/python3.7/site-packages/airflow/example_dags/example_nested_branch_dag.py took 0.164 seconds
[2023-12-29T04:33:07.915+0000] {processor.py:154} INFO - Started process (PID=121) to work on /home/airflow/.local/lib/python3.7/site-packages/airflow/example_dags/example_nested_branch_dag.py
[2023-12-29T04:33:07.916+0000] {processor.py:756} INFO - Processing file /home/airflow/.local/lib/python3.7/site-packages/airflow/example_dags/example_nested_branch_dag.py for tasks to queue
[2023-12-29T04:33:07.916+0000] {logging_mixin.py:120} INFO - [2023-12-29T04:33:07.916+0000] {dagbag.py:537} INFO - Filling up the DagBag from /home/airflow/.local/lib/python3.7/site-packages/airflow/example_dags/example_nested_branch_dag.py
[2023-12-29T04:33:07.938+0000] {processor.py:766} INFO - DAG(s) dict_keys(['example_nested_branch_dag']) retrieved from /home/airflow/.local/lib/python3.7/site-packages/airflow/example_dags/example_nested_branch_dag.py
[2023-12-29T04:33:07.975+0000] {logging_mixin.py:120} INFO - [2023-12-29T04:33:07.975+0000] {dag.py:2585} INFO - Sync 1 DAGs
[2023-12-29T04:33:08.000+0000] {logging_mixin.py:120} INFO - [2023-12-29T04:33:08.000+0000] {dag.py:3340} INFO - Setting next_dagrun for example_nested_branch_dag to 2023-12-28T00:00:00+00:00, run_after=2023-12-29T00:00:00+00:00
[2023-12-29T04:33:08.018+0000] {processor.py:176} INFO - Processing /home/airflow/.local/lib/python3.7/site-packages/airflow/example_dags/example_nested_branch_dag.py took 0.105 seconds
[2023-12-29T04:33:39.348+0000] {processor.py:154} INFO - Started process (PID=187) to work on /home/airflow/.local/lib/python3.7/site-packages/airflow/example_dags/example_nested_branch_dag.py
[2023-12-29T04:33:39.349+0000] {processor.py:756} INFO - Processing file /home/airflow/.local/lib/python3.7/site-packages/airflow/example_dags/example_nested_branch_dag.py for tasks to queue
[2023-12-29T04:33:39.349+0000] {logging_mixin.py:120} INFO - [2023-12-29T04:33:39.349+0000] {dagbag.py:537} INFO - Filling up the DagBag from /home/airflow/.local/lib/python3.7/site-packages/airflow/example_dags/example_nested_branch_dag.py
[2023-12-29T04:33:39.370+0000] {processor.py:766} INFO - DAG(s) dict_keys(['example_nested_branch_dag']) retrieved from /home/airflow/.local/lib/python3.7/site-packages/airflow/example_dags/example_nested_branch_dag.py
[2023-12-29T04:33:39.405+0000] {logging_mixin.py:120} INFO - [2023-12-29T04:33:39.405+0000] {dag.py:2585} INFO - Sync 1 DAGs
[2023-12-29T04:33:39.429+0000] {logging_mixin.py:120} INFO - [2023-12-29T04:33:39.429+0000] {dag.py:3340} INFO - Setting next_dagrun for example_nested_branch_dag to 2023-12-28T00:00:00+00:00, run_after=2023-12-29T00:00:00+00:00
[2023-12-29T04:33:39.445+0000] {processor.py:176} INFO - Processing /home/airflow/.local/lib/python3.7/site-packages/airflow/example_dags/example_nested_branch_dag.py took 0.099 seconds
[2023-12-29T04:34:10.235+0000] {processor.py:154} INFO - Started process (PID=242) to work on /home/airflow/.local/lib/python3.7/site-packages/airflow/example_dags/example_nested_branch_dag.py
[2023-12-29T04:34:10.235+0000] {processor.py:756} INFO - Processing file /home/airflow/.local/lib/python3.7/site-packages/airflow/example_dags/example_nested_branch_dag.py for tasks to queue
[2023-12-29T04:34:10.236+0000] {logging_mixin.py:120} INFO - [2023-12-29T04:34:10.236+0000] {dagbag.py:537} INFO - Filling up the DagBag from /home/airflow/.local/lib/python3.7/site-packages/airflow/example_dags/example_nested_branch_dag.py
[2023-12-29T04:34:10.258+0000] {processor.py:766} INFO - DAG(s) dict_keys(['example_nested_branch_dag']) retrieved from /home/airflow/.local/lib/python3.7/site-packages/airflow/example_dags/example_nested_branch_dag.py
[2023-12-29T04:34:10.295+0000] {logging_mixin.py:120} INFO - [2023-12-29T04:34:10.295+0000] {dag.py:2585} INFO - Sync 1 DAGs
[2023-12-29T04:34:10.323+0000] {logging_mixin.py:120} INFO - [2023-12-29T04:34:10.323+0000] {dag.py:3340} INFO - Setting next_dagrun for example_nested_branch_dag to 2023-12-28T00:00:00+00:00, run_after=2023-12-29T00:00:00+00:00
[2023-12-29T04:34:10.362+0000] {processor.py:176} INFO - Processing /home/airflow/.local/lib/python3.7/site-packages/airflow/example_dags/example_nested_branch_dag.py took 0.130 seconds
