[2023-12-29T04:32:35.943+0000] {processor.py:154} INFO - Started process (PID=39) to work on /home/airflow/.local/lib/python3.7/site-packages/airflow/example_dags/example_skip_dag.py
[2023-12-29T04:32:35.944+0000] {processor.py:756} INFO - Processing file /home/airflow/.local/lib/python3.7/site-packages/airflow/example_dags/example_skip_dag.py for tasks to queue
[2023-12-29T04:32:35.945+0000] {logging_mixin.py:120} INFO - [2023-12-29T04:32:35.945+0000] {dagbag.py:537} INFO - Filling up the DagBag from /home/airflow/.local/lib/python3.7/site-packages/airflow/example_dags/example_skip_dag.py
[2023-12-29T04:32:35.959+0000] {processor.py:766} INFO - DAG(s) dict_keys(['example_skip_dag']) retrieved from /home/airflow/.local/lib/python3.7/site-packages/airflow/example_dags/example_skip_dag.py
[2023-12-29T04:32:36.010+0000] {logging_mixin.py:120} INFO - [2023-12-29T04:32:36.010+0000] {dag.py:2585} INFO - Sync 1 DAGs
[2023-12-29T04:32:36.035+0000] {logging_mixin.py:120} INFO - [2023-12-29T04:32:36.035+0000] {dag.py:3340} INFO - Setting next_dagrun for example_skip_dag to 2023-12-28T04:32:36.035297+00:00, run_after=2023-12-29T04:32:36.035297+00:00
[2023-12-29T04:32:36.056+0000] {processor.py:176} INFO - Processing /home/airflow/.local/lib/python3.7/site-packages/airflow/example_dags/example_skip_dag.py took 0.115 seconds
[2023-12-29T04:33:06.494+0000] {processor.py:154} INFO - Started process (PID=103) to work on /home/airflow/.local/lib/python3.7/site-packages/airflow/example_dags/example_skip_dag.py
[2023-12-29T04:33:06.495+0000] {processor.py:756} INFO - Processing file /home/airflow/.local/lib/python3.7/site-packages/airflow/example_dags/example_skip_dag.py for tasks to queue
[2023-12-29T04:33:06.496+0000] {logging_mixin.py:120} INFO - [2023-12-29T04:33:06.496+0000] {dagbag.py:537} INFO - Filling up the DagBag from /home/airflow/.local/lib/python3.7/site-packages/airflow/example_dags/example_skip_dag.py
[2023-12-29T04:33:06.510+0000] {processor.py:766} INFO - DAG(s) dict_keys(['example_skip_dag']) retrieved from /home/airflow/.local/lib/python3.7/site-packages/airflow/example_dags/example_skip_dag.py
[2023-12-29T04:33:06.549+0000] {logging_mixin.py:120} INFO - [2023-12-29T04:33:06.549+0000] {dag.py:2585} INFO - Sync 1 DAGs
[2023-12-29T04:33:06.576+0000] {logging_mixin.py:120} INFO - [2023-12-29T04:33:06.576+0000] {dag.py:3340} INFO - Setting next_dagrun for example_skip_dag to 2023-12-28T04:33:06.575935+00:00, run_after=2023-12-29T04:33:06.575935+00:00
[2023-12-29T04:33:06.594+0000] {processor.py:176} INFO - Processing /home/airflow/.local/lib/python3.7/site-packages/airflow/example_dags/example_skip_dag.py took 0.102 seconds
[2023-12-29T04:33:37.575+0000] {processor.py:154} INFO - Started process (PID=169) to work on /home/airflow/.local/lib/python3.7/site-packages/airflow/example_dags/example_skip_dag.py
[2023-12-29T04:33:37.583+0000] {processor.py:756} INFO - Processing file /home/airflow/.local/lib/python3.7/site-packages/airflow/example_dags/example_skip_dag.py for tasks to queue
[2023-12-29T04:33:37.583+0000] {logging_mixin.py:120} INFO - [2023-12-29T04:33:37.583+0000] {dagbag.py:537} INFO - Filling up the DagBag from /home/airflow/.local/lib/python3.7/site-packages/airflow/example_dags/example_skip_dag.py
[2023-12-29T04:33:37.617+0000] {processor.py:766} INFO - DAG(s) dict_keys(['example_skip_dag']) retrieved from /home/airflow/.local/lib/python3.7/site-packages/airflow/example_dags/example_skip_dag.py
[2023-12-29T04:33:37.679+0000] {logging_mixin.py:120} INFO - [2023-12-29T04:33:37.679+0000] {dag.py:2585} INFO - Sync 1 DAGs
[2023-12-29T04:33:37.725+0000] {logging_mixin.py:120} INFO - [2023-12-29T04:33:37.725+0000] {dag.py:3340} INFO - Setting next_dagrun for example_skip_dag to 2023-12-28T04:33:37.725143+00:00, run_after=2023-12-29T04:33:37.725143+00:00
[2023-12-29T04:33:37.761+0000] {processor.py:176} INFO - Processing /home/airflow/.local/lib/python3.7/site-packages/airflow/example_dags/example_skip_dag.py took 0.188 seconds
[2023-12-29T04:34:07.820+0000] {processor.py:154} INFO - Started process (PID=224) to work on /home/airflow/.local/lib/python3.7/site-packages/airflow/example_dags/example_skip_dag.py
[2023-12-29T04:34:07.821+0000] {processor.py:756} INFO - Processing file /home/airflow/.local/lib/python3.7/site-packages/airflow/example_dags/example_skip_dag.py for tasks to queue
[2023-12-29T04:34:07.822+0000] {logging_mixin.py:120} INFO - [2023-12-29T04:34:07.822+0000] {dagbag.py:537} INFO - Filling up the DagBag from /home/airflow/.local/lib/python3.7/site-packages/airflow/example_dags/example_skip_dag.py
[2023-12-29T04:34:07.842+0000] {processor.py:766} INFO - DAG(s) dict_keys(['example_skip_dag']) retrieved from /home/airflow/.local/lib/python3.7/site-packages/airflow/example_dags/example_skip_dag.py
[2023-12-29T04:34:07.888+0000] {logging_mixin.py:120} INFO - [2023-12-29T04:34:07.888+0000] {dag.py:2585} INFO - Sync 1 DAGs
[2023-12-29T04:34:07.919+0000] {logging_mixin.py:120} INFO - [2023-12-29T04:34:07.919+0000] {dag.py:3340} INFO - Setting next_dagrun for example_skip_dag to 2023-12-28T04:34:07.918791+00:00, run_after=2023-12-29T04:34:07.918791+00:00
[2023-12-29T04:34:07.938+0000] {processor.py:176} INFO - Processing /home/airflow/.local/lib/python3.7/site-packages/airflow/example_dags/example_skip_dag.py took 0.122 seconds
