[2023-12-29T04:32:36.372+0000] {processor.py:154} INFO - Started process (PID=43) to work on /home/airflow/.local/lib/python3.7/site-packages/airflow/example_dags/example_xcomargs.py
[2023-12-29T04:32:36.373+0000] {processor.py:756} INFO - Processing file /home/airflow/.local/lib/python3.7/site-packages/airflow/example_dags/example_xcomargs.py for tasks to queue
[2023-12-29T04:32:36.374+0000] {logging_mixin.py:120} INFO - [2023-12-29T04:32:36.374+0000] {dagbag.py:537} INFO - Filling up the DagBag from /home/airflow/.local/lib/python3.7/site-packages/airflow/example_dags/example_xcomargs.py
[2023-12-29T04:32:36.400+0000] {processor.py:766} INFO - DAG(s) dict_keys(['example_xcom_args_with_operators', 'example_xcom_args']) retrieved from /home/airflow/.local/lib/python3.7/site-packages/airflow/example_dags/example_xcomargs.py
[2023-12-29T04:32:36.442+0000] {logging_mixin.py:120} INFO - [2023-12-29T04:32:36.442+0000] {dag.py:2585} INFO - Sync 2 DAGs
[2023-12-29T04:32:36.470+0000] {logging_mixin.py:120} INFO - [2023-12-29T04:32:36.470+0000] {dag.py:3340} INFO - Setting next_dagrun for example_xcom_args to None, run_after=None
[2023-12-29T04:32:36.474+0000] {logging_mixin.py:120} INFO - [2023-12-29T04:32:36.474+0000] {dag.py:3340} INFO - Setting next_dagrun for example_xcom_args_with_operators to None, run_after=None
[2023-12-29T04:32:36.491+0000] {processor.py:176} INFO - Processing /home/airflow/.local/lib/python3.7/site-packages/airflow/example_dags/example_xcomargs.py took 0.121 seconds
[2023-12-29T04:33:06.878+0000] {processor.py:154} INFO - Started process (PID=107) to work on /home/airflow/.local/lib/python3.7/site-packages/airflow/example_dags/example_xcomargs.py
[2023-12-29T04:33:06.879+0000] {processor.py:756} INFO - Processing file /home/airflow/.local/lib/python3.7/site-packages/airflow/example_dags/example_xcomargs.py for tasks to queue
[2023-12-29T04:33:06.880+0000] {logging_mixin.py:120} INFO - [2023-12-29T04:33:06.879+0000] {dagbag.py:537} INFO - Filling up the DagBag from /home/airflow/.local/lib/python3.7/site-packages/airflow/example_dags/example_xcomargs.py
[2023-12-29T04:33:06.901+0000] {processor.py:766} INFO - DAG(s) dict_keys(['example_xcom_args_with_operators', 'example_xcom_args']) retrieved from /home/airflow/.local/lib/python3.7/site-packages/airflow/example_dags/example_xcomargs.py
[2023-12-29T04:33:06.941+0000] {logging_mixin.py:120} INFO - [2023-12-29T04:33:06.941+0000] {dag.py:2585} INFO - Sync 2 DAGs
[2023-12-29T04:33:06.967+0000] {logging_mixin.py:120} INFO - [2023-12-29T04:33:06.966+0000] {dag.py:3340} INFO - Setting next_dagrun for example_xcom_args to None, run_after=None
[2023-12-29T04:33:06.970+0000] {logging_mixin.py:120} INFO - [2023-12-29T04:33:06.970+0000] {dag.py:3340} INFO - Setting next_dagrun for example_xcom_args_with_operators to None, run_after=None
[2023-12-29T04:33:06.985+0000] {processor.py:176} INFO - Processing /home/airflow/.local/lib/python3.7/site-packages/airflow/example_dags/example_xcomargs.py took 0.110 seconds
[2023-12-29T04:33:38.224+0000] {processor.py:154} INFO - Started process (PID=173) to work on /home/airflow/.local/lib/python3.7/site-packages/airflow/example_dags/example_xcomargs.py
[2023-12-29T04:33:38.227+0000] {processor.py:756} INFO - Processing file /home/airflow/.local/lib/python3.7/site-packages/airflow/example_dags/example_xcomargs.py for tasks to queue
[2023-12-29T04:33:38.228+0000] {logging_mixin.py:120} INFO - [2023-12-29T04:33:38.227+0000] {dagbag.py:537} INFO - Filling up the DagBag from /home/airflow/.local/lib/python3.7/site-packages/airflow/example_dags/example_xcomargs.py
[2023-12-29T04:33:38.275+0000] {processor.py:766} INFO - DAG(s) dict_keys(['example_xcom_args', 'example_xcom_args_with_operators']) retrieved from /home/airflow/.local/lib/python3.7/site-packages/airflow/example_dags/example_xcomargs.py
[2023-12-29T04:33:38.345+0000] {logging_mixin.py:120} INFO - [2023-12-29T04:33:38.345+0000] {dag.py:2585} INFO - Sync 2 DAGs
[2023-12-29T04:33:38.373+0000] {logging_mixin.py:120} INFO - [2023-12-29T04:33:38.373+0000] {dag.py:3340} INFO - Setting next_dagrun for example_xcom_args to None, run_after=None
[2023-12-29T04:33:38.377+0000] {logging_mixin.py:120} INFO - [2023-12-29T04:33:38.377+0000] {dag.py:3340} INFO - Setting next_dagrun for example_xcom_args_with_operators to None, run_after=None
[2023-12-29T04:33:38.394+0000] {processor.py:176} INFO - Processing /home/airflow/.local/lib/python3.7/site-packages/airflow/example_dags/example_xcomargs.py took 0.173 seconds
[2023-12-29T04:34:09.318+0000] {processor.py:154} INFO - Started process (PID=228) to work on /home/airflow/.local/lib/python3.7/site-packages/airflow/example_dags/example_xcomargs.py
[2023-12-29T04:34:09.319+0000] {processor.py:756} INFO - Processing file /home/airflow/.local/lib/python3.7/site-packages/airflow/example_dags/example_xcomargs.py for tasks to queue
[2023-12-29T04:34:09.320+0000] {logging_mixin.py:120} INFO - [2023-12-29T04:34:09.319+0000] {dagbag.py:537} INFO - Filling up the DagBag from /home/airflow/.local/lib/python3.7/site-packages/airflow/example_dags/example_xcomargs.py
[2023-12-29T04:34:09.359+0000] {processor.py:766} INFO - DAG(s) dict_keys(['example_xcom_args', 'example_xcom_args_with_operators']) retrieved from /home/airflow/.local/lib/python3.7/site-packages/airflow/example_dags/example_xcomargs.py
[2023-12-29T04:34:09.404+0000] {logging_mixin.py:120} INFO - [2023-12-29T04:34:09.403+0000] {dag.py:2585} INFO - Sync 2 DAGs
[2023-12-29T04:34:09.428+0000] {logging_mixin.py:120} INFO - [2023-12-29T04:34:09.427+0000] {dag.py:3340} INFO - Setting next_dagrun for example_xcom_args to None, run_after=None
[2023-12-29T04:34:09.432+0000] {logging_mixin.py:120} INFO - [2023-12-29T04:34:09.432+0000] {dag.py:3340} INFO - Setting next_dagrun for example_xcom_args_with_operators to None, run_after=None
[2023-12-29T04:34:09.451+0000] {processor.py:176} INFO - Processing /home/airflow/.local/lib/python3.7/site-packages/airflow/example_dags/example_xcomargs.py took 0.136 seconds
[2023-12-29T04:34:40.123+0000] {processor.py:154} INFO - Started process (PID=293) to work on /home/airflow/.local/lib/python3.7/site-packages/airflow/example_dags/example_xcomargs.py
[2023-12-29T04:34:40.124+0000] {processor.py:756} INFO - Processing file /home/airflow/.local/lib/python3.7/site-packages/airflow/example_dags/example_xcomargs.py for tasks to queue
[2023-12-29T04:34:40.124+0000] {logging_mixin.py:120} INFO - [2023-12-29T04:34:40.124+0000] {dagbag.py:537} INFO - Filling up the DagBag from /home/airflow/.local/lib/python3.7/site-packages/airflow/example_dags/example_xcomargs.py
[2023-12-29T04:34:40.148+0000] {processor.py:766} INFO - DAG(s) dict_keys(['example_xcom_args', 'example_xcom_args_with_operators']) retrieved from /home/airflow/.local/lib/python3.7/site-packages/airflow/example_dags/example_xcomargs.py
[2023-12-29T04:34:40.188+0000] {logging_mixin.py:120} INFO - [2023-12-29T04:34:40.188+0000] {dag.py:2585} INFO - Sync 2 DAGs
[2023-12-29T04:34:40.213+0000] {logging_mixin.py:120} INFO - [2023-12-29T04:34:40.213+0000] {dag.py:3340} INFO - Setting next_dagrun for example_xcom_args to None, run_after=None
[2023-12-29T04:34:40.216+0000] {logging_mixin.py:120} INFO - [2023-12-29T04:34:40.216+0000] {dag.py:3340} INFO - Setting next_dagrun for example_xcom_args_with_operators to None, run_after=None
[2023-12-29T04:34:40.232+0000] {processor.py:176} INFO - Processing /home/airflow/.local/lib/python3.7/site-packages/airflow/example_dags/example_xcomargs.py took 0.112 seconds
[2023-12-29T04:35:10.815+0000] {processor.py:154} INFO - Started process (PID=356) to work on /home/airflow/.local/lib/python3.7/site-packages/airflow/example_dags/example_xcomargs.py
[2023-12-29T04:35:10.816+0000] {processor.py:756} INFO - Processing file /home/airflow/.local/lib/python3.7/site-packages/airflow/example_dags/example_xcomargs.py for tasks to queue
[2023-12-29T04:35:10.817+0000] {logging_mixin.py:120} INFO - [2023-12-29T04:35:10.816+0000] {dagbag.py:537} INFO - Filling up the DagBag from /home/airflow/.local/lib/python3.7/site-packages/airflow/example_dags/example_xcomargs.py
[2023-12-29T04:35:10.839+0000] {processor.py:766} INFO - DAG(s) dict_keys(['example_xcom_args_with_operators', 'example_xcom_args']) retrieved from /home/airflow/.local/lib/python3.7/site-packages/airflow/example_dags/example_xcomargs.py
[2023-12-29T04:35:10.883+0000] {logging_mixin.py:120} INFO - [2023-12-29T04:35:10.882+0000] {dag.py:2585} INFO - Sync 2 DAGs
[2023-12-29T04:35:10.907+0000] {logging_mixin.py:120} INFO - [2023-12-29T04:35:10.906+0000] {dag.py:3340} INFO - Setting next_dagrun for example_xcom_args to None, run_after=None
[2023-12-29T04:35:10.910+0000] {logging_mixin.py:120} INFO - [2023-12-29T04:35:10.910+0000] {dag.py:3340} INFO - Setting next_dagrun for example_xcom_args_with_operators to None, run_after=None
[2023-12-29T04:35:10.931+0000] {processor.py:176} INFO - Processing /home/airflow/.local/lib/python3.7/site-packages/airflow/example_dags/example_xcomargs.py took 0.118 seconds
[2023-12-29T04:35:41.422+0000] {processor.py:154} INFO - Started process (PID=411) to work on /home/airflow/.local/lib/python3.7/site-packages/airflow/example_dags/example_xcomargs.py
[2023-12-29T04:35:41.423+0000] {processor.py:756} INFO - Processing file /home/airflow/.local/lib/python3.7/site-packages/airflow/example_dags/example_xcomargs.py for tasks to queue
[2023-12-29T04:35:41.424+0000] {logging_mixin.py:120} INFO - [2023-12-29T04:35:41.423+0000] {dagbag.py:537} INFO - Filling up the DagBag from /home/airflow/.local/lib/python3.7/site-packages/airflow/example_dags/example_xcomargs.py
[2023-12-29T04:35:41.450+0000] {processor.py:766} INFO - DAG(s) dict_keys(['example_xcom_args', 'example_xcom_args_with_operators']) retrieved from /home/airflow/.local/lib/python3.7/site-packages/airflow/example_dags/example_xcomargs.py
[2023-12-29T04:35:41.478+0000] {logging_mixin.py:120} INFO - [2023-12-29T04:35:41.477+0000] {dag.py:2585} INFO - Sync 2 DAGs
[2023-12-29T04:35:41.506+0000] {logging_mixin.py:120} INFO - [2023-12-29T04:35:41.506+0000] {dag.py:3340} INFO - Setting next_dagrun for example_xcom_args to None, run_after=None
[2023-12-29T04:35:41.511+0000] {logging_mixin.py:120} INFO - [2023-12-29T04:35:41.510+0000] {dag.py:3340} INFO - Setting next_dagrun for example_xcom_args_with_operators to None, run_after=None
[2023-12-29T04:35:41.529+0000] {processor.py:176} INFO - Processing /home/airflow/.local/lib/python3.7/site-packages/airflow/example_dags/example_xcomargs.py took 0.111 seconds
[2023-12-29T04:36:12.463+0000] {processor.py:154} INFO - Started process (PID=474) to work on /home/airflow/.local/lib/python3.7/site-packages/airflow/example_dags/example_xcomargs.py
[2023-12-29T04:36:12.464+0000] {processor.py:756} INFO - Processing file /home/airflow/.local/lib/python3.7/site-packages/airflow/example_dags/example_xcomargs.py for tasks to queue
[2023-12-29T04:36:12.464+0000] {logging_mixin.py:120} INFO - [2023-12-29T04:36:12.464+0000] {dagbag.py:537} INFO - Filling up the DagBag from /home/airflow/.local/lib/python3.7/site-packages/airflow/example_dags/example_xcomargs.py
[2023-12-29T04:36:12.488+0000] {processor.py:766} INFO - DAG(s) dict_keys(['example_xcom_args', 'example_xcom_args_with_operators']) retrieved from /home/airflow/.local/lib/python3.7/site-packages/airflow/example_dags/example_xcomargs.py
[2023-12-29T04:36:12.528+0000] {logging_mixin.py:120} INFO - [2023-12-29T04:36:12.527+0000] {dag.py:2585} INFO - Sync 2 DAGs
[2023-12-29T04:36:12.555+0000] {logging_mixin.py:120} INFO - [2023-12-29T04:36:12.555+0000] {dag.py:3340} INFO - Setting next_dagrun for example_xcom_args to None, run_after=None
[2023-12-29T04:36:12.559+0000] {logging_mixin.py:120} INFO - [2023-12-29T04:36:12.559+0000] {dag.py:3340} INFO - Setting next_dagrun for example_xcom_args_with_operators to None, run_after=None
[2023-12-29T04:36:12.578+0000] {processor.py:176} INFO - Processing /home/airflow/.local/lib/python3.7/site-packages/airflow/example_dags/example_xcomargs.py took 0.118 seconds
[2023-12-29T04:36:43.591+0000] {processor.py:154} INFO - Started process (PID=539) to work on /home/airflow/.local/lib/python3.7/site-packages/airflow/example_dags/example_xcomargs.py
[2023-12-29T04:36:43.592+0000] {processor.py:756} INFO - Processing file /home/airflow/.local/lib/python3.7/site-packages/airflow/example_dags/example_xcomargs.py for tasks to queue
[2023-12-29T04:36:43.593+0000] {logging_mixin.py:120} INFO - [2023-12-29T04:36:43.593+0000] {dagbag.py:537} INFO - Filling up the DagBag from /home/airflow/.local/lib/python3.7/site-packages/airflow/example_dags/example_xcomargs.py
[2023-12-29T04:36:43.623+0000] {processor.py:766} INFO - DAG(s) dict_keys(['example_xcom_args', 'example_xcom_args_with_operators']) retrieved from /home/airflow/.local/lib/python3.7/site-packages/airflow/example_dags/example_xcomargs.py
[2023-12-29T04:36:43.676+0000] {logging_mixin.py:120} INFO - [2023-12-29T04:36:43.675+0000] {dag.py:2585} INFO - Sync 2 DAGs
[2023-12-29T04:36:43.707+0000] {logging_mixin.py:120} INFO - [2023-12-29T04:36:43.707+0000] {dag.py:3340} INFO - Setting next_dagrun for example_xcom_args to None, run_after=None
[2023-12-29T04:36:43.712+0000] {logging_mixin.py:120} INFO - [2023-12-29T04:36:43.712+0000] {dag.py:3340} INFO - Setting next_dagrun for example_xcom_args_with_operators to None, run_after=None
[2023-12-29T04:36:43.735+0000] {processor.py:176} INFO - Processing /home/airflow/.local/lib/python3.7/site-packages/airflow/example_dags/example_xcomargs.py took 0.152 seconds
[2023-12-29T04:37:14.542+0000] {processor.py:154} INFO - Started process (PID=593) to work on /home/airflow/.local/lib/python3.7/site-packages/airflow/example_dags/example_xcomargs.py
[2023-12-29T04:37:14.544+0000] {processor.py:756} INFO - Processing file /home/airflow/.local/lib/python3.7/site-packages/airflow/example_dags/example_xcomargs.py for tasks to queue
[2023-12-29T04:37:14.546+0000] {logging_mixin.py:120} INFO - [2023-12-29T04:37:14.545+0000] {dagbag.py:537} INFO - Filling up the DagBag from /home/airflow/.local/lib/python3.7/site-packages/airflow/example_dags/example_xcomargs.py
[2023-12-29T04:37:14.597+0000] {processor.py:766} INFO - DAG(s) dict_keys(['example_xcom_args', 'example_xcom_args_with_operators']) retrieved from /home/airflow/.local/lib/python3.7/site-packages/airflow/example_dags/example_xcomargs.py
[2023-12-29T04:37:14.671+0000] {logging_mixin.py:120} INFO - [2023-12-29T04:37:14.671+0000] {dag.py:2585} INFO - Sync 2 DAGs
[2023-12-29T04:37:14.723+0000] {logging_mixin.py:120} INFO - [2023-12-29T04:37:14.721+0000] {dag.py:3340} INFO - Setting next_dagrun for example_xcom_args to None, run_after=None
[2023-12-29T04:37:14.731+0000] {logging_mixin.py:120} INFO - [2023-12-29T04:37:14.729+0000] {dag.py:3340} INFO - Setting next_dagrun for example_xcom_args_with_operators to None, run_after=None
[2023-12-29T04:37:14.757+0000] {processor.py:176} INFO - Processing /home/airflow/.local/lib/python3.7/site-packages/airflow/example_dags/example_xcomargs.py took 0.221 seconds
[2023-12-29T04:37:45.415+0000] {processor.py:154} INFO - Started process (PID=656) to work on /home/airflow/.local/lib/python3.7/site-packages/airflow/example_dags/example_xcomargs.py
[2023-12-29T04:37:45.416+0000] {processor.py:756} INFO - Processing file /home/airflow/.local/lib/python3.7/site-packages/airflow/example_dags/example_xcomargs.py for tasks to queue
[2023-12-29T04:37:45.416+0000] {logging_mixin.py:120} INFO - [2023-12-29T04:37:45.416+0000] {dagbag.py:537} INFO - Filling up the DagBag from /home/airflow/.local/lib/python3.7/site-packages/airflow/example_dags/example_xcomargs.py
[2023-12-29T04:37:45.442+0000] {processor.py:766} INFO - DAG(s) dict_keys(['example_xcom_args_with_operators', 'example_xcom_args']) retrieved from /home/airflow/.local/lib/python3.7/site-packages/airflow/example_dags/example_xcomargs.py
[2023-12-29T04:37:45.495+0000] {logging_mixin.py:120} INFO - [2023-12-29T04:37:45.495+0000] {dag.py:2585} INFO - Sync 2 DAGs
[2023-12-29T04:37:45.530+0000] {logging_mixin.py:120} INFO - [2023-12-29T04:37:45.530+0000] {dag.py:3340} INFO - Setting next_dagrun for example_xcom_args to None, run_after=None
[2023-12-29T04:37:45.534+0000] {logging_mixin.py:120} INFO - [2023-12-29T04:37:45.534+0000] {dag.py:3340} INFO - Setting next_dagrun for example_xcom_args_with_operators to None, run_after=None
[2023-12-29T04:37:45.554+0000] {processor.py:176} INFO - Processing /home/airflow/.local/lib/python3.7/site-packages/airflow/example_dags/example_xcomargs.py took 0.143 seconds
[2023-12-29T04:38:16.377+0000] {processor.py:154} INFO - Started process (PID=720) to work on /home/airflow/.local/lib/python3.7/site-packages/airflow/example_dags/example_xcomargs.py
[2023-12-29T04:38:16.378+0000] {processor.py:756} INFO - Processing file /home/airflow/.local/lib/python3.7/site-packages/airflow/example_dags/example_xcomargs.py for tasks to queue
[2023-12-29T04:38:16.379+0000] {logging_mixin.py:120} INFO - [2023-12-29T04:38:16.379+0000] {dagbag.py:537} INFO - Filling up the DagBag from /home/airflow/.local/lib/python3.7/site-packages/airflow/example_dags/example_xcomargs.py
[2023-12-29T04:38:16.403+0000] {processor.py:766} INFO - DAG(s) dict_keys(['example_xcom_args', 'example_xcom_args_with_operators']) retrieved from /home/airflow/.local/lib/python3.7/site-packages/airflow/example_dags/example_xcomargs.py
[2023-12-29T04:38:16.444+0000] {logging_mixin.py:120} INFO - [2023-12-29T04:38:16.444+0000] {dag.py:2585} INFO - Sync 2 DAGs
[2023-12-29T04:38:16.473+0000] {logging_mixin.py:120} INFO - [2023-12-29T04:38:16.473+0000] {dag.py:3340} INFO - Setting next_dagrun for example_xcom_args to None, run_after=None
[2023-12-29T04:38:16.479+0000] {logging_mixin.py:120} INFO - [2023-12-29T04:38:16.479+0000] {dag.py:3340} INFO - Setting next_dagrun for example_xcom_args_with_operators to None, run_after=None
[2023-12-29T04:38:16.495+0000] {processor.py:176} INFO - Processing /home/airflow/.local/lib/python3.7/site-packages/airflow/example_dags/example_xcomargs.py took 0.121 seconds
[2023-12-29T04:38:46.834+0000] {processor.py:154} INFO - Started process (PID=776) to work on /home/airflow/.local/lib/python3.7/site-packages/airflow/example_dags/example_xcomargs.py
[2023-12-29T04:38:46.835+0000] {processor.py:756} INFO - Processing file /home/airflow/.local/lib/python3.7/site-packages/airflow/example_dags/example_xcomargs.py for tasks to queue
[2023-12-29T04:38:46.837+0000] {logging_mixin.py:120} INFO - [2023-12-29T04:38:46.837+0000] {dagbag.py:537} INFO - Filling up the DagBag from /home/airflow/.local/lib/python3.7/site-packages/airflow/example_dags/example_xcomargs.py
[2023-12-29T04:38:46.866+0000] {processor.py:766} INFO - DAG(s) dict_keys(['example_xcom_args_with_operators', 'example_xcom_args']) retrieved from /home/airflow/.local/lib/python3.7/site-packages/airflow/example_dags/example_xcomargs.py
[2023-12-29T04:38:46.917+0000] {logging_mixin.py:120} INFO - [2023-12-29T04:38:46.917+0000] {dag.py:2585} INFO - Sync 2 DAGs
[2023-12-29T04:38:46.954+0000] {logging_mixin.py:120} INFO - [2023-12-29T04:38:46.954+0000] {dag.py:3340} INFO - Setting next_dagrun for example_xcom_args to None, run_after=None
[2023-12-29T04:38:46.958+0000] {logging_mixin.py:120} INFO - [2023-12-29T04:38:46.958+0000] {dag.py:3340} INFO - Setting next_dagrun for example_xcom_args_with_operators to None, run_after=None
[2023-12-29T04:38:46.982+0000] {processor.py:176} INFO - Processing /home/airflow/.local/lib/python3.7/site-packages/airflow/example_dags/example_xcomargs.py took 0.152 seconds
[2023-12-29T04:39:17.182+0000] {processor.py:154} INFO - Started process (PID=840) to work on /home/airflow/.local/lib/python3.7/site-packages/airflow/example_dags/example_xcomargs.py
[2023-12-29T04:39:17.183+0000] {processor.py:756} INFO - Processing file /home/airflow/.local/lib/python3.7/site-packages/airflow/example_dags/example_xcomargs.py for tasks to queue
[2023-12-29T04:39:17.185+0000] {logging_mixin.py:120} INFO - [2023-12-29T04:39:17.184+0000] {dagbag.py:537} INFO - Filling up the DagBag from /home/airflow/.local/lib/python3.7/site-packages/airflow/example_dags/example_xcomargs.py
[2023-12-29T04:39:17.228+0000] {processor.py:766} INFO - DAG(s) dict_keys(['example_xcom_args', 'example_xcom_args_with_operators']) retrieved from /home/airflow/.local/lib/python3.7/site-packages/airflow/example_dags/example_xcomargs.py
[2023-12-29T04:39:17.301+0000] {logging_mixin.py:120} INFO - [2023-12-29T04:39:17.301+0000] {dag.py:2585} INFO - Sync 2 DAGs
[2023-12-29T04:39:17.338+0000] {logging_mixin.py:120} INFO - [2023-12-29T04:39:17.338+0000] {dag.py:3340} INFO - Setting next_dagrun for example_xcom_args to None, run_after=None
[2023-12-29T04:39:17.343+0000] {logging_mixin.py:120} INFO - [2023-12-29T04:39:17.343+0000] {dag.py:3340} INFO - Setting next_dagrun for example_xcom_args_with_operators to None, run_after=None
[2023-12-29T04:39:17.376+0000] {processor.py:176} INFO - Processing /home/airflow/.local/lib/python3.7/site-packages/airflow/example_dags/example_xcomargs.py took 0.197 seconds
[2023-12-29T04:39:47.469+0000] {processor.py:154} INFO - Started process (PID=904) to work on /home/airflow/.local/lib/python3.7/site-packages/airflow/example_dags/example_xcomargs.py
[2023-12-29T04:39:47.470+0000] {processor.py:756} INFO - Processing file /home/airflow/.local/lib/python3.7/site-packages/airflow/example_dags/example_xcomargs.py for tasks to queue
[2023-12-29T04:39:47.471+0000] {logging_mixin.py:120} INFO - [2023-12-29T04:39:47.470+0000] {dagbag.py:537} INFO - Filling up the DagBag from /home/airflow/.local/lib/python3.7/site-packages/airflow/example_dags/example_xcomargs.py
[2023-12-29T04:39:47.493+0000] {processor.py:766} INFO - DAG(s) dict_keys(['example_xcom_args', 'example_xcom_args_with_operators']) retrieved from /home/airflow/.local/lib/python3.7/site-packages/airflow/example_dags/example_xcomargs.py
[2023-12-29T04:39:47.535+0000] {logging_mixin.py:120} INFO - [2023-12-29T04:39:47.535+0000] {dag.py:2585} INFO - Sync 2 DAGs
[2023-12-29T04:39:47.560+0000] {logging_mixin.py:120} INFO - [2023-12-29T04:39:47.560+0000] {dag.py:3340} INFO - Setting next_dagrun for example_xcom_args to None, run_after=None
[2023-12-29T04:39:47.564+0000] {logging_mixin.py:120} INFO - [2023-12-29T04:39:47.564+0000] {dag.py:3340} INFO - Setting next_dagrun for example_xcom_args_with_operators to None, run_after=None
[2023-12-29T04:39:47.583+0000] {processor.py:176} INFO - Processing /home/airflow/.local/lib/python3.7/site-packages/airflow/example_dags/example_xcomargs.py took 0.116 seconds
[2023-12-29T04:40:17.860+0000] {processor.py:154} INFO - Started process (PID=960) to work on /home/airflow/.local/lib/python3.7/site-packages/airflow/example_dags/example_xcomargs.py
[2023-12-29T04:40:17.861+0000] {processor.py:756} INFO - Processing file /home/airflow/.local/lib/python3.7/site-packages/airflow/example_dags/example_xcomargs.py for tasks to queue
[2023-12-29T04:40:17.861+0000] {logging_mixin.py:120} INFO - [2023-12-29T04:40:17.861+0000] {dagbag.py:537} INFO - Filling up the DagBag from /home/airflow/.local/lib/python3.7/site-packages/airflow/example_dags/example_xcomargs.py
[2023-12-29T04:40:17.882+0000] {processor.py:766} INFO - DAG(s) dict_keys(['example_xcom_args_with_operators', 'example_xcom_args']) retrieved from /home/airflow/.local/lib/python3.7/site-packages/airflow/example_dags/example_xcomargs.py
[2023-12-29T04:40:17.921+0000] {logging_mixin.py:120} INFO - [2023-12-29T04:40:17.921+0000] {dag.py:2585} INFO - Sync 2 DAGs
[2023-12-29T04:40:17.946+0000] {logging_mixin.py:120} INFO - [2023-12-29T04:40:17.946+0000] {dag.py:3340} INFO - Setting next_dagrun for example_xcom_args to None, run_after=None
[2023-12-29T04:40:17.949+0000] {logging_mixin.py:120} INFO - [2023-12-29T04:40:17.949+0000] {dag.py:3340} INFO - Setting next_dagrun for example_xcom_args_with_operators to None, run_after=None
[2023-12-29T04:40:17.964+0000] {processor.py:176} INFO - Processing /home/airflow/.local/lib/python3.7/site-packages/airflow/example_dags/example_xcomargs.py took 0.106 seconds
[2023-12-29T04:40:48.172+0000] {processor.py:154} INFO - Started process (PID=1022) to work on /home/airflow/.local/lib/python3.7/site-packages/airflow/example_dags/example_xcomargs.py
[2023-12-29T04:40:48.173+0000] {processor.py:756} INFO - Processing file /home/airflow/.local/lib/python3.7/site-packages/airflow/example_dags/example_xcomargs.py for tasks to queue
[2023-12-29T04:40:48.174+0000] {logging_mixin.py:120} INFO - [2023-12-29T04:40:48.174+0000] {dagbag.py:537} INFO - Filling up the DagBag from /home/airflow/.local/lib/python3.7/site-packages/airflow/example_dags/example_xcomargs.py
[2023-12-29T04:40:48.195+0000] {processor.py:766} INFO - DAG(s) dict_keys(['example_xcom_args_with_operators', 'example_xcom_args']) retrieved from /home/airflow/.local/lib/python3.7/site-packages/airflow/example_dags/example_xcomargs.py
[2023-12-29T04:40:48.234+0000] {logging_mixin.py:120} INFO - [2023-12-29T04:40:48.233+0000] {dag.py:2585} INFO - Sync 2 DAGs
[2023-12-29T04:40:48.258+0000] {logging_mixin.py:120} INFO - [2023-12-29T04:40:48.258+0000] {dag.py:3340} INFO - Setting next_dagrun for example_xcom_args to None, run_after=None
[2023-12-29T04:40:48.261+0000] {logging_mixin.py:120} INFO - [2023-12-29T04:40:48.261+0000] {dag.py:3340} INFO - Setting next_dagrun for example_xcom_args_with_operators to None, run_after=None
[2023-12-29T04:40:48.275+0000] {processor.py:176} INFO - Processing /home/airflow/.local/lib/python3.7/site-packages/airflow/example_dags/example_xcomargs.py took 0.106 seconds
[2023-12-29T04:41:18.324+0000] {processor.py:154} INFO - Started process (PID=1085) to work on /home/airflow/.local/lib/python3.7/site-packages/airflow/example_dags/example_xcomargs.py
[2023-12-29T04:41:18.325+0000] {processor.py:756} INFO - Processing file /home/airflow/.local/lib/python3.7/site-packages/airflow/example_dags/example_xcomargs.py for tasks to queue
[2023-12-29T04:41:18.326+0000] {logging_mixin.py:120} INFO - [2023-12-29T04:41:18.326+0000] {dagbag.py:537} INFO - Filling up the DagBag from /home/airflow/.local/lib/python3.7/site-packages/airflow/example_dags/example_xcomargs.py
[2023-12-29T04:41:18.366+0000] {processor.py:766} INFO - DAG(s) dict_keys(['example_xcom_args_with_operators', 'example_xcom_args']) retrieved from /home/airflow/.local/lib/python3.7/site-packages/airflow/example_dags/example_xcomargs.py
[2023-12-29T04:41:18.428+0000] {logging_mixin.py:120} INFO - [2023-12-29T04:41:18.428+0000] {dag.py:2585} INFO - Sync 2 DAGs
[2023-12-29T04:41:18.474+0000] {logging_mixin.py:120} INFO - [2023-12-29T04:41:18.473+0000] {dag.py:3340} INFO - Setting next_dagrun for example_xcom_args to None, run_after=None
[2023-12-29T04:41:18.481+0000] {logging_mixin.py:120} INFO - [2023-12-29T04:41:18.480+0000] {dag.py:3340} INFO - Setting next_dagrun for example_xcom_args_with_operators to None, run_after=None
[2023-12-29T04:41:18.510+0000] {processor.py:176} INFO - Processing /home/airflow/.local/lib/python3.7/site-packages/airflow/example_dags/example_xcomargs.py took 0.192 seconds
[2023-12-29T04:41:48.636+0000] {processor.py:154} INFO - Started process (PID=1141) to work on /home/airflow/.local/lib/python3.7/site-packages/airflow/example_dags/example_xcomargs.py
[2023-12-29T04:41:48.637+0000] {processor.py:756} INFO - Processing file /home/airflow/.local/lib/python3.7/site-packages/airflow/example_dags/example_xcomargs.py for tasks to queue
[2023-12-29T04:41:48.637+0000] {logging_mixin.py:120} INFO - [2023-12-29T04:41:48.637+0000] {dagbag.py:537} INFO - Filling up the DagBag from /home/airflow/.local/lib/python3.7/site-packages/airflow/example_dags/example_xcomargs.py
[2023-12-29T04:41:48.660+0000] {processor.py:766} INFO - DAG(s) dict_keys(['example_xcom_args_with_operators', 'example_xcom_args']) retrieved from /home/airflow/.local/lib/python3.7/site-packages/airflow/example_dags/example_xcomargs.py
[2023-12-29T04:41:48.703+0000] {logging_mixin.py:120} INFO - [2023-12-29T04:41:48.702+0000] {dag.py:2585} INFO - Sync 2 DAGs
[2023-12-29T04:41:48.729+0000] {logging_mixin.py:120} INFO - [2023-12-29T04:41:48.728+0000] {dag.py:3340} INFO - Setting next_dagrun for example_xcom_args to None, run_after=None
[2023-12-29T04:41:48.732+0000] {logging_mixin.py:120} INFO - [2023-12-29T04:41:48.732+0000] {dag.py:3340} INFO - Setting next_dagrun for example_xcom_args_with_operators to None, run_after=None
[2023-12-29T04:41:48.748+0000] {processor.py:176} INFO - Processing /home/airflow/.local/lib/python3.7/site-packages/airflow/example_dags/example_xcomargs.py took 0.115 seconds
[2023-12-29T04:42:19.147+0000] {processor.py:154} INFO - Started process (PID=1208) to work on /home/airflow/.local/lib/python3.7/site-packages/airflow/example_dags/example_xcomargs.py
[2023-12-29T04:42:19.148+0000] {processor.py:756} INFO - Processing file /home/airflow/.local/lib/python3.7/site-packages/airflow/example_dags/example_xcomargs.py for tasks to queue
[2023-12-29T04:42:19.149+0000] {logging_mixin.py:120} INFO - [2023-12-29T04:42:19.149+0000] {dagbag.py:537} INFO - Filling up the DagBag from /home/airflow/.local/lib/python3.7/site-packages/airflow/example_dags/example_xcomargs.py
[2023-12-29T04:42:19.172+0000] {processor.py:766} INFO - DAG(s) dict_keys(['example_xcom_args', 'example_xcom_args_with_operators']) retrieved from /home/airflow/.local/lib/python3.7/site-packages/airflow/example_dags/example_xcomargs.py
[2023-12-29T04:42:19.217+0000] {logging_mixin.py:120} INFO - [2023-12-29T04:42:19.217+0000] {dag.py:2585} INFO - Sync 2 DAGs
[2023-12-29T04:42:19.245+0000] {logging_mixin.py:120} INFO - [2023-12-29T04:42:19.245+0000] {dag.py:3340} INFO - Setting next_dagrun for example_xcom_args to None, run_after=None
[2023-12-29T04:42:19.250+0000] {logging_mixin.py:120} INFO - [2023-12-29T04:42:19.250+0000] {dag.py:3340} INFO - Setting next_dagrun for example_xcom_args_with_operators to None, run_after=None
[2023-12-29T04:42:19.266+0000] {processor.py:176} INFO - Processing /home/airflow/.local/lib/python3.7/site-packages/airflow/example_dags/example_xcomargs.py took 0.122 seconds
[2023-12-29T04:42:49.443+0000] {processor.py:154} INFO - Started process (PID=1262) to work on /home/airflow/.local/lib/python3.7/site-packages/airflow/example_dags/example_xcomargs.py
[2023-12-29T04:42:49.444+0000] {processor.py:756} INFO - Processing file /home/airflow/.local/lib/python3.7/site-packages/airflow/example_dags/example_xcomargs.py for tasks to queue
[2023-12-29T04:42:49.445+0000] {logging_mixin.py:120} INFO - [2023-12-29T04:42:49.445+0000] {dagbag.py:537} INFO - Filling up the DagBag from /home/airflow/.local/lib/python3.7/site-packages/airflow/example_dags/example_xcomargs.py
[2023-12-29T04:42:49.476+0000] {processor.py:766} INFO - DAG(s) dict_keys(['example_xcom_args_with_operators', 'example_xcom_args']) retrieved from /home/airflow/.local/lib/python3.7/site-packages/airflow/example_dags/example_xcomargs.py
[2023-12-29T04:42:49.526+0000] {logging_mixin.py:120} INFO - [2023-12-29T04:42:49.526+0000] {dag.py:2585} INFO - Sync 2 DAGs
[2023-12-29T04:42:49.556+0000] {logging_mixin.py:120} INFO - [2023-12-29T04:42:49.556+0000] {dag.py:3340} INFO - Setting next_dagrun for example_xcom_args to None, run_after=None
[2023-12-29T04:42:49.560+0000] {logging_mixin.py:120} INFO - [2023-12-29T04:42:49.560+0000] {dag.py:3340} INFO - Setting next_dagrun for example_xcom_args_with_operators to None, run_after=None
[2023-12-29T04:42:49.578+0000] {processor.py:176} INFO - Processing /home/airflow/.local/lib/python3.7/site-packages/airflow/example_dags/example_xcomargs.py took 0.138 seconds
[2023-12-29T04:43:19.821+0000] {processor.py:154} INFO - Started process (PID=1325) to work on /home/airflow/.local/lib/python3.7/site-packages/airflow/example_dags/example_xcomargs.py
[2023-12-29T04:43:19.821+0000] {processor.py:756} INFO - Processing file /home/airflow/.local/lib/python3.7/site-packages/airflow/example_dags/example_xcomargs.py for tasks to queue
[2023-12-29T04:43:19.822+0000] {logging_mixin.py:120} INFO - [2023-12-29T04:43:19.822+0000] {dagbag.py:537} INFO - Filling up the DagBag from /home/airflow/.local/lib/python3.7/site-packages/airflow/example_dags/example_xcomargs.py
[2023-12-29T04:43:19.855+0000] {processor.py:766} INFO - DAG(s) dict_keys(['example_xcom_args_with_operators', 'example_xcom_args']) retrieved from /home/airflow/.local/lib/python3.7/site-packages/airflow/example_dags/example_xcomargs.py
[2023-12-29T04:43:19.916+0000] {logging_mixin.py:120} INFO - [2023-12-29T04:43:19.916+0000] {dag.py:2585} INFO - Sync 2 DAGs
[2023-12-29T04:43:19.943+0000] {logging_mixin.py:120} INFO - [2023-12-29T04:43:19.943+0000] {dag.py:3340} INFO - Setting next_dagrun for example_xcom_args to None, run_after=None
[2023-12-29T04:43:19.948+0000] {logging_mixin.py:120} INFO - [2023-12-29T04:43:19.948+0000] {dag.py:3340} INFO - Setting next_dagrun for example_xcom_args_with_operators to None, run_after=None
[2023-12-29T04:43:19.966+0000] {processor.py:176} INFO - Processing /home/airflow/.local/lib/python3.7/site-packages/airflow/example_dags/example_xcomargs.py took 0.149 seconds
[2023-12-29T04:43:50.985+0000] {processor.py:154} INFO - Started process (PID=1389) to work on /home/airflow/.local/lib/python3.7/site-packages/airflow/example_dags/example_xcomargs.py
[2023-12-29T04:43:50.986+0000] {processor.py:756} INFO - Processing file /home/airflow/.local/lib/python3.7/site-packages/airflow/example_dags/example_xcomargs.py for tasks to queue
[2023-12-29T04:43:50.986+0000] {logging_mixin.py:120} INFO - [2023-12-29T04:43:50.986+0000] {dagbag.py:537} INFO - Filling up the DagBag from /home/airflow/.local/lib/python3.7/site-packages/airflow/example_dags/example_xcomargs.py
[2023-12-29T04:43:51.015+0000] {processor.py:766} INFO - DAG(s) dict_keys(['example_xcom_args_with_operators', 'example_xcom_args']) retrieved from /home/airflow/.local/lib/python3.7/site-packages/airflow/example_dags/example_xcomargs.py
[2023-12-29T04:43:51.060+0000] {logging_mixin.py:120} INFO - [2023-12-29T04:43:51.059+0000] {dag.py:2585} INFO - Sync 2 DAGs
[2023-12-29T04:43:51.086+0000] {logging_mixin.py:120} INFO - [2023-12-29T04:43:51.085+0000] {dag.py:3340} INFO - Setting next_dagrun for example_xcom_args to None, run_after=None
[2023-12-29T04:43:51.090+0000] {logging_mixin.py:120} INFO - [2023-12-29T04:43:51.090+0000] {dag.py:3340} INFO - Setting next_dagrun for example_xcom_args_with_operators to None, run_after=None
[2023-12-29T04:43:51.108+0000] {processor.py:176} INFO - Processing /home/airflow/.local/lib/python3.7/site-packages/airflow/example_dags/example_xcomargs.py took 0.126 seconds
[2023-12-29T04:44:22.215+0000] {processor.py:154} INFO - Started process (PID=1455) to work on /home/airflow/.local/lib/python3.7/site-packages/airflow/example_dags/example_xcomargs.py
[2023-12-29T04:44:22.216+0000] {processor.py:756} INFO - Processing file /home/airflow/.local/lib/python3.7/site-packages/airflow/example_dags/example_xcomargs.py for tasks to queue
[2023-12-29T04:44:22.216+0000] {logging_mixin.py:120} INFO - [2023-12-29T04:44:22.216+0000] {dagbag.py:537} INFO - Filling up the DagBag from /home/airflow/.local/lib/python3.7/site-packages/airflow/example_dags/example_xcomargs.py
[2023-12-29T04:44:22.241+0000] {processor.py:766} INFO - DAG(s) dict_keys(['example_xcom_args', 'example_xcom_args_with_operators']) retrieved from /home/airflow/.local/lib/python3.7/site-packages/airflow/example_dags/example_xcomargs.py
[2023-12-29T04:44:22.292+0000] {logging_mixin.py:120} INFO - [2023-12-29T04:44:22.291+0000] {dag.py:2585} INFO - Sync 2 DAGs
[2023-12-29T04:44:22.320+0000] {logging_mixin.py:120} INFO - [2023-12-29T04:44:22.320+0000] {dag.py:3340} INFO - Setting next_dagrun for example_xcom_args to None, run_after=None
[2023-12-29T04:44:22.324+0000] {logging_mixin.py:120} INFO - [2023-12-29T04:44:22.324+0000] {dag.py:3340} INFO - Setting next_dagrun for example_xcom_args_with_operators to None, run_after=None
[2023-12-29T04:44:22.343+0000] {processor.py:176} INFO - Processing /home/airflow/.local/lib/python3.7/site-packages/airflow/example_dags/example_xcomargs.py took 0.131 seconds
[2023-12-29T04:44:52.455+0000] {processor.py:154} INFO - Started process (PID=1509) to work on /home/airflow/.local/lib/python3.7/site-packages/airflow/example_dags/example_xcomargs.py
[2023-12-29T04:44:52.456+0000] {processor.py:756} INFO - Processing file /home/airflow/.local/lib/python3.7/site-packages/airflow/example_dags/example_xcomargs.py for tasks to queue
[2023-12-29T04:44:52.456+0000] {logging_mixin.py:120} INFO - [2023-12-29T04:44:52.456+0000] {dagbag.py:537} INFO - Filling up the DagBag from /home/airflow/.local/lib/python3.7/site-packages/airflow/example_dags/example_xcomargs.py
[2023-12-29T04:44:52.478+0000] {processor.py:766} INFO - DAG(s) dict_keys(['example_xcom_args', 'example_xcom_args_with_operators']) retrieved from /home/airflow/.local/lib/python3.7/site-packages/airflow/example_dags/example_xcomargs.py
[2023-12-29T04:44:52.519+0000] {logging_mixin.py:120} INFO - [2023-12-29T04:44:52.519+0000] {dag.py:2585} INFO - Sync 2 DAGs
[2023-12-29T04:44:52.545+0000] {logging_mixin.py:120} INFO - [2023-12-29T04:44:52.545+0000] {dag.py:3340} INFO - Setting next_dagrun for example_xcom_args to None, run_after=None
[2023-12-29T04:44:52.548+0000] {logging_mixin.py:120} INFO - [2023-12-29T04:44:52.548+0000] {dag.py:3340} INFO - Setting next_dagrun for example_xcom_args_with_operators to None, run_after=None
[2023-12-29T04:44:52.571+0000] {processor.py:176} INFO - Processing /home/airflow/.local/lib/python3.7/site-packages/airflow/example_dags/example_xcomargs.py took 0.119 seconds
[2023-12-29T04:45:23.079+0000] {processor.py:154} INFO - Started process (PID=1573) to work on /home/airflow/.local/lib/python3.7/site-packages/airflow/example_dags/example_xcomargs.py
[2023-12-29T04:45:23.079+0000] {processor.py:756} INFO - Processing file /home/airflow/.local/lib/python3.7/site-packages/airflow/example_dags/example_xcomargs.py for tasks to queue
[2023-12-29T04:45:23.080+0000] {logging_mixin.py:120} INFO - [2023-12-29T04:45:23.080+0000] {dagbag.py:537} INFO - Filling up the DagBag from /home/airflow/.local/lib/python3.7/site-packages/airflow/example_dags/example_xcomargs.py
[2023-12-29T04:45:23.106+0000] {processor.py:766} INFO - DAG(s) dict_keys(['example_xcom_args_with_operators', 'example_xcom_args']) retrieved from /home/airflow/.local/lib/python3.7/site-packages/airflow/example_dags/example_xcomargs.py
[2023-12-29T04:45:23.159+0000] {logging_mixin.py:120} INFO - [2023-12-29T04:45:23.159+0000] {dag.py:2585} INFO - Sync 2 DAGs
[2023-12-29T04:45:23.188+0000] {logging_mixin.py:120} INFO - [2023-12-29T04:45:23.188+0000] {dag.py:3340} INFO - Setting next_dagrun for example_xcom_args to None, run_after=None
[2023-12-29T04:45:23.192+0000] {logging_mixin.py:120} INFO - [2023-12-29T04:45:23.192+0000] {dag.py:3340} INFO - Setting next_dagrun for example_xcom_args_with_operators to None, run_after=None
[2023-12-29T04:45:23.209+0000] {processor.py:176} INFO - Processing /home/airflow/.local/lib/python3.7/site-packages/airflow/example_dags/example_xcomargs.py took 0.133 seconds
[2023-12-29T04:45:53.323+0000] {processor.py:154} INFO - Started process (PID=1629) to work on /home/airflow/.local/lib/python3.7/site-packages/airflow/example_dags/example_xcomargs.py
[2023-12-29T04:45:53.324+0000] {processor.py:756} INFO - Processing file /home/airflow/.local/lib/python3.7/site-packages/airflow/example_dags/example_xcomargs.py for tasks to queue
[2023-12-29T04:45:53.325+0000] {logging_mixin.py:120} INFO - [2023-12-29T04:45:53.325+0000] {dagbag.py:537} INFO - Filling up the DagBag from /home/airflow/.local/lib/python3.7/site-packages/airflow/example_dags/example_xcomargs.py
[2023-12-29T04:45:53.349+0000] {processor.py:766} INFO - DAG(s) dict_keys(['example_xcom_args_with_operators', 'example_xcom_args']) retrieved from /home/airflow/.local/lib/python3.7/site-packages/airflow/example_dags/example_xcomargs.py
[2023-12-29T04:45:53.392+0000] {logging_mixin.py:120} INFO - [2023-12-29T04:45:53.392+0000] {dag.py:2585} INFO - Sync 2 DAGs
[2023-12-29T04:45:53.418+0000] {logging_mixin.py:120} INFO - [2023-12-29T04:45:53.418+0000] {dag.py:3340} INFO - Setting next_dagrun for example_xcom_args to None, run_after=None
[2023-12-29T04:45:53.422+0000] {logging_mixin.py:120} INFO - [2023-12-29T04:45:53.422+0000] {dag.py:3340} INFO - Setting next_dagrun for example_xcom_args_with_operators to None, run_after=None
[2023-12-29T04:45:53.442+0000] {processor.py:176} INFO - Processing /home/airflow/.local/lib/python3.7/site-packages/airflow/example_dags/example_xcomargs.py took 0.121 seconds
[2023-12-29T04:46:23.493+0000] {processor.py:154} INFO - Started process (PID=1692) to work on /home/airflow/.local/lib/python3.7/site-packages/airflow/example_dags/example_xcomargs.py
[2023-12-29T04:46:23.494+0000] {processor.py:756} INFO - Processing file /home/airflow/.local/lib/python3.7/site-packages/airflow/example_dags/example_xcomargs.py for tasks to queue
[2023-12-29T04:46:23.494+0000] {logging_mixin.py:120} INFO - [2023-12-29T04:46:23.494+0000] {dagbag.py:537} INFO - Filling up the DagBag from /home/airflow/.local/lib/python3.7/site-packages/airflow/example_dags/example_xcomargs.py
[2023-12-29T04:46:23.517+0000] {processor.py:766} INFO - DAG(s) dict_keys(['example_xcom_args', 'example_xcom_args_with_operators']) retrieved from /home/airflow/.local/lib/python3.7/site-packages/airflow/example_dags/example_xcomargs.py
[2023-12-29T04:46:23.576+0000] {logging_mixin.py:120} INFO - [2023-12-29T04:46:23.576+0000] {dag.py:2585} INFO - Sync 2 DAGs
[2023-12-29T04:46:23.604+0000] {logging_mixin.py:120} INFO - [2023-12-29T04:46:23.604+0000] {dag.py:3340} INFO - Setting next_dagrun for example_xcom_args to None, run_after=None
[2023-12-29T04:46:23.608+0000] {logging_mixin.py:120} INFO - [2023-12-29T04:46:23.608+0000] {dag.py:3340} INFO - Setting next_dagrun for example_xcom_args_with_operators to None, run_after=None
[2023-12-29T04:46:23.627+0000] {processor.py:176} INFO - Processing /home/airflow/.local/lib/python3.7/site-packages/airflow/example_dags/example_xcomargs.py took 0.136 seconds
[2023-12-29T04:46:54.400+0000] {processor.py:154} INFO - Started process (PID=1757) to work on /home/airflow/.local/lib/python3.7/site-packages/airflow/example_dags/example_xcomargs.py
[2023-12-29T04:46:54.401+0000] {processor.py:756} INFO - Processing file /home/airflow/.local/lib/python3.7/site-packages/airflow/example_dags/example_xcomargs.py for tasks to queue
[2023-12-29T04:46:54.401+0000] {logging_mixin.py:120} INFO - [2023-12-29T04:46:54.401+0000] {dagbag.py:537} INFO - Filling up the DagBag from /home/airflow/.local/lib/python3.7/site-packages/airflow/example_dags/example_xcomargs.py
[2023-12-29T04:46:54.424+0000] {processor.py:766} INFO - DAG(s) dict_keys(['example_xcom_args_with_operators', 'example_xcom_args']) retrieved from /home/airflow/.local/lib/python3.7/site-packages/airflow/example_dags/example_xcomargs.py
[2023-12-29T04:46:54.463+0000] {logging_mixin.py:120} INFO - [2023-12-29T04:46:54.463+0000] {dag.py:2585} INFO - Sync 2 DAGs
[2023-12-29T04:46:54.495+0000] {logging_mixin.py:120} INFO - [2023-12-29T04:46:54.494+0000] {dag.py:3340} INFO - Setting next_dagrun for example_xcom_args to None, run_after=None
[2023-12-29T04:46:54.499+0000] {logging_mixin.py:120} INFO - [2023-12-29T04:46:54.499+0000] {dag.py:3340} INFO - Setting next_dagrun for example_xcom_args_with_operators to None, run_after=None
[2023-12-29T04:46:54.515+0000] {processor.py:176} INFO - Processing /home/airflow/.local/lib/python3.7/site-packages/airflow/example_dags/example_xcomargs.py took 0.117 seconds
[2023-12-29T04:47:25.108+0000] {processor.py:154} INFO - Started process (PID=1812) to work on /home/airflow/.local/lib/python3.7/site-packages/airflow/example_dags/example_xcomargs.py
[2023-12-29T04:47:25.109+0000] {processor.py:756} INFO - Processing file /home/airflow/.local/lib/python3.7/site-packages/airflow/example_dags/example_xcomargs.py for tasks to queue
[2023-12-29T04:47:25.110+0000] {logging_mixin.py:120} INFO - [2023-12-29T04:47:25.109+0000] {dagbag.py:537} INFO - Filling up the DagBag from /home/airflow/.local/lib/python3.7/site-packages/airflow/example_dags/example_xcomargs.py
[2023-12-29T04:47:25.133+0000] {processor.py:766} INFO - DAG(s) dict_keys(['example_xcom_args_with_operators', 'example_xcom_args']) retrieved from /home/airflow/.local/lib/python3.7/site-packages/airflow/example_dags/example_xcomargs.py
[2023-12-29T04:47:25.178+0000] {logging_mixin.py:120} INFO - [2023-12-29T04:47:25.178+0000] {dag.py:2585} INFO - Sync 2 DAGs
[2023-12-29T04:47:25.205+0000] {logging_mixin.py:120} INFO - [2023-12-29T04:47:25.204+0000] {dag.py:3340} INFO - Setting next_dagrun for example_xcom_args to None, run_after=None
[2023-12-29T04:47:25.208+0000] {logging_mixin.py:120} INFO - [2023-12-29T04:47:25.208+0000] {dag.py:3340} INFO - Setting next_dagrun for example_xcom_args_with_operators to None, run_after=None
[2023-12-29T04:47:25.234+0000] {processor.py:176} INFO - Processing /home/airflow/.local/lib/python3.7/site-packages/airflow/example_dags/example_xcomargs.py took 0.129 seconds
[2023-12-29T04:47:55.888+0000] {processor.py:154} INFO - Started process (PID=1876) to work on /home/airflow/.local/lib/python3.7/site-packages/airflow/example_dags/example_xcomargs.py
[2023-12-29T04:47:55.889+0000] {processor.py:756} INFO - Processing file /home/airflow/.local/lib/python3.7/site-packages/airflow/example_dags/example_xcomargs.py for tasks to queue
[2023-12-29T04:47:55.889+0000] {logging_mixin.py:120} INFO - [2023-12-29T04:47:55.889+0000] {dagbag.py:537} INFO - Filling up the DagBag from /home/airflow/.local/lib/python3.7/site-packages/airflow/example_dags/example_xcomargs.py
[2023-12-29T04:47:55.912+0000] {processor.py:766} INFO - DAG(s) dict_keys(['example_xcom_args', 'example_xcom_args_with_operators']) retrieved from /home/airflow/.local/lib/python3.7/site-packages/airflow/example_dags/example_xcomargs.py
[2023-12-29T04:47:55.965+0000] {logging_mixin.py:120} INFO - [2023-12-29T04:47:55.965+0000] {dag.py:2585} INFO - Sync 2 DAGs
[2023-12-29T04:47:55.992+0000] {logging_mixin.py:120} INFO - [2023-12-29T04:47:55.991+0000] {dag.py:3340} INFO - Setting next_dagrun for example_xcom_args to None, run_after=None
[2023-12-29T04:47:55.995+0000] {logging_mixin.py:120} INFO - [2023-12-29T04:47:55.995+0000] {dag.py:3340} INFO - Setting next_dagrun for example_xcom_args_with_operators to None, run_after=None
[2023-12-29T04:47:56.010+0000] {processor.py:176} INFO - Processing /home/airflow/.local/lib/python3.7/site-packages/airflow/example_dags/example_xcomargs.py took 0.125 seconds
[2023-12-29T04:48:26.816+0000] {processor.py:154} INFO - Started process (PID=1941) to work on /home/airflow/.local/lib/python3.7/site-packages/airflow/example_dags/example_xcomargs.py
[2023-12-29T04:48:26.817+0000] {processor.py:756} INFO - Processing file /home/airflow/.local/lib/python3.7/site-packages/airflow/example_dags/example_xcomargs.py for tasks to queue
[2023-12-29T04:48:26.818+0000] {logging_mixin.py:120} INFO - [2023-12-29T04:48:26.817+0000] {dagbag.py:537} INFO - Filling up the DagBag from /home/airflow/.local/lib/python3.7/site-packages/airflow/example_dags/example_xcomargs.py
[2023-12-29T04:48:26.841+0000] {processor.py:766} INFO - DAG(s) dict_keys(['example_xcom_args_with_operators', 'example_xcom_args']) retrieved from /home/airflow/.local/lib/python3.7/site-packages/airflow/example_dags/example_xcomargs.py
[2023-12-29T04:48:26.885+0000] {logging_mixin.py:120} INFO - [2023-12-29T04:48:26.885+0000] {dag.py:2585} INFO - Sync 2 DAGs
[2023-12-29T04:48:26.916+0000] {logging_mixin.py:120} INFO - [2023-12-29T04:48:26.916+0000] {dag.py:3340} INFO - Setting next_dagrun for example_xcom_args to None, run_after=None
[2023-12-29T04:48:26.920+0000] {logging_mixin.py:120} INFO - [2023-12-29T04:48:26.919+0000] {dag.py:3340} INFO - Setting next_dagrun for example_xcom_args_with_operators to None, run_after=None
[2023-12-29T04:48:26.939+0000] {processor.py:176} INFO - Processing /home/airflow/.local/lib/python3.7/site-packages/airflow/example_dags/example_xcomargs.py took 0.126 seconds
[2023-12-29T04:48:57.410+0000] {processor.py:154} INFO - Started process (PID=2006) to work on /home/airflow/.local/lib/python3.7/site-packages/airflow/example_dags/example_xcomargs.py
[2023-12-29T04:48:57.411+0000] {processor.py:756} INFO - Processing file /home/airflow/.local/lib/python3.7/site-packages/airflow/example_dags/example_xcomargs.py for tasks to queue
[2023-12-29T04:48:57.412+0000] {logging_mixin.py:120} INFO - [2023-12-29T04:48:57.412+0000] {dagbag.py:537} INFO - Filling up the DagBag from /home/airflow/.local/lib/python3.7/site-packages/airflow/example_dags/example_xcomargs.py
[2023-12-29T04:48:57.440+0000] {processor.py:766} INFO - DAG(s) dict_keys(['example_xcom_args', 'example_xcom_args_with_operators']) retrieved from /home/airflow/.local/lib/python3.7/site-packages/airflow/example_dags/example_xcomargs.py
[2023-12-29T04:48:57.489+0000] {logging_mixin.py:120} INFO - [2023-12-29T04:48:57.489+0000] {dag.py:2585} INFO - Sync 2 DAGs
[2023-12-29T04:48:57.522+0000] {logging_mixin.py:120} INFO - [2023-12-29T04:48:57.522+0000] {dag.py:3340} INFO - Setting next_dagrun for example_xcom_args to None, run_after=None
[2023-12-29T04:48:57.528+0000] {logging_mixin.py:120} INFO - [2023-12-29T04:48:57.528+0000] {dag.py:3340} INFO - Setting next_dagrun for example_xcom_args_with_operators to None, run_after=None
[2023-12-29T04:48:57.554+0000] {processor.py:176} INFO - Processing /home/airflow/.local/lib/python3.7/site-packages/airflow/example_dags/example_xcomargs.py took 0.151 seconds
[2023-12-29T04:49:27.623+0000] {processor.py:154} INFO - Started process (PID=2062) to work on /home/airflow/.local/lib/python3.7/site-packages/airflow/example_dags/example_xcomargs.py
[2023-12-29T04:49:27.624+0000] {processor.py:756} INFO - Processing file /home/airflow/.local/lib/python3.7/site-packages/airflow/example_dags/example_xcomargs.py for tasks to queue
[2023-12-29T04:49:27.625+0000] {logging_mixin.py:120} INFO - [2023-12-29T04:49:27.625+0000] {dagbag.py:537} INFO - Filling up the DagBag from /home/airflow/.local/lib/python3.7/site-packages/airflow/example_dags/example_xcomargs.py
[2023-12-29T04:49:27.648+0000] {processor.py:766} INFO - DAG(s) dict_keys(['example_xcom_args_with_operators', 'example_xcom_args']) retrieved from /home/airflow/.local/lib/python3.7/site-packages/airflow/example_dags/example_xcomargs.py
[2023-12-29T04:49:27.695+0000] {logging_mixin.py:120} INFO - [2023-12-29T04:49:27.695+0000] {dag.py:2585} INFO - Sync 2 DAGs
[2023-12-29T04:49:27.724+0000] {logging_mixin.py:120} INFO - [2023-12-29T04:49:27.724+0000] {dag.py:3340} INFO - Setting next_dagrun for example_xcom_args to None, run_after=None
[2023-12-29T04:49:27.728+0000] {logging_mixin.py:120} INFO - [2023-12-29T04:49:27.728+0000] {dag.py:3340} INFO - Setting next_dagrun for example_xcom_args_with_operators to None, run_after=None
[2023-12-29T04:49:27.757+0000] {processor.py:176} INFO - Processing /home/airflow/.local/lib/python3.7/site-packages/airflow/example_dags/example_xcomargs.py took 0.136 seconds
[2023-12-29T04:49:58.573+0000] {processor.py:154} INFO - Started process (PID=2127) to work on /home/airflow/.local/lib/python3.7/site-packages/airflow/example_dags/example_xcomargs.py
[2023-12-29T04:49:58.574+0000] {processor.py:756} INFO - Processing file /home/airflow/.local/lib/python3.7/site-packages/airflow/example_dags/example_xcomargs.py for tasks to queue
[2023-12-29T04:49:58.574+0000] {logging_mixin.py:120} INFO - [2023-12-29T04:49:58.574+0000] {dagbag.py:537} INFO - Filling up the DagBag from /home/airflow/.local/lib/python3.7/site-packages/airflow/example_dags/example_xcomargs.py
[2023-12-29T04:49:58.599+0000] {processor.py:766} INFO - DAG(s) dict_keys(['example_xcom_args_with_operators', 'example_xcom_args']) retrieved from /home/airflow/.local/lib/python3.7/site-packages/airflow/example_dags/example_xcomargs.py
[2023-12-29T04:49:58.644+0000] {logging_mixin.py:120} INFO - [2023-12-29T04:49:58.644+0000] {dag.py:2585} INFO - Sync 2 DAGs
[2023-12-29T04:49:58.671+0000] {logging_mixin.py:120} INFO - [2023-12-29T04:49:58.671+0000] {dag.py:3340} INFO - Setting next_dagrun for example_xcom_args to None, run_after=None
[2023-12-29T04:49:58.675+0000] {logging_mixin.py:120} INFO - [2023-12-29T04:49:58.675+0000] {dag.py:3340} INFO - Setting next_dagrun for example_xcom_args_with_operators to None, run_after=None
[2023-12-29T04:49:58.700+0000] {processor.py:176} INFO - Processing /home/airflow/.local/lib/python3.7/site-packages/airflow/example_dags/example_xcomargs.py took 0.130 seconds
[2023-12-29T04:50:29.375+0000] {processor.py:154} INFO - Started process (PID=2189) to work on /home/airflow/.local/lib/python3.7/site-packages/airflow/example_dags/example_xcomargs.py
[2023-12-29T04:50:29.376+0000] {processor.py:756} INFO - Processing file /home/airflow/.local/lib/python3.7/site-packages/airflow/example_dags/example_xcomargs.py for tasks to queue
[2023-12-29T04:50:29.376+0000] {logging_mixin.py:120} INFO - [2023-12-29T04:50:29.376+0000] {dagbag.py:537} INFO - Filling up the DagBag from /home/airflow/.local/lib/python3.7/site-packages/airflow/example_dags/example_xcomargs.py
[2023-12-29T04:50:29.400+0000] {processor.py:766} INFO - DAG(s) dict_keys(['example_xcom_args', 'example_xcom_args_with_operators']) retrieved from /home/airflow/.local/lib/python3.7/site-packages/airflow/example_dags/example_xcomargs.py
[2023-12-29T04:50:29.443+0000] {logging_mixin.py:120} INFO - [2023-12-29T04:50:29.443+0000] {dag.py:2585} INFO - Sync 2 DAGs
[2023-12-29T04:50:29.472+0000] {logging_mixin.py:120} INFO - [2023-12-29T04:50:29.472+0000] {dag.py:3340} INFO - Setting next_dagrun for example_xcom_args to None, run_after=None
[2023-12-29T04:50:29.475+0000] {logging_mixin.py:120} INFO - [2023-12-29T04:50:29.475+0000] {dag.py:3340} INFO - Setting next_dagrun for example_xcom_args_with_operators to None, run_after=None
[2023-12-29T04:50:29.492+0000] {processor.py:176} INFO - Processing /home/airflow/.local/lib/python3.7/site-packages/airflow/example_dags/example_xcomargs.py took 0.120 seconds
[2023-12-29T04:50:59.937+0000] {processor.py:154} INFO - Started process (PID=2245) to work on /home/airflow/.local/lib/python3.7/site-packages/airflow/example_dags/example_xcomargs.py
[2023-12-29T04:50:59.938+0000] {processor.py:756} INFO - Processing file /home/airflow/.local/lib/python3.7/site-packages/airflow/example_dags/example_xcomargs.py for tasks to queue
[2023-12-29T04:50:59.939+0000] {logging_mixin.py:120} INFO - [2023-12-29T04:50:59.938+0000] {dagbag.py:537} INFO - Filling up the DagBag from /home/airflow/.local/lib/python3.7/site-packages/airflow/example_dags/example_xcomargs.py
[2023-12-29T04:50:59.960+0000] {processor.py:766} INFO - DAG(s) dict_keys(['example_xcom_args', 'example_xcom_args_with_operators']) retrieved from /home/airflow/.local/lib/python3.7/site-packages/airflow/example_dags/example_xcomargs.py
[2023-12-29T04:50:59.999+0000] {logging_mixin.py:120} INFO - [2023-12-29T04:50:59.999+0000] {dag.py:2585} INFO - Sync 2 DAGs
[2023-12-29T04:51:00.028+0000] {logging_mixin.py:120} INFO - [2023-12-29T04:51:00.028+0000] {dag.py:3340} INFO - Setting next_dagrun for example_xcom_args to None, run_after=None
[2023-12-29T04:51:00.032+0000] {logging_mixin.py:120} INFO - [2023-12-29T04:51:00.032+0000] {dag.py:3340} INFO - Setting next_dagrun for example_xcom_args_with_operators to None, run_after=None
[2023-12-29T04:51:00.049+0000] {processor.py:176} INFO - Processing /home/airflow/.local/lib/python3.7/site-packages/airflow/example_dags/example_xcomargs.py took 0.114 seconds
[2023-12-29T04:51:30.625+0000] {processor.py:154} INFO - Started process (PID=2310) to work on /home/airflow/.local/lib/python3.7/site-packages/airflow/example_dags/example_xcomargs.py
[2023-12-29T04:51:30.625+0000] {processor.py:756} INFO - Processing file /home/airflow/.local/lib/python3.7/site-packages/airflow/example_dags/example_xcomargs.py for tasks to queue
[2023-12-29T04:51:30.626+0000] {logging_mixin.py:120} INFO - [2023-12-29T04:51:30.626+0000] {dagbag.py:537} INFO - Filling up the DagBag from /home/airflow/.local/lib/python3.7/site-packages/airflow/example_dags/example_xcomargs.py
[2023-12-29T04:51:30.647+0000] {processor.py:766} INFO - DAG(s) dict_keys(['example_xcom_args_with_operators', 'example_xcom_args']) retrieved from /home/airflow/.local/lib/python3.7/site-packages/airflow/example_dags/example_xcomargs.py
[2023-12-29T04:51:30.686+0000] {logging_mixin.py:120} INFO - [2023-12-29T04:51:30.686+0000] {dag.py:2585} INFO - Sync 2 DAGs
[2023-12-29T04:51:30.710+0000] {logging_mixin.py:120} INFO - [2023-12-29T04:51:30.710+0000] {dag.py:3340} INFO - Setting next_dagrun for example_xcom_args to None, run_after=None
[2023-12-29T04:51:30.713+0000] {logging_mixin.py:120} INFO - [2023-12-29T04:51:30.713+0000] {dag.py:3340} INFO - Setting next_dagrun for example_xcom_args_with_operators to None, run_after=None
[2023-12-29T04:51:30.729+0000] {processor.py:176} INFO - Processing /home/airflow/.local/lib/python3.7/site-packages/airflow/example_dags/example_xcomargs.py took 0.107 seconds
[2023-12-29T04:52:01.371+0000] {processor.py:154} INFO - Started process (PID=2375) to work on /home/airflow/.local/lib/python3.7/site-packages/airflow/example_dags/example_xcomargs.py
[2023-12-29T04:52:01.372+0000] {processor.py:756} INFO - Processing file /home/airflow/.local/lib/python3.7/site-packages/airflow/example_dags/example_xcomargs.py for tasks to queue
[2023-12-29T04:52:01.373+0000] {logging_mixin.py:120} INFO - [2023-12-29T04:52:01.373+0000] {dagbag.py:537} INFO - Filling up the DagBag from /home/airflow/.local/lib/python3.7/site-packages/airflow/example_dags/example_xcomargs.py
[2023-12-29T04:52:01.393+0000] {processor.py:766} INFO - DAG(s) dict_keys(['example_xcom_args_with_operators', 'example_xcom_args']) retrieved from /home/airflow/.local/lib/python3.7/site-packages/airflow/example_dags/example_xcomargs.py
[2023-12-29T04:52:01.430+0000] {logging_mixin.py:120} INFO - [2023-12-29T04:52:01.430+0000] {dag.py:2585} INFO - Sync 2 DAGs
[2023-12-29T04:52:01.453+0000] {logging_mixin.py:120} INFO - [2023-12-29T04:52:01.453+0000] {dag.py:3340} INFO - Setting next_dagrun for example_xcom_args to None, run_after=None
[2023-12-29T04:52:01.457+0000] {logging_mixin.py:120} INFO - [2023-12-29T04:52:01.456+0000] {dag.py:3340} INFO - Setting next_dagrun for example_xcom_args_with_operators to None, run_after=None
[2023-12-29T04:52:01.471+0000] {processor.py:176} INFO - Processing /home/airflow/.local/lib/python3.7/site-packages/airflow/example_dags/example_xcomargs.py took 0.103 seconds
[2023-12-29T04:52:31.941+0000] {processor.py:154} INFO - Started process (PID=2430) to work on /home/airflow/.local/lib/python3.7/site-packages/airflow/example_dags/example_xcomargs.py
[2023-12-29T04:52:31.941+0000] {processor.py:756} INFO - Processing file /home/airflow/.local/lib/python3.7/site-packages/airflow/example_dags/example_xcomargs.py for tasks to queue
[2023-12-29T04:52:31.942+0000] {logging_mixin.py:120} INFO - [2023-12-29T04:52:31.942+0000] {dagbag.py:537} INFO - Filling up the DagBag from /home/airflow/.local/lib/python3.7/site-packages/airflow/example_dags/example_xcomargs.py
[2023-12-29T04:52:31.963+0000] {processor.py:766} INFO - DAG(s) dict_keys(['example_xcom_args', 'example_xcom_args_with_operators']) retrieved from /home/airflow/.local/lib/python3.7/site-packages/airflow/example_dags/example_xcomargs.py
[2023-12-29T04:52:32.001+0000] {logging_mixin.py:120} INFO - [2023-12-29T04:52:32.001+0000] {dag.py:2585} INFO - Sync 2 DAGs
[2023-12-29T04:52:32.027+0000] {logging_mixin.py:120} INFO - [2023-12-29T04:52:32.026+0000] {dag.py:3340} INFO - Setting next_dagrun for example_xcom_args to None, run_after=None
[2023-12-29T04:52:32.030+0000] {logging_mixin.py:120} INFO - [2023-12-29T04:52:32.030+0000] {dag.py:3340} INFO - Setting next_dagrun for example_xcom_args_with_operators to None, run_after=None
[2023-12-29T04:52:32.047+0000] {processor.py:176} INFO - Processing /home/airflow/.local/lib/python3.7/site-packages/airflow/example_dags/example_xcomargs.py took 0.108 seconds
[2023-12-29T04:53:02.498+0000] {processor.py:154} INFO - Started process (PID=2494) to work on /home/airflow/.local/lib/python3.7/site-packages/airflow/example_dags/example_xcomargs.py
[2023-12-29T04:53:02.499+0000] {processor.py:756} INFO - Processing file /home/airflow/.local/lib/python3.7/site-packages/airflow/example_dags/example_xcomargs.py for tasks to queue
[2023-12-29T04:53:02.500+0000] {logging_mixin.py:120} INFO - [2023-12-29T04:53:02.500+0000] {dagbag.py:537} INFO - Filling up the DagBag from /home/airflow/.local/lib/python3.7/site-packages/airflow/example_dags/example_xcomargs.py
[2023-12-29T04:53:02.522+0000] {processor.py:766} INFO - DAG(s) dict_keys(['example_xcom_args', 'example_xcom_args_with_operators']) retrieved from /home/airflow/.local/lib/python3.7/site-packages/airflow/example_dags/example_xcomargs.py
[2023-12-29T04:53:02.563+0000] {logging_mixin.py:120} INFO - [2023-12-29T04:53:02.563+0000] {dag.py:2585} INFO - Sync 2 DAGs
[2023-12-29T04:53:02.588+0000] {logging_mixin.py:120} INFO - [2023-12-29T04:53:02.588+0000] {dag.py:3340} INFO - Setting next_dagrun for example_xcom_args to None, run_after=None
[2023-12-29T04:53:02.592+0000] {logging_mixin.py:120} INFO - [2023-12-29T04:53:02.592+0000] {dag.py:3340} INFO - Setting next_dagrun for example_xcom_args_with_operators to None, run_after=None
[2023-12-29T04:53:02.608+0000] {processor.py:176} INFO - Processing /home/airflow/.local/lib/python3.7/site-packages/airflow/example_dags/example_xcomargs.py took 0.112 seconds
[2023-12-29T04:53:33.033+0000] {processor.py:154} INFO - Started process (PID=2558) to work on /home/airflow/.local/lib/python3.7/site-packages/airflow/example_dags/example_xcomargs.py
[2023-12-29T04:53:33.033+0000] {processor.py:756} INFO - Processing file /home/airflow/.local/lib/python3.7/site-packages/airflow/example_dags/example_xcomargs.py for tasks to queue
[2023-12-29T04:53:33.034+0000] {logging_mixin.py:120} INFO - [2023-12-29T04:53:33.034+0000] {dagbag.py:537} INFO - Filling up the DagBag from /home/airflow/.local/lib/python3.7/site-packages/airflow/example_dags/example_xcomargs.py
[2023-12-29T04:53:33.056+0000] {processor.py:766} INFO - DAG(s) dict_keys(['example_xcom_args_with_operators', 'example_xcom_args']) retrieved from /home/airflow/.local/lib/python3.7/site-packages/airflow/example_dags/example_xcomargs.py
[2023-12-29T04:53:33.095+0000] {logging_mixin.py:120} INFO - [2023-12-29T04:53:33.094+0000] {dag.py:2585} INFO - Sync 2 DAGs
[2023-12-29T04:53:33.119+0000] {logging_mixin.py:120} INFO - [2023-12-29T04:53:33.119+0000] {dag.py:3340} INFO - Setting next_dagrun for example_xcom_args to None, run_after=None
[2023-12-29T04:53:33.123+0000] {logging_mixin.py:120} INFO - [2023-12-29T04:53:33.123+0000] {dag.py:3340} INFO - Setting next_dagrun for example_xcom_args_with_operators to None, run_after=None
[2023-12-29T04:53:33.139+0000] {processor.py:176} INFO - Processing /home/airflow/.local/lib/python3.7/site-packages/airflow/example_dags/example_xcomargs.py took 0.108 seconds
[2023-12-29T04:54:03.611+0000] {processor.py:154} INFO - Started process (PID=2623) to work on /home/airflow/.local/lib/python3.7/site-packages/airflow/example_dags/example_xcomargs.py
[2023-12-29T04:54:03.612+0000] {processor.py:756} INFO - Processing file /home/airflow/.local/lib/python3.7/site-packages/airflow/example_dags/example_xcomargs.py for tasks to queue
[2023-12-29T04:54:03.613+0000] {logging_mixin.py:120} INFO - [2023-12-29T04:54:03.613+0000] {dagbag.py:537} INFO - Filling up the DagBag from /home/airflow/.local/lib/python3.7/site-packages/airflow/example_dags/example_xcomargs.py
[2023-12-29T04:54:03.635+0000] {processor.py:766} INFO - DAG(s) dict_keys(['example_xcom_args_with_operators', 'example_xcom_args']) retrieved from /home/airflow/.local/lib/python3.7/site-packages/airflow/example_dags/example_xcomargs.py
[2023-12-29T04:54:03.674+0000] {logging_mixin.py:120} INFO - [2023-12-29T04:54:03.674+0000] {dag.py:2585} INFO - Sync 2 DAGs
[2023-12-29T04:54:03.697+0000] {logging_mixin.py:120} INFO - [2023-12-29T04:54:03.697+0000] {dag.py:3340} INFO - Setting next_dagrun for example_xcom_args to None, run_after=None
[2023-12-29T04:54:03.700+0000] {logging_mixin.py:120} INFO - [2023-12-29T04:54:03.700+0000] {dag.py:3340} INFO - Setting next_dagrun for example_xcom_args_with_operators to None, run_after=None
[2023-12-29T04:54:03.716+0000] {processor.py:176} INFO - Processing /home/airflow/.local/lib/python3.7/site-packages/airflow/example_dags/example_xcomargs.py took 0.107 seconds
[2023-12-29T04:54:34.158+0000] {processor.py:154} INFO - Started process (PID=2677) to work on /home/airflow/.local/lib/python3.7/site-packages/airflow/example_dags/example_xcomargs.py
[2023-12-29T04:54:34.159+0000] {processor.py:756} INFO - Processing file /home/airflow/.local/lib/python3.7/site-packages/airflow/example_dags/example_xcomargs.py for tasks to queue
[2023-12-29T04:54:34.160+0000] {logging_mixin.py:120} INFO - [2023-12-29T04:54:34.159+0000] {dagbag.py:537} INFO - Filling up the DagBag from /home/airflow/.local/lib/python3.7/site-packages/airflow/example_dags/example_xcomargs.py
[2023-12-29T04:54:34.184+0000] {processor.py:766} INFO - DAG(s) dict_keys(['example_xcom_args_with_operators', 'example_xcom_args']) retrieved from /home/airflow/.local/lib/python3.7/site-packages/airflow/example_dags/example_xcomargs.py
[2023-12-29T04:54:34.228+0000] {logging_mixin.py:120} INFO - [2023-12-29T04:54:34.228+0000] {dag.py:2585} INFO - Sync 2 DAGs
[2023-12-29T04:54:34.254+0000] {logging_mixin.py:120} INFO - [2023-12-29T04:54:34.254+0000] {dag.py:3340} INFO - Setting next_dagrun for example_xcom_args to None, run_after=None
[2023-12-29T04:54:34.258+0000] {logging_mixin.py:120} INFO - [2023-12-29T04:54:34.258+0000] {dag.py:3340} INFO - Setting next_dagrun for example_xcom_args_with_operators to None, run_after=None
[2023-12-29T04:54:34.277+0000] {processor.py:176} INFO - Processing /home/airflow/.local/lib/python3.7/site-packages/airflow/example_dags/example_xcomargs.py took 0.121 seconds
[2023-12-29T04:55:04.772+0000] {processor.py:154} INFO - Started process (PID=2741) to work on /home/airflow/.local/lib/python3.7/site-packages/airflow/example_dags/example_xcomargs.py
[2023-12-29T04:55:04.772+0000] {processor.py:756} INFO - Processing file /home/airflow/.local/lib/python3.7/site-packages/airflow/example_dags/example_xcomargs.py for tasks to queue
[2023-12-29T04:55:04.773+0000] {logging_mixin.py:120} INFO - [2023-12-29T04:55:04.773+0000] {dagbag.py:537} INFO - Filling up the DagBag from /home/airflow/.local/lib/python3.7/site-packages/airflow/example_dags/example_xcomargs.py
[2023-12-29T04:55:04.795+0000] {processor.py:766} INFO - DAG(s) dict_keys(['example_xcom_args_with_operators', 'example_xcom_args']) retrieved from /home/airflow/.local/lib/python3.7/site-packages/airflow/example_dags/example_xcomargs.py
[2023-12-29T04:55:04.835+0000] {logging_mixin.py:120} INFO - [2023-12-29T04:55:04.835+0000] {dag.py:2585} INFO - Sync 2 DAGs
[2023-12-29T04:55:04.861+0000] {logging_mixin.py:120} INFO - [2023-12-29T04:55:04.861+0000] {dag.py:3340} INFO - Setting next_dagrun for example_xcom_args to None, run_after=None
[2023-12-29T04:55:04.865+0000] {logging_mixin.py:120} INFO - [2023-12-29T04:55:04.864+0000] {dag.py:3340} INFO - Setting next_dagrun for example_xcom_args_with_operators to None, run_after=None
[2023-12-29T04:55:04.880+0000] {processor.py:176} INFO - Processing /home/airflow/.local/lib/python3.7/site-packages/airflow/example_dags/example_xcomargs.py took 0.111 seconds
[2023-12-29T04:55:35.340+0000] {processor.py:154} INFO - Started process (PID=2804) to work on /home/airflow/.local/lib/python3.7/site-packages/airflow/example_dags/example_xcomargs.py
[2023-12-29T04:55:35.340+0000] {processor.py:756} INFO - Processing file /home/airflow/.local/lib/python3.7/site-packages/airflow/example_dags/example_xcomargs.py for tasks to queue
[2023-12-29T04:55:35.341+0000] {logging_mixin.py:120} INFO - [2023-12-29T04:55:35.341+0000] {dagbag.py:537} INFO - Filling up the DagBag from /home/airflow/.local/lib/python3.7/site-packages/airflow/example_dags/example_xcomargs.py
[2023-12-29T04:55:35.363+0000] {processor.py:766} INFO - DAG(s) dict_keys(['example_xcom_args_with_operators', 'example_xcom_args']) retrieved from /home/airflow/.local/lib/python3.7/site-packages/airflow/example_dags/example_xcomargs.py
[2023-12-29T04:55:35.407+0000] {logging_mixin.py:120} INFO - [2023-12-29T04:55:35.407+0000] {dag.py:2585} INFO - Sync 2 DAGs
[2023-12-29T04:55:35.434+0000] {logging_mixin.py:120} INFO - [2023-12-29T04:55:35.434+0000] {dag.py:3340} INFO - Setting next_dagrun for example_xcom_args to None, run_after=None
[2023-12-29T04:55:35.438+0000] {logging_mixin.py:120} INFO - [2023-12-29T04:55:35.438+0000] {dag.py:3340} INFO - Setting next_dagrun for example_xcom_args_with_operators to None, run_after=None
[2023-12-29T04:55:35.458+0000] {processor.py:176} INFO - Processing /home/airflow/.local/lib/python3.7/site-packages/airflow/example_dags/example_xcomargs.py took 0.122 seconds
[2023-12-29T04:56:06.260+0000] {processor.py:154} INFO - Started process (PID=2860) to work on /home/airflow/.local/lib/python3.7/site-packages/airflow/example_dags/example_xcomargs.py
[2023-12-29T04:56:06.262+0000] {processor.py:756} INFO - Processing file /home/airflow/.local/lib/python3.7/site-packages/airflow/example_dags/example_xcomargs.py for tasks to queue
[2023-12-29T04:56:06.263+0000] {logging_mixin.py:120} INFO - [2023-12-29T04:56:06.262+0000] {dagbag.py:537} INFO - Filling up the DagBag from /home/airflow/.local/lib/python3.7/site-packages/airflow/example_dags/example_xcomargs.py
[2023-12-29T04:56:06.305+0000] {processor.py:766} INFO - DAG(s) dict_keys(['example_xcom_args', 'example_xcom_args_with_operators']) retrieved from /home/airflow/.local/lib/python3.7/site-packages/airflow/example_dags/example_xcomargs.py
[2023-12-29T04:56:06.387+0000] {logging_mixin.py:120} INFO - [2023-12-29T04:56:06.387+0000] {dag.py:2585} INFO - Sync 2 DAGs
[2023-12-29T04:56:06.427+0000] {logging_mixin.py:120} INFO - [2023-12-29T04:56:06.427+0000] {dag.py:3340} INFO - Setting next_dagrun for example_xcom_args to None, run_after=None
[2023-12-29T04:56:06.433+0000] {logging_mixin.py:120} INFO - [2023-12-29T04:56:06.433+0000] {dag.py:3340} INFO - Setting next_dagrun for example_xcom_args_with_operators to None, run_after=None
[2023-12-29T04:56:06.465+0000] {processor.py:176} INFO - Processing /home/airflow/.local/lib/python3.7/site-packages/airflow/example_dags/example_xcomargs.py took 0.213 seconds
[2023-12-29T04:56:36.795+0000] {processor.py:154} INFO - Started process (PID=2924) to work on /home/airflow/.local/lib/python3.7/site-packages/airflow/example_dags/example_xcomargs.py
[2023-12-29T04:56:36.796+0000] {processor.py:756} INFO - Processing file /home/airflow/.local/lib/python3.7/site-packages/airflow/example_dags/example_xcomargs.py for tasks to queue
[2023-12-29T04:56:36.796+0000] {logging_mixin.py:120} INFO - [2023-12-29T04:56:36.796+0000] {dagbag.py:537} INFO - Filling up the DagBag from /home/airflow/.local/lib/python3.7/site-packages/airflow/example_dags/example_xcomargs.py
[2023-12-29T04:56:36.817+0000] {processor.py:766} INFO - DAG(s) dict_keys(['example_xcom_args', 'example_xcom_args_with_operators']) retrieved from /home/airflow/.local/lib/python3.7/site-packages/airflow/example_dags/example_xcomargs.py
[2023-12-29T04:56:36.868+0000] {logging_mixin.py:120} INFO - [2023-12-29T04:56:36.868+0000] {dag.py:2585} INFO - Sync 2 DAGs
[2023-12-29T04:56:36.893+0000] {logging_mixin.py:120} INFO - [2023-12-29T04:56:36.893+0000] {dag.py:3340} INFO - Setting next_dagrun for example_xcom_args to None, run_after=None
[2023-12-29T04:56:36.896+0000] {logging_mixin.py:120} INFO - [2023-12-29T04:56:36.896+0000] {dag.py:3340} INFO - Setting next_dagrun for example_xcom_args_with_operators to None, run_after=None
[2023-12-29T04:56:36.914+0000] {processor.py:176} INFO - Processing /home/airflow/.local/lib/python3.7/site-packages/airflow/example_dags/example_xcomargs.py took 0.122 seconds
[2023-12-29T04:57:07.644+0000] {processor.py:154} INFO - Started process (PID=2988) to work on /home/airflow/.local/lib/python3.7/site-packages/airflow/example_dags/example_xcomargs.py
[2023-12-29T04:57:07.644+0000] {processor.py:756} INFO - Processing file /home/airflow/.local/lib/python3.7/site-packages/airflow/example_dags/example_xcomargs.py for tasks to queue
[2023-12-29T04:57:07.645+0000] {logging_mixin.py:120} INFO - [2023-12-29T04:57:07.645+0000] {dagbag.py:537} INFO - Filling up the DagBag from /home/airflow/.local/lib/python3.7/site-packages/airflow/example_dags/example_xcomargs.py
[2023-12-29T04:57:07.665+0000] {processor.py:766} INFO - DAG(s) dict_keys(['example_xcom_args_with_operators', 'example_xcom_args']) retrieved from /home/airflow/.local/lib/python3.7/site-packages/airflow/example_dags/example_xcomargs.py
[2023-12-29T04:57:07.703+0000] {logging_mixin.py:120} INFO - [2023-12-29T04:57:07.703+0000] {dag.py:2585} INFO - Sync 2 DAGs
[2023-12-29T04:57:07.727+0000] {logging_mixin.py:120} INFO - [2023-12-29T04:57:07.726+0000] {dag.py:3340} INFO - Setting next_dagrun for example_xcom_args to None, run_after=None
[2023-12-29T04:57:07.730+0000] {logging_mixin.py:120} INFO - [2023-12-29T04:57:07.730+0000] {dag.py:3340} INFO - Setting next_dagrun for example_xcom_args_with_operators to None, run_after=None
[2023-12-29T04:57:07.744+0000] {processor.py:176} INFO - Processing /home/airflow/.local/lib/python3.7/site-packages/airflow/example_dags/example_xcomargs.py took 0.103 seconds
[2023-12-29T04:57:38.222+0000] {processor.py:154} INFO - Started process (PID=3053) to work on /home/airflow/.local/lib/python3.7/site-packages/airflow/example_dags/example_xcomargs.py
[2023-12-29T04:57:38.223+0000] {processor.py:756} INFO - Processing file /home/airflow/.local/lib/python3.7/site-packages/airflow/example_dags/example_xcomargs.py for tasks to queue
[2023-12-29T04:57:38.223+0000] {logging_mixin.py:120} INFO - [2023-12-29T04:57:38.223+0000] {dagbag.py:537} INFO - Filling up the DagBag from /home/airflow/.local/lib/python3.7/site-packages/airflow/example_dags/example_xcomargs.py
[2023-12-29T04:57:38.245+0000] {processor.py:766} INFO - DAG(s) dict_keys(['example_xcom_args_with_operators', 'example_xcom_args']) retrieved from /home/airflow/.local/lib/python3.7/site-packages/airflow/example_dags/example_xcomargs.py
[2023-12-29T04:57:38.286+0000] {logging_mixin.py:120} INFO - [2023-12-29T04:57:38.286+0000] {dag.py:2585} INFO - Sync 2 DAGs
[2023-12-29T04:57:38.311+0000] {logging_mixin.py:120} INFO - [2023-12-29T04:57:38.311+0000] {dag.py:3340} INFO - Setting next_dagrun for example_xcom_args to None, run_after=None
[2023-12-29T04:57:38.315+0000] {logging_mixin.py:120} INFO - [2023-12-29T04:57:38.315+0000] {dag.py:3340} INFO - Setting next_dagrun for example_xcom_args_with_operators to None, run_after=None
[2023-12-29T04:57:38.332+0000] {processor.py:176} INFO - Processing /home/airflow/.local/lib/python3.7/site-packages/airflow/example_dags/example_xcomargs.py took 0.113 seconds
[2023-12-29T04:58:08.837+0000] {processor.py:154} INFO - Started process (PID=3108) to work on /home/airflow/.local/lib/python3.7/site-packages/airflow/example_dags/example_xcomargs.py
[2023-12-29T04:58:08.838+0000] {processor.py:756} INFO - Processing file /home/airflow/.local/lib/python3.7/site-packages/airflow/example_dags/example_xcomargs.py for tasks to queue
[2023-12-29T04:58:08.838+0000] {logging_mixin.py:120} INFO - [2023-12-29T04:58:08.838+0000] {dagbag.py:537} INFO - Filling up the DagBag from /home/airflow/.local/lib/python3.7/site-packages/airflow/example_dags/example_xcomargs.py
[2023-12-29T04:58:08.861+0000] {processor.py:766} INFO - DAG(s) dict_keys(['example_xcom_args', 'example_xcom_args_with_operators']) retrieved from /home/airflow/.local/lib/python3.7/site-packages/airflow/example_dags/example_xcomargs.py
[2023-12-29T04:58:08.898+0000] {logging_mixin.py:120} INFO - [2023-12-29T04:58:08.898+0000] {dag.py:2585} INFO - Sync 2 DAGs
[2023-12-29T04:58:08.923+0000] {logging_mixin.py:120} INFO - [2023-12-29T04:58:08.923+0000] {dag.py:3340} INFO - Setting next_dagrun for example_xcom_args to None, run_after=None
[2023-12-29T04:58:08.927+0000] {logging_mixin.py:120} INFO - [2023-12-29T04:58:08.927+0000] {dag.py:3340} INFO - Setting next_dagrun for example_xcom_args_with_operators to None, run_after=None
[2023-12-29T04:58:08.944+0000] {processor.py:176} INFO - Processing /home/airflow/.local/lib/python3.7/site-packages/airflow/example_dags/example_xcomargs.py took 0.109 seconds
[2023-12-29T04:58:39.483+0000] {processor.py:154} INFO - Started process (PID=3171) to work on /home/airflow/.local/lib/python3.7/site-packages/airflow/example_dags/example_xcomargs.py
[2023-12-29T04:58:39.484+0000] {processor.py:756} INFO - Processing file /home/airflow/.local/lib/python3.7/site-packages/airflow/example_dags/example_xcomargs.py for tasks to queue
[2023-12-29T04:58:39.484+0000] {logging_mixin.py:120} INFO - [2023-12-29T04:58:39.484+0000] {dagbag.py:537} INFO - Filling up the DagBag from /home/airflow/.local/lib/python3.7/site-packages/airflow/example_dags/example_xcomargs.py
[2023-12-29T04:58:39.508+0000] {processor.py:766} INFO - DAG(s) dict_keys(['example_xcom_args_with_operators', 'example_xcom_args']) retrieved from /home/airflow/.local/lib/python3.7/site-packages/airflow/example_dags/example_xcomargs.py
[2023-12-29T04:58:39.546+0000] {logging_mixin.py:120} INFO - [2023-12-29T04:58:39.546+0000] {dag.py:2585} INFO - Sync 2 DAGs
[2023-12-29T04:58:39.572+0000] {logging_mixin.py:120} INFO - [2023-12-29T04:58:39.572+0000] {dag.py:3340} INFO - Setting next_dagrun for example_xcom_args to None, run_after=None
[2023-12-29T04:58:39.576+0000] {logging_mixin.py:120} INFO - [2023-12-29T04:58:39.576+0000] {dag.py:3340} INFO - Setting next_dagrun for example_xcom_args_with_operators to None, run_after=None
[2023-12-29T04:58:39.591+0000] {processor.py:176} INFO - Processing /home/airflow/.local/lib/python3.7/site-packages/airflow/example_dags/example_xcomargs.py took 0.111 seconds
[2023-12-29T04:59:10.438+0000] {processor.py:154} INFO - Started process (PID=3238) to work on /home/airflow/.local/lib/python3.7/site-packages/airflow/example_dags/example_xcomargs.py
[2023-12-29T04:59:10.438+0000] {processor.py:756} INFO - Processing file /home/airflow/.local/lib/python3.7/site-packages/airflow/example_dags/example_xcomargs.py for tasks to queue
[2023-12-29T04:59:10.439+0000] {logging_mixin.py:120} INFO - [2023-12-29T04:59:10.439+0000] {dagbag.py:537} INFO - Filling up the DagBag from /home/airflow/.local/lib/python3.7/site-packages/airflow/example_dags/example_xcomargs.py
[2023-12-29T04:59:10.460+0000] {processor.py:766} INFO - DAG(s) dict_keys(['example_xcom_args', 'example_xcom_args_with_operators']) retrieved from /home/airflow/.local/lib/python3.7/site-packages/airflow/example_dags/example_xcomargs.py
[2023-12-29T04:59:10.500+0000] {logging_mixin.py:120} INFO - [2023-12-29T04:59:10.500+0000] {dag.py:2585} INFO - Sync 2 DAGs
[2023-12-29T04:59:10.524+0000] {logging_mixin.py:120} INFO - [2023-12-29T04:59:10.524+0000] {dag.py:3340} INFO - Setting next_dagrun for example_xcom_args to None, run_after=None
[2023-12-29T04:59:10.528+0000] {logging_mixin.py:120} INFO - [2023-12-29T04:59:10.528+0000] {dag.py:3340} INFO - Setting next_dagrun for example_xcom_args_with_operators to None, run_after=None
[2023-12-29T04:59:10.544+0000] {processor.py:176} INFO - Processing /home/airflow/.local/lib/python3.7/site-packages/airflow/example_dags/example_xcomargs.py took 0.109 seconds
[2023-12-29T04:59:41.219+0000] {processor.py:154} INFO - Started process (PID=3294) to work on /home/airflow/.local/lib/python3.7/site-packages/airflow/example_dags/example_xcomargs.py
[2023-12-29T04:59:41.220+0000] {processor.py:756} INFO - Processing file /home/airflow/.local/lib/python3.7/site-packages/airflow/example_dags/example_xcomargs.py for tasks to queue
[2023-12-29T04:59:41.220+0000] {logging_mixin.py:120} INFO - [2023-12-29T04:59:41.220+0000] {dagbag.py:537} INFO - Filling up the DagBag from /home/airflow/.local/lib/python3.7/site-packages/airflow/example_dags/example_xcomargs.py
[2023-12-29T04:59:41.242+0000] {processor.py:766} INFO - DAG(s) dict_keys(['example_xcom_args', 'example_xcom_args_with_operators']) retrieved from /home/airflow/.local/lib/python3.7/site-packages/airflow/example_dags/example_xcomargs.py
[2023-12-29T04:59:41.284+0000] {logging_mixin.py:120} INFO - [2023-12-29T04:59:41.283+0000] {dag.py:2585} INFO - Sync 2 DAGs
[2023-12-29T04:59:41.308+0000] {logging_mixin.py:120} INFO - [2023-12-29T04:59:41.308+0000] {dag.py:3340} INFO - Setting next_dagrun for example_xcom_args to None, run_after=None
[2023-12-29T04:59:41.311+0000] {logging_mixin.py:120} INFO - [2023-12-29T04:59:41.311+0000] {dag.py:3340} INFO - Setting next_dagrun for example_xcom_args_with_operators to None, run_after=None
[2023-12-29T04:59:41.329+0000] {processor.py:176} INFO - Processing /home/airflow/.local/lib/python3.7/site-packages/airflow/example_dags/example_xcomargs.py took 0.112 seconds
[2023-12-29T05:00:11.826+0000] {processor.py:154} INFO - Started process (PID=3358) to work on /home/airflow/.local/lib/python3.7/site-packages/airflow/example_dags/example_xcomargs.py
[2023-12-29T05:00:11.827+0000] {processor.py:756} INFO - Processing file /home/airflow/.local/lib/python3.7/site-packages/airflow/example_dags/example_xcomargs.py for tasks to queue
[2023-12-29T05:00:11.827+0000] {logging_mixin.py:120} INFO - [2023-12-29T05:00:11.827+0000] {dagbag.py:537} INFO - Filling up the DagBag from /home/airflow/.local/lib/python3.7/site-packages/airflow/example_dags/example_xcomargs.py
[2023-12-29T05:00:11.849+0000] {processor.py:766} INFO - DAG(s) dict_keys(['example_xcom_args', 'example_xcom_args_with_operators']) retrieved from /home/airflow/.local/lib/python3.7/site-packages/airflow/example_dags/example_xcomargs.py
[2023-12-29T05:00:11.888+0000] {logging_mixin.py:120} INFO - [2023-12-29T05:00:11.888+0000] {dag.py:2585} INFO - Sync 2 DAGs
[2023-12-29T05:00:11.912+0000] {logging_mixin.py:120} INFO - [2023-12-29T05:00:11.912+0000] {dag.py:3340} INFO - Setting next_dagrun for example_xcom_args to None, run_after=None
[2023-12-29T05:00:11.917+0000] {logging_mixin.py:120} INFO - [2023-12-29T05:00:11.917+0000] {dag.py:3340} INFO - Setting next_dagrun for example_xcom_args_with_operators to None, run_after=None
[2023-12-29T05:00:11.932+0000] {processor.py:176} INFO - Processing /home/airflow/.local/lib/python3.7/site-packages/airflow/example_dags/example_xcomargs.py took 0.109 seconds
[2023-12-29T05:00:42.491+0000] {processor.py:154} INFO - Started process (PID=3422) to work on /home/airflow/.local/lib/python3.7/site-packages/airflow/example_dags/example_xcomargs.py
[2023-12-29T05:00:42.492+0000] {processor.py:756} INFO - Processing file /home/airflow/.local/lib/python3.7/site-packages/airflow/example_dags/example_xcomargs.py for tasks to queue
[2023-12-29T05:00:42.493+0000] {logging_mixin.py:120} INFO - [2023-12-29T05:00:42.493+0000] {dagbag.py:537} INFO - Filling up the DagBag from /home/airflow/.local/lib/python3.7/site-packages/airflow/example_dags/example_xcomargs.py
[2023-12-29T05:00:42.514+0000] {processor.py:766} INFO - DAG(s) dict_keys(['example_xcom_args_with_operators', 'example_xcom_args']) retrieved from /home/airflow/.local/lib/python3.7/site-packages/airflow/example_dags/example_xcomargs.py
[2023-12-29T05:00:42.553+0000] {logging_mixin.py:120} INFO - [2023-12-29T05:00:42.552+0000] {dag.py:2585} INFO - Sync 2 DAGs
[2023-12-29T05:00:42.577+0000] {logging_mixin.py:120} INFO - [2023-12-29T05:00:42.577+0000] {dag.py:3340} INFO - Setting next_dagrun for example_xcom_args to None, run_after=None
[2023-12-29T05:00:42.580+0000] {logging_mixin.py:120} INFO - [2023-12-29T05:00:42.580+0000] {dag.py:3340} INFO - Setting next_dagrun for example_xcom_args_with_operators to None, run_after=None
[2023-12-29T05:00:42.595+0000] {processor.py:176} INFO - Processing /home/airflow/.local/lib/python3.7/site-packages/airflow/example_dags/example_xcomargs.py took 0.107 seconds
[2023-12-29T05:01:13.025+0000] {processor.py:154} INFO - Started process (PID=3486) to work on /home/airflow/.local/lib/python3.7/site-packages/airflow/example_dags/example_xcomargs.py
[2023-12-29T05:01:13.026+0000] {processor.py:756} INFO - Processing file /home/airflow/.local/lib/python3.7/site-packages/airflow/example_dags/example_xcomargs.py for tasks to queue
[2023-12-29T05:01:13.027+0000] {logging_mixin.py:120} INFO - [2023-12-29T05:01:13.027+0000] {dagbag.py:537} INFO - Filling up the DagBag from /home/airflow/.local/lib/python3.7/site-packages/airflow/example_dags/example_xcomargs.py
[2023-12-29T05:01:13.049+0000] {processor.py:766} INFO - DAG(s) dict_keys(['example_xcom_args_with_operators', 'example_xcom_args']) retrieved from /home/airflow/.local/lib/python3.7/site-packages/airflow/example_dags/example_xcomargs.py
[2023-12-29T05:01:13.090+0000] {logging_mixin.py:120} INFO - [2023-12-29T05:01:13.090+0000] {dag.py:2585} INFO - Sync 2 DAGs
[2023-12-29T05:01:13.115+0000] {logging_mixin.py:120} INFO - [2023-12-29T05:01:13.115+0000] {dag.py:3340} INFO - Setting next_dagrun for example_xcom_args to None, run_after=None
[2023-12-29T05:01:13.118+0000] {logging_mixin.py:120} INFO - [2023-12-29T05:01:13.118+0000] {dag.py:3340} INFO - Setting next_dagrun for example_xcom_args_with_operators to None, run_after=None
[2023-12-29T05:01:13.133+0000] {processor.py:176} INFO - Processing /home/airflow/.local/lib/python3.7/site-packages/airflow/example_dags/example_xcomargs.py took 0.111 seconds
[2023-12-29T05:01:43.587+0000] {processor.py:154} INFO - Started process (PID=3541) to work on /home/airflow/.local/lib/python3.7/site-packages/airflow/example_dags/example_xcomargs.py
[2023-12-29T05:01:43.587+0000] {processor.py:756} INFO - Processing file /home/airflow/.local/lib/python3.7/site-packages/airflow/example_dags/example_xcomargs.py for tasks to queue
[2023-12-29T05:01:43.588+0000] {logging_mixin.py:120} INFO - [2023-12-29T05:01:43.588+0000] {dagbag.py:537} INFO - Filling up the DagBag from /home/airflow/.local/lib/python3.7/site-packages/airflow/example_dags/example_xcomargs.py
[2023-12-29T05:01:43.609+0000] {processor.py:766} INFO - DAG(s) dict_keys(['example_xcom_args_with_operators', 'example_xcom_args']) retrieved from /home/airflow/.local/lib/python3.7/site-packages/airflow/example_dags/example_xcomargs.py
[2023-12-29T05:01:43.647+0000] {logging_mixin.py:120} INFO - [2023-12-29T05:01:43.647+0000] {dag.py:2585} INFO - Sync 2 DAGs
[2023-12-29T05:01:43.671+0000] {logging_mixin.py:120} INFO - [2023-12-29T05:01:43.671+0000] {dag.py:3340} INFO - Setting next_dagrun for example_xcom_args to None, run_after=None
[2023-12-29T05:01:43.674+0000] {logging_mixin.py:120} INFO - [2023-12-29T05:01:43.674+0000] {dag.py:3340} INFO - Setting next_dagrun for example_xcom_args_with_operators to None, run_after=None
[2023-12-29T05:01:43.692+0000] {processor.py:176} INFO - Processing /home/airflow/.local/lib/python3.7/site-packages/airflow/example_dags/example_xcomargs.py took 0.108 seconds
