[2023-12-29T04:32:36.506+0000] {processor.py:154} INFO - Started process (PID=44) to work on /home/airflow/.local/lib/python3.7/site-packages/airflow/example_dags/example_dag_decorator.py
[2023-12-29T04:32:36.507+0000] {processor.py:756} INFO - Processing file /home/airflow/.local/lib/python3.7/site-packages/airflow/example_dags/example_dag_decorator.py for tasks to queue
[2023-12-29T04:32:36.507+0000] {logging_mixin.py:120} INFO - [2023-12-29T04:32:36.507+0000] {dagbag.py:537} INFO - Filling up the DagBag from /home/airflow/.local/lib/python3.7/site-packages/airflow/example_dags/example_dag_decorator.py
[2023-12-29T04:32:36.525+0000] {logging_mixin.py:120} INFO - [2023-12-29T04:32:36.524+0000] {taskmixin.py:205} WARNING - Dependency <Task(_PythonDecoratedOperator): prepare_email>, send_email already registered for DAG: example_dag_decorator
[2023-12-29T04:32:36.525+0000] {logging_mixin.py:120} INFO - [2023-12-29T04:32:36.525+0000] {taskmixin.py:205} WARNING - Dependency <Task(EmailOperator): send_email>, prepare_email already registered for DAG: example_dag_decorator
[2023-12-29T04:32:36.539+0000] {processor.py:766} INFO - DAG(s) dict_keys(['example_dag_decorator']) retrieved from /home/airflow/.local/lib/python3.7/site-packages/airflow/example_dags/example_dag_decorator.py
[2023-12-29T04:32:36.628+0000] {logging_mixin.py:120} INFO - [2023-12-29T04:32:36.628+0000] {dag.py:2585} INFO - Sync 1 DAGs
[2023-12-29T04:32:36.653+0000] {logging_mixin.py:120} INFO - [2023-12-29T04:32:36.653+0000] {dag.py:3340} INFO - Setting next_dagrun for example_dag_decorator to None, run_after=None
[2023-12-29T04:32:36.673+0000] {processor.py:176} INFO - Processing /home/airflow/.local/lib/python3.7/site-packages/airflow/example_dags/example_dag_decorator.py took 0.170 seconds
[2023-12-29T04:33:06.990+0000] {processor.py:154} INFO - Started process (PID=108) to work on /home/airflow/.local/lib/python3.7/site-packages/airflow/example_dags/example_dag_decorator.py
[2023-12-29T04:33:06.991+0000] {processor.py:756} INFO - Processing file /home/airflow/.local/lib/python3.7/site-packages/airflow/example_dags/example_dag_decorator.py for tasks to queue
[2023-12-29T04:33:06.991+0000] {logging_mixin.py:120} INFO - [2023-12-29T04:33:06.991+0000] {dagbag.py:537} INFO - Filling up the DagBag from /home/airflow/.local/lib/python3.7/site-packages/airflow/example_dags/example_dag_decorator.py
[2023-12-29T04:33:07.006+0000] {logging_mixin.py:120} INFO - [2023-12-29T04:33:07.006+0000] {taskmixin.py:205} WARNING - Dependency <Task(_PythonDecoratedOperator): prepare_email>, send_email already registered for DAG: example_dag_decorator
[2023-12-29T04:33:07.006+0000] {logging_mixin.py:120} INFO - [2023-12-29T04:33:07.006+0000] {taskmixin.py:205} WARNING - Dependency <Task(EmailOperator): send_email>, prepare_email already registered for DAG: example_dag_decorator
[2023-12-29T04:33:07.017+0000] {processor.py:766} INFO - DAG(s) dict_keys(['example_dag_decorator']) retrieved from /home/airflow/.local/lib/python3.7/site-packages/airflow/example_dags/example_dag_decorator.py
[2023-12-29T04:33:07.094+0000] {logging_mixin.py:120} INFO - [2023-12-29T04:33:07.094+0000] {dag.py:2585} INFO - Sync 1 DAGs
[2023-12-29T04:33:07.119+0000] {logging_mixin.py:120} INFO - [2023-12-29T04:33:07.119+0000] {dag.py:3340} INFO - Setting next_dagrun for example_dag_decorator to None, run_after=None
[2023-12-29T04:33:07.139+0000] {processor.py:176} INFO - Processing /home/airflow/.local/lib/python3.7/site-packages/airflow/example_dags/example_dag_decorator.py took 0.151 seconds
[2023-12-29T04:33:38.380+0000] {processor.py:154} INFO - Started process (PID=174) to work on /home/airflow/.local/lib/python3.7/site-packages/airflow/example_dags/example_dag_decorator.py
[2023-12-29T04:33:38.381+0000] {processor.py:756} INFO - Processing file /home/airflow/.local/lib/python3.7/site-packages/airflow/example_dags/example_dag_decorator.py for tasks to queue
[2023-12-29T04:33:38.382+0000] {logging_mixin.py:120} INFO - [2023-12-29T04:33:38.382+0000] {dagbag.py:537} INFO - Filling up the DagBag from /home/airflow/.local/lib/python3.7/site-packages/airflow/example_dags/example_dag_decorator.py
[2023-12-29T04:33:38.396+0000] {logging_mixin.py:120} INFO - [2023-12-29T04:33:38.396+0000] {taskmixin.py:205} WARNING - Dependency <Task(_PythonDecoratedOperator): prepare_email>, send_email already registered for DAG: example_dag_decorator
[2023-12-29T04:33:38.396+0000] {logging_mixin.py:120} INFO - [2023-12-29T04:33:38.396+0000] {taskmixin.py:205} WARNING - Dependency <Task(EmailOperator): send_email>, prepare_email already registered for DAG: example_dag_decorator
[2023-12-29T04:33:38.410+0000] {processor.py:766} INFO - DAG(s) dict_keys(['example_dag_decorator']) retrieved from /home/airflow/.local/lib/python3.7/site-packages/airflow/example_dags/example_dag_decorator.py
[2023-12-29T04:33:38.489+0000] {logging_mixin.py:120} INFO - [2023-12-29T04:33:38.488+0000] {dag.py:2585} INFO - Sync 1 DAGs
[2023-12-29T04:33:38.513+0000] {logging_mixin.py:120} INFO - [2023-12-29T04:33:38.513+0000] {dag.py:3340} INFO - Setting next_dagrun for example_dag_decorator to None, run_after=None
[2023-12-29T04:33:38.533+0000] {processor.py:176} INFO - Processing /home/airflow/.local/lib/python3.7/site-packages/airflow/example_dags/example_dag_decorator.py took 0.161 seconds
[2023-12-29T04:34:09.346+0000] {processor.py:154} INFO - Started process (PID=229) to work on /home/airflow/.local/lib/python3.7/site-packages/airflow/example_dags/example_dag_decorator.py
[2023-12-29T04:34:09.346+0000] {processor.py:756} INFO - Processing file /home/airflow/.local/lib/python3.7/site-packages/airflow/example_dags/example_dag_decorator.py for tasks to queue
[2023-12-29T04:34:09.347+0000] {logging_mixin.py:120} INFO - [2023-12-29T04:34:09.347+0000] {dagbag.py:537} INFO - Filling up the DagBag from /home/airflow/.local/lib/python3.7/site-packages/airflow/example_dags/example_dag_decorator.py
[2023-12-29T04:34:09.362+0000] {logging_mixin.py:120} INFO - [2023-12-29T04:34:09.362+0000] {taskmixin.py:205} WARNING - Dependency <Task(_PythonDecoratedOperator): prepare_email>, send_email already registered for DAG: example_dag_decorator
[2023-12-29T04:34:09.362+0000] {logging_mixin.py:120} INFO - [2023-12-29T04:34:09.362+0000] {taskmixin.py:205} WARNING - Dependency <Task(EmailOperator): send_email>, prepare_email already registered for DAG: example_dag_decorator
[2023-12-29T04:34:09.376+0000] {processor.py:766} INFO - DAG(s) dict_keys(['example_dag_decorator']) retrieved from /home/airflow/.local/lib/python3.7/site-packages/airflow/example_dags/example_dag_decorator.py
[2023-12-29T04:34:09.461+0000] {logging_mixin.py:120} INFO - [2023-12-29T04:34:09.461+0000] {dag.py:2585} INFO - Sync 1 DAGs
[2023-12-29T04:34:09.484+0000] {logging_mixin.py:120} INFO - [2023-12-29T04:34:09.484+0000] {dag.py:3340} INFO - Setting next_dagrun for example_dag_decorator to None, run_after=None
[2023-12-29T04:34:09.502+0000] {processor.py:176} INFO - Processing /home/airflow/.local/lib/python3.7/site-packages/airflow/example_dags/example_dag_decorator.py took 0.159 seconds
