[2023-12-29T04:32:35.857+0000] {processor.py:154} INFO - Started process (PID=38) to work on /home/airflow/.local/lib/python3.7/site-packages/airflow/example_dags/example_branch_datetime_operator.py
[2023-12-29T04:32:35.858+0000] {processor.py:756} INFO - Processing file /home/airflow/.local/lib/python3.7/site-packages/airflow/example_dags/example_branch_datetime_operator.py for tasks to queue
[2023-12-29T04:32:35.859+0000] {logging_mixin.py:120} INFO - [2023-12-29T04:32:35.859+0000] {dagbag.py:537} INFO - Filling up the DagBag from /home/airflow/.local/lib/python3.7/site-packages/airflow/example_dags/example_branch_datetime_operator.py
[2023-12-29T04:32:35.878+0000] {processor.py:766} INFO - DAG(s) dict_keys(['example_branch_datetime_operator', 'example_branch_datetime_operator_2', 'example_branch_datetime_operator_3']) retrieved from /home/airflow/.local/lib/python3.7/site-packages/airflow/example_dags/example_branch_datetime_operator.py
[2023-12-29T04:32:35.930+0000] {logging_mixin.py:120} INFO - [2023-12-29T04:32:35.929+0000] {dag.py:2585} INFO - Sync 3 DAGs
[2023-12-29T04:32:35.958+0000] {logging_mixin.py:120} INFO - [2023-12-29T04:32:35.958+0000] {dag.py:3340} INFO - Setting next_dagrun for example_branch_datetime_operator to 2023-12-28T00:00:00+00:00, run_after=2023-12-29T00:00:00+00:00
[2023-12-29T04:32:35.963+0000] {logging_mixin.py:120} INFO - [2023-12-29T04:32:35.963+0000] {dag.py:3340} INFO - Setting next_dagrun for example_branch_datetime_operator_2 to 2023-12-28T00:00:00+00:00, run_after=2023-12-29T00:00:00+00:00
[2023-12-29T04:32:35.966+0000] {logging_mixin.py:120} INFO - [2023-12-29T04:32:35.966+0000] {dag.py:3340} INFO - Setting next_dagrun for example_branch_datetime_operator_3 to 2023-12-28T00:00:00+00:00, run_after=2023-12-29T00:00:00+00:00
[2023-12-29T04:32:35.984+0000] {processor.py:176} INFO - Processing /home/airflow/.local/lib/python3.7/site-packages/airflow/example_dags/example_branch_datetime_operator.py took 0.129 seconds
[2023-12-29T04:33:06.437+0000] {processor.py:154} INFO - Started process (PID=102) to work on /home/airflow/.local/lib/python3.7/site-packages/airflow/example_dags/example_branch_datetime_operator.py
[2023-12-29T04:33:06.438+0000] {processor.py:756} INFO - Processing file /home/airflow/.local/lib/python3.7/site-packages/airflow/example_dags/example_branch_datetime_operator.py for tasks to queue
[2023-12-29T04:33:06.439+0000] {logging_mixin.py:120} INFO - [2023-12-29T04:33:06.438+0000] {dagbag.py:537} INFO - Filling up the DagBag from /home/airflow/.local/lib/python3.7/site-packages/airflow/example_dags/example_branch_datetime_operator.py
[2023-12-29T04:33:06.456+0000] {processor.py:766} INFO - DAG(s) dict_keys(['example_branch_datetime_operator_2', 'example_branch_datetime_operator', 'example_branch_datetime_operator_3']) retrieved from /home/airflow/.local/lib/python3.7/site-packages/airflow/example_dags/example_branch_datetime_operator.py
[2023-12-29T04:33:06.504+0000] {logging_mixin.py:120} INFO - [2023-12-29T04:33:06.503+0000] {dag.py:2585} INFO - Sync 3 DAGs
[2023-12-29T04:33:06.532+0000] {logging_mixin.py:120} INFO - [2023-12-29T04:33:06.532+0000] {dag.py:3340} INFO - Setting next_dagrun for example_branch_datetime_operator to 2023-12-28T00:00:00+00:00, run_after=2023-12-29T00:00:00+00:00
[2023-12-29T04:33:06.537+0000] {logging_mixin.py:120} INFO - [2023-12-29T04:33:06.537+0000] {dag.py:3340} INFO - Setting next_dagrun for example_branch_datetime_operator_2 to 2023-12-28T00:00:00+00:00, run_after=2023-12-29T00:00:00+00:00
[2023-12-29T04:33:06.540+0000] {logging_mixin.py:120} INFO - [2023-12-29T04:33:06.540+0000] {dag.py:3340} INFO - Setting next_dagrun for example_branch_datetime_operator_3 to 2023-12-28T00:00:00+00:00, run_after=2023-12-29T00:00:00+00:00
[2023-12-29T04:33:06.556+0000] {processor.py:176} INFO - Processing /home/airflow/.local/lib/python3.7/site-packages/airflow/example_dags/example_branch_datetime_operator.py took 0.122 seconds
[2023-12-29T04:33:37.356+0000] {processor.py:154} INFO - Started process (PID=168) to work on /home/airflow/.local/lib/python3.7/site-packages/airflow/example_dags/example_branch_datetime_operator.py
[2023-12-29T04:33:37.364+0000] {processor.py:756} INFO - Processing file /home/airflow/.local/lib/python3.7/site-packages/airflow/example_dags/example_branch_datetime_operator.py for tasks to queue
[2023-12-29T04:33:37.365+0000] {logging_mixin.py:120} INFO - [2023-12-29T04:33:37.365+0000] {dagbag.py:537} INFO - Filling up the DagBag from /home/airflow/.local/lib/python3.7/site-packages/airflow/example_dags/example_branch_datetime_operator.py
[2023-12-29T04:33:37.382+0000] {processor.py:766} INFO - DAG(s) dict_keys(['example_branch_datetime_operator_3', 'example_branch_datetime_operator', 'example_branch_datetime_operator_2']) retrieved from /home/airflow/.local/lib/python3.7/site-packages/airflow/example_dags/example_branch_datetime_operator.py
[2023-12-29T04:33:37.461+0000] {logging_mixin.py:120} INFO - [2023-12-29T04:33:37.460+0000] {dag.py:2585} INFO - Sync 3 DAGs
[2023-12-29T04:33:37.509+0000] {logging_mixin.py:120} INFO - [2023-12-29T04:33:37.509+0000] {dag.py:3340} INFO - Setting next_dagrun for example_branch_datetime_operator to 2023-12-28T00:00:00+00:00, run_after=2023-12-29T00:00:00+00:00
[2023-12-29T04:33:37.514+0000] {logging_mixin.py:120} INFO - [2023-12-29T04:33:37.514+0000] {dag.py:3340} INFO - Setting next_dagrun for example_branch_datetime_operator_2 to 2023-12-28T00:00:00+00:00, run_after=2023-12-29T00:00:00+00:00
[2023-12-29T04:33:37.525+0000] {logging_mixin.py:120} INFO - [2023-12-29T04:33:37.524+0000] {dag.py:3340} INFO - Setting next_dagrun for example_branch_datetime_operator_3 to 2023-12-28T00:00:00+00:00, run_after=2023-12-29T00:00:00+00:00
[2023-12-29T04:33:37.551+0000] {processor.py:176} INFO - Processing /home/airflow/.local/lib/python3.7/site-packages/airflow/example_dags/example_branch_datetime_operator.py took 0.198 seconds
[2023-12-29T04:34:07.800+0000] {processor.py:154} INFO - Started process (PID=223) to work on /home/airflow/.local/lib/python3.7/site-packages/airflow/example_dags/example_branch_datetime_operator.py
[2023-12-29T04:34:07.801+0000] {processor.py:756} INFO - Processing file /home/airflow/.local/lib/python3.7/site-packages/airflow/example_dags/example_branch_datetime_operator.py for tasks to queue
[2023-12-29T04:34:07.802+0000] {logging_mixin.py:120} INFO - [2023-12-29T04:34:07.802+0000] {dagbag.py:537} INFO - Filling up the DagBag from /home/airflow/.local/lib/python3.7/site-packages/airflow/example_dags/example_branch_datetime_operator.py
[2023-12-29T04:34:07.826+0000] {processor.py:766} INFO - DAG(s) dict_keys(['example_branch_datetime_operator', 'example_branch_datetime_operator_3', 'example_branch_datetime_operator_2']) retrieved from /home/airflow/.local/lib/python3.7/site-packages/airflow/example_dags/example_branch_datetime_operator.py
[2023-12-29T04:34:07.880+0000] {logging_mixin.py:120} INFO - [2023-12-29T04:34:07.880+0000] {dag.py:2585} INFO - Sync 3 DAGs
[2023-12-29T04:34:07.948+0000] {logging_mixin.py:120} INFO - [2023-12-29T04:34:07.948+0000] {dag.py:3340} INFO - Setting next_dagrun for example_branch_datetime_operator to 2023-12-28T00:00:00+00:00, run_after=2023-12-29T00:00:00+00:00
[2023-12-29T04:34:07.953+0000] {logging_mixin.py:120} INFO - [2023-12-29T04:34:07.953+0000] {dag.py:3340} INFO - Setting next_dagrun for example_branch_datetime_operator_2 to 2023-12-28T00:00:00+00:00, run_after=2023-12-29T00:00:00+00:00
[2023-12-29T04:34:07.957+0000] {logging_mixin.py:120} INFO - [2023-12-29T04:34:07.957+0000] {dag.py:3340} INFO - Setting next_dagrun for example_branch_datetime_operator_3 to 2023-12-28T00:00:00+00:00, run_after=2023-12-29T00:00:00+00:00
[2023-12-29T04:34:07.975+0000] {processor.py:176} INFO - Processing /home/airflow/.local/lib/python3.7/site-packages/airflow/example_dags/example_branch_datetime_operator.py took 0.178 seconds
