[2023-12-29T04:32:35.443+0000] {processor.py:154} INFO - Started process (PID=34) to work on /home/airflow/.local/lib/python3.7/site-packages/airflow/example_dags/example_external_task_marker_dag.py
[2023-12-29T04:32:35.444+0000] {processor.py:756} INFO - Processing file /home/airflow/.local/lib/python3.7/site-packages/airflow/example_dags/example_external_task_marker_dag.py for tasks to queue
[2023-12-29T04:32:35.444+0000] {logging_mixin.py:120} INFO - [2023-12-29T04:32:35.444+0000] {dagbag.py:537} INFO - Filling up the DagBag from /home/airflow/.local/lib/python3.7/site-packages/airflow/example_dags/example_external_task_marker_dag.py
[2023-12-29T04:32:35.476+0000] {processor.py:766} INFO - DAG(s) dict_keys(['example_external_task_marker_parent', 'example_external_task_marker_child']) retrieved from /home/airflow/.local/lib/python3.7/site-packages/airflow/example_dags/example_external_task_marker_dag.py
[2023-12-29T04:32:35.710+0000] {logging_mixin.py:120} INFO - [2023-12-29T04:32:35.710+0000] {dag.py:2585} INFO - Sync 2 DAGs
[2023-12-29T04:32:35.736+0000] {logging_mixin.py:120} INFO - [2023-12-29T04:32:35.736+0000] {dag.py:3340} INFO - Setting next_dagrun for example_external_task_marker_child to None, run_after=None
[2023-12-29T04:32:35.740+0000] {logging_mixin.py:120} INFO - [2023-12-29T04:32:35.740+0000] {dag.py:3340} INFO - Setting next_dagrun for example_external_task_marker_parent to None, run_after=None
[2023-12-29T04:32:35.761+0000] {processor.py:176} INFO - Processing /home/airflow/.local/lib/python3.7/site-packages/airflow/example_dags/example_external_task_marker_dag.py took 0.320 seconds
[2023-12-29T04:33:06.081+0000] {processor.py:154} INFO - Started process (PID=98) to work on /home/airflow/.local/lib/python3.7/site-packages/airflow/example_dags/example_external_task_marker_dag.py
[2023-12-29T04:33:06.081+0000] {processor.py:756} INFO - Processing file /home/airflow/.local/lib/python3.7/site-packages/airflow/example_dags/example_external_task_marker_dag.py for tasks to queue
[2023-12-29T04:33:06.082+0000] {logging_mixin.py:120} INFO - [2023-12-29T04:33:06.082+0000] {dagbag.py:537} INFO - Filling up the DagBag from /home/airflow/.local/lib/python3.7/site-packages/airflow/example_dags/example_external_task_marker_dag.py
[2023-12-29T04:33:06.094+0000] {processor.py:766} INFO - DAG(s) dict_keys(['example_external_task_marker_child', 'example_external_task_marker_parent']) retrieved from /home/airflow/.local/lib/python3.7/site-packages/airflow/example_dags/example_external_task_marker_dag.py
[2023-12-29T04:33:06.300+0000] {logging_mixin.py:120} INFO - [2023-12-29T04:33:06.300+0000] {dag.py:2585} INFO - Sync 2 DAGs
[2023-12-29T04:33:06.325+0000] {logging_mixin.py:120} INFO - [2023-12-29T04:33:06.324+0000] {dag.py:3340} INFO - Setting next_dagrun for example_external_task_marker_child to None, run_after=None
[2023-12-29T04:33:06.328+0000] {logging_mixin.py:120} INFO - [2023-12-29T04:33:06.328+0000] {dag.py:3340} INFO - Setting next_dagrun for example_external_task_marker_parent to None, run_after=None
[2023-12-29T04:33:06.344+0000] {processor.py:176} INFO - Processing /home/airflow/.local/lib/python3.7/site-packages/airflow/example_dags/example_external_task_marker_dag.py took 0.267 seconds
[2023-12-29T04:33:36.890+0000] {processor.py:154} INFO - Started process (PID=155) to work on /home/airflow/.local/lib/python3.7/site-packages/airflow/example_dags/example_external_task_marker_dag.py
[2023-12-29T04:33:36.891+0000] {processor.py:756} INFO - Processing file /home/airflow/.local/lib/python3.7/site-packages/airflow/example_dags/example_external_task_marker_dag.py for tasks to queue
[2023-12-29T04:33:36.892+0000] {logging_mixin.py:120} INFO - [2023-12-29T04:33:36.892+0000] {dagbag.py:537} INFO - Filling up the DagBag from /home/airflow/.local/lib/python3.7/site-packages/airflow/example_dags/example_external_task_marker_dag.py
[2023-12-29T04:33:36.908+0000] {processor.py:766} INFO - DAG(s) dict_keys(['example_external_task_marker_parent', 'example_external_task_marker_child']) retrieved from /home/airflow/.local/lib/python3.7/site-packages/airflow/example_dags/example_external_task_marker_dag.py
[2023-12-29T04:33:37.208+0000] {logging_mixin.py:120} INFO - [2023-12-29T04:33:37.208+0000] {dag.py:2585} INFO - Sync 2 DAGs
[2023-12-29T04:33:37.245+0000] {logging_mixin.py:120} INFO - [2023-12-29T04:33:37.244+0000] {dag.py:3340} INFO - Setting next_dagrun for example_external_task_marker_child to None, run_after=None
[2023-12-29T04:33:37.255+0000] {logging_mixin.py:120} INFO - [2023-12-29T04:33:37.254+0000] {dag.py:3340} INFO - Setting next_dagrun for example_external_task_marker_parent to None, run_after=None
[2023-12-29T04:33:37.283+0000] {processor.py:176} INFO - Processing /home/airflow/.local/lib/python3.7/site-packages/airflow/example_dags/example_external_task_marker_dag.py took 0.395 seconds
[2023-12-29T04:34:07.446+0000] {processor.py:154} INFO - Started process (PID=220) to work on /home/airflow/.local/lib/python3.7/site-packages/airflow/example_dags/example_external_task_marker_dag.py
[2023-12-29T04:34:07.447+0000] {processor.py:756} INFO - Processing file /home/airflow/.local/lib/python3.7/site-packages/airflow/example_dags/example_external_task_marker_dag.py for tasks to queue
[2023-12-29T04:34:07.447+0000] {logging_mixin.py:120} INFO - [2023-12-29T04:34:07.447+0000] {dagbag.py:537} INFO - Filling up the DagBag from /home/airflow/.local/lib/python3.7/site-packages/airflow/example_dags/example_external_task_marker_dag.py
[2023-12-29T04:34:07.476+0000] {processor.py:766} INFO - DAG(s) dict_keys(['example_external_task_marker_parent', 'example_external_task_marker_child']) retrieved from /home/airflow/.local/lib/python3.7/site-packages/airflow/example_dags/example_external_task_marker_dag.py
[2023-12-29T04:34:07.712+0000] {logging_mixin.py:120} INFO - [2023-12-29T04:34:07.712+0000] {dag.py:2585} INFO - Sync 2 DAGs
[2023-12-29T04:34:07.742+0000] {logging_mixin.py:120} INFO - [2023-12-29T04:34:07.742+0000] {dag.py:3340} INFO - Setting next_dagrun for example_external_task_marker_child to None, run_after=None
[2023-12-29T04:34:07.749+0000] {logging_mixin.py:120} INFO - [2023-12-29T04:34:07.748+0000] {dag.py:3340} INFO - Setting next_dagrun for example_external_task_marker_parent to None, run_after=None
[2023-12-29T04:34:07.774+0000] {processor.py:176} INFO - Processing /home/airflow/.local/lib/python3.7/site-packages/airflow/example_dags/example_external_task_marker_dag.py took 0.331 seconds
