[2023-12-29T04:32:38.583+0000] {processor.py:154} INFO - Started process (PID=72) to work on /home/airflow/.local/lib/python3.7/site-packages/airflow/example_dags/example_trigger_target_dag.py
[2023-12-29T04:32:38.584+0000] {processor.py:756} INFO - Processing file /home/airflow/.local/lib/python3.7/site-packages/airflow/example_dags/example_trigger_target_dag.py for tasks to queue
[2023-12-29T04:32:38.584+0000] {logging_mixin.py:120} INFO - [2023-12-29T04:32:38.584+0000] {dagbag.py:537} INFO - Filling up the DagBag from /home/airflow/.local/lib/python3.7/site-packages/airflow/example_dags/example_trigger_target_dag.py
[2023-12-29T04:32:38.648+0000] {processor.py:766} INFO - DAG(s) dict_keys(['example_trigger_target_dag']) retrieved from /home/airflow/.local/lib/python3.7/site-packages/airflow/example_dags/example_trigger_target_dag.py
[2023-12-29T04:32:38.726+0000] {logging_mixin.py:120} INFO - [2023-12-29T04:32:38.725+0000] {dag.py:2585} INFO - Sync 1 DAGs
[2023-12-29T04:32:38.809+0000] {logging_mixin.py:120} INFO - [2023-12-29T04:32:38.809+0000] {dag.py:3340} INFO - Setting next_dagrun for example_trigger_target_dag to None, run_after=None
[2023-12-29T04:32:38.838+0000] {processor.py:176} INFO - Processing /home/airflow/.local/lib/python3.7/site-packages/airflow/example_dags/example_trigger_target_dag.py took 0.262 seconds
[2023-12-29T04:33:09.422+0000] {processor.py:154} INFO - Started process (PID=129) to work on /home/airflow/.local/lib/python3.7/site-packages/airflow/example_dags/example_trigger_target_dag.py
[2023-12-29T04:33:09.423+0000] {processor.py:756} INFO - Processing file /home/airflow/.local/lib/python3.7/site-packages/airflow/example_dags/example_trigger_target_dag.py for tasks to queue
[2023-12-29T04:33:09.423+0000] {logging_mixin.py:120} INFO - [2023-12-29T04:33:09.423+0000] {dagbag.py:537} INFO - Filling up the DagBag from /home/airflow/.local/lib/python3.7/site-packages/airflow/example_dags/example_trigger_target_dag.py
[2023-12-29T04:33:09.442+0000] {processor.py:766} INFO - DAG(s) dict_keys(['example_trigger_target_dag']) retrieved from /home/airflow/.local/lib/python3.7/site-packages/airflow/example_dags/example_trigger_target_dag.py
[2023-12-29T04:33:09.478+0000] {logging_mixin.py:120} INFO - [2023-12-29T04:33:09.478+0000] {dag.py:2585} INFO - Sync 1 DAGs
[2023-12-29T04:33:09.501+0000] {logging_mixin.py:120} INFO - [2023-12-29T04:33:09.501+0000] {dag.py:3340} INFO - Setting next_dagrun for example_trigger_target_dag to None, run_after=None
[2023-12-29T04:33:09.517+0000] {processor.py:176} INFO - Processing /home/airflow/.local/lib/python3.7/site-packages/airflow/example_dags/example_trigger_target_dag.py took 0.098 seconds
[2023-12-29T04:33:39.841+0000] {processor.py:154} INFO - Started process (PID=195) to work on /home/airflow/.local/lib/python3.7/site-packages/airflow/example_dags/example_trigger_target_dag.py
[2023-12-29T04:33:39.842+0000] {processor.py:756} INFO - Processing file /home/airflow/.local/lib/python3.7/site-packages/airflow/example_dags/example_trigger_target_dag.py for tasks to queue
[2023-12-29T04:33:39.843+0000] {logging_mixin.py:120} INFO - [2023-12-29T04:33:39.842+0000] {dagbag.py:537} INFO - Filling up the DagBag from /home/airflow/.local/lib/python3.7/site-packages/airflow/example_dags/example_trigger_target_dag.py
[2023-12-29T04:33:39.862+0000] {processor.py:766} INFO - DAG(s) dict_keys(['example_trigger_target_dag']) retrieved from /home/airflow/.local/lib/python3.7/site-packages/airflow/example_dags/example_trigger_target_dag.py
[2023-12-29T04:33:39.897+0000] {logging_mixin.py:120} INFO - [2023-12-29T04:33:39.896+0000] {dag.py:2585} INFO - Sync 1 DAGs
[2023-12-29T04:33:39.920+0000] {logging_mixin.py:120} INFO - [2023-12-29T04:33:39.920+0000] {dag.py:3340} INFO - Setting next_dagrun for example_trigger_target_dag to None, run_after=None
[2023-12-29T04:33:39.938+0000] {processor.py:176} INFO - Processing /home/airflow/.local/lib/python3.7/site-packages/airflow/example_dags/example_trigger_target_dag.py took 0.099 seconds
[2023-12-29T04:34:10.859+0000] {processor.py:154} INFO - Started process (PID=250) to work on /home/airflow/.local/lib/python3.7/site-packages/airflow/example_dags/example_trigger_target_dag.py
[2023-12-29T04:34:10.859+0000] {processor.py:756} INFO - Processing file /home/airflow/.local/lib/python3.7/site-packages/airflow/example_dags/example_trigger_target_dag.py for tasks to queue
[2023-12-29T04:34:10.860+0000] {logging_mixin.py:120} INFO - [2023-12-29T04:34:10.860+0000] {dagbag.py:537} INFO - Filling up the DagBag from /home/airflow/.local/lib/python3.7/site-packages/airflow/example_dags/example_trigger_target_dag.py
[2023-12-29T04:34:10.881+0000] {processor.py:766} INFO - DAG(s) dict_keys(['example_trigger_target_dag']) retrieved from /home/airflow/.local/lib/python3.7/site-packages/airflow/example_dags/example_trigger_target_dag.py
[2023-12-29T04:34:10.916+0000] {logging_mixin.py:120} INFO - [2023-12-29T04:34:10.916+0000] {dag.py:2585} INFO - Sync 1 DAGs
[2023-12-29T04:34:10.941+0000] {logging_mixin.py:120} INFO - [2023-12-29T04:34:10.941+0000] {dag.py:3340} INFO - Setting next_dagrun for example_trigger_target_dag to None, run_after=None
[2023-12-29T04:34:10.958+0000] {processor.py:176} INFO - Processing /home/airflow/.local/lib/python3.7/site-packages/airflow/example_dags/example_trigger_target_dag.py took 0.102 seconds
[2023-12-29T04:34:41.533+0000] {processor.py:154} INFO - Started process (PID=315) to work on /home/airflow/.local/lib/python3.7/site-packages/airflow/example_dags/example_trigger_target_dag.py
[2023-12-29T04:34:41.534+0000] {processor.py:756} INFO - Processing file /home/airflow/.local/lib/python3.7/site-packages/airflow/example_dags/example_trigger_target_dag.py for tasks to queue
[2023-12-29T04:34:41.534+0000] {logging_mixin.py:120} INFO - [2023-12-29T04:34:41.534+0000] {dagbag.py:537} INFO - Filling up the DagBag from /home/airflow/.local/lib/python3.7/site-packages/airflow/example_dags/example_trigger_target_dag.py
[2023-12-29T04:34:41.553+0000] {processor.py:766} INFO - DAG(s) dict_keys(['example_trigger_target_dag']) retrieved from /home/airflow/.local/lib/python3.7/site-packages/airflow/example_dags/example_trigger_target_dag.py
[2023-12-29T04:34:41.589+0000] {logging_mixin.py:120} INFO - [2023-12-29T04:34:41.589+0000] {dag.py:2585} INFO - Sync 1 DAGs
[2023-12-29T04:34:41.614+0000] {logging_mixin.py:120} INFO - [2023-12-29T04:34:41.614+0000] {dag.py:3340} INFO - Setting next_dagrun for example_trigger_target_dag to None, run_after=None
[2023-12-29T04:34:41.633+0000] {processor.py:176} INFO - Processing /home/airflow/.local/lib/python3.7/site-packages/airflow/example_dags/example_trigger_target_dag.py took 0.103 seconds
[2023-12-29T04:35:12.328+0000] {processor.py:154} INFO - Started process (PID=378) to work on /home/airflow/.local/lib/python3.7/site-packages/airflow/example_dags/example_trigger_target_dag.py
[2023-12-29T04:35:12.329+0000] {processor.py:756} INFO - Processing file /home/airflow/.local/lib/python3.7/site-packages/airflow/example_dags/example_trigger_target_dag.py for tasks to queue
[2023-12-29T04:35:12.330+0000] {logging_mixin.py:120} INFO - [2023-12-29T04:35:12.329+0000] {dagbag.py:537} INFO - Filling up the DagBag from /home/airflow/.local/lib/python3.7/site-packages/airflow/example_dags/example_trigger_target_dag.py
[2023-12-29T04:35:12.351+0000] {processor.py:766} INFO - DAG(s) dict_keys(['example_trigger_target_dag']) retrieved from /home/airflow/.local/lib/python3.7/site-packages/airflow/example_dags/example_trigger_target_dag.py
[2023-12-29T04:35:12.388+0000] {logging_mixin.py:120} INFO - [2023-12-29T04:35:12.388+0000] {dag.py:2585} INFO - Sync 1 DAGs
[2023-12-29T04:35:12.413+0000] {logging_mixin.py:120} INFO - [2023-12-29T04:35:12.413+0000] {dag.py:3340} INFO - Setting next_dagrun for example_trigger_target_dag to None, run_after=None
[2023-12-29T04:35:12.439+0000] {processor.py:176} INFO - Processing /home/airflow/.local/lib/python3.7/site-packages/airflow/example_dags/example_trigger_target_dag.py took 0.114 seconds
[2023-12-29T04:35:43.064+0000] {processor.py:154} INFO - Started process (PID=433) to work on /home/airflow/.local/lib/python3.7/site-packages/airflow/example_dags/example_trigger_target_dag.py
[2023-12-29T04:35:43.065+0000] {processor.py:756} INFO - Processing file /home/airflow/.local/lib/python3.7/site-packages/airflow/example_dags/example_trigger_target_dag.py for tasks to queue
[2023-12-29T04:35:43.066+0000] {logging_mixin.py:120} INFO - [2023-12-29T04:35:43.066+0000] {dagbag.py:537} INFO - Filling up the DagBag from /home/airflow/.local/lib/python3.7/site-packages/airflow/example_dags/example_trigger_target_dag.py
[2023-12-29T04:35:43.092+0000] {processor.py:766} INFO - DAG(s) dict_keys(['example_trigger_target_dag']) retrieved from /home/airflow/.local/lib/python3.7/site-packages/airflow/example_dags/example_trigger_target_dag.py
[2023-12-29T04:35:43.132+0000] {logging_mixin.py:120} INFO - [2023-12-29T04:35:43.132+0000] {dag.py:2585} INFO - Sync 1 DAGs
[2023-12-29T04:35:43.171+0000] {logging_mixin.py:120} INFO - [2023-12-29T04:35:43.171+0000] {dag.py:3340} INFO - Setting next_dagrun for example_trigger_target_dag to None, run_after=None
[2023-12-29T04:35:43.199+0000] {processor.py:176} INFO - Processing /home/airflow/.local/lib/python3.7/site-packages/airflow/example_dags/example_trigger_target_dag.py took 0.138 seconds
[2023-12-29T04:36:14.178+0000] {processor.py:154} INFO - Started process (PID=496) to work on /home/airflow/.local/lib/python3.7/site-packages/airflow/example_dags/example_trigger_target_dag.py
[2023-12-29T04:36:14.180+0000] {processor.py:756} INFO - Processing file /home/airflow/.local/lib/python3.7/site-packages/airflow/example_dags/example_trigger_target_dag.py for tasks to queue
[2023-12-29T04:36:14.181+0000] {logging_mixin.py:120} INFO - [2023-12-29T04:36:14.181+0000] {dagbag.py:537} INFO - Filling up the DagBag from /home/airflow/.local/lib/python3.7/site-packages/airflow/example_dags/example_trigger_target_dag.py
[2023-12-29T04:36:14.204+0000] {processor.py:766} INFO - DAG(s) dict_keys(['example_trigger_target_dag']) retrieved from /home/airflow/.local/lib/python3.7/site-packages/airflow/example_dags/example_trigger_target_dag.py
[2023-12-29T04:36:14.249+0000] {logging_mixin.py:120} INFO - [2023-12-29T04:36:14.249+0000] {dag.py:2585} INFO - Sync 1 DAGs
[2023-12-29T04:36:14.281+0000] {logging_mixin.py:120} INFO - [2023-12-29T04:36:14.281+0000] {dag.py:3340} INFO - Setting next_dagrun for example_trigger_target_dag to None, run_after=None
[2023-12-29T04:36:14.316+0000] {processor.py:176} INFO - Processing /home/airflow/.local/lib/python3.7/site-packages/airflow/example_dags/example_trigger_target_dag.py took 0.140 seconds
[2023-12-29T04:36:46.201+0000] {processor.py:154} INFO - Started process (PID=561) to work on /home/airflow/.local/lib/python3.7/site-packages/airflow/example_dags/example_trigger_target_dag.py
[2023-12-29T04:36:46.202+0000] {processor.py:756} INFO - Processing file /home/airflow/.local/lib/python3.7/site-packages/airflow/example_dags/example_trigger_target_dag.py for tasks to queue
[2023-12-29T04:36:46.203+0000] {logging_mixin.py:120} INFO - [2023-12-29T04:36:46.203+0000] {dagbag.py:537} INFO - Filling up the DagBag from /home/airflow/.local/lib/python3.7/site-packages/airflow/example_dags/example_trigger_target_dag.py
[2023-12-29T04:36:46.239+0000] {processor.py:766} INFO - DAG(s) dict_keys(['example_trigger_target_dag']) retrieved from /home/airflow/.local/lib/python3.7/site-packages/airflow/example_dags/example_trigger_target_dag.py
[2023-12-29T04:36:46.295+0000] {logging_mixin.py:120} INFO - [2023-12-29T04:36:46.294+0000] {dag.py:2585} INFO - Sync 1 DAGs
[2023-12-29T04:36:46.338+0000] {logging_mixin.py:120} INFO - [2023-12-29T04:36:46.338+0000] {dag.py:3340} INFO - Setting next_dagrun for example_trigger_target_dag to None, run_after=None
[2023-12-29T04:36:46.365+0000] {processor.py:176} INFO - Processing /home/airflow/.local/lib/python3.7/site-packages/airflow/example_dags/example_trigger_target_dag.py took 0.172 seconds
[2023-12-29T04:37:17.035+0000] {processor.py:154} INFO - Started process (PID=623) to work on /home/airflow/.local/lib/python3.7/site-packages/airflow/example_dags/example_trigger_target_dag.py
[2023-12-29T04:37:17.036+0000] {processor.py:756} INFO - Processing file /home/airflow/.local/lib/python3.7/site-packages/airflow/example_dags/example_trigger_target_dag.py for tasks to queue
[2023-12-29T04:37:17.036+0000] {logging_mixin.py:120} INFO - [2023-12-29T04:37:17.036+0000] {dagbag.py:537} INFO - Filling up the DagBag from /home/airflow/.local/lib/python3.7/site-packages/airflow/example_dags/example_trigger_target_dag.py
[2023-12-29T04:37:17.059+0000] {processor.py:766} INFO - DAG(s) dict_keys(['example_trigger_target_dag']) retrieved from /home/airflow/.local/lib/python3.7/site-packages/airflow/example_dags/example_trigger_target_dag.py
[2023-12-29T04:37:17.101+0000] {logging_mixin.py:120} INFO - [2023-12-29T04:37:17.101+0000] {dag.py:2585} INFO - Sync 1 DAGs
[2023-12-29T04:37:17.127+0000] {logging_mixin.py:120} INFO - [2023-12-29T04:37:17.127+0000] {dag.py:3340} INFO - Setting next_dagrun for example_trigger_target_dag to None, run_after=None
[2023-12-29T04:37:17.144+0000] {processor.py:176} INFO - Processing /home/airflow/.local/lib/python3.7/site-packages/airflow/example_dags/example_trigger_target_dag.py took 0.112 seconds
[2023-12-29T04:37:48.020+0000] {processor.py:154} INFO - Started process (PID=678) to work on /home/airflow/.local/lib/python3.7/site-packages/airflow/example_dags/example_trigger_target_dag.py
[2023-12-29T04:37:48.021+0000] {processor.py:756} INFO - Processing file /home/airflow/.local/lib/python3.7/site-packages/airflow/example_dags/example_trigger_target_dag.py for tasks to queue
[2023-12-29T04:37:48.022+0000] {logging_mixin.py:120} INFO - [2023-12-29T04:37:48.022+0000] {dagbag.py:537} INFO - Filling up the DagBag from /home/airflow/.local/lib/python3.7/site-packages/airflow/example_dags/example_trigger_target_dag.py
[2023-12-29T04:37:48.042+0000] {processor.py:766} INFO - DAG(s) dict_keys(['example_trigger_target_dag']) retrieved from /home/airflow/.local/lib/python3.7/site-packages/airflow/example_dags/example_trigger_target_dag.py
[2023-12-29T04:37:48.089+0000] {logging_mixin.py:120} INFO - [2023-12-29T04:37:48.089+0000] {dag.py:2585} INFO - Sync 1 DAGs
[2023-12-29T04:37:48.117+0000] {logging_mixin.py:120} INFO - [2023-12-29T04:37:48.117+0000] {dag.py:3340} INFO - Setting next_dagrun for example_trigger_target_dag to None, run_after=None
[2023-12-29T04:37:48.141+0000] {processor.py:176} INFO - Processing /home/airflow/.local/lib/python3.7/site-packages/airflow/example_dags/example_trigger_target_dag.py took 0.123 seconds
[2023-12-29T04:38:19.259+0000] {processor.py:154} INFO - Started process (PID=742) to work on /home/airflow/.local/lib/python3.7/site-packages/airflow/example_dags/example_trigger_target_dag.py
[2023-12-29T04:38:19.260+0000] {processor.py:756} INFO - Processing file /home/airflow/.local/lib/python3.7/site-packages/airflow/example_dags/example_trigger_target_dag.py for tasks to queue
[2023-12-29T04:38:19.261+0000] {logging_mixin.py:120} INFO - [2023-12-29T04:38:19.261+0000] {dagbag.py:537} INFO - Filling up the DagBag from /home/airflow/.local/lib/python3.7/site-packages/airflow/example_dags/example_trigger_target_dag.py
[2023-12-29T04:38:19.285+0000] {processor.py:766} INFO - DAG(s) dict_keys(['example_trigger_target_dag']) retrieved from /home/airflow/.local/lib/python3.7/site-packages/airflow/example_dags/example_trigger_target_dag.py
[2023-12-29T04:38:19.337+0000] {logging_mixin.py:120} INFO - [2023-12-29T04:38:19.337+0000] {dag.py:2585} INFO - Sync 1 DAGs
[2023-12-29T04:38:19.371+0000] {logging_mixin.py:120} INFO - [2023-12-29T04:38:19.371+0000] {dag.py:3340} INFO - Setting next_dagrun for example_trigger_target_dag to None, run_after=None
[2023-12-29T04:38:19.393+0000] {processor.py:176} INFO - Processing /home/airflow/.local/lib/python3.7/site-packages/airflow/example_dags/example_trigger_target_dag.py took 0.138 seconds
[2023-12-29T04:38:49.733+0000] {processor.py:154} INFO - Started process (PID=807) to work on /home/airflow/.local/lib/python3.7/site-packages/airflow/example_dags/example_trigger_target_dag.py
[2023-12-29T04:38:49.733+0000] {processor.py:756} INFO - Processing file /home/airflow/.local/lib/python3.7/site-packages/airflow/example_dags/example_trigger_target_dag.py for tasks to queue
[2023-12-29T04:38:49.734+0000] {logging_mixin.py:120} INFO - [2023-12-29T04:38:49.734+0000] {dagbag.py:537} INFO - Filling up the DagBag from /home/airflow/.local/lib/python3.7/site-packages/airflow/example_dags/example_trigger_target_dag.py
[2023-12-29T04:38:49.771+0000] {processor.py:766} INFO - DAG(s) dict_keys(['example_trigger_target_dag']) retrieved from /home/airflow/.local/lib/python3.7/site-packages/airflow/example_dags/example_trigger_target_dag.py
[2023-12-29T04:38:49.847+0000] {logging_mixin.py:120} INFO - [2023-12-29T04:38:49.847+0000] {dag.py:2585} INFO - Sync 1 DAGs
[2023-12-29T04:38:49.887+0000] {logging_mixin.py:120} INFO - [2023-12-29T04:38:49.887+0000] {dag.py:3340} INFO - Setting next_dagrun for example_trigger_target_dag to None, run_after=None
[2023-12-29T04:38:49.916+0000] {processor.py:176} INFO - Processing /home/airflow/.local/lib/python3.7/site-packages/airflow/example_dags/example_trigger_target_dag.py took 0.186 seconds
[2023-12-29T04:39:19.955+0000] {processor.py:154} INFO - Started process (PID=862) to work on /home/airflow/.local/lib/python3.7/site-packages/airflow/example_dags/example_trigger_target_dag.py
[2023-12-29T04:39:19.956+0000] {processor.py:756} INFO - Processing file /home/airflow/.local/lib/python3.7/site-packages/airflow/example_dags/example_trigger_target_dag.py for tasks to queue
[2023-12-29T04:39:19.956+0000] {logging_mixin.py:120} INFO - [2023-12-29T04:39:19.956+0000] {dagbag.py:537} INFO - Filling up the DagBag from /home/airflow/.local/lib/python3.7/site-packages/airflow/example_dags/example_trigger_target_dag.py
[2023-12-29T04:39:19.977+0000] {processor.py:766} INFO - DAG(s) dict_keys(['example_trigger_target_dag']) retrieved from /home/airflow/.local/lib/python3.7/site-packages/airflow/example_dags/example_trigger_target_dag.py
[2023-12-29T04:39:20.016+0000] {logging_mixin.py:120} INFO - [2023-12-29T04:39:20.015+0000] {dag.py:2585} INFO - Sync 1 DAGs
[2023-12-29T04:39:20.041+0000] {logging_mixin.py:120} INFO - [2023-12-29T04:39:20.041+0000] {dag.py:3340} INFO - Setting next_dagrun for example_trigger_target_dag to None, run_after=None
[2023-12-29T04:39:20.061+0000] {processor.py:176} INFO - Processing /home/airflow/.local/lib/python3.7/site-packages/airflow/example_dags/example_trigger_target_dag.py took 0.109 seconds
[2023-12-29T04:39:50.203+0000] {processor.py:154} INFO - Started process (PID=926) to work on /home/airflow/.local/lib/python3.7/site-packages/airflow/example_dags/example_trigger_target_dag.py
[2023-12-29T04:39:50.204+0000] {processor.py:756} INFO - Processing file /home/airflow/.local/lib/python3.7/site-packages/airflow/example_dags/example_trigger_target_dag.py for tasks to queue
[2023-12-29T04:39:50.204+0000] {logging_mixin.py:120} INFO - [2023-12-29T04:39:50.204+0000] {dagbag.py:537} INFO - Filling up the DagBag from /home/airflow/.local/lib/python3.7/site-packages/airflow/example_dags/example_trigger_target_dag.py
[2023-12-29T04:39:50.227+0000] {processor.py:766} INFO - DAG(s) dict_keys(['example_trigger_target_dag']) retrieved from /home/airflow/.local/lib/python3.7/site-packages/airflow/example_dags/example_trigger_target_dag.py
[2023-12-29T04:39:50.265+0000] {logging_mixin.py:120} INFO - [2023-12-29T04:39:50.265+0000] {dag.py:2585} INFO - Sync 1 DAGs
[2023-12-29T04:39:50.294+0000] {logging_mixin.py:120} INFO - [2023-12-29T04:39:50.294+0000] {dag.py:3340} INFO - Setting next_dagrun for example_trigger_target_dag to None, run_after=None
[2023-12-29T04:39:50.316+0000] {processor.py:176} INFO - Processing /home/airflow/.local/lib/python3.7/site-packages/airflow/example_dags/example_trigger_target_dag.py took 0.117 seconds
[2023-12-29T04:40:20.817+0000] {processor.py:154} INFO - Started process (PID=990) to work on /home/airflow/.local/lib/python3.7/site-packages/airflow/example_dags/example_trigger_target_dag.py
[2023-12-29T04:40:20.818+0000] {processor.py:756} INFO - Processing file /home/airflow/.local/lib/python3.7/site-packages/airflow/example_dags/example_trigger_target_dag.py for tasks to queue
[2023-12-29T04:40:20.819+0000] {logging_mixin.py:120} INFO - [2023-12-29T04:40:20.819+0000] {dagbag.py:537} INFO - Filling up the DagBag from /home/airflow/.local/lib/python3.7/site-packages/airflow/example_dags/example_trigger_target_dag.py
[2023-12-29T04:40:20.844+0000] {processor.py:766} INFO - DAG(s) dict_keys(['example_trigger_target_dag']) retrieved from /home/airflow/.local/lib/python3.7/site-packages/airflow/example_dags/example_trigger_target_dag.py
[2023-12-29T04:40:20.886+0000] {logging_mixin.py:120} INFO - [2023-12-29T04:40:20.886+0000] {dag.py:2585} INFO - Sync 1 DAGs
[2023-12-29T04:40:20.917+0000] {logging_mixin.py:120} INFO - [2023-12-29T04:40:20.916+0000] {dag.py:3340} INFO - Setting next_dagrun for example_trigger_target_dag to None, run_after=None
[2023-12-29T04:40:20.938+0000] {processor.py:176} INFO - Processing /home/airflow/.local/lib/python3.7/site-packages/airflow/example_dags/example_trigger_target_dag.py took 0.125 seconds
[2023-12-29T04:40:51.858+0000] {processor.py:154} INFO - Started process (PID=1044) to work on /home/airflow/.local/lib/python3.7/site-packages/airflow/example_dags/example_trigger_target_dag.py
[2023-12-29T04:40:51.860+0000] {processor.py:756} INFO - Processing file /home/airflow/.local/lib/python3.7/site-packages/airflow/example_dags/example_trigger_target_dag.py for tasks to queue
[2023-12-29T04:40:51.861+0000] {logging_mixin.py:120} INFO - [2023-12-29T04:40:51.861+0000] {dagbag.py:537} INFO - Filling up the DagBag from /home/airflow/.local/lib/python3.7/site-packages/airflow/example_dags/example_trigger_target_dag.py
[2023-12-29T04:40:51.901+0000] {processor.py:766} INFO - DAG(s) dict_keys(['example_trigger_target_dag']) retrieved from /home/airflow/.local/lib/python3.7/site-packages/airflow/example_dags/example_trigger_target_dag.py
[2023-12-29T04:40:51.957+0000] {logging_mixin.py:120} INFO - [2023-12-29T04:40:51.957+0000] {dag.py:2585} INFO - Sync 1 DAGs
[2023-12-29T04:40:51.991+0000] {logging_mixin.py:120} INFO - [2023-12-29T04:40:51.991+0000] {dag.py:3340} INFO - Setting next_dagrun for example_trigger_target_dag to None, run_after=None
[2023-12-29T04:40:52.014+0000] {processor.py:176} INFO - Processing /home/airflow/.local/lib/python3.7/site-packages/airflow/example_dags/example_trigger_target_dag.py took 0.169 seconds
[2023-12-29T04:41:22.649+0000] {processor.py:154} INFO - Started process (PID=1110) to work on /home/airflow/.local/lib/python3.7/site-packages/airflow/example_dags/example_trigger_target_dag.py
[2023-12-29T04:41:22.649+0000] {processor.py:756} INFO - Processing file /home/airflow/.local/lib/python3.7/site-packages/airflow/example_dags/example_trigger_target_dag.py for tasks to queue
[2023-12-29T04:41:22.650+0000] {logging_mixin.py:120} INFO - [2023-12-29T04:41:22.650+0000] {dagbag.py:537} INFO - Filling up the DagBag from /home/airflow/.local/lib/python3.7/site-packages/airflow/example_dags/example_trigger_target_dag.py
[2023-12-29T04:41:22.671+0000] {processor.py:766} INFO - DAG(s) dict_keys(['example_trigger_target_dag']) retrieved from /home/airflow/.local/lib/python3.7/site-packages/airflow/example_dags/example_trigger_target_dag.py
[2023-12-29T04:41:22.712+0000] {logging_mixin.py:120} INFO - [2023-12-29T04:41:22.712+0000] {dag.py:2585} INFO - Sync 1 DAGs
[2023-12-29T04:41:22.740+0000] {logging_mixin.py:120} INFO - [2023-12-29T04:41:22.740+0000] {dag.py:3340} INFO - Setting next_dagrun for example_trigger_target_dag to None, run_after=None
[2023-12-29T04:41:22.758+0000] {processor.py:176} INFO - Processing /home/airflow/.local/lib/python3.7/site-packages/airflow/example_dags/example_trigger_target_dag.py took 0.112 seconds
[2023-12-29T04:41:53.134+0000] {processor.py:154} INFO - Started process (PID=1175) to work on /home/airflow/.local/lib/python3.7/site-packages/airflow/example_dags/example_trigger_target_dag.py
[2023-12-29T04:41:53.135+0000] {processor.py:756} INFO - Processing file /home/airflow/.local/lib/python3.7/site-packages/airflow/example_dags/example_trigger_target_dag.py for tasks to queue
[2023-12-29T04:41:53.136+0000] {logging_mixin.py:120} INFO - [2023-12-29T04:41:53.136+0000] {dagbag.py:537} INFO - Filling up the DagBag from /home/airflow/.local/lib/python3.7/site-packages/airflow/example_dags/example_trigger_target_dag.py
[2023-12-29T04:41:53.159+0000] {processor.py:766} INFO - DAG(s) dict_keys(['example_trigger_target_dag']) retrieved from /home/airflow/.local/lib/python3.7/site-packages/airflow/example_dags/example_trigger_target_dag.py
[2023-12-29T04:41:53.208+0000] {logging_mixin.py:120} INFO - [2023-12-29T04:41:53.208+0000] {dag.py:2585} INFO - Sync 1 DAGs
[2023-12-29T04:41:53.238+0000] {logging_mixin.py:120} INFO - [2023-12-29T04:41:53.238+0000] {dag.py:3340} INFO - Setting next_dagrun for example_trigger_target_dag to None, run_after=None
[2023-12-29T04:41:53.262+0000] {processor.py:176} INFO - Processing /home/airflow/.local/lib/python3.7/site-packages/airflow/example_dags/example_trigger_target_dag.py took 0.131 seconds
[2023-12-29T04:42:24.015+0000] {processor.py:154} INFO - Started process (PID=1231) to work on /home/airflow/.local/lib/python3.7/site-packages/airflow/example_dags/example_trigger_target_dag.py
[2023-12-29T04:42:24.016+0000] {processor.py:756} INFO - Processing file /home/airflow/.local/lib/python3.7/site-packages/airflow/example_dags/example_trigger_target_dag.py for tasks to queue
[2023-12-29T04:42:24.017+0000] {logging_mixin.py:120} INFO - [2023-12-29T04:42:24.017+0000] {dagbag.py:537} INFO - Filling up the DagBag from /home/airflow/.local/lib/python3.7/site-packages/airflow/example_dags/example_trigger_target_dag.py
[2023-12-29T04:42:24.040+0000] {processor.py:766} INFO - DAG(s) dict_keys(['example_trigger_target_dag']) retrieved from /home/airflow/.local/lib/python3.7/site-packages/airflow/example_dags/example_trigger_target_dag.py
[2023-12-29T04:42:24.099+0000] {logging_mixin.py:120} INFO - [2023-12-29T04:42:24.098+0000] {dag.py:2585} INFO - Sync 1 DAGs
[2023-12-29T04:42:24.134+0000] {logging_mixin.py:120} INFO - [2023-12-29T04:42:24.134+0000] {dag.py:3340} INFO - Setting next_dagrun for example_trigger_target_dag to None, run_after=None
[2023-12-29T04:42:24.158+0000] {processor.py:176} INFO - Processing /home/airflow/.local/lib/python3.7/site-packages/airflow/example_dags/example_trigger_target_dag.py took 0.146 seconds
[2023-12-29T04:42:54.807+0000] {processor.py:154} INFO - Started process (PID=1294) to work on /home/airflow/.local/lib/python3.7/site-packages/airflow/example_dags/example_trigger_target_dag.py
[2023-12-29T04:42:54.808+0000] {processor.py:756} INFO - Processing file /home/airflow/.local/lib/python3.7/site-packages/airflow/example_dags/example_trigger_target_dag.py for tasks to queue
[2023-12-29T04:42:54.809+0000] {logging_mixin.py:120} INFO - [2023-12-29T04:42:54.808+0000] {dagbag.py:537} INFO - Filling up the DagBag from /home/airflow/.local/lib/python3.7/site-packages/airflow/example_dags/example_trigger_target_dag.py
[2023-12-29T04:42:54.830+0000] {processor.py:766} INFO - DAG(s) dict_keys(['example_trigger_target_dag']) retrieved from /home/airflow/.local/lib/python3.7/site-packages/airflow/example_dags/example_trigger_target_dag.py
[2023-12-29T04:42:54.870+0000] {logging_mixin.py:120} INFO - [2023-12-29T04:42:54.870+0000] {dag.py:2585} INFO - Sync 1 DAGs
[2023-12-29T04:42:54.896+0000] {logging_mixin.py:120} INFO - [2023-12-29T04:42:54.896+0000] {dag.py:3340} INFO - Setting next_dagrun for example_trigger_target_dag to None, run_after=None
[2023-12-29T04:42:54.917+0000] {processor.py:176} INFO - Processing /home/airflow/.local/lib/python3.7/site-packages/airflow/example_dags/example_trigger_target_dag.py took 0.112 seconds
[2023-12-29T04:43:25.844+0000] {processor.py:154} INFO - Started process (PID=1358) to work on /home/airflow/.local/lib/python3.7/site-packages/airflow/example_dags/example_trigger_target_dag.py
[2023-12-29T04:43:25.845+0000] {processor.py:756} INFO - Processing file /home/airflow/.local/lib/python3.7/site-packages/airflow/example_dags/example_trigger_target_dag.py for tasks to queue
[2023-12-29T04:43:25.845+0000] {logging_mixin.py:120} INFO - [2023-12-29T04:43:25.845+0000] {dagbag.py:537} INFO - Filling up the DagBag from /home/airflow/.local/lib/python3.7/site-packages/airflow/example_dags/example_trigger_target_dag.py
[2023-12-29T04:43:25.868+0000] {processor.py:766} INFO - DAG(s) dict_keys(['example_trigger_target_dag']) retrieved from /home/airflow/.local/lib/python3.7/site-packages/airflow/example_dags/example_trigger_target_dag.py
[2023-12-29T04:43:25.906+0000] {logging_mixin.py:120} INFO - [2023-12-29T04:43:25.906+0000] {dag.py:2585} INFO - Sync 1 DAGs
[2023-12-29T04:43:25.931+0000] {logging_mixin.py:120} INFO - [2023-12-29T04:43:25.931+0000] {dag.py:3340} INFO - Setting next_dagrun for example_trigger_target_dag to None, run_after=None
[2023-12-29T04:43:25.951+0000] {processor.py:176} INFO - Processing /home/airflow/.local/lib/python3.7/site-packages/airflow/example_dags/example_trigger_target_dag.py took 0.109 seconds
[2023-12-29T04:43:56.227+0000] {processor.py:154} INFO - Started process (PID=1413) to work on /home/airflow/.local/lib/python3.7/site-packages/airflow/example_dags/example_trigger_target_dag.py
[2023-12-29T04:43:56.228+0000] {processor.py:756} INFO - Processing file /home/airflow/.local/lib/python3.7/site-packages/airflow/example_dags/example_trigger_target_dag.py for tasks to queue
[2023-12-29T04:43:56.229+0000] {logging_mixin.py:120} INFO - [2023-12-29T04:43:56.229+0000] {dagbag.py:537} INFO - Filling up the DagBag from /home/airflow/.local/lib/python3.7/site-packages/airflow/example_dags/example_trigger_target_dag.py
[2023-12-29T04:43:56.249+0000] {processor.py:766} INFO - DAG(s) dict_keys(['example_trigger_target_dag']) retrieved from /home/airflow/.local/lib/python3.7/site-packages/airflow/example_dags/example_trigger_target_dag.py
[2023-12-29T04:43:56.292+0000] {logging_mixin.py:120} INFO - [2023-12-29T04:43:56.292+0000] {dag.py:2585} INFO - Sync 1 DAGs
[2023-12-29T04:43:56.318+0000] {logging_mixin.py:120} INFO - [2023-12-29T04:43:56.318+0000] {dag.py:3340} INFO - Setting next_dagrun for example_trigger_target_dag to None, run_after=None
[2023-12-29T04:43:56.337+0000] {processor.py:176} INFO - Processing /home/airflow/.local/lib/python3.7/site-packages/airflow/example_dags/example_trigger_target_dag.py took 0.112 seconds
[2023-12-29T04:44:27.000+0000] {processor.py:154} INFO - Started process (PID=1478) to work on /home/airflow/.local/lib/python3.7/site-packages/airflow/example_dags/example_trigger_target_dag.py
[2023-12-29T04:44:27.001+0000] {processor.py:756} INFO - Processing file /home/airflow/.local/lib/python3.7/site-packages/airflow/example_dags/example_trigger_target_dag.py for tasks to queue
[2023-12-29T04:44:27.001+0000] {logging_mixin.py:120} INFO - [2023-12-29T04:44:27.001+0000] {dagbag.py:537} INFO - Filling up the DagBag from /home/airflow/.local/lib/python3.7/site-packages/airflow/example_dags/example_trigger_target_dag.py
[2023-12-29T04:44:27.028+0000] {processor.py:766} INFO - DAG(s) dict_keys(['example_trigger_target_dag']) retrieved from /home/airflow/.local/lib/python3.7/site-packages/airflow/example_dags/example_trigger_target_dag.py
[2023-12-29T04:44:27.074+0000] {logging_mixin.py:120} INFO - [2023-12-29T04:44:27.074+0000] {dag.py:2585} INFO - Sync 1 DAGs
[2023-12-29T04:44:27.103+0000] {logging_mixin.py:120} INFO - [2023-12-29T04:44:27.103+0000] {dag.py:3340} INFO - Setting next_dagrun for example_trigger_target_dag to None, run_after=None
[2023-12-29T04:44:27.122+0000] {processor.py:176} INFO - Processing /home/airflow/.local/lib/python3.7/site-packages/airflow/example_dags/example_trigger_target_dag.py took 0.125 seconds
[2023-12-29T04:44:57.727+0000] {processor.py:154} INFO - Started process (PID=1541) to work on /home/airflow/.local/lib/python3.7/site-packages/airflow/example_dags/example_trigger_target_dag.py
[2023-12-29T04:44:57.731+0000] {processor.py:756} INFO - Processing file /home/airflow/.local/lib/python3.7/site-packages/airflow/example_dags/example_trigger_target_dag.py for tasks to queue
[2023-12-29T04:44:57.731+0000] {logging_mixin.py:120} INFO - [2023-12-29T04:44:57.731+0000] {dagbag.py:537} INFO - Filling up the DagBag from /home/airflow/.local/lib/python3.7/site-packages/airflow/example_dags/example_trigger_target_dag.py
[2023-12-29T04:44:57.765+0000] {processor.py:766} INFO - DAG(s) dict_keys(['example_trigger_target_dag']) retrieved from /home/airflow/.local/lib/python3.7/site-packages/airflow/example_dags/example_trigger_target_dag.py
[2023-12-29T04:44:57.849+0000] {logging_mixin.py:120} INFO - [2023-12-29T04:44:57.849+0000] {dag.py:2585} INFO - Sync 1 DAGs
[2023-12-29T04:44:57.901+0000] {logging_mixin.py:120} INFO - [2023-12-29T04:44:57.901+0000] {dag.py:3340} INFO - Setting next_dagrun for example_trigger_target_dag to None, run_after=None
[2023-12-29T04:44:57.946+0000] {processor.py:176} INFO - Processing /home/airflow/.local/lib/python3.7/site-packages/airflow/example_dags/example_trigger_target_dag.py took 0.222 seconds
[2023-12-29T04:45:28.085+0000] {processor.py:154} INFO - Started process (PID=1596) to work on /home/airflow/.local/lib/python3.7/site-packages/airflow/example_dags/example_trigger_target_dag.py
[2023-12-29T04:45:28.086+0000] {processor.py:756} INFO - Processing file /home/airflow/.local/lib/python3.7/site-packages/airflow/example_dags/example_trigger_target_dag.py for tasks to queue
[2023-12-29T04:45:28.087+0000] {logging_mixin.py:120} INFO - [2023-12-29T04:45:28.086+0000] {dagbag.py:537} INFO - Filling up the DagBag from /home/airflow/.local/lib/python3.7/site-packages/airflow/example_dags/example_trigger_target_dag.py
[2023-12-29T04:45:28.107+0000] {processor.py:766} INFO - DAG(s) dict_keys(['example_trigger_target_dag']) retrieved from /home/airflow/.local/lib/python3.7/site-packages/airflow/example_dags/example_trigger_target_dag.py
[2023-12-29T04:45:28.150+0000] {logging_mixin.py:120} INFO - [2023-12-29T04:45:28.150+0000] {dag.py:2585} INFO - Sync 1 DAGs
[2023-12-29T04:45:28.177+0000] {logging_mixin.py:120} INFO - [2023-12-29T04:45:28.176+0000] {dag.py:3340} INFO - Setting next_dagrun for example_trigger_target_dag to None, run_after=None
[2023-12-29T04:45:28.206+0000] {processor.py:176} INFO - Processing /home/airflow/.local/lib/python3.7/site-packages/airflow/example_dags/example_trigger_target_dag.py took 0.123 seconds
[2023-12-29T04:45:58.541+0000] {processor.py:154} INFO - Started process (PID=1661) to work on /home/airflow/.local/lib/python3.7/site-packages/airflow/example_dags/example_trigger_target_dag.py
[2023-12-29T04:45:58.542+0000] {processor.py:756} INFO - Processing file /home/airflow/.local/lib/python3.7/site-packages/airflow/example_dags/example_trigger_target_dag.py for tasks to queue
[2023-12-29T04:45:58.542+0000] {logging_mixin.py:120} INFO - [2023-12-29T04:45:58.542+0000] {dagbag.py:537} INFO - Filling up the DagBag from /home/airflow/.local/lib/python3.7/site-packages/airflow/example_dags/example_trigger_target_dag.py
[2023-12-29T04:45:58.564+0000] {processor.py:766} INFO - DAG(s) dict_keys(['example_trigger_target_dag']) retrieved from /home/airflow/.local/lib/python3.7/site-packages/airflow/example_dags/example_trigger_target_dag.py
[2023-12-29T04:45:58.602+0000] {logging_mixin.py:120} INFO - [2023-12-29T04:45:58.601+0000] {dag.py:2585} INFO - Sync 1 DAGs
[2023-12-29T04:45:58.630+0000] {logging_mixin.py:120} INFO - [2023-12-29T04:45:58.630+0000] {dag.py:3340} INFO - Setting next_dagrun for example_trigger_target_dag to None, run_after=None
[2023-12-29T04:45:58.651+0000] {processor.py:176} INFO - Processing /home/airflow/.local/lib/python3.7/site-packages/airflow/example_dags/example_trigger_target_dag.py took 0.113 seconds
[2023-12-29T04:46:29.417+0000] {processor.py:154} INFO - Started process (PID=1725) to work on /home/airflow/.local/lib/python3.7/site-packages/airflow/example_dags/example_trigger_target_dag.py
[2023-12-29T04:46:29.419+0000] {processor.py:756} INFO - Processing file /home/airflow/.local/lib/python3.7/site-packages/airflow/example_dags/example_trigger_target_dag.py for tasks to queue
[2023-12-29T04:46:29.419+0000] {logging_mixin.py:120} INFO - [2023-12-29T04:46:29.419+0000] {dagbag.py:537} INFO - Filling up the DagBag from /home/airflow/.local/lib/python3.7/site-packages/airflow/example_dags/example_trigger_target_dag.py
[2023-12-29T04:46:29.440+0000] {processor.py:766} INFO - DAG(s) dict_keys(['example_trigger_target_dag']) retrieved from /home/airflow/.local/lib/python3.7/site-packages/airflow/example_dags/example_trigger_target_dag.py
[2023-12-29T04:46:29.485+0000] {logging_mixin.py:120} INFO - [2023-12-29T04:46:29.485+0000] {dag.py:2585} INFO - Sync 1 DAGs
[2023-12-29T04:46:29.512+0000] {logging_mixin.py:120} INFO - [2023-12-29T04:46:29.511+0000] {dag.py:3340} INFO - Setting next_dagrun for example_trigger_target_dag to None, run_after=None
[2023-12-29T04:46:29.530+0000] {processor.py:176} INFO - Processing /home/airflow/.local/lib/python3.7/site-packages/airflow/example_dags/example_trigger_target_dag.py took 0.115 seconds
[2023-12-29T04:47:00.103+0000] {processor.py:154} INFO - Started process (PID=1781) to work on /home/airflow/.local/lib/python3.7/site-packages/airflow/example_dags/example_trigger_target_dag.py
[2023-12-29T04:47:00.103+0000] {processor.py:756} INFO - Processing file /home/airflow/.local/lib/python3.7/site-packages/airflow/example_dags/example_trigger_target_dag.py for tasks to queue
[2023-12-29T04:47:00.104+0000] {logging_mixin.py:120} INFO - [2023-12-29T04:47:00.104+0000] {dagbag.py:537} INFO - Filling up the DagBag from /home/airflow/.local/lib/python3.7/site-packages/airflow/example_dags/example_trigger_target_dag.py
[2023-12-29T04:47:00.130+0000] {processor.py:766} INFO - DAG(s) dict_keys(['example_trigger_target_dag']) retrieved from /home/airflow/.local/lib/python3.7/site-packages/airflow/example_dags/example_trigger_target_dag.py
[2023-12-29T04:47:00.168+0000] {logging_mixin.py:120} INFO - [2023-12-29T04:47:00.168+0000] {dag.py:2585} INFO - Sync 1 DAGs
[2023-12-29T04:47:00.194+0000] {logging_mixin.py:120} INFO - [2023-12-29T04:47:00.194+0000] {dag.py:3340} INFO - Setting next_dagrun for example_trigger_target_dag to None, run_after=None
[2023-12-29T04:47:00.211+0000] {processor.py:176} INFO - Processing /home/airflow/.local/lib/python3.7/site-packages/airflow/example_dags/example_trigger_target_dag.py took 0.111 seconds
[2023-12-29T04:47:30.801+0000] {processor.py:154} INFO - Started process (PID=1844) to work on /home/airflow/.local/lib/python3.7/site-packages/airflow/example_dags/example_trigger_target_dag.py
[2023-12-29T04:47:30.802+0000] {processor.py:756} INFO - Processing file /home/airflow/.local/lib/python3.7/site-packages/airflow/example_dags/example_trigger_target_dag.py for tasks to queue
[2023-12-29T04:47:30.802+0000] {logging_mixin.py:120} INFO - [2023-12-29T04:47:30.802+0000] {dagbag.py:537} INFO - Filling up the DagBag from /home/airflow/.local/lib/python3.7/site-packages/airflow/example_dags/example_trigger_target_dag.py
[2023-12-29T04:47:30.823+0000] {processor.py:766} INFO - DAG(s) dict_keys(['example_trigger_target_dag']) retrieved from /home/airflow/.local/lib/python3.7/site-packages/airflow/example_dags/example_trigger_target_dag.py
[2023-12-29T04:47:30.859+0000] {logging_mixin.py:120} INFO - [2023-12-29T04:47:30.859+0000] {dag.py:2585} INFO - Sync 1 DAGs
[2023-12-29T04:47:30.887+0000] {logging_mixin.py:120} INFO - [2023-12-29T04:47:30.887+0000] {dag.py:3340} INFO - Setting next_dagrun for example_trigger_target_dag to None, run_after=None
[2023-12-29T04:47:30.908+0000] {processor.py:176} INFO - Processing /home/airflow/.local/lib/python3.7/site-packages/airflow/example_dags/example_trigger_target_dag.py took 0.109 seconds
[2023-12-29T04:48:01.552+0000] {processor.py:154} INFO - Started process (PID=1909) to work on /home/airflow/.local/lib/python3.7/site-packages/airflow/example_dags/example_trigger_target_dag.py
[2023-12-29T04:48:01.553+0000] {processor.py:756} INFO - Processing file /home/airflow/.local/lib/python3.7/site-packages/airflow/example_dags/example_trigger_target_dag.py for tasks to queue
[2023-12-29T04:48:01.553+0000] {logging_mixin.py:120} INFO - [2023-12-29T04:48:01.553+0000] {dagbag.py:537} INFO - Filling up the DagBag from /home/airflow/.local/lib/python3.7/site-packages/airflow/example_dags/example_trigger_target_dag.py
[2023-12-29T04:48:01.574+0000] {processor.py:766} INFO - DAG(s) dict_keys(['example_trigger_target_dag']) retrieved from /home/airflow/.local/lib/python3.7/site-packages/airflow/example_dags/example_trigger_target_dag.py
[2023-12-29T04:48:01.612+0000] {logging_mixin.py:120} INFO - [2023-12-29T04:48:01.611+0000] {dag.py:2585} INFO - Sync 1 DAGs
[2023-12-29T04:48:01.641+0000] {logging_mixin.py:120} INFO - [2023-12-29T04:48:01.641+0000] {dag.py:3340} INFO - Setting next_dagrun for example_trigger_target_dag to None, run_after=None
[2023-12-29T04:48:01.659+0000] {processor.py:176} INFO - Processing /home/airflow/.local/lib/python3.7/site-packages/airflow/example_dags/example_trigger_target_dag.py took 0.109 seconds
[2023-12-29T04:48:32.646+0000] {processor.py:154} INFO - Started process (PID=1964) to work on /home/airflow/.local/lib/python3.7/site-packages/airflow/example_dags/example_trigger_target_dag.py
[2023-12-29T04:48:32.647+0000] {processor.py:756} INFO - Processing file /home/airflow/.local/lib/python3.7/site-packages/airflow/example_dags/example_trigger_target_dag.py for tasks to queue
[2023-12-29T04:48:32.648+0000] {logging_mixin.py:120} INFO - [2023-12-29T04:48:32.647+0000] {dagbag.py:537} INFO - Filling up the DagBag from /home/airflow/.local/lib/python3.7/site-packages/airflow/example_dags/example_trigger_target_dag.py
[2023-12-29T04:48:32.676+0000] {processor.py:766} INFO - DAG(s) dict_keys(['example_trigger_target_dag']) retrieved from /home/airflow/.local/lib/python3.7/site-packages/airflow/example_dags/example_trigger_target_dag.py
[2023-12-29T04:48:32.719+0000] {logging_mixin.py:120} INFO - [2023-12-29T04:48:32.719+0000] {dag.py:2585} INFO - Sync 1 DAGs
[2023-12-29T04:48:32.749+0000] {logging_mixin.py:120} INFO - [2023-12-29T04:48:32.749+0000] {dag.py:3340} INFO - Setting next_dagrun for example_trigger_target_dag to None, run_after=None
[2023-12-29T04:48:32.799+0000] {processor.py:176} INFO - Processing /home/airflow/.local/lib/python3.7/site-packages/airflow/example_dags/example_trigger_target_dag.py took 0.157 seconds
[2023-12-29T04:49:03.269+0000] {processor.py:154} INFO - Started process (PID=2029) to work on /home/airflow/.local/lib/python3.7/site-packages/airflow/example_dags/example_trigger_target_dag.py
[2023-12-29T04:49:03.270+0000] {processor.py:756} INFO - Processing file /home/airflow/.local/lib/python3.7/site-packages/airflow/example_dags/example_trigger_target_dag.py for tasks to queue
[2023-12-29T04:49:03.271+0000] {logging_mixin.py:120} INFO - [2023-12-29T04:49:03.271+0000] {dagbag.py:537} INFO - Filling up the DagBag from /home/airflow/.local/lib/python3.7/site-packages/airflow/example_dags/example_trigger_target_dag.py
[2023-12-29T04:49:03.303+0000] {processor.py:766} INFO - DAG(s) dict_keys(['example_trigger_target_dag']) retrieved from /home/airflow/.local/lib/python3.7/site-packages/airflow/example_dags/example_trigger_target_dag.py
[2023-12-29T04:49:03.349+0000] {logging_mixin.py:120} INFO - [2023-12-29T04:49:03.348+0000] {dag.py:2585} INFO - Sync 1 DAGs
[2023-12-29T04:49:03.381+0000] {logging_mixin.py:120} INFO - [2023-12-29T04:49:03.381+0000] {dag.py:3340} INFO - Setting next_dagrun for example_trigger_target_dag to None, run_after=None
[2023-12-29T04:49:03.404+0000] {processor.py:176} INFO - Processing /home/airflow/.local/lib/python3.7/site-packages/airflow/example_dags/example_trigger_target_dag.py took 0.138 seconds
[2023-12-29T04:49:33.539+0000] {processor.py:154} INFO - Started process (PID=2095) to work on /home/airflow/.local/lib/python3.7/site-packages/airflow/example_dags/example_trigger_target_dag.py
[2023-12-29T04:49:33.540+0000] {processor.py:756} INFO - Processing file /home/airflow/.local/lib/python3.7/site-packages/airflow/example_dags/example_trigger_target_dag.py for tasks to queue
[2023-12-29T04:49:33.541+0000] {logging_mixin.py:120} INFO - [2023-12-29T04:49:33.541+0000] {dagbag.py:537} INFO - Filling up the DagBag from /home/airflow/.local/lib/python3.7/site-packages/airflow/example_dags/example_trigger_target_dag.py
[2023-12-29T04:49:33.565+0000] {processor.py:766} INFO - DAG(s) dict_keys(['example_trigger_target_dag']) retrieved from /home/airflow/.local/lib/python3.7/site-packages/airflow/example_dags/example_trigger_target_dag.py
[2023-12-29T04:49:33.608+0000] {logging_mixin.py:120} INFO - [2023-12-29T04:49:33.608+0000] {dag.py:2585} INFO - Sync 1 DAGs
[2023-12-29T04:49:33.635+0000] {logging_mixin.py:120} INFO - [2023-12-29T04:49:33.635+0000] {dag.py:3340} INFO - Setting next_dagrun for example_trigger_target_dag to None, run_after=None
[2023-12-29T04:49:33.657+0000] {processor.py:176} INFO - Processing /home/airflow/.local/lib/python3.7/site-packages/airflow/example_dags/example_trigger_target_dag.py took 0.121 seconds
[2023-12-29T04:50:04.330+0000] {processor.py:154} INFO - Started process (PID=2150) to work on /home/airflow/.local/lib/python3.7/site-packages/airflow/example_dags/example_trigger_target_dag.py
[2023-12-29T04:50:04.331+0000] {processor.py:756} INFO - Processing file /home/airflow/.local/lib/python3.7/site-packages/airflow/example_dags/example_trigger_target_dag.py for tasks to queue
[2023-12-29T04:50:04.332+0000] {logging_mixin.py:120} INFO - [2023-12-29T04:50:04.331+0000] {dagbag.py:537} INFO - Filling up the DagBag from /home/airflow/.local/lib/python3.7/site-packages/airflow/example_dags/example_trigger_target_dag.py
[2023-12-29T04:50:04.352+0000] {processor.py:766} INFO - DAG(s) dict_keys(['example_trigger_target_dag']) retrieved from /home/airflow/.local/lib/python3.7/site-packages/airflow/example_dags/example_trigger_target_dag.py
[2023-12-29T04:50:04.388+0000] {logging_mixin.py:120} INFO - [2023-12-29T04:50:04.388+0000] {dag.py:2585} INFO - Sync 1 DAGs
[2023-12-29T04:50:04.414+0000] {logging_mixin.py:120} INFO - [2023-12-29T04:50:04.413+0000] {dag.py:3340} INFO - Setting next_dagrun for example_trigger_target_dag to None, run_after=None
[2023-12-29T04:50:04.432+0000] {processor.py:176} INFO - Processing /home/airflow/.local/lib/python3.7/site-packages/airflow/example_dags/example_trigger_target_dag.py took 0.104 seconds
[2023-12-29T04:50:34.946+0000] {processor.py:154} INFO - Started process (PID=2212) to work on /home/airflow/.local/lib/python3.7/site-packages/airflow/example_dags/example_trigger_target_dag.py
[2023-12-29T04:50:34.946+0000] {processor.py:756} INFO - Processing file /home/airflow/.local/lib/python3.7/site-packages/airflow/example_dags/example_trigger_target_dag.py for tasks to queue
[2023-12-29T04:50:34.947+0000] {logging_mixin.py:120} INFO - [2023-12-29T04:50:34.947+0000] {dagbag.py:537} INFO - Filling up the DagBag from /home/airflow/.local/lib/python3.7/site-packages/airflow/example_dags/example_trigger_target_dag.py
[2023-12-29T04:50:34.969+0000] {processor.py:766} INFO - DAG(s) dict_keys(['example_trigger_target_dag']) retrieved from /home/airflow/.local/lib/python3.7/site-packages/airflow/example_dags/example_trigger_target_dag.py
[2023-12-29T04:50:35.006+0000] {logging_mixin.py:120} INFO - [2023-12-29T04:50:35.006+0000] {dag.py:2585} INFO - Sync 1 DAGs
[2023-12-29T04:50:35.031+0000] {logging_mixin.py:120} INFO - [2023-12-29T04:50:35.031+0000] {dag.py:3340} INFO - Setting next_dagrun for example_trigger_target_dag to None, run_after=None
[2023-12-29T04:50:35.048+0000] {processor.py:176} INFO - Processing /home/airflow/.local/lib/python3.7/site-packages/airflow/example_dags/example_trigger_target_dag.py took 0.104 seconds
[2023-12-29T04:51:05.625+0000] {processor.py:154} INFO - Started process (PID=2277) to work on /home/airflow/.local/lib/python3.7/site-packages/airflow/example_dags/example_trigger_target_dag.py
[2023-12-29T04:51:05.626+0000] {processor.py:756} INFO - Processing file /home/airflow/.local/lib/python3.7/site-packages/airflow/example_dags/example_trigger_target_dag.py for tasks to queue
[2023-12-29T04:51:05.627+0000] {logging_mixin.py:120} INFO - [2023-12-29T04:51:05.627+0000] {dagbag.py:537} INFO - Filling up the DagBag from /home/airflow/.local/lib/python3.7/site-packages/airflow/example_dags/example_trigger_target_dag.py
[2023-12-29T04:51:05.646+0000] {processor.py:766} INFO - DAG(s) dict_keys(['example_trigger_target_dag']) retrieved from /home/airflow/.local/lib/python3.7/site-packages/airflow/example_dags/example_trigger_target_dag.py
[2023-12-29T04:51:05.682+0000] {logging_mixin.py:120} INFO - [2023-12-29T04:51:05.682+0000] {dag.py:2585} INFO - Sync 1 DAGs
[2023-12-29T04:51:05.706+0000] {logging_mixin.py:120} INFO - [2023-12-29T04:51:05.706+0000] {dag.py:3340} INFO - Setting next_dagrun for example_trigger_target_dag to None, run_after=None
[2023-12-29T04:51:05.722+0000] {processor.py:176} INFO - Processing /home/airflow/.local/lib/python3.7/site-packages/airflow/example_dags/example_trigger_target_dag.py took 0.100 seconds
[2023-12-29T04:51:36.310+0000] {processor.py:154} INFO - Started process (PID=2342) to work on /home/airflow/.local/lib/python3.7/site-packages/airflow/example_dags/example_trigger_target_dag.py
[2023-12-29T04:51:36.311+0000] {processor.py:756} INFO - Processing file /home/airflow/.local/lib/python3.7/site-packages/airflow/example_dags/example_trigger_target_dag.py for tasks to queue
[2023-12-29T04:51:36.312+0000] {logging_mixin.py:120} INFO - [2023-12-29T04:51:36.312+0000] {dagbag.py:537} INFO - Filling up the DagBag from /home/airflow/.local/lib/python3.7/site-packages/airflow/example_dags/example_trigger_target_dag.py
[2023-12-29T04:51:36.332+0000] {processor.py:766} INFO - DAG(s) dict_keys(['example_trigger_target_dag']) retrieved from /home/airflow/.local/lib/python3.7/site-packages/airflow/example_dags/example_trigger_target_dag.py
[2023-12-29T04:51:36.371+0000] {logging_mixin.py:120} INFO - [2023-12-29T04:51:36.370+0000] {dag.py:2585} INFO - Sync 1 DAGs
[2023-12-29T04:51:36.395+0000] {logging_mixin.py:120} INFO - [2023-12-29T04:51:36.395+0000] {dag.py:3340} INFO - Setting next_dagrun for example_trigger_target_dag to None, run_after=None
[2023-12-29T04:51:36.417+0000] {processor.py:176} INFO - Processing /home/airflow/.local/lib/python3.7/site-packages/airflow/example_dags/example_trigger_target_dag.py took 0.110 seconds
[2023-12-29T04:52:06.950+0000] {processor.py:154} INFO - Started process (PID=2398) to work on /home/airflow/.local/lib/python3.7/site-packages/airflow/example_dags/example_trigger_target_dag.py
[2023-12-29T04:52:06.950+0000] {processor.py:756} INFO - Processing file /home/airflow/.local/lib/python3.7/site-packages/airflow/example_dags/example_trigger_target_dag.py for tasks to queue
[2023-12-29T04:52:06.951+0000] {logging_mixin.py:120} INFO - [2023-12-29T04:52:06.951+0000] {dagbag.py:537} INFO - Filling up the DagBag from /home/airflow/.local/lib/python3.7/site-packages/airflow/example_dags/example_trigger_target_dag.py
[2023-12-29T04:52:06.971+0000] {processor.py:766} INFO - DAG(s) dict_keys(['example_trigger_target_dag']) retrieved from /home/airflow/.local/lib/python3.7/site-packages/airflow/example_dags/example_trigger_target_dag.py
[2023-12-29T04:52:07.006+0000] {logging_mixin.py:120} INFO - [2023-12-29T04:52:07.006+0000] {dag.py:2585} INFO - Sync 1 DAGs
[2023-12-29T04:52:07.030+0000] {logging_mixin.py:120} INFO - [2023-12-29T04:52:07.030+0000] {dag.py:3340} INFO - Setting next_dagrun for example_trigger_target_dag to None, run_after=None
[2023-12-29T04:52:07.047+0000] {processor.py:176} INFO - Processing /home/airflow/.local/lib/python3.7/site-packages/airflow/example_dags/example_trigger_target_dag.py took 0.100 seconds
[2023-12-29T04:52:37.590+0000] {processor.py:154} INFO - Started process (PID=2462) to work on /home/airflow/.local/lib/python3.7/site-packages/airflow/example_dags/example_trigger_target_dag.py
[2023-12-29T04:52:37.590+0000] {processor.py:756} INFO - Processing file /home/airflow/.local/lib/python3.7/site-packages/airflow/example_dags/example_trigger_target_dag.py for tasks to queue
[2023-12-29T04:52:37.591+0000] {logging_mixin.py:120} INFO - [2023-12-29T04:52:37.591+0000] {dagbag.py:537} INFO - Filling up the DagBag from /home/airflow/.local/lib/python3.7/site-packages/airflow/example_dags/example_trigger_target_dag.py
[2023-12-29T04:52:37.612+0000] {processor.py:766} INFO - DAG(s) dict_keys(['example_trigger_target_dag']) retrieved from /home/airflow/.local/lib/python3.7/site-packages/airflow/example_dags/example_trigger_target_dag.py
[2023-12-29T04:52:37.651+0000] {logging_mixin.py:120} INFO - [2023-12-29T04:52:37.651+0000] {dag.py:2585} INFO - Sync 1 DAGs
[2023-12-29T04:52:37.677+0000] {logging_mixin.py:120} INFO - [2023-12-29T04:52:37.677+0000] {dag.py:3340} INFO - Setting next_dagrun for example_trigger_target_dag to None, run_after=None
[2023-12-29T04:52:37.697+0000] {processor.py:176} INFO - Processing /home/airflow/.local/lib/python3.7/site-packages/airflow/example_dags/example_trigger_target_dag.py took 0.111 seconds
[2023-12-29T04:53:08.153+0000] {processor.py:154} INFO - Started process (PID=2527) to work on /home/airflow/.local/lib/python3.7/site-packages/airflow/example_dags/example_trigger_target_dag.py
[2023-12-29T04:53:08.154+0000] {processor.py:756} INFO - Processing file /home/airflow/.local/lib/python3.7/site-packages/airflow/example_dags/example_trigger_target_dag.py for tasks to queue
[2023-12-29T04:53:08.154+0000] {logging_mixin.py:120} INFO - [2023-12-29T04:53:08.154+0000] {dagbag.py:537} INFO - Filling up the DagBag from /home/airflow/.local/lib/python3.7/site-packages/airflow/example_dags/example_trigger_target_dag.py
[2023-12-29T04:53:08.175+0000] {processor.py:766} INFO - DAG(s) dict_keys(['example_trigger_target_dag']) retrieved from /home/airflow/.local/lib/python3.7/site-packages/airflow/example_dags/example_trigger_target_dag.py
[2023-12-29T04:53:08.212+0000] {logging_mixin.py:120} INFO - [2023-12-29T04:53:08.212+0000] {dag.py:2585} INFO - Sync 1 DAGs
[2023-12-29T04:53:08.236+0000] {logging_mixin.py:120} INFO - [2023-12-29T04:53:08.235+0000] {dag.py:3340} INFO - Setting next_dagrun for example_trigger_target_dag to None, run_after=None
[2023-12-29T04:53:08.252+0000] {processor.py:176} INFO - Processing /home/airflow/.local/lib/python3.7/site-packages/airflow/example_dags/example_trigger_target_dag.py took 0.102 seconds
[2023-12-29T04:53:38.674+0000] {processor.py:154} INFO - Started process (PID=2582) to work on /home/airflow/.local/lib/python3.7/site-packages/airflow/example_dags/example_trigger_target_dag.py
[2023-12-29T04:53:38.674+0000] {processor.py:756} INFO - Processing file /home/airflow/.local/lib/python3.7/site-packages/airflow/example_dags/example_trigger_target_dag.py for tasks to queue
[2023-12-29T04:53:38.675+0000] {logging_mixin.py:120} INFO - [2023-12-29T04:53:38.675+0000] {dagbag.py:537} INFO - Filling up the DagBag from /home/airflow/.local/lib/python3.7/site-packages/airflow/example_dags/example_trigger_target_dag.py
[2023-12-29T04:53:38.697+0000] {processor.py:766} INFO - DAG(s) dict_keys(['example_trigger_target_dag']) retrieved from /home/airflow/.local/lib/python3.7/site-packages/airflow/example_dags/example_trigger_target_dag.py
[2023-12-29T04:53:38.736+0000] {logging_mixin.py:120} INFO - [2023-12-29T04:53:38.736+0000] {dag.py:2585} INFO - Sync 1 DAGs
[2023-12-29T04:53:38.760+0000] {logging_mixin.py:120} INFO - [2023-12-29T04:53:38.760+0000] {dag.py:3340} INFO - Setting next_dagrun for example_trigger_target_dag to None, run_after=None
[2023-12-29T04:53:38.777+0000] {processor.py:176} INFO - Processing /home/airflow/.local/lib/python3.7/site-packages/airflow/example_dags/example_trigger_target_dag.py took 0.106 seconds
[2023-12-29T04:54:09.223+0000] {processor.py:154} INFO - Started process (PID=2646) to work on /home/airflow/.local/lib/python3.7/site-packages/airflow/example_dags/example_trigger_target_dag.py
[2023-12-29T04:54:09.224+0000] {processor.py:756} INFO - Processing file /home/airflow/.local/lib/python3.7/site-packages/airflow/example_dags/example_trigger_target_dag.py for tasks to queue
[2023-12-29T04:54:09.224+0000] {logging_mixin.py:120} INFO - [2023-12-29T04:54:09.224+0000] {dagbag.py:537} INFO - Filling up the DagBag from /home/airflow/.local/lib/python3.7/site-packages/airflow/example_dags/example_trigger_target_dag.py
[2023-12-29T04:54:09.249+0000] {processor.py:766} INFO - DAG(s) dict_keys(['example_trigger_target_dag']) retrieved from /home/airflow/.local/lib/python3.7/site-packages/airflow/example_dags/example_trigger_target_dag.py
[2023-12-29T04:54:09.288+0000] {logging_mixin.py:120} INFO - [2023-12-29T04:54:09.288+0000] {dag.py:2585} INFO - Sync 1 DAGs
[2023-12-29T04:54:09.313+0000] {logging_mixin.py:120} INFO - [2023-12-29T04:54:09.313+0000] {dag.py:3340} INFO - Setting next_dagrun for example_trigger_target_dag to None, run_after=None
[2023-12-29T04:54:09.332+0000] {processor.py:176} INFO - Processing /home/airflow/.local/lib/python3.7/site-packages/airflow/example_dags/example_trigger_target_dag.py took 0.112 seconds
[2023-12-29T04:54:39.865+0000] {processor.py:154} INFO - Started process (PID=2710) to work on /home/airflow/.local/lib/python3.7/site-packages/airflow/example_dags/example_trigger_target_dag.py
[2023-12-29T04:54:39.866+0000] {processor.py:756} INFO - Processing file /home/airflow/.local/lib/python3.7/site-packages/airflow/example_dags/example_trigger_target_dag.py for tasks to queue
[2023-12-29T04:54:39.867+0000] {logging_mixin.py:120} INFO - [2023-12-29T04:54:39.866+0000] {dagbag.py:537} INFO - Filling up the DagBag from /home/airflow/.local/lib/python3.7/site-packages/airflow/example_dags/example_trigger_target_dag.py
[2023-12-29T04:54:39.887+0000] {processor.py:766} INFO - DAG(s) dict_keys(['example_trigger_target_dag']) retrieved from /home/airflow/.local/lib/python3.7/site-packages/airflow/example_dags/example_trigger_target_dag.py
[2023-12-29T04:54:39.922+0000] {logging_mixin.py:120} INFO - [2023-12-29T04:54:39.922+0000] {dag.py:2585} INFO - Sync 1 DAGs
[2023-12-29T04:54:39.947+0000] {logging_mixin.py:120} INFO - [2023-12-29T04:54:39.947+0000] {dag.py:3340} INFO - Setting next_dagrun for example_trigger_target_dag to None, run_after=None
[2023-12-29T04:54:39.964+0000] {processor.py:176} INFO - Processing /home/airflow/.local/lib/python3.7/site-packages/airflow/example_dags/example_trigger_target_dag.py took 0.102 seconds
[2023-12-29T04:55:10.500+0000] {processor.py:154} INFO - Started process (PID=2773) to work on /home/airflow/.local/lib/python3.7/site-packages/airflow/example_dags/example_trigger_target_dag.py
[2023-12-29T04:55:10.501+0000] {processor.py:756} INFO - Processing file /home/airflow/.local/lib/python3.7/site-packages/airflow/example_dags/example_trigger_target_dag.py for tasks to queue
[2023-12-29T04:55:10.501+0000] {logging_mixin.py:120} INFO - [2023-12-29T04:55:10.501+0000] {dagbag.py:537} INFO - Filling up the DagBag from /home/airflow/.local/lib/python3.7/site-packages/airflow/example_dags/example_trigger_target_dag.py
[2023-12-29T04:55:10.523+0000] {processor.py:766} INFO - DAG(s) dict_keys(['example_trigger_target_dag']) retrieved from /home/airflow/.local/lib/python3.7/site-packages/airflow/example_dags/example_trigger_target_dag.py
[2023-12-29T04:55:10.561+0000] {logging_mixin.py:120} INFO - [2023-12-29T04:55:10.561+0000] {dag.py:2585} INFO - Sync 1 DAGs
[2023-12-29T04:55:10.585+0000] {logging_mixin.py:120} INFO - [2023-12-29T04:55:10.585+0000] {dag.py:3340} INFO - Setting next_dagrun for example_trigger_target_dag to None, run_after=None
[2023-12-29T04:55:10.602+0000] {processor.py:176} INFO - Processing /home/airflow/.local/lib/python3.7/site-packages/airflow/example_dags/example_trigger_target_dag.py took 0.106 seconds
[2023-12-29T04:55:41.397+0000] {processor.py:154} INFO - Started process (PID=2828) to work on /home/airflow/.local/lib/python3.7/site-packages/airflow/example_dags/example_trigger_target_dag.py
[2023-12-29T04:55:41.398+0000] {processor.py:756} INFO - Processing file /home/airflow/.local/lib/python3.7/site-packages/airflow/example_dags/example_trigger_target_dag.py for tasks to queue
[2023-12-29T04:55:41.399+0000] {logging_mixin.py:120} INFO - [2023-12-29T04:55:41.399+0000] {dagbag.py:537} INFO - Filling up the DagBag from /home/airflow/.local/lib/python3.7/site-packages/airflow/example_dags/example_trigger_target_dag.py
[2023-12-29T04:55:41.425+0000] {processor.py:766} INFO - DAG(s) dict_keys(['example_trigger_target_dag']) retrieved from /home/airflow/.local/lib/python3.7/site-packages/airflow/example_dags/example_trigger_target_dag.py
[2023-12-29T04:55:41.538+0000] {logging_mixin.py:120} INFO - [2023-12-29T04:55:41.538+0000] {dag.py:2585} INFO - Sync 1 DAGs
[2023-12-29T04:55:41.581+0000] {logging_mixin.py:120} INFO - [2023-12-29T04:55:41.580+0000] {dag.py:3340} INFO - Setting next_dagrun for example_trigger_target_dag to None, run_after=None
[2023-12-29T04:55:41.609+0000] {processor.py:176} INFO - Processing /home/airflow/.local/lib/python3.7/site-packages/airflow/example_dags/example_trigger_target_dag.py took 0.221 seconds
[2023-12-29T04:56:11.806+0000] {processor.py:154} INFO - Started process (PID=2892) to work on /home/airflow/.local/lib/python3.7/site-packages/airflow/example_dags/example_trigger_target_dag.py
[2023-12-29T04:56:11.806+0000] {processor.py:756} INFO - Processing file /home/airflow/.local/lib/python3.7/site-packages/airflow/example_dags/example_trigger_target_dag.py for tasks to queue
[2023-12-29T04:56:11.807+0000] {logging_mixin.py:120} INFO - [2023-12-29T04:56:11.807+0000] {dagbag.py:537} INFO - Filling up the DagBag from /home/airflow/.local/lib/python3.7/site-packages/airflow/example_dags/example_trigger_target_dag.py
[2023-12-29T04:56:11.830+0000] {processor.py:766} INFO - DAG(s) dict_keys(['example_trigger_target_dag']) retrieved from /home/airflow/.local/lib/python3.7/site-packages/airflow/example_dags/example_trigger_target_dag.py
[2023-12-29T04:56:11.870+0000] {logging_mixin.py:120} INFO - [2023-12-29T04:56:11.870+0000] {dag.py:2585} INFO - Sync 1 DAGs
[2023-12-29T04:56:11.897+0000] {logging_mixin.py:120} INFO - [2023-12-29T04:56:11.897+0000] {dag.py:3340} INFO - Setting next_dagrun for example_trigger_target_dag to None, run_after=None
[2023-12-29T04:56:11.922+0000] {processor.py:176} INFO - Processing /home/airflow/.local/lib/python3.7/site-packages/airflow/example_dags/example_trigger_target_dag.py took 0.118 seconds
[2023-12-29T04:56:42.611+0000] {processor.py:154} INFO - Started process (PID=2956) to work on /home/airflow/.local/lib/python3.7/site-packages/airflow/example_dags/example_trigger_target_dag.py
[2023-12-29T04:56:42.612+0000] {processor.py:756} INFO - Processing file /home/airflow/.local/lib/python3.7/site-packages/airflow/example_dags/example_trigger_target_dag.py for tasks to queue
[2023-12-29T04:56:42.612+0000] {logging_mixin.py:120} INFO - [2023-12-29T04:56:42.612+0000] {dagbag.py:537} INFO - Filling up the DagBag from /home/airflow/.local/lib/python3.7/site-packages/airflow/example_dags/example_trigger_target_dag.py
[2023-12-29T04:56:42.634+0000] {processor.py:766} INFO - DAG(s) dict_keys(['example_trigger_target_dag']) retrieved from /home/airflow/.local/lib/python3.7/site-packages/airflow/example_dags/example_trigger_target_dag.py
[2023-12-29T04:56:42.675+0000] {logging_mixin.py:120} INFO - [2023-12-29T04:56:42.675+0000] {dag.py:2585} INFO - Sync 1 DAGs
[2023-12-29T04:56:42.705+0000] {logging_mixin.py:120} INFO - [2023-12-29T04:56:42.705+0000] {dag.py:3340} INFO - Setting next_dagrun for example_trigger_target_dag to None, run_after=None
[2023-12-29T04:56:42.727+0000] {processor.py:176} INFO - Processing /home/airflow/.local/lib/python3.7/site-packages/airflow/example_dags/example_trigger_target_dag.py took 0.119 seconds
[2023-12-29T04:57:13.209+0000] {processor.py:154} INFO - Started process (PID=3011) to work on /home/airflow/.local/lib/python3.7/site-packages/airflow/example_dags/example_trigger_target_dag.py
[2023-12-29T04:57:13.209+0000] {processor.py:756} INFO - Processing file /home/airflow/.local/lib/python3.7/site-packages/airflow/example_dags/example_trigger_target_dag.py for tasks to queue
[2023-12-29T04:57:13.210+0000] {logging_mixin.py:120} INFO - [2023-12-29T04:57:13.210+0000] {dagbag.py:537} INFO - Filling up the DagBag from /home/airflow/.local/lib/python3.7/site-packages/airflow/example_dags/example_trigger_target_dag.py
[2023-12-29T04:57:13.231+0000] {processor.py:766} INFO - DAG(s) dict_keys(['example_trigger_target_dag']) retrieved from /home/airflow/.local/lib/python3.7/site-packages/airflow/example_dags/example_trigger_target_dag.py
[2023-12-29T04:57:13.271+0000] {logging_mixin.py:120} INFO - [2023-12-29T04:57:13.271+0000] {dag.py:2585} INFO - Sync 1 DAGs
[2023-12-29T04:57:13.296+0000] {logging_mixin.py:120} INFO - [2023-12-29T04:57:13.296+0000] {dag.py:3340} INFO - Setting next_dagrun for example_trigger_target_dag to None, run_after=None
[2023-12-29T04:57:13.315+0000] {processor.py:176} INFO - Processing /home/airflow/.local/lib/python3.7/site-packages/airflow/example_dags/example_trigger_target_dag.py took 0.109 seconds
[2023-12-29T04:57:43.908+0000] {processor.py:154} INFO - Started process (PID=3077) to work on /home/airflow/.local/lib/python3.7/site-packages/airflow/example_dags/example_trigger_target_dag.py
[2023-12-29T04:57:43.909+0000] {processor.py:756} INFO - Processing file /home/airflow/.local/lib/python3.7/site-packages/airflow/example_dags/example_trigger_target_dag.py for tasks to queue
[2023-12-29T04:57:43.909+0000] {logging_mixin.py:120} INFO - [2023-12-29T04:57:43.909+0000] {dagbag.py:537} INFO - Filling up the DagBag from /home/airflow/.local/lib/python3.7/site-packages/airflow/example_dags/example_trigger_target_dag.py
[2023-12-29T04:57:43.929+0000] {processor.py:766} INFO - DAG(s) dict_keys(['example_trigger_target_dag']) retrieved from /home/airflow/.local/lib/python3.7/site-packages/airflow/example_dags/example_trigger_target_dag.py
[2023-12-29T04:57:43.966+0000] {logging_mixin.py:120} INFO - [2023-12-29T04:57:43.966+0000] {dag.py:2585} INFO - Sync 1 DAGs
[2023-12-29T04:57:43.991+0000] {logging_mixin.py:120} INFO - [2023-12-29T04:57:43.990+0000] {dag.py:3340} INFO - Setting next_dagrun for example_trigger_target_dag to None, run_after=None
[2023-12-29T04:57:44.008+0000] {processor.py:176} INFO - Processing /home/airflow/.local/lib/python3.7/site-packages/airflow/example_dags/example_trigger_target_dag.py took 0.103 seconds
[2023-12-29T04:58:14.557+0000] {processor.py:154} INFO - Started process (PID=3140) to work on /home/airflow/.local/lib/python3.7/site-packages/airflow/example_dags/example_trigger_target_dag.py
[2023-12-29T04:58:14.558+0000] {processor.py:756} INFO - Processing file /home/airflow/.local/lib/python3.7/site-packages/airflow/example_dags/example_trigger_target_dag.py for tasks to queue
[2023-12-29T04:58:14.559+0000] {logging_mixin.py:120} INFO - [2023-12-29T04:58:14.558+0000] {dagbag.py:537} INFO - Filling up the DagBag from /home/airflow/.local/lib/python3.7/site-packages/airflow/example_dags/example_trigger_target_dag.py
[2023-12-29T04:58:14.580+0000] {processor.py:766} INFO - DAG(s) dict_keys(['example_trigger_target_dag']) retrieved from /home/airflow/.local/lib/python3.7/site-packages/airflow/example_dags/example_trigger_target_dag.py
[2023-12-29T04:58:14.614+0000] {logging_mixin.py:120} INFO - [2023-12-29T04:58:14.614+0000] {dag.py:2585} INFO - Sync 1 DAGs
[2023-12-29T04:58:14.639+0000] {logging_mixin.py:120} INFO - [2023-12-29T04:58:14.639+0000] {dag.py:3340} INFO - Setting next_dagrun for example_trigger_target_dag to None, run_after=None
[2023-12-29T04:58:14.656+0000] {processor.py:176} INFO - Processing /home/airflow/.local/lib/python3.7/site-packages/airflow/example_dags/example_trigger_target_dag.py took 0.101 seconds
[2023-12-29T04:58:45.244+0000] {processor.py:154} INFO - Started process (PID=3195) to work on /home/airflow/.local/lib/python3.7/site-packages/airflow/example_dags/example_trigger_target_dag.py
[2023-12-29T04:58:45.245+0000] {processor.py:756} INFO - Processing file /home/airflow/.local/lib/python3.7/site-packages/airflow/example_dags/example_trigger_target_dag.py for tasks to queue
[2023-12-29T04:58:45.245+0000] {logging_mixin.py:120} INFO - [2023-12-29T04:58:45.245+0000] {dagbag.py:537} INFO - Filling up the DagBag from /home/airflow/.local/lib/python3.7/site-packages/airflow/example_dags/example_trigger_target_dag.py
[2023-12-29T04:58:45.281+0000] {processor.py:766} INFO - DAG(s) dict_keys(['example_trigger_target_dag']) retrieved from /home/airflow/.local/lib/python3.7/site-packages/airflow/example_dags/example_trigger_target_dag.py
[2023-12-29T04:58:45.322+0000] {logging_mixin.py:120} INFO - [2023-12-29T04:58:45.322+0000] {dag.py:2585} INFO - Sync 1 DAGs
[2023-12-29T04:58:45.354+0000] {logging_mixin.py:120} INFO - [2023-12-29T04:58:45.354+0000] {dag.py:3340} INFO - Setting next_dagrun for example_trigger_target_dag to None, run_after=None
[2023-12-29T04:58:45.374+0000] {processor.py:176} INFO - Processing /home/airflow/.local/lib/python3.7/site-packages/airflow/example_dags/example_trigger_target_dag.py took 0.132 seconds
[2023-12-29T04:59:16.066+0000] {processor.py:154} INFO - Started process (PID=3261) to work on /home/airflow/.local/lib/python3.7/site-packages/airflow/example_dags/example_trigger_target_dag.py
[2023-12-29T04:59:16.066+0000] {processor.py:756} INFO - Processing file /home/airflow/.local/lib/python3.7/site-packages/airflow/example_dags/example_trigger_target_dag.py for tasks to queue
[2023-12-29T04:59:16.067+0000] {logging_mixin.py:120} INFO - [2023-12-29T04:59:16.067+0000] {dagbag.py:537} INFO - Filling up the DagBag from /home/airflow/.local/lib/python3.7/site-packages/airflow/example_dags/example_trigger_target_dag.py
[2023-12-29T04:59:16.086+0000] {processor.py:766} INFO - DAG(s) dict_keys(['example_trigger_target_dag']) retrieved from /home/airflow/.local/lib/python3.7/site-packages/airflow/example_dags/example_trigger_target_dag.py
[2023-12-29T04:59:16.123+0000] {logging_mixin.py:120} INFO - [2023-12-29T04:59:16.123+0000] {dag.py:2585} INFO - Sync 1 DAGs
[2023-12-29T04:59:16.146+0000] {logging_mixin.py:120} INFO - [2023-12-29T04:59:16.146+0000] {dag.py:3340} INFO - Setting next_dagrun for example_trigger_target_dag to None, run_after=None
[2023-12-29T04:59:16.163+0000] {processor.py:176} INFO - Processing /home/airflow/.local/lib/python3.7/site-packages/airflow/example_dags/example_trigger_target_dag.py took 0.100 seconds
[2023-12-29T04:59:46.787+0000] {processor.py:154} INFO - Started process (PID=3326) to work on /home/airflow/.local/lib/python3.7/site-packages/airflow/example_dags/example_trigger_target_dag.py
[2023-12-29T04:59:46.787+0000] {processor.py:756} INFO - Processing file /home/airflow/.local/lib/python3.7/site-packages/airflow/example_dags/example_trigger_target_dag.py for tasks to queue
[2023-12-29T04:59:46.788+0000] {logging_mixin.py:120} INFO - [2023-12-29T04:59:46.788+0000] {dagbag.py:537} INFO - Filling up the DagBag from /home/airflow/.local/lib/python3.7/site-packages/airflow/example_dags/example_trigger_target_dag.py
[2023-12-29T04:59:46.809+0000] {processor.py:766} INFO - DAG(s) dict_keys(['example_trigger_target_dag']) retrieved from /home/airflow/.local/lib/python3.7/site-packages/airflow/example_dags/example_trigger_target_dag.py
[2023-12-29T04:59:46.846+0000] {logging_mixin.py:120} INFO - [2023-12-29T04:59:46.846+0000] {dag.py:2585} INFO - Sync 1 DAGs
[2023-12-29T04:59:46.870+0000] {logging_mixin.py:120} INFO - [2023-12-29T04:59:46.870+0000] {dag.py:3340} INFO - Setting next_dagrun for example_trigger_target_dag to None, run_after=None
[2023-12-29T04:59:46.886+0000] {processor.py:176} INFO - Processing /home/airflow/.local/lib/python3.7/site-packages/airflow/example_dags/example_trigger_target_dag.py took 0.102 seconds
[2023-12-29T05:00:17.493+0000] {processor.py:154} INFO - Started process (PID=3390) to work on /home/airflow/.local/lib/python3.7/site-packages/airflow/example_dags/example_trigger_target_dag.py
[2023-12-29T05:00:17.494+0000] {processor.py:756} INFO - Processing file /home/airflow/.local/lib/python3.7/site-packages/airflow/example_dags/example_trigger_target_dag.py for tasks to queue
[2023-12-29T05:00:17.495+0000] {logging_mixin.py:120} INFO - [2023-12-29T05:00:17.495+0000] {dagbag.py:537} INFO - Filling up the DagBag from /home/airflow/.local/lib/python3.7/site-packages/airflow/example_dags/example_trigger_target_dag.py
[2023-12-29T05:00:17.517+0000] {processor.py:766} INFO - DAG(s) dict_keys(['example_trigger_target_dag']) retrieved from /home/airflow/.local/lib/python3.7/site-packages/airflow/example_dags/example_trigger_target_dag.py
[2023-12-29T05:00:17.553+0000] {logging_mixin.py:120} INFO - [2023-12-29T05:00:17.553+0000] {dag.py:2585} INFO - Sync 1 DAGs
[2023-12-29T05:00:17.579+0000] {logging_mixin.py:120} INFO - [2023-12-29T05:00:17.579+0000] {dag.py:3340} INFO - Setting next_dagrun for example_trigger_target_dag to None, run_after=None
[2023-12-29T05:00:17.597+0000] {processor.py:176} INFO - Processing /home/airflow/.local/lib/python3.7/site-packages/airflow/example_dags/example_trigger_target_dag.py took 0.106 seconds
[2023-12-29T05:00:48.047+0000] {processor.py:154} INFO - Started process (PID=3445) to work on /home/airflow/.local/lib/python3.7/site-packages/airflow/example_dags/example_trigger_target_dag.py
[2023-12-29T05:00:48.047+0000] {processor.py:756} INFO - Processing file /home/airflow/.local/lib/python3.7/site-packages/airflow/example_dags/example_trigger_target_dag.py for tasks to queue
[2023-12-29T05:00:48.048+0000] {logging_mixin.py:120} INFO - [2023-12-29T05:00:48.048+0000] {dagbag.py:537} INFO - Filling up the DagBag from /home/airflow/.local/lib/python3.7/site-packages/airflow/example_dags/example_trigger_target_dag.py
[2023-12-29T05:00:48.069+0000] {processor.py:766} INFO - DAG(s) dict_keys(['example_trigger_target_dag']) retrieved from /home/airflow/.local/lib/python3.7/site-packages/airflow/example_dags/example_trigger_target_dag.py
[2023-12-29T05:00:48.105+0000] {logging_mixin.py:120} INFO - [2023-12-29T05:00:48.105+0000] {dag.py:2585} INFO - Sync 1 DAGs
[2023-12-29T05:00:48.129+0000] {logging_mixin.py:120} INFO - [2023-12-29T05:00:48.129+0000] {dag.py:3340} INFO - Setting next_dagrun for example_trigger_target_dag to None, run_after=None
[2023-12-29T05:00:48.146+0000] {processor.py:176} INFO - Processing /home/airflow/.local/lib/python3.7/site-packages/airflow/example_dags/example_trigger_target_dag.py took 0.102 seconds
[2023-12-29T05:01:18.615+0000] {processor.py:154} INFO - Started process (PID=3509) to work on /home/airflow/.local/lib/python3.7/site-packages/airflow/example_dags/example_trigger_target_dag.py
[2023-12-29T05:01:18.616+0000] {processor.py:756} INFO - Processing file /home/airflow/.local/lib/python3.7/site-packages/airflow/example_dags/example_trigger_target_dag.py for tasks to queue
[2023-12-29T05:01:18.616+0000] {logging_mixin.py:120} INFO - [2023-12-29T05:01:18.616+0000] {dagbag.py:537} INFO - Filling up the DagBag from /home/airflow/.local/lib/python3.7/site-packages/airflow/example_dags/example_trigger_target_dag.py
[2023-12-29T05:01:18.637+0000] {processor.py:766} INFO - DAG(s) dict_keys(['example_trigger_target_dag']) retrieved from /home/airflow/.local/lib/python3.7/site-packages/airflow/example_dags/example_trigger_target_dag.py
[2023-12-29T05:01:18.676+0000] {logging_mixin.py:120} INFO - [2023-12-29T05:01:18.676+0000] {dag.py:2585} INFO - Sync 1 DAGs
[2023-12-29T05:01:18.700+0000] {logging_mixin.py:120} INFO - [2023-12-29T05:01:18.700+0000] {dag.py:3340} INFO - Setting next_dagrun for example_trigger_target_dag to None, run_after=None
[2023-12-29T05:01:18.717+0000] {processor.py:176} INFO - Processing /home/airflow/.local/lib/python3.7/site-packages/airflow/example_dags/example_trigger_target_dag.py took 0.105 seconds
[2023-12-29T05:01:49.123+0000] {processor.py:154} INFO - Started process (PID=3573) to work on /home/airflow/.local/lib/python3.7/site-packages/airflow/example_dags/example_trigger_target_dag.py
[2023-12-29T05:01:49.124+0000] {processor.py:756} INFO - Processing file /home/airflow/.local/lib/python3.7/site-packages/airflow/example_dags/example_trigger_target_dag.py for tasks to queue
[2023-12-29T05:01:49.124+0000] {logging_mixin.py:120} INFO - [2023-12-29T05:01:49.124+0000] {dagbag.py:537} INFO - Filling up the DagBag from /home/airflow/.local/lib/python3.7/site-packages/airflow/example_dags/example_trigger_target_dag.py
[2023-12-29T05:01:49.147+0000] {processor.py:766} INFO - DAG(s) dict_keys(['example_trigger_target_dag']) retrieved from /home/airflow/.local/lib/python3.7/site-packages/airflow/example_dags/example_trigger_target_dag.py
[2023-12-29T05:01:49.188+0000] {logging_mixin.py:120} INFO - [2023-12-29T05:01:49.188+0000] {dag.py:2585} INFO - Sync 1 DAGs
[2023-12-29T05:01:49.214+0000] {logging_mixin.py:120} INFO - [2023-12-29T05:01:49.214+0000] {dag.py:3340} INFO - Setting next_dagrun for example_trigger_target_dag to None, run_after=None
[2023-12-29T05:01:49.232+0000] {processor.py:176} INFO - Processing /home/airflow/.local/lib/python3.7/site-packages/airflow/example_dags/example_trigger_target_dag.py took 0.112 seconds
