[2023-12-29T04:32:37.747+0000] {processor.py:154} INFO - Started process (PID=59) to work on /home/airflow/.local/lib/python3.7/site-packages/airflow/example_dags/example_python_operator.py
[2023-12-29T04:32:37.748+0000] {processor.py:756} INFO - Processing file /home/airflow/.local/lib/python3.7/site-packages/airflow/example_dags/example_python_operator.py for tasks to queue
[2023-12-29T04:32:37.758+0000] {logging_mixin.py:120} INFO - [2023-12-29T04:32:37.758+0000] {dagbag.py:537} INFO - Filling up the DagBag from /home/airflow/.local/lib/python3.7/site-packages/airflow/example_dags/example_python_operator.py
[2023-12-29T04:32:37.781+0000] {logging_mixin.py:120} INFO - [2023-12-29T04:32:37.780+0000] {taskmixin.py:205} WARNING - Dependency <Task(_PythonDecoratedOperator): print_the_context>, log_sql_query already registered for DAG: example_python_operator
[2023-12-29T04:32:37.781+0000] {logging_mixin.py:120} INFO - [2023-12-29T04:32:37.781+0000] {taskmixin.py:205} WARNING - Dependency <Task(_PythonDecoratedOperator): log_sql_query>, print_the_context already registered for DAG: example_python_operator
[2023-12-29T04:32:37.781+0000] {logging_mixin.py:120} INFO - [2023-12-29T04:32:37.781+0000] {taskmixin.py:205} WARNING - Dependency <Task(_PythonDecoratedOperator): print_the_context>, log_sql_query already registered for DAG: example_python_operator
[2023-12-29T04:32:37.782+0000] {logging_mixin.py:120} INFO - [2023-12-29T04:32:37.782+0000] {taskmixin.py:205} WARNING - Dependency <Task(_PythonDecoratedOperator): log_sql_query>, print_the_context already registered for DAG: example_python_operator
[2023-12-29T04:32:37.783+0000] {logging_mixin.py:120} INFO - [2023-12-29T04:32:37.782+0000] {taskmixin.py:205} WARNING - Dependency <Task(_PythonDecoratedOperator): print_the_context>, log_sql_query already registered for DAG: example_python_operator
[2023-12-29T04:32:37.783+0000] {logging_mixin.py:120} INFO - [2023-12-29T04:32:37.783+0000] {taskmixin.py:205} WARNING - Dependency <Task(_PythonDecoratedOperator): log_sql_query>, print_the_context already registered for DAG: example_python_operator
[2023-12-29T04:32:37.784+0000] {logging_mixin.py:120} INFO - [2023-12-29T04:32:37.783+0000] {taskmixin.py:205} WARNING - Dependency <Task(_PythonDecoratedOperator): print_the_context>, log_sql_query already registered for DAG: example_python_operator
[2023-12-29T04:32:37.784+0000] {logging_mixin.py:120} INFO - [2023-12-29T04:32:37.784+0000] {taskmixin.py:205} WARNING - Dependency <Task(_PythonDecoratedOperator): log_sql_query>, print_the_context already registered for DAG: example_python_operator
[2023-12-29T04:32:37.794+0000] {processor.py:766} INFO - DAG(s) dict_keys(['example_python_operator']) retrieved from /home/airflow/.local/lib/python3.7/site-packages/airflow/example_dags/example_python_operator.py
[2023-12-29T04:32:37.835+0000] {logging_mixin.py:120} INFO - [2023-12-29T04:32:37.835+0000] {dag.py:2585} INFO - Sync 1 DAGs
[2023-12-29T04:32:37.884+0000] {logging_mixin.py:120} INFO - [2023-12-29T04:32:37.884+0000] {dag.py:3340} INFO - Setting next_dagrun for example_python_operator to None, run_after=None
[2023-12-29T04:32:37.915+0000] {processor.py:176} INFO - Processing /home/airflow/.local/lib/python3.7/site-packages/airflow/example_dags/example_python_operator.py took 0.170 seconds
[2023-12-29T04:33:08.035+0000] {processor.py:154} INFO - Started process (PID=123) to work on /home/airflow/.local/lib/python3.7/site-packages/airflow/example_dags/example_python_operator.py
[2023-12-29T04:33:08.036+0000] {processor.py:756} INFO - Processing file /home/airflow/.local/lib/python3.7/site-packages/airflow/example_dags/example_python_operator.py for tasks to queue
[2023-12-29T04:33:08.037+0000] {logging_mixin.py:120} INFO - [2023-12-29T04:33:08.036+0000] {dagbag.py:537} INFO - Filling up the DagBag from /home/airflow/.local/lib/python3.7/site-packages/airflow/example_dags/example_python_operator.py
[2023-12-29T04:33:08.050+0000] {logging_mixin.py:120} INFO - [2023-12-29T04:33:08.050+0000] {taskmixin.py:205} WARNING - Dependency <Task(_PythonDecoratedOperator): print_the_context>, log_sql_query already registered for DAG: example_python_operator
[2023-12-29T04:33:08.050+0000] {logging_mixin.py:120} INFO - [2023-12-29T04:33:08.050+0000] {taskmixin.py:205} WARNING - Dependency <Task(_PythonDecoratedOperator): log_sql_query>, print_the_context already registered for DAG: example_python_operator
[2023-12-29T04:33:08.051+0000] {logging_mixin.py:120} INFO - [2023-12-29T04:33:08.051+0000] {taskmixin.py:205} WARNING - Dependency <Task(_PythonDecoratedOperator): print_the_context>, log_sql_query already registered for DAG: example_python_operator
[2023-12-29T04:33:08.051+0000] {logging_mixin.py:120} INFO - [2023-12-29T04:33:08.051+0000] {taskmixin.py:205} WARNING - Dependency <Task(_PythonDecoratedOperator): log_sql_query>, print_the_context already registered for DAG: example_python_operator
[2023-12-29T04:33:08.052+0000] {logging_mixin.py:120} INFO - [2023-12-29T04:33:08.052+0000] {taskmixin.py:205} WARNING - Dependency <Task(_PythonDecoratedOperator): print_the_context>, log_sql_query already registered for DAG: example_python_operator
[2023-12-29T04:33:08.052+0000] {logging_mixin.py:120} INFO - [2023-12-29T04:33:08.052+0000] {taskmixin.py:205} WARNING - Dependency <Task(_PythonDecoratedOperator): log_sql_query>, print_the_context already registered for DAG: example_python_operator
[2023-12-29T04:33:08.053+0000] {logging_mixin.py:120} INFO - [2023-12-29T04:33:08.053+0000] {taskmixin.py:205} WARNING - Dependency <Task(_PythonDecoratedOperator): print_the_context>, log_sql_query already registered for DAG: example_python_operator
[2023-12-29T04:33:08.053+0000] {logging_mixin.py:120} INFO - [2023-12-29T04:33:08.053+0000] {taskmixin.py:205} WARNING - Dependency <Task(_PythonDecoratedOperator): log_sql_query>, print_the_context already registered for DAG: example_python_operator
[2023-12-29T04:33:08.060+0000] {processor.py:766} INFO - DAG(s) dict_keys(['example_python_operator']) retrieved from /home/airflow/.local/lib/python3.7/site-packages/airflow/example_dags/example_python_operator.py
[2023-12-29T04:33:08.098+0000] {logging_mixin.py:120} INFO - [2023-12-29T04:33:08.098+0000] {dag.py:2585} INFO - Sync 1 DAGs
[2023-12-29T04:33:08.121+0000] {logging_mixin.py:120} INFO - [2023-12-29T04:33:08.121+0000] {dag.py:3340} INFO - Setting next_dagrun for example_python_operator to None, run_after=None
[2023-12-29T04:33:08.137+0000] {processor.py:176} INFO - Processing /home/airflow/.local/lib/python3.7/site-packages/airflow/example_dags/example_python_operator.py took 0.105 seconds
[2023-12-29T04:33:39.465+0000] {processor.py:154} INFO - Started process (PID=189) to work on /home/airflow/.local/lib/python3.7/site-packages/airflow/example_dags/example_python_operator.py
[2023-12-29T04:33:39.466+0000] {processor.py:756} INFO - Processing file /home/airflow/.local/lib/python3.7/site-packages/airflow/example_dags/example_python_operator.py for tasks to queue
[2023-12-29T04:33:39.466+0000] {logging_mixin.py:120} INFO - [2023-12-29T04:33:39.466+0000] {dagbag.py:537} INFO - Filling up the DagBag from /home/airflow/.local/lib/python3.7/site-packages/airflow/example_dags/example_python_operator.py
[2023-12-29T04:33:39.480+0000] {logging_mixin.py:120} INFO - [2023-12-29T04:33:39.480+0000] {taskmixin.py:205} WARNING - Dependency <Task(_PythonDecoratedOperator): print_the_context>, log_sql_query already registered for DAG: example_python_operator
[2023-12-29T04:33:39.480+0000] {logging_mixin.py:120} INFO - [2023-12-29T04:33:39.480+0000] {taskmixin.py:205} WARNING - Dependency <Task(_PythonDecoratedOperator): log_sql_query>, print_the_context already registered for DAG: example_python_operator
[2023-12-29T04:33:39.481+0000] {logging_mixin.py:120} INFO - [2023-12-29T04:33:39.480+0000] {taskmixin.py:205} WARNING - Dependency <Task(_PythonDecoratedOperator): print_the_context>, log_sql_query already registered for DAG: example_python_operator
[2023-12-29T04:33:39.481+0000] {logging_mixin.py:120} INFO - [2023-12-29T04:33:39.481+0000] {taskmixin.py:205} WARNING - Dependency <Task(_PythonDecoratedOperator): log_sql_query>, print_the_context already registered for DAG: example_python_operator
[2023-12-29T04:33:39.481+0000] {logging_mixin.py:120} INFO - [2023-12-29T04:33:39.481+0000] {taskmixin.py:205} WARNING - Dependency <Task(_PythonDecoratedOperator): print_the_context>, log_sql_query already registered for DAG: example_python_operator
[2023-12-29T04:33:39.481+0000] {logging_mixin.py:120} INFO - [2023-12-29T04:33:39.481+0000] {taskmixin.py:205} WARNING - Dependency <Task(_PythonDecoratedOperator): log_sql_query>, print_the_context already registered for DAG: example_python_operator
[2023-12-29T04:33:39.482+0000] {logging_mixin.py:120} INFO - [2023-12-29T04:33:39.482+0000] {taskmixin.py:205} WARNING - Dependency <Task(_PythonDecoratedOperator): print_the_context>, log_sql_query already registered for DAG: example_python_operator
[2023-12-29T04:33:39.482+0000] {logging_mixin.py:120} INFO - [2023-12-29T04:33:39.482+0000] {taskmixin.py:205} WARNING - Dependency <Task(_PythonDecoratedOperator): log_sql_query>, print_the_context already registered for DAG: example_python_operator
[2023-12-29T04:33:39.489+0000] {processor.py:766} INFO - DAG(s) dict_keys(['example_python_operator']) retrieved from /home/airflow/.local/lib/python3.7/site-packages/airflow/example_dags/example_python_operator.py
[2023-12-29T04:33:39.526+0000] {logging_mixin.py:120} INFO - [2023-12-29T04:33:39.526+0000] {dag.py:2585} INFO - Sync 1 DAGs
[2023-12-29T04:33:39.548+0000] {logging_mixin.py:120} INFO - [2023-12-29T04:33:39.548+0000] {dag.py:3340} INFO - Setting next_dagrun for example_python_operator to None, run_after=None
[2023-12-29T04:33:39.565+0000] {processor.py:176} INFO - Processing /home/airflow/.local/lib/python3.7/site-packages/airflow/example_dags/example_python_operator.py took 0.103 seconds
[2023-12-29T04:34:10.394+0000] {processor.py:154} INFO - Started process (PID=244) to work on /home/airflow/.local/lib/python3.7/site-packages/airflow/example_dags/example_python_operator.py
[2023-12-29T04:34:10.395+0000] {processor.py:756} INFO - Processing file /home/airflow/.local/lib/python3.7/site-packages/airflow/example_dags/example_python_operator.py for tasks to queue
[2023-12-29T04:34:10.396+0000] {logging_mixin.py:120} INFO - [2023-12-29T04:34:10.396+0000] {dagbag.py:537} INFO - Filling up the DagBag from /home/airflow/.local/lib/python3.7/site-packages/airflow/example_dags/example_python_operator.py
[2023-12-29T04:34:10.416+0000] {logging_mixin.py:120} INFO - [2023-12-29T04:34:10.416+0000] {taskmixin.py:205} WARNING - Dependency <Task(_PythonDecoratedOperator): print_the_context>, log_sql_query already registered for DAG: example_python_operator
[2023-12-29T04:34:10.417+0000] {logging_mixin.py:120} INFO - [2023-12-29T04:34:10.417+0000] {taskmixin.py:205} WARNING - Dependency <Task(_PythonDecoratedOperator): log_sql_query>, print_the_context already registered for DAG: example_python_operator
[2023-12-29T04:34:10.418+0000] {logging_mixin.py:120} INFO - [2023-12-29T04:34:10.417+0000] {taskmixin.py:205} WARNING - Dependency <Task(_PythonDecoratedOperator): print_the_context>, log_sql_query already registered for DAG: example_python_operator
[2023-12-29T04:34:10.418+0000] {logging_mixin.py:120} INFO - [2023-12-29T04:34:10.418+0000] {taskmixin.py:205} WARNING - Dependency <Task(_PythonDecoratedOperator): log_sql_query>, print_the_context already registered for DAG: example_python_operator
[2023-12-29T04:34:10.418+0000] {logging_mixin.py:120} INFO - [2023-12-29T04:34:10.418+0000] {taskmixin.py:205} WARNING - Dependency <Task(_PythonDecoratedOperator): print_the_context>, log_sql_query already registered for DAG: example_python_operator
[2023-12-29T04:34:10.419+0000] {logging_mixin.py:120} INFO - [2023-12-29T04:34:10.419+0000] {taskmixin.py:205} WARNING - Dependency <Task(_PythonDecoratedOperator): log_sql_query>, print_the_context already registered for DAG: example_python_operator
[2023-12-29T04:34:10.420+0000] {logging_mixin.py:120} INFO - [2023-12-29T04:34:10.420+0000] {taskmixin.py:205} WARNING - Dependency <Task(_PythonDecoratedOperator): print_the_context>, log_sql_query already registered for DAG: example_python_operator
[2023-12-29T04:34:10.420+0000] {logging_mixin.py:120} INFO - [2023-12-29T04:34:10.420+0000] {taskmixin.py:205} WARNING - Dependency <Task(_PythonDecoratedOperator): log_sql_query>, print_the_context already registered for DAG: example_python_operator
[2023-12-29T04:34:10.430+0000] {processor.py:766} INFO - DAG(s) dict_keys(['example_python_operator']) retrieved from /home/airflow/.local/lib/python3.7/site-packages/airflow/example_dags/example_python_operator.py
[2023-12-29T04:34:10.476+0000] {logging_mixin.py:120} INFO - [2023-12-29T04:34:10.476+0000] {dag.py:2585} INFO - Sync 1 DAGs
[2023-12-29T04:34:10.516+0000] {logging_mixin.py:120} INFO - [2023-12-29T04:34:10.515+0000] {dag.py:3340} INFO - Setting next_dagrun for example_python_operator to None, run_after=None
[2023-12-29T04:34:10.540+0000] {processor.py:176} INFO - Processing /home/airflow/.local/lib/python3.7/site-packages/airflow/example_dags/example_python_operator.py took 0.148 seconds
