[2023-12-29T04:32:36.825+0000] {processor.py:154} INFO - Started process (PID=47) to work on /home/airflow/.local/lib/python3.7/site-packages/airflow/example_dags/example_latest_only.py
[2023-12-29T04:32:36.826+0000] {processor.py:756} INFO - Processing file /home/airflow/.local/lib/python3.7/site-packages/airflow/example_dags/example_latest_only.py for tasks to queue
[2023-12-29T04:32:36.826+0000] {logging_mixin.py:120} INFO - [2023-12-29T04:32:36.826+0000] {dagbag.py:537} INFO - Filling up the DagBag from /home/airflow/.local/lib/python3.7/site-packages/airflow/example_dags/example_latest_only.py
[2023-12-29T04:32:36.839+0000] {processor.py:766} INFO - DAG(s) dict_keys(['latest_only']) retrieved from /home/airflow/.local/lib/python3.7/site-packages/airflow/example_dags/example_latest_only.py
[2023-12-29T04:32:36.907+0000] {logging_mixin.py:120} INFO - [2023-12-29T04:32:36.907+0000] {dag.py:2585} INFO - Sync 1 DAGs
[2023-12-29T04:32:36.934+0000] {logging_mixin.py:120} INFO - [2023-12-29T04:32:36.933+0000] {dag.py:3340} INFO - Setting next_dagrun for latest_only to 2023-12-29T00:32:36.933733+00:00, run_after=2023-12-29T04:32:36.933733+00:00
[2023-12-29T04:32:36.952+0000] {processor.py:176} INFO - Processing /home/airflow/.local/lib/python3.7/site-packages/airflow/example_dags/example_latest_only.py took 0.130 seconds
[2023-12-29T04:33:07.157+0000] {processor.py:154} INFO - Started process (PID=111) to work on /home/airflow/.local/lib/python3.7/site-packages/airflow/example_dags/example_latest_only.py
[2023-12-29T04:33:07.158+0000] {processor.py:756} INFO - Processing file /home/airflow/.local/lib/python3.7/site-packages/airflow/example_dags/example_latest_only.py for tasks to queue
[2023-12-29T04:33:07.159+0000] {logging_mixin.py:120} INFO - [2023-12-29T04:33:07.159+0000] {dagbag.py:537} INFO - Filling up the DagBag from /home/airflow/.local/lib/python3.7/site-packages/airflow/example_dags/example_latest_only.py
[2023-12-29T04:33:07.171+0000] {processor.py:766} INFO - DAG(s) dict_keys(['latest_only']) retrieved from /home/airflow/.local/lib/python3.7/site-packages/airflow/example_dags/example_latest_only.py
[2023-12-29T04:33:07.206+0000] {logging_mixin.py:120} INFO - [2023-12-29T04:33:07.205+0000] {dag.py:2585} INFO - Sync 1 DAGs
[2023-12-29T04:33:07.231+0000] {logging_mixin.py:120} INFO - [2023-12-29T04:33:07.230+0000] {dag.py:3340} INFO - Setting next_dagrun for latest_only to 2023-12-29T00:33:07.230588+00:00, run_after=2023-12-29T04:33:07.230588+00:00
[2023-12-29T04:33:07.251+0000] {processor.py:176} INFO - Processing /home/airflow/.local/lib/python3.7/site-packages/airflow/example_dags/example_latest_only.py took 0.096 seconds
[2023-12-29T04:33:38.554+0000] {processor.py:154} INFO - Started process (PID=177) to work on /home/airflow/.local/lib/python3.7/site-packages/airflow/example_dags/example_latest_only.py
[2023-12-29T04:33:38.555+0000] {processor.py:756} INFO - Processing file /home/airflow/.local/lib/python3.7/site-packages/airflow/example_dags/example_latest_only.py for tasks to queue
[2023-12-29T04:33:38.555+0000] {logging_mixin.py:120} INFO - [2023-12-29T04:33:38.555+0000] {dagbag.py:537} INFO - Filling up the DagBag from /home/airflow/.local/lib/python3.7/site-packages/airflow/example_dags/example_latest_only.py
[2023-12-29T04:33:38.567+0000] {processor.py:766} INFO - DAG(s) dict_keys(['latest_only']) retrieved from /home/airflow/.local/lib/python3.7/site-packages/airflow/example_dags/example_latest_only.py
[2023-12-29T04:33:38.605+0000] {logging_mixin.py:120} INFO - [2023-12-29T04:33:38.605+0000] {dag.py:2585} INFO - Sync 1 DAGs
[2023-12-29T04:33:38.642+0000] {logging_mixin.py:120} INFO - [2023-12-29T04:33:38.642+0000] {dag.py:3340} INFO - Setting next_dagrun for latest_only to 2023-12-29T00:33:38.642137+00:00, run_after=2023-12-29T04:33:38.642137+00:00
[2023-12-29T04:33:38.662+0000] {processor.py:176} INFO - Processing /home/airflow/.local/lib/python3.7/site-packages/airflow/example_dags/example_latest_only.py took 0.110 seconds
[2023-12-29T04:34:09.609+0000] {processor.py:154} INFO - Started process (PID=232) to work on /home/airflow/.local/lib/python3.7/site-packages/airflow/example_dags/example_latest_only.py
[2023-12-29T04:34:09.610+0000] {processor.py:756} INFO - Processing file /home/airflow/.local/lib/python3.7/site-packages/airflow/example_dags/example_latest_only.py for tasks to queue
[2023-12-29T04:34:09.611+0000] {logging_mixin.py:120} INFO - [2023-12-29T04:34:09.611+0000] {dagbag.py:537} INFO - Filling up the DagBag from /home/airflow/.local/lib/python3.7/site-packages/airflow/example_dags/example_latest_only.py
[2023-12-29T04:34:09.626+0000] {processor.py:766} INFO - DAG(s) dict_keys(['latest_only']) retrieved from /home/airflow/.local/lib/python3.7/site-packages/airflow/example_dags/example_latest_only.py
[2023-12-29T04:34:09.669+0000] {logging_mixin.py:120} INFO - [2023-12-29T04:34:09.669+0000] {dag.py:2585} INFO - Sync 1 DAGs
[2023-12-29T04:34:09.693+0000] {logging_mixin.py:120} INFO - [2023-12-29T04:34:09.692+0000] {dag.py:3340} INFO - Setting next_dagrun for latest_only to 2023-12-29T00:34:09.692687+00:00, run_after=2023-12-29T04:34:09.692687+00:00
[2023-12-29T04:34:09.710+0000] {processor.py:176} INFO - Processing /home/airflow/.local/lib/python3.7/site-packages/airflow/example_dags/example_latest_only.py took 0.104 seconds
