[2023-12-29T04:32:37.009+0000] {processor.py:154} INFO - Started process (PID=50) to work on /home/airflow/.local/lib/python3.7/site-packages/airflow/example_dags/tutorial_dag.py
[2023-12-29T04:32:37.009+0000] {processor.py:756} INFO - Processing file /home/airflow/.local/lib/python3.7/site-packages/airflow/example_dags/tutorial_dag.py for tasks to queue
[2023-12-29T04:32:37.010+0000] {logging_mixin.py:120} INFO - [2023-12-29T04:32:37.010+0000] {dagbag.py:537} INFO - Filling up the DagBag from /home/airflow/.local/lib/python3.7/site-packages/airflow/example_dags/tutorial_dag.py
[2023-12-29T04:32:37.028+0000] {processor.py:766} INFO - DAG(s) dict_keys(['tutorial_dag']) retrieved from /home/airflow/.local/lib/python3.7/site-packages/airflow/example_dags/tutorial_dag.py
[2023-12-29T04:32:37.070+0000] {logging_mixin.py:120} INFO - [2023-12-29T04:32:37.070+0000] {dag.py:2585} INFO - Sync 1 DAGs
[2023-12-29T04:32:37.095+0000] {logging_mixin.py:120} INFO - [2023-12-29T04:32:37.095+0000] {dag.py:3340} INFO - Setting next_dagrun for tutorial_dag to None, run_after=None
[2023-12-29T04:32:37.117+0000] {processor.py:176} INFO - Processing /home/airflow/.local/lib/python3.7/site-packages/airflow/example_dags/tutorial_dag.py took 0.111 seconds
[2023-12-29T04:33:07.380+0000] {processor.py:154} INFO - Started process (PID=114) to work on /home/airflow/.local/lib/python3.7/site-packages/airflow/example_dags/tutorial_dag.py
[2023-12-29T04:33:07.381+0000] {processor.py:756} INFO - Processing file /home/airflow/.local/lib/python3.7/site-packages/airflow/example_dags/tutorial_dag.py for tasks to queue
[2023-12-29T04:33:07.381+0000] {logging_mixin.py:120} INFO - [2023-12-29T04:33:07.381+0000] {dagbag.py:537} INFO - Filling up the DagBag from /home/airflow/.local/lib/python3.7/site-packages/airflow/example_dags/tutorial_dag.py
[2023-12-29T04:33:07.392+0000] {processor.py:766} INFO - DAG(s) dict_keys(['tutorial_dag']) retrieved from /home/airflow/.local/lib/python3.7/site-packages/airflow/example_dags/tutorial_dag.py
[2023-12-29T04:33:07.425+0000] {logging_mixin.py:120} INFO - [2023-12-29T04:33:07.425+0000] {dag.py:2585} INFO - Sync 1 DAGs
[2023-12-29T04:33:07.448+0000] {logging_mixin.py:120} INFO - [2023-12-29T04:33:07.448+0000] {dag.py:3340} INFO - Setting next_dagrun for tutorial_dag to None, run_after=None
[2023-12-29T04:33:07.465+0000] {processor.py:176} INFO - Processing /home/airflow/.local/lib/python3.7/site-packages/airflow/example_dags/tutorial_dag.py took 0.087 seconds
[2023-12-29T04:33:38.797+0000] {processor.py:154} INFO - Started process (PID=180) to work on /home/airflow/.local/lib/python3.7/site-packages/airflow/example_dags/tutorial_dag.py
[2023-12-29T04:33:38.797+0000] {processor.py:756} INFO - Processing file /home/airflow/.local/lib/python3.7/site-packages/airflow/example_dags/tutorial_dag.py for tasks to queue
[2023-12-29T04:33:38.798+0000] {logging_mixin.py:120} INFO - [2023-12-29T04:33:38.798+0000] {dagbag.py:537} INFO - Filling up the DagBag from /home/airflow/.local/lib/python3.7/site-packages/airflow/example_dags/tutorial_dag.py
[2023-12-29T04:33:38.809+0000] {processor.py:766} INFO - DAG(s) dict_keys(['tutorial_dag']) retrieved from /home/airflow/.local/lib/python3.7/site-packages/airflow/example_dags/tutorial_dag.py
[2023-12-29T04:33:38.850+0000] {logging_mixin.py:120} INFO - [2023-12-29T04:33:38.850+0000] {dag.py:2585} INFO - Sync 1 DAGs
[2023-12-29T04:33:38.875+0000] {logging_mixin.py:120} INFO - [2023-12-29T04:33:38.875+0000] {dag.py:3340} INFO - Setting next_dagrun for tutorial_dag to None, run_after=None
[2023-12-29T04:33:38.893+0000] {processor.py:176} INFO - Processing /home/airflow/.local/lib/python3.7/site-packages/airflow/example_dags/tutorial_dag.py took 0.099 seconds
[2023-12-29T04:34:09.782+0000] {processor.py:154} INFO - Started process (PID=235) to work on /home/airflow/.local/lib/python3.7/site-packages/airflow/example_dags/tutorial_dag.py
[2023-12-29T04:34:09.783+0000] {processor.py:756} INFO - Processing file /home/airflow/.local/lib/python3.7/site-packages/airflow/example_dags/tutorial_dag.py for tasks to queue
[2023-12-29T04:34:09.783+0000] {logging_mixin.py:120} INFO - [2023-12-29T04:34:09.783+0000] {dagbag.py:537} INFO - Filling up the DagBag from /home/airflow/.local/lib/python3.7/site-packages/airflow/example_dags/tutorial_dag.py
[2023-12-29T04:34:09.810+0000] {processor.py:766} INFO - DAG(s) dict_keys(['tutorial_dag']) retrieved from /home/airflow/.local/lib/python3.7/site-packages/airflow/example_dags/tutorial_dag.py
[2023-12-29T04:34:09.848+0000] {logging_mixin.py:120} INFO - [2023-12-29T04:34:09.848+0000] {dag.py:2585} INFO - Sync 1 DAGs
[2023-12-29T04:34:09.875+0000] {logging_mixin.py:120} INFO - [2023-12-29T04:34:09.874+0000] {dag.py:3340} INFO - Setting next_dagrun for tutorial_dag to None, run_after=None
[2023-12-29T04:34:09.892+0000] {processor.py:176} INFO - Processing /home/airflow/.local/lib/python3.7/site-packages/airflow/example_dags/tutorial_dag.py took 0.112 seconds
