[2023-12-28T19:52:51.748+0000] {taskinstance.py:1165} INFO - Dependencies all met for <TaskInstance: example_bash_operator.also_run_this scheduled__2023-12-27T00:00:00+00:00 [queued]>
[2023-12-28T19:52:51.782+0000] {taskinstance.py:1165} INFO - Dependencies all met for <TaskInstance: example_bash_operator.also_run_this scheduled__2023-12-27T00:00:00+00:00 [queued]>
[2023-12-28T19:52:51.783+0000] {taskinstance.py:1362} INFO - 
--------------------------------------------------------------------------------
[2023-12-28T19:52:51.783+0000] {taskinstance.py:1363} INFO - Starting attempt 1 of 1
[2023-12-28T19:52:51.783+0000] {taskinstance.py:1364} INFO - 
--------------------------------------------------------------------------------
[2023-12-28T19:52:51.806+0000] {taskinstance.py:1383} INFO - Executing <Task(BashOperator): also_run_this> on 2023-12-27 00:00:00+00:00
[2023-12-28T19:52:51.812+0000] {standard_task_runner.py:55} INFO - Started process 294 to run task
[2023-12-28T19:52:51.825+0000] {standard_task_runner.py:82} INFO - Running: ['***', 'tasks', 'run', 'example_bash_operator', 'also_run_this', 'scheduled__2023-12-27T00:00:00+00:00', '--job-id', '5', '--raw', '--subdir', '/home/***/.local/lib/python3.7/site-packages/***/example_dags/example_bash_operator.py', '--cfg-path', '/tmp/tmpkulu6w8_']
[2023-12-28T19:52:51.826+0000] {standard_task_runner.py:83} INFO - Job 5: Subtask also_run_this
[2023-12-28T19:52:51.902+0000] {task_command.py:376} INFO - Running <TaskInstance: example_bash_operator.also_run_this scheduled__2023-12-27T00:00:00+00:00 [running]> on host 50c3a74cd766
[2023-12-28T19:52:52.030+0000] {taskinstance.py:1592} INFO - Exporting the following env vars:
AIRFLOW_CTX_DAG_OWNER=***
AIRFLOW_CTX_DAG_ID=example_bash_operator
AIRFLOW_CTX_TASK_ID=also_run_this
AIRFLOW_CTX_EXECUTION_DATE=2023-12-27T00:00:00+00:00
AIRFLOW_CTX_TRY_NUMBER=1
AIRFLOW_CTX_DAG_RUN_ID=scheduled__2023-12-27T00:00:00+00:00
[2023-12-28T19:52:52.035+0000] {subprocess.py:63} INFO - Tmp dir root location: 
 /tmp
[2023-12-28T19:52:52.036+0000] {subprocess.py:75} INFO - Running command: ['/bin/bash', '-c', 'echo "ti_key=example_bash_operator__also_run_this__20231227"']
[2023-12-28T19:52:52.064+0000] {subprocess.py:86} INFO - Output:
[2023-12-28T19:52:52.065+0000] {subprocess.py:93} INFO - ti_key=example_bash_operator__also_run_this__20231227
[2023-12-28T19:52:52.071+0000] {subprocess.py:97} INFO - Command exited with return code 0
[2023-12-28T19:52:52.172+0000] {taskinstance.py:1406} INFO - Marking task as SUCCESS. dag_id=example_bash_operator, task_id=also_run_this, execution_date=20231227T000000, start_date=20231228T195251, end_date=20231228T195252
[2023-12-28T19:52:52.248+0000] {local_task_job.py:164} INFO - Task exited with return code 0
[2023-12-28T19:52:52.313+0000] {local_task_job.py:273} INFO - 0 downstream tasks scheduled from follow-on schedule check
