[2023-12-28T19:52:50.661+0000] {taskinstance.py:1165} INFO - Dependencies all met for <TaskInstance: example_bash_operator.this_will_skip scheduled__2023-12-27T00:00:00+00:00 [queued]>
[2023-12-28T19:52:50.677+0000] {taskinstance.py:1165} INFO - Dependencies all met for <TaskInstance: example_bash_operator.this_will_skip scheduled__2023-12-27T00:00:00+00:00 [queued]>
[2023-12-28T19:52:50.678+0000] {taskinstance.py:1362} INFO - 
--------------------------------------------------------------------------------
[2023-12-28T19:52:50.678+0000] {taskinstance.py:1363} INFO - Starting attempt 1 of 1
[2023-12-28T19:52:50.678+0000] {taskinstance.py:1364} INFO - 
--------------------------------------------------------------------------------
[2023-12-28T19:52:50.697+0000] {taskinstance.py:1383} INFO - Executing <Task(BashOperator): this_will_skip> on 2023-12-27 00:00:00+00:00
[2023-12-28T19:52:50.704+0000] {standard_task_runner.py:55} INFO - Started process 290 to run task
[2023-12-28T19:52:50.707+0000] {standard_task_runner.py:82} INFO - Running: ['***', 'tasks', 'run', 'example_bash_operator', 'this_will_skip', 'scheduled__2023-12-27T00:00:00+00:00', '--job-id', '4', '--raw', '--subdir', '/home/***/.local/lib/python3.7/site-packages/***/example_dags/example_bash_operator.py', '--cfg-path', '/tmp/tmplc28jem4']
[2023-12-28T19:52:50.708+0000] {standard_task_runner.py:83} INFO - Job 4: Subtask this_will_skip
[2023-12-28T19:52:50.836+0000] {task_command.py:376} INFO - Running <TaskInstance: example_bash_operator.this_will_skip scheduled__2023-12-27T00:00:00+00:00 [running]> on host 50c3a74cd766
[2023-12-28T19:52:50.974+0000] {taskinstance.py:1592} INFO - Exporting the following env vars:
AIRFLOW_CTX_DAG_OWNER=***
AIRFLOW_CTX_DAG_ID=example_bash_operator
AIRFLOW_CTX_TASK_ID=this_will_skip
AIRFLOW_CTX_EXECUTION_DATE=2023-12-27T00:00:00+00:00
AIRFLOW_CTX_TRY_NUMBER=1
AIRFLOW_CTX_DAG_RUN_ID=scheduled__2023-12-27T00:00:00+00:00
[2023-12-28T19:52:50.984+0000] {subprocess.py:63} INFO - Tmp dir root location: 
 /tmp
[2023-12-28T19:52:50.984+0000] {subprocess.py:75} INFO - Running command: ['/bin/bash', '-c', 'echo "hello world"; exit 99;']
[2023-12-28T19:52:51.035+0000] {subprocess.py:86} INFO - Output:
[2023-12-28T19:52:51.045+0000] {subprocess.py:93} INFO - hello world
[2023-12-28T19:52:51.046+0000] {subprocess.py:97} INFO - Command exited with return code 99
[2023-12-28T19:52:51.046+0000] {taskinstance.py:1481} INFO - Bash command returned exit code 99. Skipping.
[2023-12-28T19:52:51.068+0000] {taskinstance.py:1406} INFO - Marking task as SKIPPED. dag_id=example_bash_operator, task_id=this_will_skip, execution_date=20231227T000000, start_date=20231228T195250, end_date=20231228T195251
[2023-12-28T19:52:51.130+0000] {local_task_job.py:164} INFO - Task exited with return code 0
[2023-12-28T19:52:51.212+0000] {local_task_job.py:273} INFO - 0 downstream tasks scheduled from follow-on schedule check
