[2023-12-28T19:52:54.335+0000] {taskinstance.py:1165} INFO - Dependencies all met for <TaskInstance: example_bash_operator.run_after_loop scheduled__2023-12-27T00:00:00+00:00 [queued]>
[2023-12-28T19:52:54.349+0000] {taskinstance.py:1165} INFO - Dependencies all met for <TaskInstance: example_bash_operator.run_after_loop scheduled__2023-12-27T00:00:00+00:00 [queued]>
[2023-12-28T19:52:54.350+0000] {taskinstance.py:1362} INFO - 
--------------------------------------------------------------------------------
[2023-12-28T19:52:54.350+0000] {taskinstance.py:1363} INFO - Starting attempt 1 of 1
[2023-12-28T19:52:54.350+0000] {taskinstance.py:1364} INFO - 
--------------------------------------------------------------------------------
[2023-12-28T19:52:54.366+0000] {taskinstance.py:1383} INFO - Executing <Task(BashOperator): run_after_loop> on 2023-12-27 00:00:00+00:00
[2023-12-28T19:52:54.373+0000] {standard_task_runner.py:55} INFO - Started process 311 to run task
[2023-12-28T19:52:54.376+0000] {standard_task_runner.py:82} INFO - Running: ['***', 'tasks', 'run', 'example_bash_operator', 'run_after_loop', 'scheduled__2023-12-27T00:00:00+00:00', '--job-id', '8', '--raw', '--subdir', '/home/***/.local/lib/python3.7/site-packages/***/example_dags/example_bash_operator.py', '--cfg-path', '/tmp/tmppb4xq1l2']
[2023-12-28T19:52:54.376+0000] {standard_task_runner.py:83} INFO - Job 8: Subtask run_after_loop
[2023-12-28T19:52:54.468+0000] {task_command.py:376} INFO - Running <TaskInstance: example_bash_operator.run_after_loop scheduled__2023-12-27T00:00:00+00:00 [running]> on host 50c3a74cd766
[2023-12-28T19:52:54.544+0000] {taskinstance.py:1592} INFO - Exporting the following env vars:
AIRFLOW_CTX_DAG_OWNER=***
AIRFLOW_CTX_DAG_ID=example_bash_operator
AIRFLOW_CTX_TASK_ID=run_after_loop
AIRFLOW_CTX_EXECUTION_DATE=2023-12-27T00:00:00+00:00
AIRFLOW_CTX_TRY_NUMBER=1
AIRFLOW_CTX_DAG_RUN_ID=scheduled__2023-12-27T00:00:00+00:00
[2023-12-28T19:52:54.545+0000] {subprocess.py:63} INFO - Tmp dir root location: 
 /tmp
[2023-12-28T19:52:54.546+0000] {subprocess.py:75} INFO - Running command: ['/bin/bash', '-c', 'echo 1']
[2023-12-28T19:52:54.559+0000] {subprocess.py:86} INFO - Output:
[2023-12-28T19:52:54.561+0000] {subprocess.py:93} INFO - 1
[2023-12-28T19:52:54.561+0000] {subprocess.py:97} INFO - Command exited with return code 0
[2023-12-28T19:52:54.589+0000] {taskinstance.py:1406} INFO - Marking task as SUCCESS. dag_id=example_bash_operator, task_id=run_after_loop, execution_date=20231227T000000, start_date=20231228T195254, end_date=20231228T195254
[2023-12-28T19:52:54.629+0000] {local_task_job.py:164} INFO - Task exited with return code 0
[2023-12-28T19:52:54.652+0000] {local_task_job.py:273} INFO - 0 downstream tasks scheduled from follow-on schedule check
