[2023-12-28T19:55:32.090+0000] {taskinstance.py:1165} INFO - Dependencies all met for <TaskInstance: example_bash_operator.runme_2 manual__2023-12-28T19:55:30.787088+00:00 [queued]>
[2023-12-28T19:55:32.132+0000] {taskinstance.py:1165} INFO - Dependencies all met for <TaskInstance: example_bash_operator.runme_2 manual__2023-12-28T19:55:30.787088+00:00 [queued]>
[2023-12-28T19:55:32.132+0000] {taskinstance.py:1362} INFO - 
--------------------------------------------------------------------------------
[2023-12-28T19:55:32.132+0000] {taskinstance.py:1363} INFO - Starting attempt 1 of 1
[2023-12-28T19:55:32.132+0000] {taskinstance.py:1364} INFO - 
--------------------------------------------------------------------------------
[2023-12-28T19:55:32.188+0000] {taskinstance.py:1383} INFO - Executing <Task(BashOperator): runme_2> on 2023-12-28 19:55:30.787088+00:00
[2023-12-28T19:55:32.194+0000] {standard_task_runner.py:55} INFO - Started process 439 to run task
[2023-12-28T19:55:32.200+0000] {standard_task_runner.py:82} INFO - Running: ['***', 'tasks', 'run', 'example_bash_operator', 'runme_2', 'manual__2023-12-28T19:55:30.787088+00:00', '--job-id', '12', '--raw', '--subdir', '/home/***/.local/lib/python3.7/site-packages/***/example_dags/example_bash_operator.py', '--cfg-path', '/tmp/tmp09y4lmzv']
[2023-12-28T19:55:32.200+0000] {standard_task_runner.py:83} INFO - Job 12: Subtask runme_2
[2023-12-28T19:55:32.468+0000] {task_command.py:376} INFO - Running <TaskInstance: example_bash_operator.runme_2 manual__2023-12-28T19:55:30.787088+00:00 [running]> on host 50c3a74cd766
[2023-12-28T19:55:32.587+0000] {taskinstance.py:1592} INFO - Exporting the following env vars:
AIRFLOW_CTX_DAG_OWNER=***
AIRFLOW_CTX_DAG_ID=example_bash_operator
AIRFLOW_CTX_TASK_ID=runme_2
AIRFLOW_CTX_EXECUTION_DATE=2023-12-28T19:55:30.787088+00:00
AIRFLOW_CTX_TRY_NUMBER=1
AIRFLOW_CTX_DAG_RUN_ID=manual__2023-12-28T19:55:30.787088+00:00
[2023-12-28T19:55:32.588+0000] {subprocess.py:63} INFO - Tmp dir root location: 
 /tmp
[2023-12-28T19:55:32.590+0000] {subprocess.py:75} INFO - Running command: ['/bin/bash', '-c', 'echo "example_bash_operator__runme_2__20231228" && sleep 1']
[2023-12-28T19:55:32.622+0000] {subprocess.py:86} INFO - Output:
[2023-12-28T19:55:32.627+0000] {subprocess.py:93} INFO - example_bash_operator__runme_2__20231228
[2023-12-28T19:55:33.631+0000] {subprocess.py:97} INFO - Command exited with return code 0
[2023-12-28T19:55:33.662+0000] {taskinstance.py:1406} INFO - Marking task as SUCCESS. dag_id=example_bash_operator, task_id=runme_2, execution_date=20231228T195530, start_date=20231228T195532, end_date=20231228T195533
[2023-12-28T19:55:33.685+0000] {local_task_job.py:164} INFO - Task exited with return code 0
[2023-12-28T19:55:33.718+0000] {local_task_job.py:273} INFO - 0 downstream tasks scheduled from follow-on schedule check
