[2023-12-28T19:52:51.900+0000] {taskinstance.py:1165} INFO - Dependencies all met for <TaskInstance: example_bash_operator.runme_1 scheduled__2023-12-27T00:00:00+00:00 [queued]>
[2023-12-28T19:52:51.936+0000] {taskinstance.py:1165} INFO - Dependencies all met for <TaskInstance: example_bash_operator.runme_1 scheduled__2023-12-27T00:00:00+00:00 [queued]>
[2023-12-28T19:52:51.936+0000] {taskinstance.py:1362} INFO - 
--------------------------------------------------------------------------------
[2023-12-28T19:52:51.936+0000] {taskinstance.py:1363} INFO - Starting attempt 1 of 1
[2023-12-28T19:52:51.939+0000] {taskinstance.py:1364} INFO - 
--------------------------------------------------------------------------------
[2023-12-28T19:52:51.990+0000] {taskinstance.py:1383} INFO - Executing <Task(BashOperator): runme_1> on 2023-12-27 00:00:00+00:00
[2023-12-28T19:52:51.997+0000] {standard_task_runner.py:55} INFO - Started process 295 to run task
[2023-12-28T19:52:52.004+0000] {standard_task_runner.py:82} INFO - Running: ['***', 'tasks', 'run', 'example_bash_operator', 'runme_1', 'scheduled__2023-12-27T00:00:00+00:00', '--job-id', '6', '--raw', '--subdir', '/home/***/.local/lib/python3.7/site-packages/***/example_dags/example_bash_operator.py', '--cfg-path', '/tmp/tmpq6zfzw9_']
[2023-12-28T19:52:52.004+0000] {standard_task_runner.py:83} INFO - Job 6: Subtask runme_1
[2023-12-28T19:52:52.130+0000] {task_command.py:376} INFO - Running <TaskInstance: example_bash_operator.runme_1 scheduled__2023-12-27T00:00:00+00:00 [running]> on host 50c3a74cd766
[2023-12-28T19:52:52.309+0000] {taskinstance.py:1592} INFO - Exporting the following env vars:
AIRFLOW_CTX_DAG_OWNER=***
AIRFLOW_CTX_DAG_ID=example_bash_operator
AIRFLOW_CTX_TASK_ID=runme_1
AIRFLOW_CTX_EXECUTION_DATE=2023-12-27T00:00:00+00:00
AIRFLOW_CTX_TRY_NUMBER=1
AIRFLOW_CTX_DAG_RUN_ID=scheduled__2023-12-27T00:00:00+00:00
[2023-12-28T19:52:52.312+0000] {subprocess.py:63} INFO - Tmp dir root location: 
 /tmp
[2023-12-28T19:52:52.313+0000] {subprocess.py:75} INFO - Running command: ['/bin/bash', '-c', 'echo "example_bash_operator__runme_1__20231227" && sleep 1']
[2023-12-28T19:52:52.329+0000] {subprocess.py:86} INFO - Output:
[2023-12-28T19:52:52.331+0000] {subprocess.py:93} INFO - example_bash_operator__runme_1__20231227
[2023-12-28T19:52:53.334+0000] {subprocess.py:97} INFO - Command exited with return code 0
[2023-12-28T19:52:53.364+0000] {taskinstance.py:1406} INFO - Marking task as SUCCESS. dag_id=example_bash_operator, task_id=runme_1, execution_date=20231227T000000, start_date=20231228T195251, end_date=20231228T195253
[2023-12-28T19:52:53.389+0000] {local_task_job.py:164} INFO - Task exited with return code 0
[2023-12-28T19:52:53.421+0000] {local_task_job.py:273} INFO - 0 downstream tasks scheduled from follow-on schedule check
