[2023-12-28T19:55:31.826+0000] {taskinstance.py:1165} INFO - Dependencies all met for <TaskInstance: example_bash_operator.this_will_skip manual__2023-12-28T19:55:30.787088+00:00 [queued]>
[2023-12-28T19:55:31.842+0000] {taskinstance.py:1165} INFO - Dependencies all met for <TaskInstance: example_bash_operator.this_will_skip manual__2023-12-28T19:55:30.787088+00:00 [queued]>
[2023-12-28T19:55:31.842+0000] {taskinstance.py:1362} INFO - 
--------------------------------------------------------------------------------
[2023-12-28T19:55:31.842+0000] {taskinstance.py:1363} INFO - Starting attempt 1 of 1
[2023-12-28T19:55:31.842+0000] {taskinstance.py:1364} INFO - 
--------------------------------------------------------------------------------
[2023-12-28T19:55:31.875+0000] {taskinstance.py:1383} INFO - Executing <Task(BashOperator): this_will_skip> on 2023-12-28 19:55:30.787088+00:00
[2023-12-28T19:55:31.885+0000] {standard_task_runner.py:55} INFO - Started process 436 to run task
[2023-12-28T19:55:31.896+0000] {standard_task_runner.py:82} INFO - Running: ['***', 'tasks', 'run', 'example_bash_operator', 'this_will_skip', 'manual__2023-12-28T19:55:30.787088+00:00', '--job-id', '9', '--raw', '--subdir', '/home/***/.local/lib/python3.7/site-packages/***/example_dags/example_bash_operator.py', '--cfg-path', '/tmp/tmps5htyosb']
[2023-12-28T19:55:31.897+0000] {standard_task_runner.py:83} INFO - Job 9: Subtask this_will_skip
[2023-12-28T19:55:32.101+0000] {task_command.py:376} INFO - Running <TaskInstance: example_bash_operator.this_will_skip manual__2023-12-28T19:55:30.787088+00:00 [running]> on host 50c3a74cd766
[2023-12-28T19:55:32.534+0000] {taskinstance.py:1592} INFO - Exporting the following env vars:
AIRFLOW_CTX_DAG_OWNER=***
AIRFLOW_CTX_DAG_ID=example_bash_operator
AIRFLOW_CTX_TASK_ID=this_will_skip
AIRFLOW_CTX_EXECUTION_DATE=2023-12-28T19:55:30.787088+00:00
AIRFLOW_CTX_TRY_NUMBER=1
AIRFLOW_CTX_DAG_RUN_ID=manual__2023-12-28T19:55:30.787088+00:00
[2023-12-28T19:55:32.537+0000] {subprocess.py:63} INFO - Tmp dir root location: 
 /tmp
[2023-12-28T19:55:32.538+0000] {subprocess.py:75} INFO - Running command: ['/bin/bash', '-c', 'echo "hello world"; exit 99;']
[2023-12-28T19:55:32.562+0000] {subprocess.py:86} INFO - Output:
[2023-12-28T19:55:32.569+0000] {subprocess.py:93} INFO - hello world
[2023-12-28T19:55:32.570+0000] {subprocess.py:97} INFO - Command exited with return code 99
[2023-12-28T19:55:32.575+0000] {taskinstance.py:1481} INFO - Bash command returned exit code 99. Skipping.
[2023-12-28T19:55:32.596+0000] {taskinstance.py:1406} INFO - Marking task as SKIPPED. dag_id=example_bash_operator, task_id=this_will_skip, execution_date=20231228T195530, start_date=20231228T195531, end_date=20231228T195532
[2023-12-28T19:55:32.645+0000] {local_task_job.py:164} INFO - Task exited with return code 0
[2023-12-28T19:55:32.712+0000] {local_task_job.py:273} INFO - 0 downstream tasks scheduled from follow-on schedule check
