[2023-12-28T19:52:51.973+0000] {taskinstance.py:1165} INFO - Dependencies all met for <TaskInstance: example_bash_operator.runme_0 scheduled__2023-12-27T00:00:00+00:00 [queued]>
[2023-12-28T19:52:52.034+0000] {taskinstance.py:1165} INFO - Dependencies all met for <TaskInstance: example_bash_operator.runme_0 scheduled__2023-12-27T00:00:00+00:00 [queued]>
[2023-12-28T19:52:52.034+0000] {taskinstance.py:1362} INFO - 
--------------------------------------------------------------------------------
[2023-12-28T19:52:52.034+0000] {taskinstance.py:1363} INFO - Starting attempt 1 of 1
[2023-12-28T19:52:52.034+0000] {taskinstance.py:1364} INFO - 
--------------------------------------------------------------------------------
[2023-12-28T19:52:52.089+0000] {taskinstance.py:1383} INFO - Executing <Task(BashOperator): runme_0> on 2023-12-27 00:00:00+00:00
[2023-12-28T19:52:52.101+0000] {standard_task_runner.py:55} INFO - Started process 297 to run task
[2023-12-28T19:52:52.113+0000] {standard_task_runner.py:82} INFO - Running: ['***', 'tasks', 'run', 'example_bash_operator', 'runme_0', 'scheduled__2023-12-27T00:00:00+00:00', '--job-id', '7', '--raw', '--subdir', '/home/***/.local/lib/python3.7/site-packages/***/example_dags/example_bash_operator.py', '--cfg-path', '/tmp/tmpwxiz1895']
[2023-12-28T19:52:52.114+0000] {standard_task_runner.py:83} INFO - Job 7: Subtask runme_0
[2023-12-28T19:52:52.253+0000] {task_command.py:376} INFO - Running <TaskInstance: example_bash_operator.runme_0 scheduled__2023-12-27T00:00:00+00:00 [running]> on host 50c3a74cd766
[2023-12-28T19:52:52.389+0000] {taskinstance.py:1592} INFO - Exporting the following env vars:
AIRFLOW_CTX_DAG_OWNER=***
AIRFLOW_CTX_DAG_ID=example_bash_operator
AIRFLOW_CTX_TASK_ID=runme_0
AIRFLOW_CTX_EXECUTION_DATE=2023-12-27T00:00:00+00:00
AIRFLOW_CTX_TRY_NUMBER=1
AIRFLOW_CTX_DAG_RUN_ID=scheduled__2023-12-27T00:00:00+00:00
[2023-12-28T19:52:52.391+0000] {subprocess.py:63} INFO - Tmp dir root location: 
 /tmp
[2023-12-28T19:52:52.393+0000] {subprocess.py:75} INFO - Running command: ['/bin/bash', '-c', 'echo "example_bash_operator__runme_0__20231227" && sleep 1']
[2023-12-28T19:52:52.407+0000] {subprocess.py:86} INFO - Output:
[2023-12-28T19:52:52.409+0000] {subprocess.py:93} INFO - example_bash_operator__runme_0__20231227
[2023-12-28T19:52:53.411+0000] {subprocess.py:97} INFO - Command exited with return code 0
[2023-12-28T19:52:53.451+0000] {taskinstance.py:1406} INFO - Marking task as SUCCESS. dag_id=example_bash_operator, task_id=runme_0, execution_date=20231227T000000, start_date=20231228T195251, end_date=20231228T195253
[2023-12-28T19:52:53.491+0000] {local_task_job.py:164} INFO - Task exited with return code 0
[2023-12-28T19:52:53.520+0000] {local_task_job.py:273} INFO - 1 downstream tasks scheduled from follow-on schedule check
